2026-04-25 22:18:13.774 INFO  c.k.k.c.l.logback.LogbackConfigurator    - Logback default configuration initialized from: C:\Users\ACER\.katalon\packages\KS-11.0.1\configuration\org.eclipse.osgi\148\0\.cp\resources\logback\logback-execution.xml
2026-04-25 22:18:13.777 INFO  c.k.k.c.l.logback.LogbackConfigurator    - Logback custom configuration initialized
2026-04-25 22:18:14.379 INFO  c.k.katalon.core.main.TestSuiteExecutor  - START Test Suites/Baseline
2026-04-25 22:18:14.451 INFO  c.k.katalon.core.main.TestSuiteExecutor  - userFullName = Anh Quốc Huỳnh
2026-04-25 22:18:14.452 INFO  c.k.katalon.core.main.TestSuiteExecutor  - projectName = PulseClinicKatalon
2026-04-25 22:18:14.453 INFO  c.k.katalon.core.main.TestSuiteExecutor  - hostName = ACER - Aspire-A715
2026-04-25 22:18:14.454 INFO  c.k.katalon.core.main.TestSuiteExecutor  - os = Windows 11 64bit
2026-04-25 22:18:14.454 INFO  c.k.katalon.core.main.TestSuiteExecutor  - hostAddress = 192.168.1.9
2026-04-25 22:18:14.457 INFO  c.k.katalon.core.main.TestSuiteExecutor  - katalonVersion = 11.0.1.0
2026-04-25 22:18:14.581 INFO  c.k.katalon.core.main.TestCaseExecutor   - --------------------
2026-04-25 22:18:14.582 INFO  c.k.katalon.core.main.TestCaseExecutor   - START Test Cases/Authentication/TC-001-Open-HMS-role-selection
2026-04-25 22:18:14.604 ERROR c.k.katalon.core.main.TestCaseExecutor   - ❌ Test Cases/Authentication/TC-001-Open-HMS-role-selection has ERROR(s).
Reason:
org.codehaus.groovy.control.MultipleCompilationErrorsException: startup failed:
Script26842683315600.groovy: 1: Unexpected character: '﻿' @ line 1, column 1.
   ﻿import com.kms.katalon.core.webui.keyword.WebUiBuiltInKeywords as WebUI
   ^

1 error

2026-04-25 22:18:14.606 INFO  c.k.katalon.core.main.TestCaseExecutor   - END Test Cases/Authentication/TC-001-Open-HMS-role-selection
2026-04-25 22:18:14.611 INFO  c.k.katalon.core.main.TestCaseExecutor   - --------------------
2026-04-25 22:18:14.611 INFO  c.k.katalon.core.main.TestCaseExecutor   - START Test Cases/Authentication/TC-002-Open-staff-login
2026-04-25 22:18:14.616 ERROR c.k.katalon.core.main.TestCaseExecutor   - ❌ Test Cases/Authentication/TC-002-Open-staff-login has ERROR(s).
Reason:
org.codehaus.groovy.control.MultipleCompilationErrorsException: startup failed:
Script26842711299100.groovy: 1: Unexpected character: '﻿' @ line 1, column 1.
   ﻿import com.kms.katalon.core.webui.keyword.WebUiBuiltInKeywords as WebUI
   ^

1 error

2026-04-25 22:18:14.618 INFO  c.k.katalon.core.main.TestCaseExecutor   - END Test Cases/Authentication/TC-002-Open-staff-login
2026-04-25 22:18:14.621 INFO  c.k.katalon.core.main.TestCaseExecutor   - --------------------
2026-04-25 22:18:14.621 INFO  c.k.katalon.core.main.TestCaseExecutor   - START Test Cases/Authentication/TC-003-Staff-login-required-fields
2026-04-25 22:18:14.626 ERROR c.k.katalon.core.main.TestCaseExecutor   - ❌ Test Cases/Authentication/TC-003-Staff-login-required-fields has ERROR(s).
Reason:
org.codehaus.groovy.control.MultipleCompilationErrorsException: startup failed:
Script26842722243200.groovy: 1: Unexpected character: '﻿' @ line 1, column 1.
   ﻿import com.kms.katalon.core.webui.keyword.WebUiBuiltInKeywords as WebUI
   ^

1 error

2026-04-25 22:18:14.628 INFO  c.k.katalon.core.main.TestCaseExecutor   - END Test Cases/Authentication/TC-003-Staff-login-required-fields
2026-04-25 22:18:14.632 INFO  c.k.katalon.core.main.TestCaseExecutor   - --------------------
2026-04-25 22:18:14.632 INFO  c.k.katalon.core.main.TestCaseExecutor   - START Test Cases/Authentication/TC-004-Staff-login-invalid-credentials
2026-04-25 22:18:14.638 ERROR c.k.katalon.core.main.TestCaseExecutor   - ❌ Test Cases/Authentication/TC-004-Staff-login-invalid-credentials has ERROR(s).
Reason:
org.codehaus.groovy.control.MultipleCompilationErrorsException: startup failed:
Script26842732160800.groovy: 1: Unexpected character: '﻿' @ line 1, column 1.
   ﻿import com.kms.katalon.core.webui.keyword.WebUiBuiltInKeywords as WebUI
   ^

1 error

2026-04-25 22:18:14.639 INFO  c.k.katalon.core.main.TestCaseExecutor   - END Test Cases/Authentication/TC-004-Staff-login-invalid-credentials
2026-04-25 22:18:14.642 INFO  c.k.katalon.core.main.TestCaseExecutor   - --------------------
2026-04-25 22:18:14.642 INFO  c.k.katalon.core.main.TestCaseExecutor   - START Test Cases/Authentication/TC-005-Staff-login-success-dashboard
2026-04-25 22:18:14.647 ERROR c.k.katalon.core.main.TestCaseExecutor   - ❌ Test Cases/Authentication/TC-005-Staff-login-success-dashboard has ERROR(s).
Reason:
org.codehaus.groovy.control.MultipleCompilationErrorsException: startup failed:
Script26842743159900.groovy: 1: Unexpected character: '﻿' @ line 1, column 1.
   ﻿import com.kms.katalon.core.webui.keyword.WebUiBuiltInKeywords as WebUI
   ^

1 error

2026-04-25 22:18:14.649 INFO  c.k.katalon.core.main.TestCaseExecutor   - END Test Cases/Authentication/TC-005-Staff-login-success-dashboard
2026-04-25 22:18:14.652 INFO  c.k.katalon.core.main.TestCaseExecutor   - --------------------
2026-04-25 22:18:14.652 INFO  c.k.katalon.core.main.TestCaseExecutor   - START Test Cases/Authentication/TC-006-Doctor-login-success-schedule
2026-04-25 22:18:14.656 ERROR c.k.katalon.core.main.TestCaseExecutor   - ❌ Test Cases/Authentication/TC-006-Doctor-login-success-schedule has ERROR(s).
Reason:
org.codehaus.groovy.control.MultipleCompilationErrorsException: startup failed:
Script26842751815800.groovy: 1: Unexpected character: '﻿' @ line 1, column 1.
   ﻿import com.kms.katalon.core.webui.keyword.WebUiBuiltInKeywords as WebUI
   ^

1 error

2026-04-25 22:18:14.659 INFO  c.k.katalon.core.main.TestCaseExecutor   - END Test Cases/Authentication/TC-006-Doctor-login-success-schedule
2026-04-25 22:18:14.662 INFO  c.k.katalon.core.main.TestCaseExecutor   - --------------------
2026-04-25 22:18:14.662 INFO  c.k.katalon.core.main.TestCaseExecutor   - START Test Cases/Authentication/TC-007-Patient-login-success-dashboard
2026-04-25 22:18:14.667 ERROR c.k.katalon.core.main.TestCaseExecutor   - ❌ Test Cases/Authentication/TC-007-Patient-login-success-dashboard has ERROR(s).
Reason:
org.codehaus.groovy.control.MultipleCompilationErrorsException: startup failed:
Script26842761350400.groovy: 1: Unexpected character: '﻿' @ line 1, column 1.
   ﻿import com.kms.katalon.core.webui.keyword.WebUiBuiltInKeywords as WebUI
   ^

1 error

2026-04-25 22:18:14.668 INFO  c.k.katalon.core.main.TestCaseExecutor   - END Test Cases/Authentication/TC-007-Patient-login-success-dashboard
2026-04-25 22:18:14.670 INFO  c.k.katalon.core.main.TestCaseExecutor   - --------------------
2026-04-25 22:18:14.670 INFO  c.k.katalon.core.main.TestCaseExecutor   - START Test Cases/StaffTables/TC-008-Patient-profile-table
2026-04-25 22:18:14.675 ERROR c.k.katalon.core.main.TestCaseExecutor   - ❌ Test Cases/StaffTables/TC-008-Patient-profile-table has ERROR(s).
Reason:
org.codehaus.groovy.control.MultipleCompilationErrorsException: startup failed:
Script26842770821900.groovy: 1: Unexpected character: '﻿' @ line 1, column 1.
   ﻿import com.kms.katalon.core.webui.keyword.WebUiBuiltInKeywords as WebUI
   ^

1 error

2026-04-25 22:18:14.676 INFO  c.k.katalon.core.main.TestCaseExecutor   - END Test Cases/StaffTables/TC-008-Patient-profile-table
2026-04-25 22:18:14.680 INFO  c.k.katalon.core.main.TestCaseExecutor   - --------------------
2026-04-25 22:18:14.680 INFO  c.k.katalon.core.main.TestCaseExecutor   - START Test Cases/StaffTables/TC-009-Patient-search
2026-04-25 22:18:14.683 ERROR c.k.katalon.core.main.TestCaseExecutor   - ❌ Test Cases/StaffTables/TC-009-Patient-search has ERROR(s).
Reason:
org.codehaus.groovy.control.MultipleCompilationErrorsException: startup failed:
Script26842779204600.groovy: 1: Unexpected character: '﻿' @ line 1, column 1.
   ﻿import com.kms.katalon.core.webui.keyword.WebUiBuiltInKeywords as WebUI
   ^

1 error

2026-04-25 22:18:14.685 INFO  c.k.katalon.core.main.TestCaseExecutor   - END Test Cases/StaffTables/TC-009-Patient-search
2026-04-25 22:18:14.688 INFO  c.k.katalon.core.main.TestCaseExecutor   - --------------------
2026-04-25 22:18:14.688 INFO  c.k.katalon.core.main.TestCaseExecutor   - START Test Cases/StaffTables/TC-010-Patient-filter-gender
2026-04-25 22:18:14.692 ERROR c.k.katalon.core.main.TestCaseExecutor   - ❌ Test Cases/StaffTables/TC-010-Patient-filter-gender has ERROR(s).
Reason:
org.codehaus.groovy.control.MultipleCompilationErrorsException: startup failed:
Script26842787784000.groovy: 1: Unexpected character: '﻿' @ line 1, column 1.
   ﻿import com.kms.katalon.core.webui.keyword.WebUiBuiltInKeywords as WebUI
   ^

1 error

2026-04-25 22:18:14.694 INFO  c.k.katalon.core.main.TestCaseExecutor   - END Test Cases/StaffTables/TC-010-Patient-filter-gender
2026-04-25 22:18:14.696 INFO  c.k.katalon.core.main.TestCaseExecutor   - --------------------
2026-04-25 22:18:14.697 INFO  c.k.katalon.core.main.TestCaseExecutor   - START Test Cases/StaffTables/TC-011-Patient-filter-insurance
2026-04-25 22:18:14.700 ERROR c.k.katalon.core.main.TestCaseExecutor   - ❌ Test Cases/StaffTables/TC-011-Patient-filter-insurance has ERROR(s).
Reason:
org.codehaus.groovy.control.MultipleCompilationErrorsException: startup failed:
Script26842795908500.groovy: 1: Unexpected character: '﻿' @ line 1, column 1.
   ﻿import com.kms.katalon.core.webui.keyword.WebUiBuiltInKeywords as WebUI
   ^

1 error

2026-04-25 22:18:14.701 INFO  c.k.katalon.core.main.TestCaseExecutor   - END Test Cases/StaffTables/TC-011-Patient-filter-insurance
2026-04-25 22:18:14.704 INFO  c.k.katalon.core.main.TestCaseExecutor   - --------------------
2026-04-25 22:18:14.704 INFO  c.k.katalon.core.main.TestCaseExecutor   - START Test Cases/StaffTables/TC-012-Drug-catalog-table
2026-04-25 22:18:14.709 ERROR c.k.katalon.core.main.TestCaseExecutor   - ❌ Test Cases/StaffTables/TC-012-Drug-catalog-table has ERROR(s).
Reason:
org.codehaus.groovy.control.MultipleCompilationErrorsException: startup failed:
Script26842805086200.groovy: 1: Unexpected character: '﻿' @ line 1, column 1.
   ﻿import com.kms.katalon.core.webui.keyword.WebUiBuiltInKeywords as WebUI
   ^

1 error

2026-04-25 22:18:14.710 INFO  c.k.katalon.core.main.TestCaseExecutor   - END Test Cases/StaffTables/TC-012-Drug-catalog-table
2026-04-25 22:18:14.713 INFO  c.k.katalon.core.main.TestCaseExecutor   - --------------------
2026-04-25 22:18:14.713 INFO  c.k.katalon.core.main.TestCaseExecutor   - START Test Cases/StaffTables/TC-013-Drug-search
2026-04-25 22:18:14.717 ERROR c.k.katalon.core.main.TestCaseExecutor   - ❌ Test Cases/StaffTables/TC-013-Drug-search has ERROR(s).
Reason:
org.codehaus.groovy.control.MultipleCompilationErrorsException: startup failed:
Script26842813510700.groovy: 1: Unexpected character: '﻿' @ line 1, column 1.
   ﻿import com.kms.katalon.core.webui.keyword.WebUiBuiltInKeywords as WebUI
   ^

1 error

2026-04-25 22:18:14.718 INFO  c.k.katalon.core.main.TestCaseExecutor   - END Test Cases/StaffTables/TC-013-Drug-search
2026-04-25 22:18:14.722 INFO  c.k.katalon.core.main.TestCaseExecutor   - --------------------
2026-04-25 22:18:14.723 INFO  c.k.katalon.core.main.TestCaseExecutor   - START Test Cases/StaffTables/TC-014-Drug-filter-dosage-unit
2026-04-25 22:18:14.726 ERROR c.k.katalon.core.main.TestCaseExecutor   - ❌ Test Cases/StaffTables/TC-014-Drug-filter-dosage-unit has ERROR(s).
Reason:
org.codehaus.groovy.control.MultipleCompilationErrorsException: startup failed:
Script26842822105000.groovy: 1: Unexpected character: '﻿' @ line 1, column 1.
   ﻿import com.kms.katalon.core.webui.keyword.WebUiBuiltInKeywords as WebUI
   ^

1 error

2026-04-25 22:18:14.728 INFO  c.k.katalon.core.main.TestCaseExecutor   - END Test Cases/StaffTables/TC-014-Drug-filter-dosage-unit
2026-04-25 22:18:14.730 INFO  c.k.katalon.core.main.TestCaseExecutor   - --------------------
2026-04-25 22:18:14.730 INFO  c.k.katalon.core.main.TestCaseExecutor   - START Test Cases/StaffTables/TC-015-Room-search
2026-04-25 22:18:14.735 ERROR c.k.katalon.core.main.TestCaseExecutor   - ❌ Test Cases/StaffTables/TC-015-Room-search has ERROR(s).
Reason:
org.codehaus.groovy.control.MultipleCompilationErrorsException: startup failed:
Script26842830337800.groovy: 1: Unexpected character: '﻿' @ line 1, column 1.
   ﻿import com.kms.katalon.core.webui.keyword.WebUiBuiltInKeywords as WebUI
   ^

1 error

2026-04-25 22:18:14.737 INFO  c.k.katalon.core.main.TestCaseExecutor   - END Test Cases/StaffTables/TC-015-Room-search
2026-04-25 22:18:14.742 INFO  c.k.katalon.core.main.TestCaseExecutor   - --------------------
2026-04-25 22:18:14.742 INFO  c.k.katalon.core.main.TestCaseExecutor   - START Test Cases/StaffTables/TC-016-Room-filter-status
2026-04-25 22:18:14.746 ERROR c.k.katalon.core.main.TestCaseExecutor   - ❌ Test Cases/StaffTables/TC-016-Room-filter-status has ERROR(s).
Reason:
org.codehaus.groovy.control.MultipleCompilationErrorsException: startup failed:
Script26842842229500.groovy: 1: Unexpected character: '﻿' @ line 1, column 1.
   ﻿import com.kms.katalon.core.webui.keyword.WebUiBuiltInKeywords as WebUI
   ^

1 error

2026-04-25 22:18:14.748 INFO  c.k.katalon.core.main.TestCaseExecutor   - END Test Cases/StaffTables/TC-016-Room-filter-status
2026-04-25 22:18:14.751 INFO  c.k.katalon.core.main.TestCaseExecutor   - --------------------
2026-04-25 22:18:14.751 INFO  c.k.katalon.core.main.TestCaseExecutor   - START Test Cases/StaffTables/TC-017-Waitlist-priority-order
2026-04-25 22:18:14.758 ERROR c.k.katalon.core.main.TestCaseExecutor   - ❌ Test Cases/StaffTables/TC-017-Waitlist-priority-order has ERROR(s).
Reason:
org.codehaus.groovy.control.MultipleCompilationErrorsException: startup failed:
Script26842852740000.groovy: 1: Unexpected character: '﻿' @ line 1, column 1.
   ﻿import com.kms.katalon.core.webui.keyword.WebUiBuiltInKeywords as WebUI
   ^

1 error

2026-04-25 22:18:14.760 INFO  c.k.katalon.core.main.TestCaseExecutor   - END Test Cases/StaffTables/TC-017-Waitlist-priority-order
2026-04-25 22:18:14.765 INFO  c.k.katalon.core.main.TestCaseExecutor   - --------------------
2026-04-25 22:18:14.765 INFO  c.k.katalon.core.main.TestCaseExecutor   - START Test Cases/StaffTables/TC-018-Waitlist-filter-priority
2026-04-25 22:18:14.773 ERROR c.k.katalon.core.main.TestCaseExecutor   - ❌ Test Cases/StaffTables/TC-018-Waitlist-filter-priority has ERROR(s).
Reason:
org.codehaus.groovy.control.MultipleCompilationErrorsException: startup failed:
Script26842867345900.groovy: 1: Unexpected character: '﻿' @ line 1, column 1.
   ﻿import com.kms.katalon.core.webui.keyword.WebUiBuiltInKeywords as WebUI
   ^

1 error

2026-04-25 22:18:14.773 INFO  c.k.katalon.core.main.TestCaseExecutor   - END Test Cases/StaffTables/TC-018-Waitlist-filter-priority
2026-04-25 22:18:14.778 INFO  c.k.katalon.core.main.TestCaseExecutor   - --------------------
2026-04-25 22:18:14.778 INFO  c.k.katalon.core.main.TestCaseExecutor   - START Test Cases/StaffTables/TC-019-Appointment-status-tabs
2026-04-25 22:18:14.784 ERROR c.k.katalon.core.main.TestCaseExecutor   - ❌ Test Cases/StaffTables/TC-019-Appointment-status-tabs has ERROR(s).
Reason:
org.codehaus.groovy.control.MultipleCompilationErrorsException: startup failed:
Script26842878467400.groovy: 1: Unexpected character: '﻿' @ line 1, column 1.
   ﻿import com.kms.katalon.core.webui.keyword.WebUiBuiltInKeywords as WebUI
   ^

1 error

2026-04-25 22:18:14.785 INFO  c.k.katalon.core.main.TestCaseExecutor   - END Test Cases/StaffTables/TC-019-Appointment-status-tabs
2026-04-25 22:18:14.789 INFO  c.k.katalon.core.main.TestCaseExecutor   - --------------------
2026-04-25 22:18:14.789 INFO  c.k.katalon.core.main.TestCaseExecutor   - START Test Cases/StaffTables/TC-020-Invoice-patient-search
2026-04-25 22:18:14.794 ERROR c.k.katalon.core.main.TestCaseExecutor   - ❌ Test Cases/StaffTables/TC-020-Invoice-patient-search has ERROR(s).
Reason:
org.codehaus.groovy.control.MultipleCompilationErrorsException: startup failed:
Script26842889879000.groovy: 1: Unexpected character: '﻿' @ line 1, column 1.
   ﻿import com.kms.katalon.core.webui.keyword.WebUiBuiltInKeywords as WebUI
   ^

1 error

2026-04-25 22:18:14.796 INFO  c.k.katalon.core.main.TestCaseExecutor   - END Test Cases/StaffTables/TC-020-Invoice-patient-search
2026-04-25 22:18:14.831 INFO  c.k.katalon.core.main.TestSuiteExecutor  - --------------------
2026-04-25 22:18:14.831 INFO  c.k.katalon.core.main.TestSuiteExecutor  - END Test Suites/Baseline
2026-04-25 22:18:14.831 INFO  c.k.katalon.core.main.TestSuiteExecutor  - ====================
