<?xml version="1.0" encoding="UTF-8" standalone="no"?>
<!DOCTYPE log SYSTEM "logger.dtd">
<log>
<record>
  <date>2026-04-25T15:18:14.429712600Z</date>
  <millis>1777130294429</millis>
  <nanos>712600</nanos>
  <sequence>0</sequence>
  <level>START</level>
  <class>com.kms.katalon.core.logging.XmlKeywordLogger</class>
  <method>startSuite</method>
  <thread>1</thread>
  <message>Start Test Suite : Test Suites/Baseline</message>
  <nestedLevel>0</nestedLevel>
  <escapedJava>false</escapedJava>
  <property name="rerunTestFailImmediately">false</property>
  <property name="retryCount">0</property>
  <property name="name">Baseline</property>
  <property name="description">Baseline suite for Pulse Clinic web. Expected result before fault injection: 100% PASS.</property>
  <property name="id">Test Suites/Baseline</property>
</record>
<record>
  <date>2026-04-25T15:18:14.452678800Z</date>
  <millis>1777130294452</millis>
  <nanos>678800</nanos>
  <sequence>1</sequence>
  <level>RUN_DATA</level>
  <class>com.kms.katalon.core.logging.XmlKeywordLogger</class>
  <method>logMessage</method>
  <thread>1</thread>
  <message>userFullName = Anh Quốc Huỳnh</message>
  <nestedLevel>0</nestedLevel>
  <escapedJava>false</escapedJava>
  <property name="userFullName">Anh Quốc Huỳnh</property>
</record>
<record>
  <date>2026-04-25T15:18:14.453678800Z</date>
  <millis>1777130294453</millis>
  <nanos>678800</nanos>
  <sequence>2</sequence>
  <level>RUN_DATA</level>
  <class>com.kms.katalon.core.logging.XmlKeywordLogger</class>
  <method>logMessage</method>
  <thread>1</thread>
  <message>projectName = PulseClinicKatalon</message>
  <nestedLevel>0</nestedLevel>
  <escapedJava>false</escapedJava>
  <property name="projectName">PulseClinicKatalon</property>
</record>
<record>
  <date>2026-04-25T15:18:14.453678800Z</date>
  <millis>1777130294453</millis>
  <nanos>678800</nanos>
  <sequence>3</sequence>
  <level>RUN_DATA</level>
  <class>com.kms.katalon.core.logging.XmlKeywordLogger</class>
  <method>logMessage</method>
  <thread>1</thread>
  <message>hostName = ACER - Aspire-A715</message>
  <nestedLevel>0</nestedLevel>
  <escapedJava>false</escapedJava>
  <property name="hostName">ACER - Aspire-A715</property>
</record>
<record>
  <date>2026-04-25T15:18:14.454677100Z</date>
  <millis>1777130294454</millis>
  <nanos>677100</nanos>
  <sequence>4</sequence>
  <level>RUN_DATA</level>
  <class>com.kms.katalon.core.logging.XmlKeywordLogger</class>
  <method>logMessage</method>
  <thread>1</thread>
  <message>os = Windows 11 64bit</message>
  <nestedLevel>0</nestedLevel>
  <escapedJava>false</escapedJava>
  <property name="os">Windows 11 64bit</property>
</record>
<record>
  <date>2026-04-25T15:18:14.455679400Z</date>
  <millis>1777130294455</millis>
  <nanos>679400</nanos>
  <sequence>5</sequence>
  <level>RUN_DATA</level>
  <class>com.kms.katalon.core.logging.XmlKeywordLogger</class>
  <method>logMessage</method>
  <thread>1</thread>
  <message>hostAddress = 192.168.1.9</message>
  <nestedLevel>0</nestedLevel>
  <escapedJava>false</escapedJava>
  <property name="hostAddress">192.168.1.9</property>
</record>
<record>
  <date>2026-04-25T15:18:14.457088600Z</date>
  <millis>1777130294457</millis>
  <nanos>88600</nanos>
  <sequence>6</sequence>
  <level>RUN_DATA</level>
  <class>com.kms.katalon.core.logging.XmlKeywordLogger</class>
  <method>logMessage</method>
  <thread>1</thread>
  <message>katalonVersion = 11.0.1.0</message>
  <nestedLevel>0</nestedLevel>
  <escapedJava>false</escapedJava>
  <property name="katalonVersion">11.0.1.0</property>
</record>
<record>
  <date>2026-04-25T15:18:14.582058900Z</date>
  <millis>1777130294582</millis>
  <nanos>58900</nanos>
  <sequence>7</sequence>
  <level>START</level>
  <class>com.kms.katalon.core.logging.XmlKeywordLogger</class>
  <method>startTest</method>
  <thread>1</thread>
  <message>Start Test Case : Test Cases/Authentication/TC-001-Open-HMS-role-selection</message>
  <nestedLevel>1</nestedLevel>
  <escapedJava>false</escapedJava>
  <property name="origin"></property>
  <property name="name">Test Cases/Authentication/TC-001-Open-HMS-role-selection</property>
  <property name="description">Open HMS role selection page.</property>
  <property name="iteration"></property>
  <property name="id">Test Cases/Authentication/TC-001-Open-HMS-role-selection</property>
  <property name="source">D:\UNI_DOCS\HK6\KCPM\QuanLyBenhVien_KiemThu\pulse-katalon\Test Cases\Authentication\TC-001-Open-HMS-role-selection.tc</property>
  <property name="tag">baseline</property>
  <property name="isOptional">false</property>
  <property name="uuid">e82e18b3-7bbc-4c0e-809e-1366a962a23f</property>
</record>
<record>
  <date>2026-04-25T15:18:14.604060Z</date>
  <millis>1777130294604</millis>
  <nanos>60000</nanos>
  <sequence>9</sequence>
  <level>ERROR</level>
  <class>com.kms.katalon.core.logging.XmlKeywordLogger</class>
  <method>logMessage</method>
  <thread>1</thread>
  <message>Test Cases/Authentication/TC-001-Open-HMS-role-selection has ERROR(s).
Reason:
org.codehaus.groovy.control.MultipleCompilationErrorsException: startup failed:
Script26842683315600.groovy: 1: Unexpected character: &amp;apos;﻿&amp;apos; @ line 1, column 1.
   ﻿import com.kms.katalon.core.webui.keyword.WebUiBuiltInKeywords as WebUI
   ^

1 error
</message>
  <nestedLevel>1</nestedLevel>
  <escapedJava>false</escapedJava>
  <property name="failed.exception.stacktrace">org.codehaus.groovy.control.MultipleCompilationErrorsException: startup failed:
Script26842683315600.groovy: 1: Unexpected character: &apos;﻿&apos; @ line 1, column 1.
   ﻿import com.kms.katalon.core.webui.keyword.WebUiBuiltInKeywords as WebUI
   ^

1 error

	at org.apache.groovy.parser.antlr4.AstBuilder.collectSyntaxError(AstBuilder.java:4260)
	at org.apache.groovy.parser.antlr4.AstBuilder.createParsingFailedException(AstBuilder.java:4243)
	at org.apache.groovy.parser.antlr4.AstBuilder.convertException(AstBuilder.java:242)
	at org.apache.groovy.parser.antlr4.AstBuilder.buildCST(AstBuilder.java:216)
	at org.apache.groovy.parser.antlr4.AstBuilder.buildAST(AstBuilder.java:250)
	at org.apache.groovy.parser.antlr4.Antlr4ParserPlugin.buildAST(Antlr4ParserPlugin.java:58)
	at com.kms.katalon.core.main.TestCaseMethodNodeCollector.&lt;init&gt;(TestCaseMethodNodeCollector.java:43)
	at com.kms.katalon.core.main.TestCaseExecutor.processScriptPreparationPhase(TestCaseExecutor.java:225)
	at com.kms.katalon.core.main.TestCaseExecutor.execute(TestCaseExecutor.java:306)
	at com.kms.katalon.core.common.CommonExecutor.accessTestCaseMainPhase(CommonExecutor.java:71)
	at com.kms.katalon.core.main.TestSuiteExecutor.accessTestSuiteMainPhase(TestSuiteExecutor.java:163)
	at com.kms.katalon.core.main.TestSuiteExecutor.execute(TestSuiteExecutor.java:120)
	at com.kms.katalon.core.main.TestCaseMain.startTestSuite(TestCaseMain.java:205)
	at S0.run(S0.groovy:40)
	at java.base/jdk.internal.reflect.DirectMethodHandleAccessor.invoke(DirectMethodHandleAccessor.java:103)
</property>
  <property name="failed.exception.class">org.codehaus.groovy.control.MultipleCompilationErrorsException</property>
  <property name="failed.exception.message">startup failed:
Script26842683315600.groovy: 1: Unexpected character: &apos;﻿&apos; @ line 1, column 1.
   ﻿import com.kms.katalon.core.webui.keyword.WebUiBuiltInKeywords as WebUI
   ^

1 error
</property>
</record>
<record>
  <date>2026-04-25T15:18:14.606058300Z</date>
  <millis>1777130294606</millis>
  <nanos>58300</nanos>
  <sequence>10</sequence>
  <level>END</level>
  <class>com.kms.katalon.core.logging.XmlKeywordLogger</class>
  <method>endTest</method>
  <thread>1</thread>
  <message>End Test Case : Test Cases/Authentication/TC-001-Open-HMS-role-selection</message>
  <nestedLevel>0</nestedLevel>
  <escapedJava>false</escapedJava>
  <property name="executionBindingVariables">[]</property>
  <property name="applitools">false</property>
  <property name="executedKeywords">{}</property>
  <property name="keywordsUsage">{
  &quot;web_ui&quot;: false,
  &quot;web_service&quot;: false,
  &quot;cucumber&quot;: false,
  &quot;builtin&quot;: false,
  &quot;mobile&quot;: false,
  &quot;windows&quot;: false,
  &quot;testng&quot;: false
}</property>
</record>
<record>
  <date>2026-04-25T15:18:14.611059200Z</date>
  <millis>1777130294611</millis>
  <nanos>59200</nanos>
  <sequence>11</sequence>
  <level>START</level>
  <class>com.kms.katalon.core.logging.XmlKeywordLogger</class>
  <method>startTest</method>
  <thread>1</thread>
  <message>Start Test Case : Test Cases/Authentication/TC-002-Open-staff-login</message>
  <nestedLevel>1</nestedLevel>
  <escapedJava>false</escapedJava>
  <property name="origin"></property>
  <property name="name">Test Cases/Authentication/TC-002-Open-staff-login</property>
  <property name="description">Open staff login from HMS role selection.</property>
  <property name="iteration"></property>
  <property name="id">Test Cases/Authentication/TC-002-Open-staff-login</property>
  <property name="source">D:\UNI_DOCS\HK6\KCPM\QuanLyBenhVien_KiemThu\pulse-katalon\Test Cases\Authentication\TC-002-Open-staff-login.tc</property>
  <property name="tag">baseline</property>
  <property name="isOptional">false</property>
  <property name="uuid">30c7e88a-8a80-474f-b611-aa7fd9b0f5a1</property>
</record>
<record>
  <date>2026-04-25T15:18:14.616059700Z</date>
  <millis>1777130294616</millis>
  <nanos>59700</nanos>
  <sequence>13</sequence>
  <level>ERROR</level>
  <class>com.kms.katalon.core.logging.XmlKeywordLogger</class>
  <method>logMessage</method>
  <thread>1</thread>
  <message>Test Cases/Authentication/TC-002-Open-staff-login has ERROR(s).
Reason:
org.codehaus.groovy.control.MultipleCompilationErrorsException: startup failed:
Script26842711299100.groovy: 1: Unexpected character: &amp;apos;﻿&amp;apos; @ line 1, column 1.
   ﻿import com.kms.katalon.core.webui.keyword.WebUiBuiltInKeywords as WebUI
   ^

1 error
</message>
  <nestedLevel>1</nestedLevel>
  <escapedJava>false</escapedJava>
  <property name="failed.exception.stacktrace">org.codehaus.groovy.control.MultipleCompilationErrorsException: startup failed:
Script26842711299100.groovy: 1: Unexpected character: &apos;﻿&apos; @ line 1, column 1.
   ﻿import com.kms.katalon.core.webui.keyword.WebUiBuiltInKeywords as WebUI
   ^

1 error

	at org.apache.groovy.parser.antlr4.AstBuilder.collectSyntaxError(AstBuilder.java:4260)
	at org.apache.groovy.parser.antlr4.AstBuilder.createParsingFailedException(AstBuilder.java:4243)
	at org.apache.groovy.parser.antlr4.AstBuilder.convertException(AstBuilder.java:242)
	at org.apache.groovy.parser.antlr4.AstBuilder.buildCST(AstBuilder.java:216)
	at org.apache.groovy.parser.antlr4.AstBuilder.buildAST(AstBuilder.java:250)
	at org.apache.groovy.parser.antlr4.Antlr4ParserPlugin.buildAST(Antlr4ParserPlugin.java:58)
	at com.kms.katalon.core.main.TestCaseMethodNodeCollector.&lt;init&gt;(TestCaseMethodNodeCollector.java:43)
	at com.kms.katalon.core.main.TestCaseExecutor.processScriptPreparationPhase(TestCaseExecutor.java:225)
	at com.kms.katalon.core.main.TestCaseExecutor.execute(TestCaseExecutor.java:306)
	at com.kms.katalon.core.common.CommonExecutor.accessTestCaseMainPhase(CommonExecutor.java:71)
	at com.kms.katalon.core.main.TestSuiteExecutor.accessTestSuiteMainPhase(TestSuiteExecutor.java:163)
	at com.kms.katalon.core.main.TestSuiteExecutor.execute(TestSuiteExecutor.java:120)
	at com.kms.katalon.core.main.TestCaseMain.startTestSuite(TestCaseMain.java:205)
	at S0.run(S0.groovy:40)
	at java.base/jdk.internal.reflect.DirectMethodHandleAccessor.invoke(DirectMethodHandleAccessor.java:103)
</property>
  <property name="failed.exception.class">org.codehaus.groovy.control.MultipleCompilationErrorsException</property>
  <property name="failed.exception.message">startup failed:
Script26842711299100.groovy: 1: Unexpected character: &apos;﻿&apos; @ line 1, column 1.
   ﻿import com.kms.katalon.core.webui.keyword.WebUiBuiltInKeywords as WebUI
   ^

1 error
</property>
</record>
<record>
  <date>2026-04-25T15:18:14.618063500Z</date>
  <millis>1777130294618</millis>
  <nanos>63500</nanos>
  <sequence>14</sequence>
  <level>END</level>
  <class>com.kms.katalon.core.logging.XmlKeywordLogger</class>
  <method>endTest</method>
  <thread>1</thread>
  <message>End Test Case : Test Cases/Authentication/TC-002-Open-staff-login</message>
  <nestedLevel>0</nestedLevel>
  <escapedJava>false</escapedJava>
  <property name="executionBindingVariables">[]</property>
  <property name="applitools">false</property>
  <property name="executedKeywords">{}</property>
  <property name="keywordsUsage">{
  &quot;web_ui&quot;: false,
  &quot;web_service&quot;: false,
  &quot;cucumber&quot;: false,
  &quot;builtin&quot;: false,
  &quot;mobile&quot;: false,
  &quot;windows&quot;: false,
  &quot;testng&quot;: false
}</property>
</record>
<record>
  <date>2026-04-25T15:18:14.621063300Z</date>
  <millis>1777130294621</millis>
  <nanos>63300</nanos>
  <sequence>15</sequence>
  <level>START</level>
  <class>com.kms.katalon.core.logging.XmlKeywordLogger</class>
  <method>startTest</method>
  <thread>1</thread>
  <message>Start Test Case : Test Cases/Authentication/TC-003-Staff-login-required-fields</message>
  <nestedLevel>1</nestedLevel>
  <escapedJava>false</escapedJava>
  <property name="origin"></property>
  <property name="name">Test Cases/Authentication/TC-003-Staff-login-required-fields</property>
  <property name="description">Verify staff login required field controls.</property>
  <property name="iteration"></property>
  <property name="id">Test Cases/Authentication/TC-003-Staff-login-required-fields</property>
  <property name="source">D:\UNI_DOCS\HK6\KCPM\QuanLyBenhVien_KiemThu\pulse-katalon\Test Cases\Authentication\TC-003-Staff-login-required-fields.tc</property>
  <property name="tag">baseline</property>
  <property name="isOptional">false</property>
  <property name="uuid">121b3952-844b-4791-94d3-184876612635</property>
</record>
<record>
  <date>2026-04-25T15:18:14.627060700Z</date>
  <millis>1777130294627</millis>
  <nanos>60700</nanos>
  <sequence>17</sequence>
  <level>ERROR</level>
  <class>com.kms.katalon.core.logging.XmlKeywordLogger</class>
  <method>logMessage</method>
  <thread>1</thread>
  <message>Test Cases/Authentication/TC-003-Staff-login-required-fields has ERROR(s).
Reason:
org.codehaus.groovy.control.MultipleCompilationErrorsException: startup failed:
Script26842722243200.groovy: 1: Unexpected character: &amp;apos;﻿&amp;apos; @ line 1, column 1.
   ﻿import com.kms.katalon.core.webui.keyword.WebUiBuiltInKeywords as WebUI
   ^

1 error
</message>
  <nestedLevel>1</nestedLevel>
  <escapedJava>false</escapedJava>
  <property name="failed.exception.stacktrace">org.codehaus.groovy.control.MultipleCompilationErrorsException: startup failed:
Script26842722243200.groovy: 1: Unexpected character: &apos;﻿&apos; @ line 1, column 1.
   ﻿import com.kms.katalon.core.webui.keyword.WebUiBuiltInKeywords as WebUI
   ^

1 error

	at org.apache.groovy.parser.antlr4.AstBuilder.collectSyntaxError(AstBuilder.java:4260)
	at org.apache.groovy.parser.antlr4.AstBuilder.createParsingFailedException(AstBuilder.java:4243)
	at org.apache.groovy.parser.antlr4.AstBuilder.convertException(AstBuilder.java:242)
	at org.apache.groovy.parser.antlr4.AstBuilder.buildCST(AstBuilder.java:216)
	at org.apache.groovy.parser.antlr4.AstBuilder.buildAST(AstBuilder.java:250)
	at org.apache.groovy.parser.antlr4.Antlr4ParserPlugin.buildAST(Antlr4ParserPlugin.java:58)
	at com.kms.katalon.core.main.TestCaseMethodNodeCollector.&lt;init&gt;(TestCaseMethodNodeCollector.java:43)
	at com.kms.katalon.core.main.TestCaseExecutor.processScriptPreparationPhase(TestCaseExecutor.java:225)
	at com.kms.katalon.core.main.TestCaseExecutor.execute(TestCaseExecutor.java:306)
	at com.kms.katalon.core.common.CommonExecutor.accessTestCaseMainPhase(CommonExecutor.java:71)
	at com.kms.katalon.core.main.TestSuiteExecutor.accessTestSuiteMainPhase(TestSuiteExecutor.java:163)
	at com.kms.katalon.core.main.TestSuiteExecutor.execute(TestSuiteExecutor.java:120)
	at com.kms.katalon.core.main.TestCaseMain.startTestSuite(TestCaseMain.java:205)
	at S0.run(S0.groovy:40)
	at java.base/jdk.internal.reflect.DirectMethodHandleAccessor.invoke(DirectMethodHandleAccessor.java:103)
</property>
  <property name="failed.exception.class">org.codehaus.groovy.control.MultipleCompilationErrorsException</property>
  <property name="failed.exception.message">startup failed:
Script26842722243200.groovy: 1: Unexpected character: &apos;﻿&apos; @ line 1, column 1.
   ﻿import com.kms.katalon.core.webui.keyword.WebUiBuiltInKeywords as WebUI
   ^

1 error
</property>
</record>
<record>
  <date>2026-04-25T15:18:14.628060400Z</date>
  <millis>1777130294628</millis>
  <nanos>60400</nanos>
  <sequence>18</sequence>
  <level>END</level>
  <class>com.kms.katalon.core.logging.XmlKeywordLogger</class>
  <method>endTest</method>
  <thread>1</thread>
  <message>End Test Case : Test Cases/Authentication/TC-003-Staff-login-required-fields</message>
  <nestedLevel>0</nestedLevel>
  <escapedJava>false</escapedJava>
  <property name="executionBindingVariables">[]</property>
  <property name="applitools">false</property>
  <property name="executedKeywords">{}</property>
  <property name="keywordsUsage">{
  &quot;web_ui&quot;: false,
  &quot;web_service&quot;: false,
  &quot;cucumber&quot;: false,
  &quot;builtin&quot;: false,
  &quot;mobile&quot;: false,
  &quot;windows&quot;: false,
  &quot;testng&quot;: false
}</property>
</record>
<record>
  <date>2026-04-25T15:18:14.632062Z</date>
  <millis>1777130294632</millis>
  <nanos>62000</nanos>
  <sequence>19</sequence>
  <level>START</level>
  <class>com.kms.katalon.core.logging.XmlKeywordLogger</class>
  <method>startTest</method>
  <thread>1</thread>
  <message>Start Test Case : Test Cases/Authentication/TC-004-Staff-login-invalid-credentials</message>
  <nestedLevel>1</nestedLevel>
  <escapedJava>false</escapedJava>
  <property name="origin"></property>
  <property name="name">Test Cases/Authentication/TC-004-Staff-login-invalid-credentials</property>
  <property name="description">Verify invalid staff login shows an error.</property>
  <property name="iteration"></property>
  <property name="id">Test Cases/Authentication/TC-004-Staff-login-invalid-credentials</property>
  <property name="source">D:\UNI_DOCS\HK6\KCPM\QuanLyBenhVien_KiemThu\pulse-katalon\Test Cases\Authentication\TC-004-Staff-login-invalid-credentials.tc</property>
  <property name="tag">baseline</property>
  <property name="isOptional">false</property>
  <property name="uuid">1befdeaf-10a3-4676-8f19-74ef26be62b9</property>
</record>
<record>
  <date>2026-04-25T15:18:14.638060600Z</date>
  <millis>1777130294638</millis>
  <nanos>60600</nanos>
  <sequence>21</sequence>
  <level>ERROR</level>
  <class>com.kms.katalon.core.logging.XmlKeywordLogger</class>
  <method>logMessage</method>
  <thread>1</thread>
  <message>Test Cases/Authentication/TC-004-Staff-login-invalid-credentials has ERROR(s).
Reason:
org.codehaus.groovy.control.MultipleCompilationErrorsException: startup failed:
Script26842732160800.groovy: 1: Unexpected character: &amp;apos;﻿&amp;apos; @ line 1, column 1.
   ﻿import com.kms.katalon.core.webui.keyword.WebUiBuiltInKeywords as WebUI
   ^

1 error
</message>
  <nestedLevel>1</nestedLevel>
  <escapedJava>false</escapedJava>
  <property name="failed.exception.stacktrace">org.codehaus.groovy.control.MultipleCompilationErrorsException: startup failed:
Script26842732160800.groovy: 1: Unexpected character: &apos;﻿&apos; @ line 1, column 1.
   ﻿import com.kms.katalon.core.webui.keyword.WebUiBuiltInKeywords as WebUI
   ^

1 error

	at org.apache.groovy.parser.antlr4.AstBuilder.collectSyntaxError(AstBuilder.java:4260)
	at org.apache.groovy.parser.antlr4.AstBuilder.createParsingFailedException(AstBuilder.java:4243)
	at org.apache.groovy.parser.antlr4.AstBuilder.convertException(AstBuilder.java:242)
	at org.apache.groovy.parser.antlr4.AstBuilder.buildCST(AstBuilder.java:216)
	at org.apache.groovy.parser.antlr4.AstBuilder.buildAST(AstBuilder.java:250)
	at org.apache.groovy.parser.antlr4.Antlr4ParserPlugin.buildAST(Antlr4ParserPlugin.java:58)
	at com.kms.katalon.core.main.TestCaseMethodNodeCollector.&lt;init&gt;(TestCaseMethodNodeCollector.java:43)
	at com.kms.katalon.core.main.TestCaseExecutor.processScriptPreparationPhase(TestCaseExecutor.java:225)
	at com.kms.katalon.core.main.TestCaseExecutor.execute(TestCaseExecutor.java:306)
	at com.kms.katalon.core.common.CommonExecutor.accessTestCaseMainPhase(CommonExecutor.java:71)
	at com.kms.katalon.core.main.TestSuiteExecutor.accessTestSuiteMainPhase(TestSuiteExecutor.java:163)
	at com.kms.katalon.core.main.TestSuiteExecutor.execute(TestSuiteExecutor.java:120)
	at com.kms.katalon.core.main.TestCaseMain.startTestSuite(TestCaseMain.java:205)
	at S0.run(S0.groovy:40)
	at java.base/jdk.internal.reflect.DirectMethodHandleAccessor.invoke(DirectMethodHandleAccessor.java:103)
</property>
  <property name="failed.exception.class">org.codehaus.groovy.control.MultipleCompilationErrorsException</property>
  <property name="failed.exception.message">startup failed:
Script26842732160800.groovy: 1: Unexpected character: &apos;﻿&apos; @ line 1, column 1.
   ﻿import com.kms.katalon.core.webui.keyword.WebUiBuiltInKeywords as WebUI
   ^

1 error
</property>
</record>
<record>
  <date>2026-04-25T15:18:14.640062700Z</date>
  <millis>1777130294640</millis>
  <nanos>62700</nanos>
  <sequence>22</sequence>
  <level>END</level>
  <class>com.kms.katalon.core.logging.XmlKeywordLogger</class>
  <method>endTest</method>
  <thread>1</thread>
  <message>End Test Case : Test Cases/Authentication/TC-004-Staff-login-invalid-credentials</message>
  <nestedLevel>0</nestedLevel>
  <escapedJava>false</escapedJava>
  <property name="executionBindingVariables">[]</property>
  <property name="applitools">false</property>
  <property name="executedKeywords">{}</property>
  <property name="keywordsUsage">{
  &quot;web_ui&quot;: false,
  &quot;web_service&quot;: false,
  &quot;cucumber&quot;: false,
  &quot;builtin&quot;: false,
  &quot;mobile&quot;: false,
  &quot;windows&quot;: false,
  &quot;testng&quot;: false
}</property>
</record>
<record>
  <date>2026-04-25T15:18:14.642063100Z</date>
  <millis>1777130294642</millis>
  <nanos>63100</nanos>
  <sequence>23</sequence>
  <level>START</level>
  <class>com.kms.katalon.core.logging.XmlKeywordLogger</class>
  <method>startTest</method>
  <thread>1</thread>
  <message>Start Test Case : Test Cases/Authentication/TC-005-Staff-login-success-dashboard</message>
  <nestedLevel>1</nestedLevel>
  <escapedJava>false</escapedJava>
  <property name="origin"></property>
  <property name="name">Test Cases/Authentication/TC-005-Staff-login-success-dashboard</property>
  <property name="description">Verify staff can log in and reach dashboard.</property>
  <property name="iteration"></property>
  <property name="id">Test Cases/Authentication/TC-005-Staff-login-success-dashboard</property>
  <property name="source">D:\UNI_DOCS\HK6\KCPM\QuanLyBenhVien_KiemThu\pulse-katalon\Test Cases\Authentication\TC-005-Staff-login-success-dashboard.tc</property>
  <property name="tag">baseline</property>
  <property name="isOptional">false</property>
  <property name="uuid">998bf89c-6d3b-4991-a3c6-7e765a0d135a</property>
</record>
<record>
  <date>2026-04-25T15:18:14.647061400Z</date>
  <millis>1777130294647</millis>
  <nanos>61400</nanos>
  <sequence>25</sequence>
  <level>ERROR</level>
  <class>com.kms.katalon.core.logging.XmlKeywordLogger</class>
  <method>logMessage</method>
  <thread>1</thread>
  <message>Test Cases/Authentication/TC-005-Staff-login-success-dashboard has ERROR(s).
Reason:
org.codehaus.groovy.control.MultipleCompilationErrorsException: startup failed:
Script26842743159900.groovy: 1: Unexpected character: &amp;apos;﻿&amp;apos; @ line 1, column 1.
   ﻿import com.kms.katalon.core.webui.keyword.WebUiBuiltInKeywords as WebUI
   ^

1 error
</message>
  <nestedLevel>1</nestedLevel>
  <escapedJava>false</escapedJava>
  <property name="failed.exception.stacktrace">org.codehaus.groovy.control.MultipleCompilationErrorsException: startup failed:
Script26842743159900.groovy: 1: Unexpected character: &apos;﻿&apos; @ line 1, column 1.
   ﻿import com.kms.katalon.core.webui.keyword.WebUiBuiltInKeywords as WebUI
   ^

1 error

	at org.apache.groovy.parser.antlr4.AstBuilder.collectSyntaxError(AstBuilder.java:4260)
	at org.apache.groovy.parser.antlr4.AstBuilder.createParsingFailedException(AstBuilder.java:4243)
	at org.apache.groovy.parser.antlr4.AstBuilder.convertException(AstBuilder.java:242)
	at org.apache.groovy.parser.antlr4.AstBuilder.buildCST(AstBuilder.java:216)
	at org.apache.groovy.parser.antlr4.AstBuilder.buildAST(AstBuilder.java:250)
	at org.apache.groovy.parser.antlr4.Antlr4ParserPlugin.buildAST(Antlr4ParserPlugin.java:58)
	at com.kms.katalon.core.main.TestCaseMethodNodeCollector.&lt;init&gt;(TestCaseMethodNodeCollector.java:43)
	at com.kms.katalon.core.main.TestCaseExecutor.processScriptPreparationPhase(TestCaseExecutor.java:225)
	at com.kms.katalon.core.main.TestCaseExecutor.execute(TestCaseExecutor.java:306)
	at com.kms.katalon.core.common.CommonExecutor.accessTestCaseMainPhase(CommonExecutor.java:71)
	at com.kms.katalon.core.main.TestSuiteExecutor.accessTestSuiteMainPhase(TestSuiteExecutor.java:163)
	at com.kms.katalon.core.main.TestSuiteExecutor.execute(TestSuiteExecutor.java:120)
	at com.kms.katalon.core.main.TestCaseMain.startTestSuite(TestCaseMain.java:205)
	at S0.run(S0.groovy:40)
	at java.base/jdk.internal.reflect.DirectMethodHandleAccessor.invoke(DirectMethodHandleAccessor.java:103)
</property>
  <property name="failed.exception.class">org.codehaus.groovy.control.MultipleCompilationErrorsException</property>
  <property name="failed.exception.message">startup failed:
Script26842743159900.groovy: 1: Unexpected character: &apos;﻿&apos; @ line 1, column 1.
   ﻿import com.kms.katalon.core.webui.keyword.WebUiBuiltInKeywords as WebUI
   ^

1 error
</property>
</record>
<record>
  <date>2026-04-25T15:18:14.649060400Z</date>
  <millis>1777130294649</millis>
  <nanos>60400</nanos>
  <sequence>26</sequence>
  <level>END</level>
  <class>com.kms.katalon.core.logging.XmlKeywordLogger</class>
  <method>endTest</method>
  <thread>1</thread>
  <message>End Test Case : Test Cases/Authentication/TC-005-Staff-login-success-dashboard</message>
  <nestedLevel>0</nestedLevel>
  <escapedJava>false</escapedJava>
  <property name="executionBindingVariables">[]</property>
  <property name="applitools">false</property>
  <property name="executedKeywords">{}</property>
  <property name="keywordsUsage">{
  &quot;web_ui&quot;: false,
  &quot;web_service&quot;: false,
  &quot;cucumber&quot;: false,
  &quot;builtin&quot;: false,
  &quot;mobile&quot;: false,
  &quot;windows&quot;: false,
  &quot;testng&quot;: false
}</property>
</record>
<record>
  <date>2026-04-25T15:18:14.652063700Z</date>
  <millis>1777130294652</millis>
  <nanos>63700</nanos>
  <sequence>27</sequence>
  <level>START</level>
  <class>com.kms.katalon.core.logging.XmlKeywordLogger</class>
  <method>startTest</method>
  <thread>1</thread>
  <message>Start Test Case : Test Cases/Authentication/TC-006-Doctor-login-success-schedule</message>
  <nestedLevel>1</nestedLevel>
  <escapedJava>false</escapedJava>
  <property name="origin"></property>
  <property name="name">Test Cases/Authentication/TC-006-Doctor-login-success-schedule</property>
  <property name="description">Verify doctor can log in and reach schedule.</property>
  <property name="iteration"></property>
  <property name="id">Test Cases/Authentication/TC-006-Doctor-login-success-schedule</property>
  <property name="source">D:\UNI_DOCS\HK6\KCPM\QuanLyBenhVien_KiemThu\pulse-katalon\Test Cases\Authentication\TC-006-Doctor-login-success-schedule.tc</property>
  <property name="tag">baseline</property>
  <property name="isOptional">false</property>
  <property name="uuid">7021c2dd-7e48-488c-a2dd-d19f5ee33809</property>
</record>
<record>
  <date>2026-04-25T15:18:14.656062400Z</date>
  <millis>1777130294656</millis>
  <nanos>62400</nanos>
  <sequence>29</sequence>
  <level>ERROR</level>
  <class>com.kms.katalon.core.logging.XmlKeywordLogger</class>
  <method>logMessage</method>
  <thread>1</thread>
  <message>Test Cases/Authentication/TC-006-Doctor-login-success-schedule has ERROR(s).
Reason:
org.codehaus.groovy.control.MultipleCompilationErrorsException: startup failed:
Script26842751815800.groovy: 1: Unexpected character: &amp;apos;﻿&amp;apos; @ line 1, column 1.
   ﻿import com.kms.katalon.core.webui.keyword.WebUiBuiltInKeywords as WebUI
   ^

1 error
</message>
  <nestedLevel>1</nestedLevel>
  <escapedJava>false</escapedJava>
  <property name="failed.exception.stacktrace">org.codehaus.groovy.control.MultipleCompilationErrorsException: startup failed:
Script26842751815800.groovy: 1: Unexpected character: &apos;﻿&apos; @ line 1, column 1.
   ﻿import com.kms.katalon.core.webui.keyword.WebUiBuiltInKeywords as WebUI
   ^

1 error

	at org.apache.groovy.parser.antlr4.AstBuilder.collectSyntaxError(AstBuilder.java:4260)
	at org.apache.groovy.parser.antlr4.AstBuilder.createParsingFailedException(AstBuilder.java:4243)
	at org.apache.groovy.parser.antlr4.AstBuilder.convertException(AstBuilder.java:242)
	at org.apache.groovy.parser.antlr4.AstBuilder.buildCST(AstBuilder.java:216)
	at org.apache.groovy.parser.antlr4.AstBuilder.buildAST(AstBuilder.java:250)
	at org.apache.groovy.parser.antlr4.Antlr4ParserPlugin.buildAST(Antlr4ParserPlugin.java:58)
	at com.kms.katalon.core.main.TestCaseMethodNodeCollector.&lt;init&gt;(TestCaseMethodNodeCollector.java:43)
	at com.kms.katalon.core.main.TestCaseExecutor.processScriptPreparationPhase(TestCaseExecutor.java:225)
	at com.kms.katalon.core.main.TestCaseExecutor.execute(TestCaseExecutor.java:306)
	at com.kms.katalon.core.common.CommonExecutor.accessTestCaseMainPhase(CommonExecutor.java:71)
	at com.kms.katalon.core.main.TestSuiteExecutor.accessTestSuiteMainPhase(TestSuiteExecutor.java:163)
	at com.kms.katalon.core.main.TestSuiteExecutor.execute(TestSuiteExecutor.java:120)
	at com.kms.katalon.core.main.TestCaseMain.startTestSuite(TestCaseMain.java:205)
	at S0.run(S0.groovy:40)
	at java.base/jdk.internal.reflect.DirectMethodHandleAccessor.invoke(DirectMethodHandleAccessor.java:103)
</property>
  <property name="failed.exception.class">org.codehaus.groovy.control.MultipleCompilationErrorsException</property>
  <property name="failed.exception.message">startup failed:
Script26842751815800.groovy: 1: Unexpected character: &apos;﻿&apos; @ line 1, column 1.
   ﻿import com.kms.katalon.core.webui.keyword.WebUiBuiltInKeywords as WebUI
   ^

1 error
</property>
</record>
<record>
  <date>2026-04-25T15:18:14.659061300Z</date>
  <millis>1777130294659</millis>
  <nanos>61300</nanos>
  <sequence>30</sequence>
  <level>END</level>
  <class>com.kms.katalon.core.logging.XmlKeywordLogger</class>
  <method>endTest</method>
  <thread>1</thread>
  <message>End Test Case : Test Cases/Authentication/TC-006-Doctor-login-success-schedule</message>
  <nestedLevel>0</nestedLevel>
  <escapedJava>false</escapedJava>
  <property name="executionBindingVariables">[]</property>
  <property name="applitools">false</property>
  <property name="executedKeywords">{}</property>
  <property name="keywordsUsage">{
  &quot;web_ui&quot;: false,
  &quot;web_service&quot;: false,
  &quot;cucumber&quot;: false,
  &quot;builtin&quot;: false,
  &quot;mobile&quot;: false,
  &quot;windows&quot;: false,
  &quot;testng&quot;: false
}</property>
</record>
<record>
  <date>2026-04-25T15:18:14.662058700Z</date>
  <millis>1777130294662</millis>
  <nanos>58700</nanos>
  <sequence>31</sequence>
  <level>START</level>
  <class>com.kms.katalon.core.logging.XmlKeywordLogger</class>
  <method>startTest</method>
  <thread>1</thread>
  <message>Start Test Case : Test Cases/Authentication/TC-007-Patient-login-success-dashboard</message>
  <nestedLevel>1</nestedLevel>
  <escapedJava>false</escapedJava>
  <property name="origin"></property>
  <property name="name">Test Cases/Authentication/TC-007-Patient-login-success-dashboard</property>
  <property name="description">Verify patient can log in and reach dashboard.</property>
  <property name="iteration"></property>
  <property name="id">Test Cases/Authentication/TC-007-Patient-login-success-dashboard</property>
  <property name="source">D:\UNI_DOCS\HK6\KCPM\QuanLyBenhVien_KiemThu\pulse-katalon\Test Cases\Authentication\TC-007-Patient-login-success-dashboard.tc</property>
  <property name="tag">baseline</property>
  <property name="isOptional">false</property>
  <property name="uuid">c224da8e-0074-4410-a315-eadd232d6c84</property>
</record>
<record>
  <date>2026-04-25T15:18:14.667060Z</date>
  <millis>1777130294667</millis>
  <nanos>60000</nanos>
  <sequence>33</sequence>
  <level>ERROR</level>
  <class>com.kms.katalon.core.logging.XmlKeywordLogger</class>
  <method>logMessage</method>
  <thread>1</thread>
  <message>Test Cases/Authentication/TC-007-Patient-login-success-dashboard has ERROR(s).
Reason:
org.codehaus.groovy.control.MultipleCompilationErrorsException: startup failed:
Script26842761350400.groovy: 1: Unexpected character: &amp;apos;﻿&amp;apos; @ line 1, column 1.
   ﻿import com.kms.katalon.core.webui.keyword.WebUiBuiltInKeywords as WebUI
   ^

1 error
</message>
  <nestedLevel>1</nestedLevel>
  <escapedJava>false</escapedJava>
  <property name="failed.exception.stacktrace">org.codehaus.groovy.control.MultipleCompilationErrorsException: startup failed:
Script26842761350400.groovy: 1: Unexpected character: &apos;﻿&apos; @ line 1, column 1.
   ﻿import com.kms.katalon.core.webui.keyword.WebUiBuiltInKeywords as WebUI
   ^

1 error

	at org.apache.groovy.parser.antlr4.AstBuilder.collectSyntaxError(AstBuilder.java:4260)
	at org.apache.groovy.parser.antlr4.AstBuilder.createParsingFailedException(AstBuilder.java:4243)
	at org.apache.groovy.parser.antlr4.AstBuilder.convertException(AstBuilder.java:242)
	at org.apache.groovy.parser.antlr4.AstBuilder.buildCST(AstBuilder.java:216)
	at org.apache.groovy.parser.antlr4.AstBuilder.buildAST(AstBuilder.java:250)
	at org.apache.groovy.parser.antlr4.Antlr4ParserPlugin.buildAST(Antlr4ParserPlugin.java:58)
	at com.kms.katalon.core.main.TestCaseMethodNodeCollector.&lt;init&gt;(TestCaseMethodNodeCollector.java:43)
	at com.kms.katalon.core.main.TestCaseExecutor.processScriptPreparationPhase(TestCaseExecutor.java:225)
	at com.kms.katalon.core.main.TestCaseExecutor.execute(TestCaseExecutor.java:306)
	at com.kms.katalon.core.common.CommonExecutor.accessTestCaseMainPhase(CommonExecutor.java:71)
	at com.kms.katalon.core.main.TestSuiteExecutor.accessTestSuiteMainPhase(TestSuiteExecutor.java:163)
	at com.kms.katalon.core.main.TestSuiteExecutor.execute(TestSuiteExecutor.java:120)
	at com.kms.katalon.core.main.TestCaseMain.startTestSuite(TestCaseMain.java:205)
	at S0.run(S0.groovy:40)
	at java.base/jdk.internal.reflect.DirectMethodHandleAccessor.invoke(DirectMethodHandleAccessor.java:103)
</property>
  <property name="failed.exception.class">org.codehaus.groovy.control.MultipleCompilationErrorsException</property>
  <property name="failed.exception.message">startup failed:
Script26842761350400.groovy: 1: Unexpected character: &apos;﻿&apos; @ line 1, column 1.
   ﻿import com.kms.katalon.core.webui.keyword.WebUiBuiltInKeywords as WebUI
   ^

1 error
</property>
</record>
<record>
  <date>2026-04-25T15:18:14.668064Z</date>
  <millis>1777130294668</millis>
  <nanos>64000</nanos>
  <sequence>34</sequence>
  <level>END</level>
  <class>com.kms.katalon.core.logging.XmlKeywordLogger</class>
  <method>endTest</method>
  <thread>1</thread>
  <message>End Test Case : Test Cases/Authentication/TC-007-Patient-login-success-dashboard</message>
  <nestedLevel>0</nestedLevel>
  <escapedJava>false</escapedJava>
  <property name="executionBindingVariables">[]</property>
  <property name="applitools">false</property>
  <property name="executedKeywords">{}</property>
  <property name="keywordsUsage">{
  &quot;web_ui&quot;: false,
  &quot;web_service&quot;: false,
  &quot;cucumber&quot;: false,
  &quot;builtin&quot;: false,
  &quot;mobile&quot;: false,
  &quot;windows&quot;: false,
  &quot;testng&quot;: false
}</property>
</record>
<record>
  <date>2026-04-25T15:18:14.670061700Z</date>
  <millis>1777130294670</millis>
  <nanos>61700</nanos>
  <sequence>35</sequence>
  <level>START</level>
  <class>com.kms.katalon.core.logging.XmlKeywordLogger</class>
  <method>startTest</method>
  <thread>1</thread>
  <message>Start Test Case : Test Cases/StaffTables/TC-008-Patient-profile-table</message>
  <nestedLevel>1</nestedLevel>
  <escapedJava>false</escapedJava>
  <property name="origin"></property>
  <property name="name">Test Cases/StaffTables/TC-008-Patient-profile-table</property>
  <property name="description">Open patient profile table.</property>
  <property name="iteration"></property>
  <property name="id">Test Cases/StaffTables/TC-008-Patient-profile-table</property>
  <property name="source">D:\UNI_DOCS\HK6\KCPM\QuanLyBenhVien_KiemThu\pulse-katalon\Test Cases\StaffTables\TC-008-Patient-profile-table.tc</property>
  <property name="tag">baseline</property>
  <property name="isOptional">false</property>
  <property name="uuid">d60a230c-7790-412f-b15c-dc407748f7d8</property>
</record>
<record>
  <date>2026-04-25T15:18:14.675057100Z</date>
  <millis>1777130294675</millis>
  <nanos>57100</nanos>
  <sequence>37</sequence>
  <level>ERROR</level>
  <class>com.kms.katalon.core.logging.XmlKeywordLogger</class>
  <method>logMessage</method>
  <thread>1</thread>
  <message>Test Cases/StaffTables/TC-008-Patient-profile-table has ERROR(s).
Reason:
org.codehaus.groovy.control.MultipleCompilationErrorsException: startup failed:
Script26842770821900.groovy: 1: Unexpected character: &amp;apos;﻿&amp;apos; @ line 1, column 1.
   ﻿import com.kms.katalon.core.webui.keyword.WebUiBuiltInKeywords as WebUI
   ^

1 error
</message>
  <nestedLevel>1</nestedLevel>
  <escapedJava>false</escapedJava>
  <property name="failed.exception.stacktrace">org.codehaus.groovy.control.MultipleCompilationErrorsException: startup failed:
Script26842770821900.groovy: 1: Unexpected character: &apos;﻿&apos; @ line 1, column 1.
   ﻿import com.kms.katalon.core.webui.keyword.WebUiBuiltInKeywords as WebUI
   ^

1 error

	at org.apache.groovy.parser.antlr4.AstBuilder.collectSyntaxError(AstBuilder.java:4260)
	at org.apache.groovy.parser.antlr4.AstBuilder.createParsingFailedException(AstBuilder.java:4243)
	at org.apache.groovy.parser.antlr4.AstBuilder.convertException(AstBuilder.java:242)
	at org.apache.groovy.parser.antlr4.AstBuilder.buildCST(AstBuilder.java:216)
	at org.apache.groovy.parser.antlr4.AstBuilder.buildAST(AstBuilder.java:250)
	at org.apache.groovy.parser.antlr4.Antlr4ParserPlugin.buildAST(Antlr4ParserPlugin.java:58)
	at com.kms.katalon.core.main.TestCaseMethodNodeCollector.&lt;init&gt;(TestCaseMethodNodeCollector.java:43)
	at com.kms.katalon.core.main.TestCaseExecutor.processScriptPreparationPhase(TestCaseExecutor.java:225)
	at com.kms.katalon.core.main.TestCaseExecutor.execute(TestCaseExecutor.java:306)
	at com.kms.katalon.core.common.CommonExecutor.accessTestCaseMainPhase(CommonExecutor.java:71)
	at com.kms.katalon.core.main.TestSuiteExecutor.accessTestSuiteMainPhase(TestSuiteExecutor.java:163)
	at com.kms.katalon.core.main.TestSuiteExecutor.execute(TestSuiteExecutor.java:120)
	at com.kms.katalon.core.main.TestCaseMain.startTestSuite(TestCaseMain.java:205)
	at S0.run(S0.groovy:40)
	at java.base/jdk.internal.reflect.DirectMethodHandleAccessor.invoke(DirectMethodHandleAccessor.java:103)
</property>
  <property name="failed.exception.class">org.codehaus.groovy.control.MultipleCompilationErrorsException</property>
  <property name="failed.exception.message">startup failed:
Script26842770821900.groovy: 1: Unexpected character: &apos;﻿&apos; @ line 1, column 1.
   ﻿import com.kms.katalon.core.webui.keyword.WebUiBuiltInKeywords as WebUI
   ^

1 error
</property>
</record>
<record>
  <date>2026-04-25T15:18:14.676059Z</date>
  <millis>1777130294676</millis>
  <nanos>59000</nanos>
  <sequence>38</sequence>
  <level>END</level>
  <class>com.kms.katalon.core.logging.XmlKeywordLogger</class>
  <method>endTest</method>
  <thread>1</thread>
  <message>End Test Case : Test Cases/StaffTables/TC-008-Patient-profile-table</message>
  <nestedLevel>0</nestedLevel>
  <escapedJava>false</escapedJava>
  <property name="executionBindingVariables">[]</property>
  <property name="applitools">false</property>
  <property name="executedKeywords">{}</property>
  <property name="keywordsUsage">{
  &quot;web_ui&quot;: false,
  &quot;web_service&quot;: false,
  &quot;cucumber&quot;: false,
  &quot;builtin&quot;: false,
  &quot;mobile&quot;: false,
  &quot;windows&quot;: false,
  &quot;testng&quot;: false
}</property>
</record>
<record>
  <date>2026-04-25T15:18:14.680058200Z</date>
  <millis>1777130294680</millis>
  <nanos>58200</nanos>
  <sequence>39</sequence>
  <level>START</level>
  <class>com.kms.katalon.core.logging.XmlKeywordLogger</class>
  <method>startTest</method>
  <thread>1</thread>
  <message>Start Test Case : Test Cases/StaffTables/TC-009-Patient-search</message>
  <nestedLevel>1</nestedLevel>
  <escapedJava>false</escapedJava>
  <property name="origin"></property>
  <property name="name">Test Cases/StaffTables/TC-009-Patient-search</property>
  <property name="description">Search patient by seeded name.</property>
  <property name="iteration"></property>
  <property name="id">Test Cases/StaffTables/TC-009-Patient-search</property>
  <property name="source">D:\UNI_DOCS\HK6\KCPM\QuanLyBenhVien_KiemThu\pulse-katalon\Test Cases\StaffTables\TC-009-Patient-search.tc</property>
  <property name="tag">baseline</property>
  <property name="isOptional">false</property>
  <property name="uuid">a6fda738-36f1-413e-9de1-33949be53a0b</property>
</record>
<record>
  <date>2026-04-25T15:18:14.684059600Z</date>
  <millis>1777130294684</millis>
  <nanos>59600</nanos>
  <sequence>41</sequence>
  <level>ERROR</level>
  <class>com.kms.katalon.core.logging.XmlKeywordLogger</class>
  <method>logMessage</method>
  <thread>1</thread>
  <message>Test Cases/StaffTables/TC-009-Patient-search has ERROR(s).
Reason:
org.codehaus.groovy.control.MultipleCompilationErrorsException: startup failed:
Script26842779204600.groovy: 1: Unexpected character: &amp;apos;﻿&amp;apos; @ line 1, column 1.
   ﻿import com.kms.katalon.core.webui.keyword.WebUiBuiltInKeywords as WebUI
   ^

1 error
</message>
  <nestedLevel>1</nestedLevel>
  <escapedJava>false</escapedJava>
  <property name="failed.exception.stacktrace">org.codehaus.groovy.control.MultipleCompilationErrorsException: startup failed:
Script26842779204600.groovy: 1: Unexpected character: &apos;﻿&apos; @ line 1, column 1.
   ﻿import com.kms.katalon.core.webui.keyword.WebUiBuiltInKeywords as WebUI
   ^

1 error

	at org.apache.groovy.parser.antlr4.AstBuilder.collectSyntaxError(AstBuilder.java:4260)
	at org.apache.groovy.parser.antlr4.AstBuilder.createParsingFailedException(AstBuilder.java:4243)
	at org.apache.groovy.parser.antlr4.AstBuilder.convertException(AstBuilder.java:242)
	at org.apache.groovy.parser.antlr4.AstBuilder.buildCST(AstBuilder.java:216)
	at org.apache.groovy.parser.antlr4.AstBuilder.buildAST(AstBuilder.java:250)
	at org.apache.groovy.parser.antlr4.Antlr4ParserPlugin.buildAST(Antlr4ParserPlugin.java:58)
	at com.kms.katalon.core.main.TestCaseMethodNodeCollector.&lt;init&gt;(TestCaseMethodNodeCollector.java:43)
	at com.kms.katalon.core.main.TestCaseExecutor.processScriptPreparationPhase(TestCaseExecutor.java:225)
	at com.kms.katalon.core.main.TestCaseExecutor.execute(TestCaseExecutor.java:306)
	at com.kms.katalon.core.common.CommonExecutor.accessTestCaseMainPhase(CommonExecutor.java:71)
	at com.kms.katalon.core.main.TestSuiteExecutor.accessTestSuiteMainPhase(TestSuiteExecutor.java:163)
	at com.kms.katalon.core.main.TestSuiteExecutor.execute(TestSuiteExecutor.java:120)
	at com.kms.katalon.core.main.TestCaseMain.startTestSuite(TestCaseMain.java:205)
	at S0.run(S0.groovy:40)
	at java.base/jdk.internal.reflect.DirectMethodHandleAccessor.invoke(DirectMethodHandleAccessor.java:103)
</property>
  <property name="failed.exception.class">org.codehaus.groovy.control.MultipleCompilationErrorsException</property>
  <property name="failed.exception.message">startup failed:
Script26842779204600.groovy: 1: Unexpected character: &apos;﻿&apos; @ line 1, column 1.
   ﻿import com.kms.katalon.core.webui.keyword.WebUiBuiltInKeywords as WebUI
   ^

1 error
</property>
</record>
<record>
  <date>2026-04-25T15:18:14.685062300Z</date>
  <millis>1777130294685</millis>
  <nanos>62300</nanos>
  <sequence>42</sequence>
  <level>END</level>
  <class>com.kms.katalon.core.logging.XmlKeywordLogger</class>
  <method>endTest</method>
  <thread>1</thread>
  <message>End Test Case : Test Cases/StaffTables/TC-009-Patient-search</message>
  <nestedLevel>0</nestedLevel>
  <escapedJava>false</escapedJava>
  <property name="executionBindingVariables">[]</property>
  <property name="applitools">false</property>
  <property name="executedKeywords">{}</property>
  <property name="keywordsUsage">{
  &quot;web_ui&quot;: false,
  &quot;web_service&quot;: false,
  &quot;cucumber&quot;: false,
  &quot;builtin&quot;: false,
  &quot;mobile&quot;: false,
  &quot;windows&quot;: false,
  &quot;testng&quot;: false
}</property>
</record>
<record>
  <date>2026-04-25T15:18:14.688062400Z</date>
  <millis>1777130294688</millis>
  <nanos>62400</nanos>
  <sequence>43</sequence>
  <level>START</level>
  <class>com.kms.katalon.core.logging.XmlKeywordLogger</class>
  <method>startTest</method>
  <thread>1</thread>
  <message>Start Test Case : Test Cases/StaffTables/TC-010-Patient-filter-gender</message>
  <nestedLevel>1</nestedLevel>
  <escapedJava>false</escapedJava>
  <property name="origin"></property>
  <property name="name">Test Cases/StaffTables/TC-010-Patient-filter-gender</property>
  <property name="description">Filter patients by gender.</property>
  <property name="iteration"></property>
  <property name="id">Test Cases/StaffTables/TC-010-Patient-filter-gender</property>
  <property name="source">D:\UNI_DOCS\HK6\KCPM\QuanLyBenhVien_KiemThu\pulse-katalon\Test Cases\StaffTables\TC-010-Patient-filter-gender.tc</property>
  <property name="tag">baseline</property>
  <property name="isOptional">false</property>
  <property name="uuid">1f8a3330-ebcc-483c-a7ac-818ea6c64662</property>
</record>
<record>
  <date>2026-04-25T15:18:14.693059900Z</date>
  <millis>1777130294693</millis>
  <nanos>59900</nanos>
  <sequence>45</sequence>
  <level>ERROR</level>
  <class>com.kms.katalon.core.logging.XmlKeywordLogger</class>
  <method>logMessage</method>
  <thread>1</thread>
  <message>Test Cases/StaffTables/TC-010-Patient-filter-gender has ERROR(s).
Reason:
org.codehaus.groovy.control.MultipleCompilationErrorsException: startup failed:
Script26842787784000.groovy: 1: Unexpected character: &amp;apos;﻿&amp;apos; @ line 1, column 1.
   ﻿import com.kms.katalon.core.webui.keyword.WebUiBuiltInKeywords as WebUI
   ^

1 error
</message>
  <nestedLevel>1</nestedLevel>
  <escapedJava>false</escapedJava>
  <property name="failed.exception.stacktrace">org.codehaus.groovy.control.MultipleCompilationErrorsException: startup failed:
Script26842787784000.groovy: 1: Unexpected character: &apos;﻿&apos; @ line 1, column 1.
   ﻿import com.kms.katalon.core.webui.keyword.WebUiBuiltInKeywords as WebUI
   ^

1 error

	at org.apache.groovy.parser.antlr4.AstBuilder.collectSyntaxError(AstBuilder.java:4260)
	at org.apache.groovy.parser.antlr4.AstBuilder.createParsingFailedException(AstBuilder.java:4243)
	at org.apache.groovy.parser.antlr4.AstBuilder.convertException(AstBuilder.java:242)
	at org.apache.groovy.parser.antlr4.AstBuilder.buildCST(AstBuilder.java:216)
	at org.apache.groovy.parser.antlr4.AstBuilder.buildAST(AstBuilder.java:250)
	at org.apache.groovy.parser.antlr4.Antlr4ParserPlugin.buildAST(Antlr4ParserPlugin.java:58)
	at com.kms.katalon.core.main.TestCaseMethodNodeCollector.&lt;init&gt;(TestCaseMethodNodeCollector.java:43)
	at com.kms.katalon.core.main.TestCaseExecutor.processScriptPreparationPhase(TestCaseExecutor.java:225)
	at com.kms.katalon.core.main.TestCaseExecutor.execute(TestCaseExecutor.java:306)
	at com.kms.katalon.core.common.CommonExecutor.accessTestCaseMainPhase(CommonExecutor.java:71)
	at com.kms.katalon.core.main.TestSuiteExecutor.accessTestSuiteMainPhase(TestSuiteExecutor.java:163)
	at com.kms.katalon.core.main.TestSuiteExecutor.execute(TestSuiteExecutor.java:120)
	at com.kms.katalon.core.main.TestCaseMain.startTestSuite(TestCaseMain.java:205)
	at S0.run(S0.groovy:40)
	at java.base/jdk.internal.reflect.DirectMethodHandleAccessor.invoke(DirectMethodHandleAccessor.java:103)
</property>
  <property name="failed.exception.class">org.codehaus.groovy.control.MultipleCompilationErrorsException</property>
  <property name="failed.exception.message">startup failed:
Script26842787784000.groovy: 1: Unexpected character: &apos;﻿&apos; @ line 1, column 1.
   ﻿import com.kms.katalon.core.webui.keyword.WebUiBuiltInKeywords as WebUI
   ^

1 error
</property>
</record>
<record>
  <date>2026-04-25T15:18:14.694064200Z</date>
  <millis>1777130294694</millis>
  <nanos>64200</nanos>
  <sequence>46</sequence>
  <level>END</level>
  <class>com.kms.katalon.core.logging.XmlKeywordLogger</class>
  <method>endTest</method>
  <thread>1</thread>
  <message>End Test Case : Test Cases/StaffTables/TC-010-Patient-filter-gender</message>
  <nestedLevel>0</nestedLevel>
  <escapedJava>false</escapedJava>
  <property name="executionBindingVariables">[]</property>
  <property name="applitools">false</property>
  <property name="executedKeywords">{}</property>
  <property name="keywordsUsage">{
  &quot;web_ui&quot;: false,
  &quot;web_service&quot;: false,
  &quot;cucumber&quot;: false,
  &quot;builtin&quot;: false,
  &quot;mobile&quot;: false,
  &quot;windows&quot;: false,
  &quot;testng&quot;: false
}</property>
</record>
<record>
  <date>2026-04-25T15:18:14.697059Z</date>
  <millis>1777130294697</millis>
  <nanos>59000</nanos>
  <sequence>47</sequence>
  <level>START</level>
  <class>com.kms.katalon.core.logging.XmlKeywordLogger</class>
  <method>startTest</method>
  <thread>1</thread>
  <message>Start Test Case : Test Cases/StaffTables/TC-011-Patient-filter-insurance</message>
  <nestedLevel>1</nestedLevel>
  <escapedJava>false</escapedJava>
  <property name="origin"></property>
  <property name="name">Test Cases/StaffTables/TC-011-Patient-filter-insurance</property>
  <property name="description">Filter patients by insurance.</property>
  <property name="iteration"></property>
  <property name="id">Test Cases/StaffTables/TC-011-Patient-filter-insurance</property>
  <property name="source">D:\UNI_DOCS\HK6\KCPM\QuanLyBenhVien_KiemThu\pulse-katalon\Test Cases\StaffTables\TC-011-Patient-filter-insurance.tc</property>
  <property name="tag">baseline</property>
  <property name="isOptional">false</property>
  <property name="uuid">dd1f7d1e-41c6-4a71-8830-65598f5f8095</property>
</record>
<record>
  <date>2026-04-25T15:18:14.700549900Z</date>
  <millis>1777130294700</millis>
  <nanos>549900</nanos>
  <sequence>49</sequence>
  <level>ERROR</level>
  <class>com.kms.katalon.core.logging.XmlKeywordLogger</class>
  <method>logMessage</method>
  <thread>1</thread>
  <message>Test Cases/StaffTables/TC-011-Patient-filter-insurance has ERROR(s).
Reason:
org.codehaus.groovy.control.MultipleCompilationErrorsException: startup failed:
Script26842795908500.groovy: 1: Unexpected character: &amp;apos;﻿&amp;apos; @ line 1, column 1.
   ﻿import com.kms.katalon.core.webui.keyword.WebUiBuiltInKeywords as WebUI
   ^

1 error
</message>
  <nestedLevel>1</nestedLevel>
  <escapedJava>false</escapedJava>
  <property name="failed.exception.stacktrace">org.codehaus.groovy.control.MultipleCompilationErrorsException: startup failed:
Script26842795908500.groovy: 1: Unexpected character: &apos;﻿&apos; @ line 1, column 1.
   ﻿import com.kms.katalon.core.webui.keyword.WebUiBuiltInKeywords as WebUI
   ^

1 error

	at org.apache.groovy.parser.antlr4.AstBuilder.collectSyntaxError(AstBuilder.java:4260)
	at org.apache.groovy.parser.antlr4.AstBuilder.createParsingFailedException(AstBuilder.java:4243)
	at org.apache.groovy.parser.antlr4.AstBuilder.convertException(AstBuilder.java:242)
	at org.apache.groovy.parser.antlr4.AstBuilder.buildCST(AstBuilder.java:216)
	at org.apache.groovy.parser.antlr4.AstBuilder.buildAST(AstBuilder.java:250)
	at org.apache.groovy.parser.antlr4.Antlr4ParserPlugin.buildAST(Antlr4ParserPlugin.java:58)
	at com.kms.katalon.core.main.TestCaseMethodNodeCollector.&lt;init&gt;(TestCaseMethodNodeCollector.java:43)
	at com.kms.katalon.core.main.TestCaseExecutor.processScriptPreparationPhase(TestCaseExecutor.java:225)
	at com.kms.katalon.core.main.TestCaseExecutor.execute(TestCaseExecutor.java:306)
	at com.kms.katalon.core.common.CommonExecutor.accessTestCaseMainPhase(CommonExecutor.java:71)
	at com.kms.katalon.core.main.TestSuiteExecutor.accessTestSuiteMainPhase(TestSuiteExecutor.java:163)
	at com.kms.katalon.core.main.TestSuiteExecutor.execute(TestSuiteExecutor.java:120)
	at com.kms.katalon.core.main.TestCaseMain.startTestSuite(TestCaseMain.java:205)
	at S0.run(S0.groovy:40)
	at java.base/jdk.internal.reflect.DirectMethodHandleAccessor.invoke(DirectMethodHandleAccessor.java:103)
</property>
  <property name="failed.exception.class">org.codehaus.groovy.control.MultipleCompilationErrorsException</property>
  <property name="failed.exception.message">startup failed:
Script26842795908500.groovy: 1: Unexpected character: &apos;﻿&apos; @ line 1, column 1.
   ﻿import com.kms.katalon.core.webui.keyword.WebUiBuiltInKeywords as WebUI
   ^

1 error
</property>
</record>
<record>
  <date>2026-04-25T15:18:14.701552Z</date>
  <millis>1777130294701</millis>
  <nanos>552000</nanos>
  <sequence>50</sequence>
  <level>END</level>
  <class>com.kms.katalon.core.logging.XmlKeywordLogger</class>
  <method>endTest</method>
  <thread>1</thread>
  <message>End Test Case : Test Cases/StaffTables/TC-011-Patient-filter-insurance</message>
  <nestedLevel>0</nestedLevel>
  <escapedJava>false</escapedJava>
  <property name="executionBindingVariables">[]</property>
  <property name="applitools">false</property>
  <property name="executedKeywords">{}</property>
  <property name="keywordsUsage">{
  &quot;web_ui&quot;: false,
  &quot;web_service&quot;: false,
  &quot;cucumber&quot;: false,
  &quot;builtin&quot;: false,
  &quot;mobile&quot;: false,
  &quot;windows&quot;: false,
  &quot;testng&quot;: false
}</property>
</record>
<record>
  <date>2026-04-25T15:18:14.704547200Z</date>
  <millis>1777130294704</millis>
  <nanos>547200</nanos>
  <sequence>51</sequence>
  <level>START</level>
  <class>com.kms.katalon.core.logging.XmlKeywordLogger</class>
  <method>startTest</method>
  <thread>1</thread>
  <message>Start Test Case : Test Cases/StaffTables/TC-012-Drug-catalog-table</message>
  <nestedLevel>1</nestedLevel>
  <escapedJava>false</escapedJava>
  <property name="origin"></property>
  <property name="name">Test Cases/StaffTables/TC-012-Drug-catalog-table</property>
  <property name="description">Open drug catalog table.</property>
  <property name="iteration"></property>
  <property name="id">Test Cases/StaffTables/TC-012-Drug-catalog-table</property>
  <property name="source">D:\UNI_DOCS\HK6\KCPM\QuanLyBenhVien_KiemThu\pulse-katalon\Test Cases\StaffTables\TC-012-Drug-catalog-table.tc</property>
  <property name="tag">baseline</property>
  <property name="isOptional">false</property>
  <property name="uuid">72fdde3f-4e61-4bd4-b9f1-08bf7e97eba0</property>
</record>
<record>
  <date>2026-04-25T15:18:14.709549600Z</date>
  <millis>1777130294709</millis>
  <nanos>549600</nanos>
  <sequence>53</sequence>
  <level>ERROR</level>
  <class>com.kms.katalon.core.logging.XmlKeywordLogger</class>
  <method>logMessage</method>
  <thread>1</thread>
  <message>Test Cases/StaffTables/TC-012-Drug-catalog-table has ERROR(s).
Reason:
org.codehaus.groovy.control.MultipleCompilationErrorsException: startup failed:
Script26842805086200.groovy: 1: Unexpected character: &amp;apos;﻿&amp;apos; @ line 1, column 1.
   ﻿import com.kms.katalon.core.webui.keyword.WebUiBuiltInKeywords as WebUI
   ^

1 error
</message>
  <nestedLevel>1</nestedLevel>
  <escapedJava>false</escapedJava>
  <property name="failed.exception.stacktrace">org.codehaus.groovy.control.MultipleCompilationErrorsException: startup failed:
Script26842805086200.groovy: 1: Unexpected character: &apos;﻿&apos; @ line 1, column 1.
   ﻿import com.kms.katalon.core.webui.keyword.WebUiBuiltInKeywords as WebUI
   ^

1 error

	at org.apache.groovy.parser.antlr4.AstBuilder.collectSyntaxError(AstBuilder.java:4260)
	at org.apache.groovy.parser.antlr4.AstBuilder.createParsingFailedException(AstBuilder.java:4243)
	at org.apache.groovy.parser.antlr4.AstBuilder.convertException(AstBuilder.java:242)
	at org.apache.groovy.parser.antlr4.AstBuilder.buildCST(AstBuilder.java:216)
	at org.apache.groovy.parser.antlr4.AstBuilder.buildAST(AstBuilder.java:250)
	at org.apache.groovy.parser.antlr4.Antlr4ParserPlugin.buildAST(Antlr4ParserPlugin.java:58)
	at com.kms.katalon.core.main.TestCaseMethodNodeCollector.&lt;init&gt;(TestCaseMethodNodeCollector.java:43)
	at com.kms.katalon.core.main.TestCaseExecutor.processScriptPreparationPhase(TestCaseExecutor.java:225)
	at com.kms.katalon.core.main.TestCaseExecutor.execute(TestCaseExecutor.java:306)
	at com.kms.katalon.core.common.CommonExecutor.accessTestCaseMainPhase(CommonExecutor.java:71)
	at com.kms.katalon.core.main.TestSuiteExecutor.accessTestSuiteMainPhase(TestSuiteExecutor.java:163)
	at com.kms.katalon.core.main.TestSuiteExecutor.execute(TestSuiteExecutor.java:120)
	at com.kms.katalon.core.main.TestCaseMain.startTestSuite(TestCaseMain.java:205)
	at S0.run(S0.groovy:40)
	at java.base/jdk.internal.reflect.DirectMethodHandleAccessor.invoke(DirectMethodHandleAccessor.java:103)
</property>
  <property name="failed.exception.class">org.codehaus.groovy.control.MultipleCompilationErrorsException</property>
  <property name="failed.exception.message">startup failed:
Script26842805086200.groovy: 1: Unexpected character: &apos;﻿&apos; @ line 1, column 1.
   ﻿import com.kms.katalon.core.webui.keyword.WebUiBuiltInKeywords as WebUI
   ^

1 error
</property>
</record>
<record>
  <date>2026-04-25T15:18:14.710549200Z</date>
  <millis>1777130294710</millis>
  <nanos>549200</nanos>
  <sequence>54</sequence>
  <level>END</level>
  <class>com.kms.katalon.core.logging.XmlKeywordLogger</class>
  <method>endTest</method>
  <thread>1</thread>
  <message>End Test Case : Test Cases/StaffTables/TC-012-Drug-catalog-table</message>
  <nestedLevel>0</nestedLevel>
  <escapedJava>false</escapedJava>
  <property name="executionBindingVariables">[]</property>
  <property name="applitools">false</property>
  <property name="executedKeywords">{}</property>
  <property name="keywordsUsage">{
  &quot;web_ui&quot;: false,
  &quot;web_service&quot;: false,
  &quot;cucumber&quot;: false,
  &quot;builtin&quot;: false,
  &quot;mobile&quot;: false,
  &quot;windows&quot;: false,
  &quot;testng&quot;: false
}</property>
</record>
<record>
  <date>2026-04-25T15:18:14.713944600Z</date>
  <millis>1777130294713</millis>
  <nanos>944600</nanos>
  <sequence>55</sequence>
  <level>START</level>
  <class>com.kms.katalon.core.logging.XmlKeywordLogger</class>
  <method>startTest</method>
  <thread>1</thread>
  <message>Start Test Case : Test Cases/StaffTables/TC-013-Drug-search</message>
  <nestedLevel>1</nestedLevel>
  <escapedJava>false</escapedJava>
  <property name="origin"></property>
  <property name="name">Test Cases/StaffTables/TC-013-Drug-search</property>
  <property name="description">Search drug by seeded name.</property>
  <property name="iteration"></property>
  <property name="id">Test Cases/StaffTables/TC-013-Drug-search</property>
  <property name="source">D:\UNI_DOCS\HK6\KCPM\QuanLyBenhVien_KiemThu\pulse-katalon\Test Cases\StaffTables\TC-013-Drug-search.tc</property>
  <property name="tag">baseline</property>
  <property name="isOptional">false</property>
  <property name="uuid">80ddd216-09e9-4dfc-8ca7-1e78de1b8010</property>
</record>
<record>
  <date>2026-04-25T15:18:14.717953100Z</date>
  <millis>1777130294717</millis>
  <nanos>953100</nanos>
  <sequence>57</sequence>
  <level>ERROR</level>
  <class>com.kms.katalon.core.logging.XmlKeywordLogger</class>
  <method>logMessage</method>
  <thread>1</thread>
  <message>Test Cases/StaffTables/TC-013-Drug-search has ERROR(s).
Reason:
org.codehaus.groovy.control.MultipleCompilationErrorsException: startup failed:
Script26842813510700.groovy: 1: Unexpected character: &amp;apos;﻿&amp;apos; @ line 1, column 1.
   ﻿import com.kms.katalon.core.webui.keyword.WebUiBuiltInKeywords as WebUI
   ^

1 error
</message>
  <nestedLevel>1</nestedLevel>
  <escapedJava>false</escapedJava>
  <property name="failed.exception.stacktrace">org.codehaus.groovy.control.MultipleCompilationErrorsException: startup failed:
Script26842813510700.groovy: 1: Unexpected character: &apos;﻿&apos; @ line 1, column 1.
   ﻿import com.kms.katalon.core.webui.keyword.WebUiBuiltInKeywords as WebUI
   ^

1 error

	at org.apache.groovy.parser.antlr4.AstBuilder.collectSyntaxError(AstBuilder.java:4260)
	at org.apache.groovy.parser.antlr4.AstBuilder.createParsingFailedException(AstBuilder.java:4243)
	at org.apache.groovy.parser.antlr4.AstBuilder.convertException(AstBuilder.java:242)
	at org.apache.groovy.parser.antlr4.AstBuilder.buildCST(AstBuilder.java:216)
	at org.apache.groovy.parser.antlr4.AstBuilder.buildAST(AstBuilder.java:250)
	at org.apache.groovy.parser.antlr4.Antlr4ParserPlugin.buildAST(Antlr4ParserPlugin.java:58)
	at com.kms.katalon.core.main.TestCaseMethodNodeCollector.&lt;init&gt;(TestCaseMethodNodeCollector.java:43)
	at com.kms.katalon.core.main.TestCaseExecutor.processScriptPreparationPhase(TestCaseExecutor.java:225)
	at com.kms.katalon.core.main.TestCaseExecutor.execute(TestCaseExecutor.java:306)
	at com.kms.katalon.core.common.CommonExecutor.accessTestCaseMainPhase(CommonExecutor.java:71)
	at com.kms.katalon.core.main.TestSuiteExecutor.accessTestSuiteMainPhase(TestSuiteExecutor.java:163)
	at com.kms.katalon.core.main.TestSuiteExecutor.execute(TestSuiteExecutor.java:120)
	at com.kms.katalon.core.main.TestCaseMain.startTestSuite(TestCaseMain.java:205)
	at S0.run(S0.groovy:40)
	at java.base/jdk.internal.reflect.DirectMethodHandleAccessor.invoke(DirectMethodHandleAccessor.java:103)
</property>
  <property name="failed.exception.class">org.codehaus.groovy.control.MultipleCompilationErrorsException</property>
  <property name="failed.exception.message">startup failed:
Script26842813510700.groovy: 1: Unexpected character: &apos;﻿&apos; @ line 1, column 1.
   ﻿import com.kms.katalon.core.webui.keyword.WebUiBuiltInKeywords as WebUI
   ^

1 error
</property>
</record>
<record>
  <date>2026-04-25T15:18:14.718958900Z</date>
  <millis>1777130294718</millis>
  <nanos>958900</nanos>
  <sequence>58</sequence>
  <level>END</level>
  <class>com.kms.katalon.core.logging.XmlKeywordLogger</class>
  <method>endTest</method>
  <thread>1</thread>
  <message>End Test Case : Test Cases/StaffTables/TC-013-Drug-search</message>
  <nestedLevel>0</nestedLevel>
  <escapedJava>false</escapedJava>
  <property name="executionBindingVariables">[]</property>
  <property name="applitools">false</property>
  <property name="executedKeywords">{}</property>
  <property name="keywordsUsage">{
  &quot;web_ui&quot;: false,
  &quot;web_service&quot;: false,
  &quot;cucumber&quot;: false,
  &quot;builtin&quot;: false,
  &quot;mobile&quot;: false,
  &quot;windows&quot;: false,
  &quot;testng&quot;: false
}</property>
</record>
<record>
  <date>2026-04-25T15:18:14.723119Z</date>
  <millis>1777130294723</millis>
  <nanos>119000</nanos>
  <sequence>59</sequence>
  <level>START</level>
  <class>com.kms.katalon.core.logging.XmlKeywordLogger</class>
  <method>startTest</method>
  <thread>1</thread>
  <message>Start Test Case : Test Cases/StaffTables/TC-014-Drug-filter-dosage-unit</message>
  <nestedLevel>1</nestedLevel>
  <escapedJava>false</escapedJava>
  <property name="origin"></property>
  <property name="name">Test Cases/StaffTables/TC-014-Drug-filter-dosage-unit</property>
  <property name="description">Filter drugs by dosage form and unit.</property>
  <property name="iteration"></property>
  <property name="id">Test Cases/StaffTables/TC-014-Drug-filter-dosage-unit</property>
  <property name="source">D:\UNI_DOCS\HK6\KCPM\QuanLyBenhVien_KiemThu\pulse-katalon\Test Cases\StaffTables\TC-014-Drug-filter-dosage-unit.tc</property>
  <property name="tag">baseline</property>
  <property name="isOptional">false</property>
  <property name="uuid">479898cf-a370-4f5d-9c7b-592f5813a640</property>
</record>
<record>
  <date>2026-04-25T15:18:14.727482900Z</date>
  <millis>1777130294727</millis>
  <nanos>482900</nanos>
  <sequence>61</sequence>
  <level>ERROR</level>
  <class>com.kms.katalon.core.logging.XmlKeywordLogger</class>
  <method>logMessage</method>
  <thread>1</thread>
  <message>Test Cases/StaffTables/TC-014-Drug-filter-dosage-unit has ERROR(s).
Reason:
org.codehaus.groovy.control.MultipleCompilationErrorsException: startup failed:
Script26842822105000.groovy: 1: Unexpected character: &amp;apos;﻿&amp;apos; @ line 1, column 1.
   ﻿import com.kms.katalon.core.webui.keyword.WebUiBuiltInKeywords as WebUI
   ^

1 error
</message>
  <nestedLevel>1</nestedLevel>
  <escapedJava>false</escapedJava>
  <property name="failed.exception.stacktrace">org.codehaus.groovy.control.MultipleCompilationErrorsException: startup failed:
Script26842822105000.groovy: 1: Unexpected character: &apos;﻿&apos; @ line 1, column 1.
   ﻿import com.kms.katalon.core.webui.keyword.WebUiBuiltInKeywords as WebUI
   ^

1 error

	at org.apache.groovy.parser.antlr4.AstBuilder.collectSyntaxError(AstBuilder.java:4260)
	at org.apache.groovy.parser.antlr4.AstBuilder.createParsingFailedException(AstBuilder.java:4243)
	at org.apache.groovy.parser.antlr4.AstBuilder.convertException(AstBuilder.java:242)
	at org.apache.groovy.parser.antlr4.AstBuilder.buildCST(AstBuilder.java:216)
	at org.apache.groovy.parser.antlr4.AstBuilder.buildAST(AstBuilder.java:250)
	at org.apache.groovy.parser.antlr4.Antlr4ParserPlugin.buildAST(Antlr4ParserPlugin.java:58)
	at com.kms.katalon.core.main.TestCaseMethodNodeCollector.&lt;init&gt;(TestCaseMethodNodeCollector.java:43)
	at com.kms.katalon.core.main.TestCaseExecutor.processScriptPreparationPhase(TestCaseExecutor.java:225)
	at com.kms.katalon.core.main.TestCaseExecutor.execute(TestCaseExecutor.java:306)
	at com.kms.katalon.core.common.CommonExecutor.accessTestCaseMainPhase(CommonExecutor.java:71)
	at com.kms.katalon.core.main.TestSuiteExecutor.accessTestSuiteMainPhase(TestSuiteExecutor.java:163)
	at com.kms.katalon.core.main.TestSuiteExecutor.execute(TestSuiteExecutor.java:120)
	at com.kms.katalon.core.main.TestCaseMain.startTestSuite(TestCaseMain.java:205)
	at S0.run(S0.groovy:40)
	at java.base/jdk.internal.reflect.DirectMethodHandleAccessor.invoke(DirectMethodHandleAccessor.java:103)
</property>
  <property name="failed.exception.class">org.codehaus.groovy.control.MultipleCompilationErrorsException</property>
  <property name="failed.exception.message">startup failed:
Script26842822105000.groovy: 1: Unexpected character: &apos;﻿&apos; @ line 1, column 1.
   ﻿import com.kms.katalon.core.webui.keyword.WebUiBuiltInKeywords as WebUI
   ^

1 error
</property>
</record>
<record>
  <date>2026-04-25T15:18:14.728494700Z</date>
  <millis>1777130294728</millis>
  <nanos>494700</nanos>
  <sequence>62</sequence>
  <level>END</level>
  <class>com.kms.katalon.core.logging.XmlKeywordLogger</class>
  <method>endTest</method>
  <thread>1</thread>
  <message>End Test Case : Test Cases/StaffTables/TC-014-Drug-filter-dosage-unit</message>
  <nestedLevel>0</nestedLevel>
  <escapedJava>false</escapedJava>
  <property name="executionBindingVariables">[]</property>
  <property name="applitools">false</property>
  <property name="executedKeywords">{}</property>
  <property name="keywordsUsage">{
  &quot;web_ui&quot;: false,
  &quot;web_service&quot;: false,
  &quot;cucumber&quot;: false,
  &quot;builtin&quot;: false,
  &quot;mobile&quot;: false,
  &quot;windows&quot;: false,
  &quot;testng&quot;: false
}</property>
</record>
<record>
  <date>2026-04-25T15:18:14.731494100Z</date>
  <millis>1777130294731</millis>
  <nanos>494100</nanos>
  <sequence>63</sequence>
  <level>START</level>
  <class>com.kms.katalon.core.logging.XmlKeywordLogger</class>
  <method>startTest</method>
  <thread>1</thread>
  <message>Start Test Case : Test Cases/StaffTables/TC-015-Room-search</message>
  <nestedLevel>1</nestedLevel>
  <escapedJava>false</escapedJava>
  <property name="origin"></property>
  <property name="name">Test Cases/StaffTables/TC-015-Room-search</property>
  <property name="description">Search room by seeded room number.</property>
  <property name="iteration"></property>
  <property name="id">Test Cases/StaffTables/TC-015-Room-search</property>
  <property name="source">D:\UNI_DOCS\HK6\KCPM\QuanLyBenhVien_KiemThu\pulse-katalon\Test Cases\StaffTables\TC-015-Room-search.tc</property>
  <property name="tag">baseline</property>
  <property name="isOptional">false</property>
  <property name="uuid">341ce80e-d13d-4d31-93cc-edfa4ebdefb8</property>
</record>
<record>
  <date>2026-04-25T15:18:14.736757600Z</date>
  <millis>1777130294736</millis>
  <nanos>757600</nanos>
  <sequence>65</sequence>
  <level>ERROR</level>
  <class>com.kms.katalon.core.logging.XmlKeywordLogger</class>
  <method>logMessage</method>
  <thread>1</thread>
  <message>Test Cases/StaffTables/TC-015-Room-search has ERROR(s).
Reason:
org.codehaus.groovy.control.MultipleCompilationErrorsException: startup failed:
Script26842830337800.groovy: 1: Unexpected character: &amp;apos;﻿&amp;apos; @ line 1, column 1.
   ﻿import com.kms.katalon.core.webui.keyword.WebUiBuiltInKeywords as WebUI
   ^

1 error
</message>
  <nestedLevel>1</nestedLevel>
  <escapedJava>false</escapedJava>
  <property name="failed.exception.stacktrace">org.codehaus.groovy.control.MultipleCompilationErrorsException: startup failed:
Script26842830337800.groovy: 1: Unexpected character: &apos;﻿&apos; @ line 1, column 1.
   ﻿import com.kms.katalon.core.webui.keyword.WebUiBuiltInKeywords as WebUI
   ^

1 error

	at org.apache.groovy.parser.antlr4.AstBuilder.collectSyntaxError(AstBuilder.java:4260)
	at org.apache.groovy.parser.antlr4.AstBuilder.createParsingFailedException(AstBuilder.java:4243)
	at org.apache.groovy.parser.antlr4.AstBuilder.convertException(AstBuilder.java:242)
	at org.apache.groovy.parser.antlr4.AstBuilder.buildCST(AstBuilder.java:216)
	at org.apache.groovy.parser.antlr4.AstBuilder.buildAST(AstBuilder.java:250)
	at org.apache.groovy.parser.antlr4.Antlr4ParserPlugin.buildAST(Antlr4ParserPlugin.java:58)
	at com.kms.katalon.core.main.TestCaseMethodNodeCollector.&lt;init&gt;(TestCaseMethodNodeCollector.java:43)
	at com.kms.katalon.core.main.TestCaseExecutor.processScriptPreparationPhase(TestCaseExecutor.java:225)
	at com.kms.katalon.core.main.TestCaseExecutor.execute(TestCaseExecutor.java:306)
	at com.kms.katalon.core.common.CommonExecutor.accessTestCaseMainPhase(CommonExecutor.java:71)
	at com.kms.katalon.core.main.TestSuiteExecutor.accessTestSuiteMainPhase(TestSuiteExecutor.java:163)
	at com.kms.katalon.core.main.TestSuiteExecutor.execute(TestSuiteExecutor.java:120)
	at com.kms.katalon.core.main.TestCaseMain.startTestSuite(TestCaseMain.java:205)
	at S0.run(S0.groovy:40)
	at java.base/jdk.internal.reflect.DirectMethodHandleAccessor.invoke(DirectMethodHandleAccessor.java:103)
</property>
  <property name="failed.exception.class">org.codehaus.groovy.control.MultipleCompilationErrorsException</property>
  <property name="failed.exception.message">startup failed:
Script26842830337800.groovy: 1: Unexpected character: &apos;﻿&apos; @ line 1, column 1.
   ﻿import com.kms.katalon.core.webui.keyword.WebUiBuiltInKeywords as WebUI
   ^

1 error
</property>
</record>
<record>
  <date>2026-04-25T15:18:14.737753Z</date>
  <millis>1777130294737</millis>
  <nanos>753000</nanos>
  <sequence>66</sequence>
  <level>END</level>
  <class>com.kms.katalon.core.logging.XmlKeywordLogger</class>
  <method>endTest</method>
  <thread>1</thread>
  <message>End Test Case : Test Cases/StaffTables/TC-015-Room-search</message>
  <nestedLevel>0</nestedLevel>
  <escapedJava>false</escapedJava>
  <property name="executionBindingVariables">[]</property>
  <property name="applitools">false</property>
  <property name="executedKeywords">{}</property>
  <property name="keywordsUsage">{
  &quot;web_ui&quot;: false,
  &quot;web_service&quot;: false,
  &quot;cucumber&quot;: false,
  &quot;builtin&quot;: false,
  &quot;mobile&quot;: false,
  &quot;windows&quot;: false,
  &quot;testng&quot;: false
}</property>
</record>
<record>
  <date>2026-04-25T15:18:14.742326900Z</date>
  <millis>1777130294742</millis>
  <nanos>326900</nanos>
  <sequence>67</sequence>
  <level>START</level>
  <class>com.kms.katalon.core.logging.XmlKeywordLogger</class>
  <method>startTest</method>
  <thread>1</thread>
  <message>Start Test Case : Test Cases/StaffTables/TC-016-Room-filter-status</message>
  <nestedLevel>1</nestedLevel>
  <escapedJava>false</escapedJava>
  <property name="origin"></property>
  <property name="name">Test Cases/StaffTables/TC-016-Room-filter-status</property>
  <property name="description">Filter rooms by available status.</property>
  <property name="iteration"></property>
  <property name="id">Test Cases/StaffTables/TC-016-Room-filter-status</property>
  <property name="source">D:\UNI_DOCS\HK6\KCPM\QuanLyBenhVien_KiemThu\pulse-katalon\Test Cases\StaffTables\TC-016-Room-filter-status.tc</property>
  <property name="tag">baseline</property>
  <property name="isOptional">false</property>
  <property name="uuid">75bf5b7e-ccc8-4663-9d27-c8d17a8086fb</property>
</record>
<record>
  <date>2026-04-25T15:18:14.746327100Z</date>
  <millis>1777130294746</millis>
  <nanos>327100</nanos>
  <sequence>69</sequence>
  <level>ERROR</level>
  <class>com.kms.katalon.core.logging.XmlKeywordLogger</class>
  <method>logMessage</method>
  <thread>1</thread>
  <message>Test Cases/StaffTables/TC-016-Room-filter-status has ERROR(s).
Reason:
org.codehaus.groovy.control.MultipleCompilationErrorsException: startup failed:
Script26842842229500.groovy: 1: Unexpected character: &amp;apos;﻿&amp;apos; @ line 1, column 1.
   ﻿import com.kms.katalon.core.webui.keyword.WebUiBuiltInKeywords as WebUI
   ^

1 error
</message>
  <nestedLevel>1</nestedLevel>
  <escapedJava>false</escapedJava>
  <property name="failed.exception.stacktrace">org.codehaus.groovy.control.MultipleCompilationErrorsException: startup failed:
Script26842842229500.groovy: 1: Unexpected character: &apos;﻿&apos; @ line 1, column 1.
   ﻿import com.kms.katalon.core.webui.keyword.WebUiBuiltInKeywords as WebUI
   ^

1 error

	at org.apache.groovy.parser.antlr4.AstBuilder.collectSyntaxError(AstBuilder.java:4260)
	at org.apache.groovy.parser.antlr4.AstBuilder.createParsingFailedException(AstBuilder.java:4243)
	at org.apache.groovy.parser.antlr4.AstBuilder.convertException(AstBuilder.java:242)
	at org.apache.groovy.parser.antlr4.AstBuilder.buildCST(AstBuilder.java:216)
	at org.apache.groovy.parser.antlr4.AstBuilder.buildAST(AstBuilder.java:250)
	at org.apache.groovy.parser.antlr4.Antlr4ParserPlugin.buildAST(Antlr4ParserPlugin.java:58)
	at com.kms.katalon.core.main.TestCaseMethodNodeCollector.&lt;init&gt;(TestCaseMethodNodeCollector.java:43)
	at com.kms.katalon.core.main.TestCaseExecutor.processScriptPreparationPhase(TestCaseExecutor.java:225)
	at com.kms.katalon.core.main.TestCaseExecutor.execute(TestCaseExecutor.java:306)
	at com.kms.katalon.core.common.CommonExecutor.accessTestCaseMainPhase(CommonExecutor.java:71)
	at com.kms.katalon.core.main.TestSuiteExecutor.accessTestSuiteMainPhase(TestSuiteExecutor.java:163)
	at com.kms.katalon.core.main.TestSuiteExecutor.execute(TestSuiteExecutor.java:120)
	at com.kms.katalon.core.main.TestCaseMain.startTestSuite(TestCaseMain.java:205)
	at S0.run(S0.groovy:40)
	at java.base/jdk.internal.reflect.DirectMethodHandleAccessor.invoke(DirectMethodHandleAccessor.java:103)
</property>
  <property name="failed.exception.class">org.codehaus.groovy.control.MultipleCompilationErrorsException</property>
  <property name="failed.exception.message">startup failed:
Script26842842229500.groovy: 1: Unexpected character: &apos;﻿&apos; @ line 1, column 1.
   ﻿import com.kms.katalon.core.webui.keyword.WebUiBuiltInKeywords as WebUI
   ^

1 error
</property>
</record>
<record>
  <date>2026-04-25T15:18:14.748456Z</date>
  <millis>1777130294748</millis>
  <nanos>456000</nanos>
  <sequence>70</sequence>
  <level>END</level>
  <class>com.kms.katalon.core.logging.XmlKeywordLogger</class>
  <method>endTest</method>
  <thread>1</thread>
  <message>End Test Case : Test Cases/StaffTables/TC-016-Room-filter-status</message>
  <nestedLevel>0</nestedLevel>
  <escapedJava>false</escapedJava>
  <property name="executionBindingVariables">[]</property>
  <property name="applitools">false</property>
  <property name="executedKeywords">{}</property>
  <property name="keywordsUsage">{
  &quot;web_ui&quot;: false,
  &quot;web_service&quot;: false,
  &quot;cucumber&quot;: false,
  &quot;builtin&quot;: false,
  &quot;mobile&quot;: false,
  &quot;windows&quot;: false,
  &quot;testng&quot;: false
}</property>
</record>
<record>
  <date>2026-04-25T15:18:14.752466500Z</date>
  <millis>1777130294752</millis>
  <nanos>466500</nanos>
  <sequence>71</sequence>
  <level>START</level>
  <class>com.kms.katalon.core.logging.XmlKeywordLogger</class>
  <method>startTest</method>
  <thread>1</thread>
  <message>Start Test Case : Test Cases/StaffTables/TC-017-Waitlist-priority-order</message>
  <nestedLevel>1</nestedLevel>
  <escapedJava>false</escapedJava>
  <property name="origin"></property>
  <property name="name">Test Cases/StaffTables/TC-017-Waitlist-priority-order</property>
  <property name="description">Open waitlist and validate priority order when data exists.</property>
  <property name="iteration"></property>
  <property name="id">Test Cases/StaffTables/TC-017-Waitlist-priority-order</property>
  <property name="source">D:\UNI_DOCS\HK6\KCPM\QuanLyBenhVien_KiemThu\pulse-katalon\Test Cases\StaffTables\TC-017-Waitlist-priority-order.tc</property>
  <property name="tag">baseline</property>
  <property name="isOptional">false</property>
  <property name="uuid">41142251-072d-4709-bdbb-949f390f1611</property>
</record>
<record>
  <date>2026-04-25T15:18:14.759470200Z</date>
  <millis>1777130294759</millis>
  <nanos>470200</nanos>
  <sequence>73</sequence>
  <level>ERROR</level>
  <class>com.kms.katalon.core.logging.XmlKeywordLogger</class>
  <method>logMessage</method>
  <thread>1</thread>
  <message>Test Cases/StaffTables/TC-017-Waitlist-priority-order has ERROR(s).
Reason:
org.codehaus.groovy.control.MultipleCompilationErrorsException: startup failed:
Script26842852740000.groovy: 1: Unexpected character: &amp;apos;﻿&amp;apos; @ line 1, column 1.
   ﻿import com.kms.katalon.core.webui.keyword.WebUiBuiltInKeywords as WebUI
   ^

1 error
</message>
  <nestedLevel>1</nestedLevel>
  <escapedJava>false</escapedJava>
  <property name="failed.exception.stacktrace">org.codehaus.groovy.control.MultipleCompilationErrorsException: startup failed:
Script26842852740000.groovy: 1: Unexpected character: &apos;﻿&apos; @ line 1, column 1.
   ﻿import com.kms.katalon.core.webui.keyword.WebUiBuiltInKeywords as WebUI
   ^

1 error

	at org.apache.groovy.parser.antlr4.AstBuilder.collectSyntaxError(AstBuilder.java:4260)
	at org.apache.groovy.parser.antlr4.AstBuilder.createParsingFailedException(AstBuilder.java:4243)
	at org.apache.groovy.parser.antlr4.AstBuilder.convertException(AstBuilder.java:242)
	at org.apache.groovy.parser.antlr4.AstBuilder.buildCST(AstBuilder.java:216)
	at org.apache.groovy.parser.antlr4.AstBuilder.buildAST(AstBuilder.java:250)
	at org.apache.groovy.parser.antlr4.Antlr4ParserPlugin.buildAST(Antlr4ParserPlugin.java:58)
	at com.kms.katalon.core.main.TestCaseMethodNodeCollector.&lt;init&gt;(TestCaseMethodNodeCollector.java:43)
	at com.kms.katalon.core.main.TestCaseExecutor.processScriptPreparationPhase(TestCaseExecutor.java:225)
	at com.kms.katalon.core.main.TestCaseExecutor.execute(TestCaseExecutor.java:306)
	at com.kms.katalon.core.common.CommonExecutor.accessTestCaseMainPhase(CommonExecutor.java:71)
	at com.kms.katalon.core.main.TestSuiteExecutor.accessTestSuiteMainPhase(TestSuiteExecutor.java:163)
	at com.kms.katalon.core.main.TestSuiteExecutor.execute(TestSuiteExecutor.java:120)
	at com.kms.katalon.core.main.TestCaseMain.startTestSuite(TestCaseMain.java:205)
	at S0.run(S0.groovy:40)
	at java.base/jdk.internal.reflect.DirectMethodHandleAccessor.invoke(DirectMethodHandleAccessor.java:103)
</property>
  <property name="failed.exception.class">org.codehaus.groovy.control.MultipleCompilationErrorsException</property>
  <property name="failed.exception.message">startup failed:
Script26842852740000.groovy: 1: Unexpected character: &apos;﻿&apos; @ line 1, column 1.
   ﻿import com.kms.katalon.core.webui.keyword.WebUiBuiltInKeywords as WebUI
   ^

1 error
</property>
</record>
<record>
  <date>2026-04-25T15:18:14.761466400Z</date>
  <millis>1777130294761</millis>
  <nanos>466400</nanos>
  <sequence>74</sequence>
  <level>END</level>
  <class>com.kms.katalon.core.logging.XmlKeywordLogger</class>
  <method>endTest</method>
  <thread>1</thread>
  <message>End Test Case : Test Cases/StaffTables/TC-017-Waitlist-priority-order</message>
  <nestedLevel>0</nestedLevel>
  <escapedJava>false</escapedJava>
  <property name="executionBindingVariables">[]</property>
  <property name="applitools">false</property>
  <property name="executedKeywords">{}</property>
  <property name="keywordsUsage">{
  &quot;web_ui&quot;: false,
  &quot;web_service&quot;: false,
  &quot;cucumber&quot;: false,
  &quot;builtin&quot;: false,
  &quot;mobile&quot;: false,
  &quot;windows&quot;: false,
  &quot;testng&quot;: false
}</property>
</record>
<record>
  <date>2026-04-25T15:18:14.766625800Z</date>
  <millis>1777130294766</millis>
  <nanos>625800</nanos>
  <sequence>75</sequence>
  <level>START</level>
  <class>com.kms.katalon.core.logging.XmlKeywordLogger</class>
  <method>startTest</method>
  <thread>1</thread>
  <message>Start Test Case : Test Cases/StaffTables/TC-018-Waitlist-filter-priority</message>
  <nestedLevel>1</nestedLevel>
  <escapedJava>false</escapedJava>
  <property name="origin"></property>
  <property name="name">Test Cases/StaffTables/TC-018-Waitlist-filter-priority</property>
  <property name="description">Filter waitlist by priority.</property>
  <property name="iteration"></property>
  <property name="id">Test Cases/StaffTables/TC-018-Waitlist-filter-priority</property>
  <property name="source">D:\UNI_DOCS\HK6\KCPM\QuanLyBenhVien_KiemThu\pulse-katalon\Test Cases\StaffTables\TC-018-Waitlist-filter-priority.tc</property>
  <property name="tag">baseline</property>
  <property name="isOptional">false</property>
  <property name="uuid">f70f9542-2f62-49a0-92a1-97673cf4f3e1</property>
</record>
<record>
  <date>2026-04-25T15:18:14.773076200Z</date>
  <millis>1777130294773</millis>
  <nanos>76200</nanos>
  <sequence>77</sequence>
  <level>ERROR</level>
  <class>com.kms.katalon.core.logging.XmlKeywordLogger</class>
  <method>logMessage</method>
  <thread>1</thread>
  <message>Test Cases/StaffTables/TC-018-Waitlist-filter-priority has ERROR(s).
Reason:
org.codehaus.groovy.control.MultipleCompilationErrorsException: startup failed:
Script26842867345900.groovy: 1: Unexpected character: &amp;apos;﻿&amp;apos; @ line 1, column 1.
   ﻿import com.kms.katalon.core.webui.keyword.WebUiBuiltInKeywords as WebUI
   ^

1 error
</message>
  <nestedLevel>1</nestedLevel>
  <escapedJava>false</escapedJava>
  <property name="failed.exception.stacktrace">org.codehaus.groovy.control.MultipleCompilationErrorsException: startup failed:
Script26842867345900.groovy: 1: Unexpected character: &apos;﻿&apos; @ line 1, column 1.
   ﻿import com.kms.katalon.core.webui.keyword.WebUiBuiltInKeywords as WebUI
   ^

1 error

	at org.apache.groovy.parser.antlr4.AstBuilder.collectSyntaxError(AstBuilder.java:4260)
	at org.apache.groovy.parser.antlr4.AstBuilder.createParsingFailedException(AstBuilder.java:4243)
	at org.apache.groovy.parser.antlr4.AstBuilder.convertException(AstBuilder.java:242)
	at org.apache.groovy.parser.antlr4.AstBuilder.buildCST(AstBuilder.java:216)
	at org.apache.groovy.parser.antlr4.AstBuilder.buildAST(AstBuilder.java:250)
	at org.apache.groovy.parser.antlr4.Antlr4ParserPlugin.buildAST(Antlr4ParserPlugin.java:58)
	at com.kms.katalon.core.main.TestCaseMethodNodeCollector.&lt;init&gt;(TestCaseMethodNodeCollector.java:43)
	at com.kms.katalon.core.main.TestCaseExecutor.processScriptPreparationPhase(TestCaseExecutor.java:225)
	at com.kms.katalon.core.main.TestCaseExecutor.execute(TestCaseExecutor.java:306)
	at com.kms.katalon.core.common.CommonExecutor.accessTestCaseMainPhase(CommonExecutor.java:71)
	at com.kms.katalon.core.main.TestSuiteExecutor.accessTestSuiteMainPhase(TestSuiteExecutor.java:163)
	at com.kms.katalon.core.main.TestSuiteExecutor.execute(TestSuiteExecutor.java:120)
	at com.kms.katalon.core.main.TestCaseMain.startTestSuite(TestCaseMain.java:205)
	at S0.run(S0.groovy:40)
	at java.base/jdk.internal.reflect.DirectMethodHandleAccessor.invoke(DirectMethodHandleAccessor.java:103)
</property>
  <property name="failed.exception.class">org.codehaus.groovy.control.MultipleCompilationErrorsException</property>
  <property name="failed.exception.message">startup failed:
Script26842867345900.groovy: 1: Unexpected character: &apos;﻿&apos; @ line 1, column 1.
   ﻿import com.kms.katalon.core.webui.keyword.WebUiBuiltInKeywords as WebUI
   ^

1 error
</property>
</record>
<record>
  <date>2026-04-25T15:18:14.774428200Z</date>
  <millis>1777130294774</millis>
  <nanos>428200</nanos>
  <sequence>78</sequence>
  <level>END</level>
  <class>com.kms.katalon.core.logging.XmlKeywordLogger</class>
  <method>endTest</method>
  <thread>1</thread>
  <message>End Test Case : Test Cases/StaffTables/TC-018-Waitlist-filter-priority</message>
  <nestedLevel>0</nestedLevel>
  <escapedJava>false</escapedJava>
  <property name="executionBindingVariables">[]</property>
  <property name="applitools">false</property>
  <property name="executedKeywords">{}</property>
  <property name="keywordsUsage">{
  &quot;web_ui&quot;: false,
  &quot;web_service&quot;: false,
  &quot;cucumber&quot;: false,
  &quot;builtin&quot;: false,
  &quot;mobile&quot;: false,
  &quot;windows&quot;: false,
  &quot;testng&quot;: false
}</property>
</record>
<record>
  <date>2026-04-25T15:18:14.778756100Z</date>
  <millis>1777130294778</millis>
  <nanos>756100</nanos>
  <sequence>79</sequence>
  <level>START</level>
  <class>com.kms.katalon.core.logging.XmlKeywordLogger</class>
  <method>startTest</method>
  <thread>1</thread>
  <message>Start Test Case : Test Cases/StaffTables/TC-019-Appointment-status-tabs</message>
  <nestedLevel>1</nestedLevel>
  <escapedJava>false</escapedJava>
  <property name="origin"></property>
  <property name="name">Test Cases/StaffTables/TC-019-Appointment-status-tabs</property>
  <property name="description">Open appointment page and switch status tabs.</property>
  <property name="iteration"></property>
  <property name="id">Test Cases/StaffTables/TC-019-Appointment-status-tabs</property>
  <property name="source">D:\UNI_DOCS\HK6\KCPM\QuanLyBenhVien_KiemThu\pulse-katalon\Test Cases\StaffTables\TC-019-Appointment-status-tabs.tc</property>
  <property name="tag">baseline</property>
  <property name="isOptional">false</property>
  <property name="uuid">3348fc46-c097-4878-82d0-6d3e570a6d17</property>
</record>
<record>
  <date>2026-04-25T15:18:14.784304600Z</date>
  <millis>1777130294784</millis>
  <nanos>304600</nanos>
  <sequence>81</sequence>
  <level>ERROR</level>
  <class>com.kms.katalon.core.logging.XmlKeywordLogger</class>
  <method>logMessage</method>
  <thread>1</thread>
  <message>Test Cases/StaffTables/TC-019-Appointment-status-tabs has ERROR(s).
Reason:
org.codehaus.groovy.control.MultipleCompilationErrorsException: startup failed:
Script26842878467400.groovy: 1: Unexpected character: &amp;apos;﻿&amp;apos; @ line 1, column 1.
   ﻿import com.kms.katalon.core.webui.keyword.WebUiBuiltInKeywords as WebUI
   ^

1 error
</message>
  <nestedLevel>1</nestedLevel>
  <escapedJava>false</escapedJava>
  <property name="failed.exception.stacktrace">org.codehaus.groovy.control.MultipleCompilationErrorsException: startup failed:
Script26842878467400.groovy: 1: Unexpected character: &apos;﻿&apos; @ line 1, column 1.
   ﻿import com.kms.katalon.core.webui.keyword.WebUiBuiltInKeywords as WebUI
   ^

1 error

	at org.apache.groovy.parser.antlr4.AstBuilder.collectSyntaxError(AstBuilder.java:4260)
	at org.apache.groovy.parser.antlr4.AstBuilder.createParsingFailedException(AstBuilder.java:4243)
	at org.apache.groovy.parser.antlr4.AstBuilder.convertException(AstBuilder.java:242)
	at org.apache.groovy.parser.antlr4.AstBuilder.buildCST(AstBuilder.java:216)
	at org.apache.groovy.parser.antlr4.AstBuilder.buildAST(AstBuilder.java:250)
	at org.apache.groovy.parser.antlr4.Antlr4ParserPlugin.buildAST(Antlr4ParserPlugin.java:58)
	at com.kms.katalon.core.main.TestCaseMethodNodeCollector.&lt;init&gt;(TestCaseMethodNodeCollector.java:43)
	at com.kms.katalon.core.main.TestCaseExecutor.processScriptPreparationPhase(TestCaseExecutor.java:225)
	at com.kms.katalon.core.main.TestCaseExecutor.execute(TestCaseExecutor.java:306)
	at com.kms.katalon.core.common.CommonExecutor.accessTestCaseMainPhase(CommonExecutor.java:71)
	at com.kms.katalon.core.main.TestSuiteExecutor.accessTestSuiteMainPhase(TestSuiteExecutor.java:163)
	at com.kms.katalon.core.main.TestSuiteExecutor.execute(TestSuiteExecutor.java:120)
	at com.kms.katalon.core.main.TestCaseMain.startTestSuite(TestCaseMain.java:205)
	at S0.run(S0.groovy:40)
	at java.base/jdk.internal.reflect.DirectMethodHandleAccessor.invoke(DirectMethodHandleAccessor.java:103)
</property>
  <property name="failed.exception.class">org.codehaus.groovy.control.MultipleCompilationErrorsException</property>
  <property name="failed.exception.message">startup failed:
Script26842878467400.groovy: 1: Unexpected character: &apos;﻿&apos; @ line 1, column 1.
   ﻿import com.kms.katalon.core.webui.keyword.WebUiBuiltInKeywords as WebUI
   ^

1 error
</property>
</record>
<record>
  <date>2026-04-25T15:18:14.785302300Z</date>
  <millis>1777130294785</millis>
  <nanos>302300</nanos>
  <sequence>82</sequence>
  <level>END</level>
  <class>com.kms.katalon.core.logging.XmlKeywordLogger</class>
  <method>endTest</method>
  <thread>1</thread>
  <message>End Test Case : Test Cases/StaffTables/TC-019-Appointment-status-tabs</message>
  <nestedLevel>0</nestedLevel>
  <escapedJava>false</escapedJava>
  <property name="executionBindingVariables">[]</property>
  <property name="applitools">false</property>
  <property name="executedKeywords">{}</property>
  <property name="keywordsUsage">{
  &quot;web_ui&quot;: false,
  &quot;web_service&quot;: false,
  &quot;cucumber&quot;: false,
  &quot;builtin&quot;: false,
  &quot;mobile&quot;: false,
  &quot;windows&quot;: false,
  &quot;testng&quot;: false
}</property>
</record>
<record>
  <date>2026-04-25T15:18:14.789682900Z</date>
  <millis>1777130294789</millis>
  <nanos>682900</nanos>
  <sequence>83</sequence>
  <level>START</level>
  <class>com.kms.katalon.core.logging.XmlKeywordLogger</class>
  <method>startTest</method>
  <thread>1</thread>
  <message>Start Test Case : Test Cases/StaffTables/TC-020-Invoice-patient-search</message>
  <nestedLevel>1</nestedLevel>
  <escapedJava>false</escapedJava>
  <property name="origin"></property>
  <property name="name">Test Cases/StaffTables/TC-020-Invoice-patient-search</property>
  <property name="description">Search patient on invoice page.</property>
  <property name="iteration"></property>
  <property name="id">Test Cases/StaffTables/TC-020-Invoice-patient-search</property>
  <property name="source">D:\UNI_DOCS\HK6\KCPM\QuanLyBenhVien_KiemThu\pulse-katalon\Test Cases\StaffTables\TC-020-Invoice-patient-search.tc</property>
  <property name="tag">baseline</property>
  <property name="isOptional">false</property>
  <property name="uuid">573529a7-b5b9-4974-9930-fa16f868bd2f</property>
</record>
<record>
  <date>2026-04-25T15:18:14.794684800Z</date>
  <millis>1777130294794</millis>
  <nanos>684800</nanos>
  <sequence>85</sequence>
  <level>ERROR</level>
  <class>com.kms.katalon.core.logging.XmlKeywordLogger</class>
  <method>logMessage</method>
  <thread>1</thread>
  <message>Test Cases/StaffTables/TC-020-Invoice-patient-search has ERROR(s).
Reason:
org.codehaus.groovy.control.MultipleCompilationErrorsException: startup failed:
Script26842889879000.groovy: 1: Unexpected character: &amp;apos;﻿&amp;apos; @ line 1, column 1.
   ﻿import com.kms.katalon.core.webui.keyword.WebUiBuiltInKeywords as WebUI
   ^

1 error
</message>
  <nestedLevel>1</nestedLevel>
  <escapedJava>false</escapedJava>
  <property name="failed.exception.stacktrace">org.codehaus.groovy.control.MultipleCompilationErrorsException: startup failed:
Script26842889879000.groovy: 1: Unexpected character: &apos;﻿&apos; @ line 1, column 1.
   ﻿import com.kms.katalon.core.webui.keyword.WebUiBuiltInKeywords as WebUI
   ^

1 error

	at org.apache.groovy.parser.antlr4.AstBuilder.collectSyntaxError(AstBuilder.java:4260)
	at org.apache.groovy.parser.antlr4.AstBuilder.createParsingFailedException(AstBuilder.java:4243)
	at org.apache.groovy.parser.antlr4.AstBuilder.convertException(AstBuilder.java:242)
	at org.apache.groovy.parser.antlr4.AstBuilder.buildCST(AstBuilder.java:216)
	at org.apache.groovy.parser.antlr4.AstBuilder.buildAST(AstBuilder.java:250)
	at org.apache.groovy.parser.antlr4.Antlr4ParserPlugin.buildAST(Antlr4ParserPlugin.java:58)
	at com.kms.katalon.core.main.TestCaseMethodNodeCollector.&lt;init&gt;(TestCaseMethodNodeCollector.java:43)
	at com.kms.katalon.core.main.TestCaseExecutor.processScriptPreparationPhase(TestCaseExecutor.java:225)
	at com.kms.katalon.core.main.TestCaseExecutor.execute(TestCaseExecutor.java:306)
	at com.kms.katalon.core.common.CommonExecutor.accessTestCaseMainPhase(CommonExecutor.java:71)
	at com.kms.katalon.core.main.TestSuiteExecutor.accessTestSuiteMainPhase(TestSuiteExecutor.java:163)
	at com.kms.katalon.core.main.TestSuiteExecutor.execute(TestSuiteExecutor.java:120)
	at com.kms.katalon.core.main.TestCaseMain.startTestSuite(TestCaseMain.java:205)
	at S0.run(S0.groovy:40)
	at java.base/jdk.internal.reflect.DirectMethodHandleAccessor.invoke(DirectMethodHandleAccessor.java:103)
</property>
  <property name="failed.exception.class">org.codehaus.groovy.control.MultipleCompilationErrorsException</property>
  <property name="failed.exception.message">startup failed:
Script26842889879000.groovy: 1: Unexpected character: &apos;﻿&apos; @ line 1, column 1.
   ﻿import com.kms.katalon.core.webui.keyword.WebUiBuiltInKeywords as WebUI
   ^

1 error
</property>
</record>
<record>
  <date>2026-04-25T15:18:14.796684500Z</date>
  <millis>1777130294796</millis>
  <nanos>684500</nanos>
  <sequence>86</sequence>
  <level>END</level>
  <class>com.kms.katalon.core.logging.XmlKeywordLogger</class>
  <method>endTest</method>
  <thread>1</thread>
  <message>End Test Case : Test Cases/StaffTables/TC-020-Invoice-patient-search</message>
  <nestedLevel>0</nestedLevel>
  <escapedJava>false</escapedJava>
  <property name="executionBindingVariables">[]</property>
  <property name="applitools">false</property>
  <property name="executedKeywords">{}</property>
  <property name="keywordsUsage">{
  &quot;web_ui&quot;: false,
  &quot;web_service&quot;: false,
  &quot;cucumber&quot;: false,
  &quot;builtin&quot;: false,
  &quot;mobile&quot;: false,
  &quot;windows&quot;: false,
  &quot;testng&quot;: false
}</property>
</record>
<record>
  <date>2026-04-25T15:18:14.831850300Z</date>
  <millis>1777130294831</millis>
  <nanos>850300</nanos>
  <sequence>87</sequence>
  <level>END</level>
  <class>com.kms.katalon.core.logging.XmlKeywordLogger</class>
  <method>endSuite</method>
  <thread>1</thread>
  <message>End Test Suite : Test Suites/Baseline</message>
  <nestedLevel>0</nestedLevel>
  <escapedJava>false</escapedJava>
</record>
</log>
