2026-04-26 00:16:10.273 INFO  c.k.k.c.l.logback.LogbackConfigurator    - Logback default configuration initialized from: C:\Users\ACER\.katalon\packages\KS-11.0.1\configuration\org.eclipse.osgi\148\0\.cp\resources\logback\logback-execution.xml
2026-04-26 00:16:10.278 INFO  c.k.k.c.l.logback.LogbackConfigurator    - Logback custom configuration initialized
2026-04-26 00:16:11.277 INFO  c.k.katalon.core.main.TestSuiteExecutor  - START Test Suites/Baseline
2026-04-26 00:16:11.387 INFO  c.k.katalon.core.main.TestSuiteExecutor  - userFullName = Anh Quốc Huỳnh
2026-04-26 00:16:11.389 INFO  c.k.katalon.core.main.TestSuiteExecutor  - projectName = PulseClinicKatalon
2026-04-26 00:16:11.390 INFO  c.k.katalon.core.main.TestSuiteExecutor  - hostName = ACER - Aspire-A715
2026-04-26 00:16:11.390 INFO  c.k.katalon.core.main.TestSuiteExecutor  - os = Windows 11 64bit
2026-04-26 00:16:11.391 INFO  c.k.katalon.core.main.TestSuiteExecutor  - hostAddress = 192.168.1.9
2026-04-26 00:16:11.392 INFO  c.k.katalon.core.main.TestSuiteExecutor  - katalonVersion = 11.0.1.0
2026-04-26 00:16:11.542 INFO  c.k.katalon.core.main.TestCaseExecutor   - --------------------
2026-04-26 00:16:11.542 INFO  c.k.katalon.core.main.TestCaseExecutor   - START Test Cases/Authentication/TC-001-Open-HMS-role-selection
2026-04-26 00:16:11.886 DEBUG t.TC-001-Open-HMS-role-selection         - 1: try
2026-04-26 00:16:11.889 DEBUG t.TC-001-Open-HMS-role-selection         - 1: pulseclinic.WebUiKeywords.openAt(hmsBaseUrl)
2026-04-26 00:16:12.596 INFO  c.k.k.core.webui.driver.DriverFactory    - Starting 'Edge Chromium' driver
2026-04-26 00:16:12.699 INFO  c.k.k.core.webui.driver.DriverFactory    - Action delay is set to 0 milliseconds
Apr 26, 2026 12:16:14 AM org.openqa.selenium.devtools.CdpVersionFinder findNearestMatch
WARNING: Unable to find an exact match for CDP version 147, returning the closest version; found: 143; Please update to a Selenium version that supports CDP version 147
2026-04-26 00:16:15.184 INFO  c.k.k.core.webui.driver.DriverFactory    - sessionId = 4ba78c791863df6d2d711962542c9f03
2026-04-26 00:16:15.185 INFO  c.k.k.core.webui.driver.DriverFactory    - browser = Edge Chromium 147.0.3912.72
2026-04-26 00:16:15.186 INFO  c.k.k.core.webui.driver.DriverFactory    - platform = Windows 11
2026-04-26 00:16:15.186 INFO  c.k.k.core.webui.driver.DriverFactory    - seleniumVersion = 4.39.0
2026-04-26 00:16:15.192 INFO  c.k.k.core.webui.driver.DriverFactory    - proxyInformation = ProxyInformation { proxyOption=NO_PROXY, proxyServerType=HTTP, username=, password=********, proxyServerAddress=, proxyServerPort=0, executionList="", isApplyToDesiredCapabilities=true }
2026-04-26 00:16:16.851 INFO  k.k.c.m.CustomKeywordDelegatingMetaClass - pulseclinic.WebUiKeywords.openAt is PASSED
2026-04-26 00:16:16.854 DEBUG t.TC-001-Open-HMS-role-selection         - 2: pulseclinic.WebUiKeywords.verifyTextPresent("Hospital Management System")
2026-04-26 00:16:17.165 INFO  k.k.c.m.CustomKeywordDelegatingMetaClass - pulseclinic.WebUiKeywords.verifyTextPresent is PASSED
2026-04-26 00:16:17.168 DEBUG t.TC-001-Open-HMS-role-selection         - 3: pulseclinic.WebUiKeywords.verifyTextPresent("Staff")
2026-04-26 00:16:17.420 INFO  k.k.c.m.CustomKeywordDelegatingMetaClass - pulseclinic.WebUiKeywords.verifyTextPresent is PASSED
2026-04-26 00:16:17.422 DEBUG t.TC-001-Open-HMS-role-selection         - 4: pulseclinic.WebUiKeywords.verifyTextPresent("Doctor")
2026-04-26 00:16:17.699 INFO  k.k.c.m.CustomKeywordDelegatingMetaClass - pulseclinic.WebUiKeywords.verifyTextPresent is PASSED
2026-04-26 00:16:17.701 DEBUG t.TC-001-Open-HMS-role-selection         - 2: Finally
2026-04-26 00:16:17.703 DEBUG t.TC-001-Open-HMS-role-selection         - 1: pulseclinic.WebUiKeywords.closeBrowser()
2026-04-26 00:16:18.034 INFO  k.k.c.m.CustomKeywordDelegatingMetaClass - pulseclinic.WebUiKeywords.closeBrowser is PASSED
2026-04-26 00:16:18.036 INFO  c.k.katalon.core.main.TestCaseExecutor   - END Test Cases/Authentication/TC-001-Open-HMS-role-selection
2026-04-26 00:16:18.043 INFO  c.k.katalon.core.main.TestCaseExecutor   - --------------------
2026-04-26 00:16:18.043 INFO  c.k.katalon.core.main.TestCaseExecutor   - START Test Cases/Authentication/TC-002-Open-staff-login
2026-04-26 00:16:18.106 DEBUG t.TC-001-Open-HMS-role-selection         - 1: try
2026-04-26 00:16:18.109 DEBUG t.TC-001-Open-HMS-role-selection         - 1: pulseclinic.WebUiKeywords.openAt(hmsBaseUrl)
2026-04-26 00:16:18.112 INFO  c.k.k.core.webui.driver.DriverFactory    - Starting 'Edge Chromium' driver
2026-04-26 00:16:18.121 INFO  c.k.k.core.webui.driver.DriverFactory    - Action delay is set to 0 milliseconds
Apr 26, 2026 12:16:19 AM org.openqa.selenium.devtools.CdpVersionFinder findNearestMatch
WARNING: Unable to find an exact match for CDP version 147, returning the closest version; found: 143; Please update to a Selenium version that supports CDP version 147
2026-04-26 00:16:19.121 INFO  c.k.k.core.webui.driver.DriverFactory    - sessionId = 39dc6045797d2df9b9f92b1ccbb903cd
2026-04-26 00:16:19.122 INFO  c.k.k.core.webui.driver.DriverFactory    - browser = Edge Chromium 147.0.3912.72
2026-04-26 00:16:19.122 INFO  c.k.k.core.webui.driver.DriverFactory    - platform = Windows 11
2026-04-26 00:16:19.124 INFO  c.k.k.core.webui.driver.DriverFactory    - seleniumVersion = 4.39.0
2026-04-26 00:16:19.125 INFO  c.k.k.core.webui.driver.DriverFactory    - proxyInformation = ProxyInformation { proxyOption=NO_PROXY, proxyServerType=HTTP, username=, password=********, proxyServerAddress=, proxyServerPort=0, executionList="", isApplyToDesiredCapabilities=true }
2026-04-26 00:16:19.764 INFO  k.k.c.m.CustomKeywordDelegatingMetaClass - pulseclinic.WebUiKeywords.openAt is PASSED
2026-04-26 00:16:19.768 DEBUG t.TC-001-Open-HMS-role-selection         - 2: pulseclinic.WebUiKeywords.clickByTestId("role-card-staff")
2026-04-26 00:16:21.336 INFO  k.k.c.m.CustomKeywordDelegatingMetaClass - pulseclinic.WebUiKeywords.clickByTestId is PASSED
2026-04-26 00:16:21.337 DEBUG t.TC-001-Open-HMS-role-selection         - 3: pulseclinic.WebUiKeywords.verifyUrlContains("/login")
2026-04-26 00:16:21.415 INFO  k.k.c.m.CustomKeywordDelegatingMetaClass - pulseclinic.WebUiKeywords.verifyUrlContains is PASSED
2026-04-26 00:16:21.417 DEBUG t.TC-001-Open-HMS-role-selection         - 4: pulseclinic.WebUiKeywords.verifyTextPresent("Staff Login")
2026-04-26 00:16:21.907 INFO  k.k.c.m.CustomKeywordDelegatingMetaClass - pulseclinic.WebUiKeywords.verifyTextPresent is PASSED
2026-04-26 00:16:21.908 DEBUG t.TC-001-Open-HMS-role-selection         - 2: Finally
2026-04-26 00:16:21.910 DEBUG t.TC-001-Open-HMS-role-selection         - 1: pulseclinic.WebUiKeywords.closeBrowser()
2026-04-26 00:16:22.113 INFO  k.k.c.m.CustomKeywordDelegatingMetaClass - pulseclinic.WebUiKeywords.closeBrowser is PASSED
2026-04-26 00:16:22.114 INFO  c.k.katalon.core.main.TestCaseExecutor   - END Test Cases/Authentication/TC-002-Open-staff-login
2026-04-26 00:16:22.118 INFO  c.k.katalon.core.main.TestCaseExecutor   - --------------------
2026-04-26 00:16:22.118 INFO  c.k.katalon.core.main.TestCaseExecutor   - START Test Cases/Authentication/TC-003-Staff-login-required-fields
2026-04-26 00:16:22.163 DEBUG t.TC-001-Open-HMS-role-selection         - 1: try
2026-04-26 00:16:22.164 DEBUG t.TC-001-Open-HMS-role-selection         - 1: pulseclinic.WebUiKeywords.openAt(staffBaseUrl + "/login")
2026-04-26 00:16:22.170 INFO  c.k.k.core.webui.driver.DriverFactory    - Starting 'Edge Chromium' driver
2026-04-26 00:16:22.174 INFO  c.k.k.core.webui.driver.DriverFactory    - Action delay is set to 0 milliseconds
Apr 26, 2026 12:16:23 AM org.openqa.selenium.devtools.CdpVersionFinder findNearestMatch
WARNING: Unable to find an exact match for CDP version 147, returning the closest version; found: 143; Please update to a Selenium version that supports CDP version 147
2026-04-26 00:16:23.127 INFO  c.k.k.core.webui.driver.DriverFactory    - sessionId = 8737ecc3611ddd1d8c9446264b4564da
2026-04-26 00:16:23.128 INFO  c.k.k.core.webui.driver.DriverFactory    - browser = Edge Chromium 147.0.3912.72
2026-04-26 00:16:23.129 INFO  c.k.k.core.webui.driver.DriverFactory    - platform = Windows 11
2026-04-26 00:16:23.129 INFO  c.k.k.core.webui.driver.DriverFactory    - seleniumVersion = 4.39.0
2026-04-26 00:16:23.131 INFO  c.k.k.core.webui.driver.DriverFactory    - proxyInformation = ProxyInformation { proxyOption=NO_PROXY, proxyServerType=HTTP, username=, password=********, proxyServerAddress=, proxyServerPort=0, executionList="", isApplyToDesiredCapabilities=true }
2026-04-26 00:16:23.717 INFO  k.k.c.m.CustomKeywordDelegatingMetaClass - pulseclinic.WebUiKeywords.openAt is PASSED
2026-04-26 00:16:23.719 DEBUG t.TC-001-Open-HMS-role-selection         - 2: verifyElementHasAttribute(pulseclinic.WebUiKeywords.byTestId("login-email-input"), "required", defaultTimeout)
2026-04-26 00:16:23.721 INFO  k.k.c.m.CustomKeywordDelegatingMetaClass - pulseclinic.WebUiKeywords.byTestId is PASSED
2026-04-26 00:16:24.215 DEBUG t.TC-001-Open-HMS-role-selection         - 3: verifyElementHasAttribute(pulseclinic.WebUiKeywords.byTestId("login-password-input"), "required", defaultTimeout)
2026-04-26 00:16:24.217 INFO  k.k.c.m.CustomKeywordDelegatingMetaClass - pulseclinic.WebUiKeywords.byTestId is PASSED
2026-04-26 00:16:24.475 DEBUG t.TC-001-Open-HMS-role-selection         - 4: pulseclinic.WebUiKeywords.clickByTestId("login-submit-button")
2026-04-26 00:16:25.109 INFO  k.k.c.m.CustomKeywordDelegatingMetaClass - pulseclinic.WebUiKeywords.clickByTestId is PASSED
2026-04-26 00:16:25.111 DEBUG t.TC-001-Open-HMS-role-selection         - 2: Finally
2026-04-26 00:16:25.116 DEBUG t.TC-001-Open-HMS-role-selection         - 1: pulseclinic.WebUiKeywords.closeBrowser()
2026-04-26 00:16:25.347 INFO  k.k.c.m.CustomKeywordDelegatingMetaClass - pulseclinic.WebUiKeywords.closeBrowser is PASSED
2026-04-26 00:16:25.348 INFO  c.k.katalon.core.main.TestCaseExecutor   - END Test Cases/Authentication/TC-003-Staff-login-required-fields
2026-04-26 00:16:25.352 INFO  c.k.katalon.core.main.TestCaseExecutor   - --------------------
2026-04-26 00:16:25.352 INFO  c.k.katalon.core.main.TestCaseExecutor   - START Test Cases/Authentication/TC-004-Staff-login-invalid-credentials
2026-04-26 00:16:25.415 DEBUG t.TC-001-Open-HMS-role-selection         - 1: try
2026-04-26 00:16:25.417 DEBUG t.TC-001-Open-HMS-role-selection         - 1: pulseclinic.WebUiKeywords.openAt(staffBaseUrl + "/login")
2026-04-26 00:16:25.418 INFO  c.k.k.core.webui.driver.DriverFactory    - Starting 'Edge Chromium' driver
2026-04-26 00:16:25.424 INFO  c.k.k.core.webui.driver.DriverFactory    - Action delay is set to 0 milliseconds
Apr 26, 2026 12:16:26 AM org.openqa.selenium.devtools.CdpVersionFinder findNearestMatch
WARNING: Unable to find an exact match for CDP version 147, returning the closest version; found: 143; Please update to a Selenium version that supports CDP version 147
2026-04-26 00:16:26.332 INFO  c.k.k.core.webui.driver.DriverFactory    - sessionId = d9a737104041038ea88b903cf740e745
2026-04-26 00:16:26.332 INFO  c.k.k.core.webui.driver.DriverFactory    - browser = Edge Chromium 147.0.3912.72
2026-04-26 00:16:26.333 INFO  c.k.k.core.webui.driver.DriverFactory    - platform = Windows 11
2026-04-26 00:16:26.333 INFO  c.k.k.core.webui.driver.DriverFactory    - seleniumVersion = 4.39.0
2026-04-26 00:16:26.334 INFO  c.k.k.core.webui.driver.DriverFactory    - proxyInformation = ProxyInformation { proxyOption=NO_PROXY, proxyServerType=HTTP, username=, password=********, proxyServerAddress=, proxyServerPort=0, executionList="", isApplyToDesiredCapabilities=true }
2026-04-26 00:16:27.086 INFO  k.k.c.m.CustomKeywordDelegatingMetaClass - pulseclinic.WebUiKeywords.openAt is PASSED
2026-04-26 00:16:27.087 DEBUG t.TC-001-Open-HMS-role-selection         - 2: pulseclinic.WebUiKeywords.setTextByTestId("login-email-input", "wrong.staff@hospital.com")
2026-04-26 00:16:28.440 INFO  k.k.c.m.CustomKeywordDelegatingMetaClass - pulseclinic.WebUiKeywords.setTextByTestId is PASSED
2026-04-26 00:16:28.441 DEBUG t.TC-001-Open-HMS-role-selection         - 3: pulseclinic.WebUiKeywords.setTextByTestId("login-password-input", "wrong-password")
2026-04-26 00:16:29.460 INFO  k.k.c.m.CustomKeywordDelegatingMetaClass - pulseclinic.WebUiKeywords.setTextByTestId is PASSED
2026-04-26 00:16:29.461 DEBUG t.TC-001-Open-HMS-role-selection         - 4: pulseclinic.WebUiKeywords.clickByTestId("login-submit-button")
2026-04-26 00:16:30.106 INFO  k.k.c.m.CustomKeywordDelegatingMetaClass - pulseclinic.WebUiKeywords.clickByTestId is PASSED
2026-04-26 00:16:30.107 DEBUG t.TC-001-Open-HMS-role-selection         - 5: waitForElementVisible(pulseclinic.WebUiKeywords.byTestId("login-error"), defaultTimeout)
2026-04-26 00:16:30.109 INFO  k.k.c.m.CustomKeywordDelegatingMetaClass - pulseclinic.WebUiKeywords.byTestId is PASSED
2026-04-26 00:16:32.901 DEBUG t.TC-001-Open-HMS-role-selection         - 2: Finally
2026-04-26 00:16:32.907 DEBUG t.TC-001-Open-HMS-role-selection         - 1: pulseclinic.WebUiKeywords.closeBrowser()
2026-04-26 00:16:33.325 INFO  k.k.c.m.CustomKeywordDelegatingMetaClass - pulseclinic.WebUiKeywords.closeBrowser is PASSED
2026-04-26 00:16:33.326 INFO  c.k.katalon.core.main.TestCaseExecutor   - END Test Cases/Authentication/TC-004-Staff-login-invalid-credentials
2026-04-26 00:16:33.330 INFO  c.k.katalon.core.main.TestCaseExecutor   - --------------------
2026-04-26 00:16:33.330 INFO  c.k.katalon.core.main.TestCaseExecutor   - START Test Cases/Authentication/TC-005-Staff-login-success-dashboard
2026-04-26 00:16:33.379 DEBUG t.TC-001-Open-HMS-role-selection         - 1: try
2026-04-26 00:16:33.380 DEBUG t.TC-001-Open-HMS-role-selection         - 1: pulseclinic.WebUiKeywords.loginAsStaff()
2026-04-26 00:16:33.384 INFO  c.k.k.core.webui.driver.DriverFactory    - Starting 'Edge Chromium' driver
2026-04-26 00:16:33.389 INFO  c.k.k.core.webui.driver.DriverFactory    - Action delay is set to 0 milliseconds
Apr 26, 2026 12:16:34 AM org.openqa.selenium.devtools.CdpVersionFinder findNearestMatch
WARNING: Unable to find an exact match for CDP version 147, returning the closest version; found: 143; Please update to a Selenium version that supports CDP version 147
2026-04-26 00:16:34.643 INFO  c.k.k.core.webui.driver.DriverFactory    - sessionId = 57859f8760d69de897919ead2babd4d0
2026-04-26 00:16:34.645 INFO  c.k.k.core.webui.driver.DriverFactory    - browser = Edge Chromium 147.0.3912.72
2026-04-26 00:16:34.646 INFO  c.k.k.core.webui.driver.DriverFactory    - platform = Windows 11
2026-04-26 00:16:34.647 INFO  c.k.k.core.webui.driver.DriverFactory    - seleniumVersion = 4.39.0
2026-04-26 00:16:34.648 INFO  c.k.k.core.webui.driver.DriverFactory    - proxyInformation = ProxyInformation { proxyOption=NO_PROXY, proxyServerType=HTTP, username=, password=********, proxyServerAddress=, proxyServerPort=0, executionList="", isApplyToDesiredCapabilities=true }
2026-04-26 00:16:38.706 ERROR k.k.c.m.CustomKeywordDelegatingMetaClass - ❌ Expected URL to contain '/dashboard', actual URL: http://staff.localhost:3000/login
2026-04-26 00:16:38.709 DEBUG t.TC-001-Open-HMS-role-selection         - 2: Finally
2026-04-26 00:16:38.712 DEBUG t.TC-001-Open-HMS-role-selection         - 1: pulseclinic.WebUiKeywords.closeBrowser()
2026-04-26 00:16:38.989 INFO  k.k.c.m.CustomKeywordDelegatingMetaClass - pulseclinic.WebUiKeywords.closeBrowser is PASSED
2026-04-26 00:16:38.990 ERROR c.k.katalon.core.main.TestCaseExecutor   - ❌ Test Cases/Authentication/TC-005-Staff-login-success-dashboard FAILED.
Reason:
com.kms.katalon.core.exception.StepFailedException: Expected URL to contain '/dashboard', actual URL: http://staff.localhost:3000/login
	at com.kms.katalon.core.util.KeywordUtil.markFailedAndStop(KeywordUtil.java:30)
	at java.base/jdk.internal.reflect.DirectMethodHandleAccessor.invoke(DirectMethodHandleAccessor.java:103)
	at pulseclinic.WebUiKeywords.verifyUrlContains(WebUiKeywords.groovy:68)
	at java.base/jdk.internal.reflect.DirectMethodHandleAccessor.invoke(DirectMethodHandleAccessor.java:103)
	at pulseclinic.WebUiKeywords.loginWithCredentials(WebUiKeywords.groovy:78)
	at java.base/jdk.internal.reflect.DirectMethodHandleAccessor.invoke(DirectMethodHandleAccessor.java:103)
	at pulseclinic.WebUiKeywords.loginAsStaff(WebUiKeywords.groovy:83)
	at java.base/jdk.internal.reflect.DirectMethodHandleAccessor.invoke(DirectMethodHandleAccessor.java:103)
	at com.kms.katalon.core.main.CustomKeywordDelegatingMetaClass.invokeStaticMethod(CustomKeywordDelegatingMetaClass.java:55)
	at Script20260425152000.run(Script20260425152000.groovy:6)
	at com.kms.katalon.core.main.ScriptEngine.run(ScriptEngine.java:194)
	at com.kms.katalon.core.main.ScriptEngine.runScriptAsRawText(ScriptEngine.java:119)
	at com.kms.katalon.core.main.TestCaseExecutor.runScript(TestCaseExecutor.java:502)
	at com.kms.katalon.core.main.TestCaseExecutor.doExecute(TestCaseExecutor.java:493)
	at com.kms.katalon.core.main.TestCaseExecutor.processExecutionPhase(TestCaseExecutor.java:472)
	at com.kms.katalon.core.main.TestCaseExecutor.accessMainPhase(TestCaseExecutor.java:464)
	at com.kms.katalon.core.main.TestCaseExecutor.execute(TestCaseExecutor.java:334)
	at com.kms.katalon.core.common.CommonExecutor.accessTestCaseMainPhase(CommonExecutor.java:71)
	at com.kms.katalon.core.main.TestSuiteExecutor.accessTestSuiteMainPhase(TestSuiteExecutor.java:163)
	at com.kms.katalon.core.main.TestSuiteExecutor.execute(TestSuiteExecutor.java:120)
	at com.kms.katalon.core.main.TestCaseMain.startTestSuite(TestCaseMain.java:205)
	at S0.run(S0.groovy:40)
	at java.base/jdk.internal.reflect.DirectMethodHandleAccessor.invoke(DirectMethodHandleAccessor.java:103)

2026-04-26 00:16:38.992 INFO  c.k.katalon.core.main.TestCaseExecutor   - END Test Cases/Authentication/TC-005-Staff-login-success-dashboard
2026-04-26 00:16:38.995 INFO  c.k.katalon.core.main.TestCaseExecutor   - --------------------
2026-04-26 00:16:38.995 INFO  c.k.katalon.core.main.TestCaseExecutor   - START Test Cases/Authentication/TC-006-Doctor-login-success-schedule
2026-04-26 00:16:39.024 DEBUG t.TC-001-Open-HMS-role-selection         - 1: try
2026-04-26 00:16:39.026 DEBUG t.TC-001-Open-HMS-role-selection         - 1: pulseclinic.WebUiKeywords.loginAsDoctor()
2026-04-26 00:16:39.027 INFO  c.k.k.core.webui.driver.DriverFactory    - Starting 'Edge Chromium' driver
2026-04-26 00:16:39.032 INFO  c.k.k.core.webui.driver.DriverFactory    - Action delay is set to 0 milliseconds
Apr 26, 2026 12:16:39 AM org.openqa.selenium.devtools.CdpVersionFinder findNearestMatch
WARNING: Unable to find an exact match for CDP version 147, returning the closest version; found: 143; Please update to a Selenium version that supports CDP version 147
2026-04-26 00:16:39.947 INFO  c.k.k.core.webui.driver.DriverFactory    - sessionId = db020065f05d7d49f6ff2445985cca11
2026-04-26 00:16:39.947 INFO  c.k.k.core.webui.driver.DriverFactory    - browser = Edge Chromium 147.0.3912.72
2026-04-26 00:16:39.948 INFO  c.k.k.core.webui.driver.DriverFactory    - platform = Windows 11
2026-04-26 00:16:39.948 INFO  c.k.k.core.webui.driver.DriverFactory    - seleniumVersion = 4.39.0
2026-04-26 00:16:39.949 INFO  c.k.k.core.webui.driver.DriverFactory    - proxyInformation = ProxyInformation { proxyOption=NO_PROXY, proxyServerType=HTTP, username=, password=********, proxyServerAddress=, proxyServerPort=0, executionList="", isApplyToDesiredCapabilities=true }
2026-04-26 00:16:45.842 ERROR k.k.c.m.CustomKeywordDelegatingMetaClass - ❌ Expected URL to contain '/schedule', actual URL: http://doctor.localhost:3000/login
2026-04-26 00:16:45.843 DEBUG t.TC-001-Open-HMS-role-selection         - 2: Finally
2026-04-26 00:16:45.846 DEBUG t.TC-001-Open-HMS-role-selection         - 1: pulseclinic.WebUiKeywords.closeBrowser()
2026-04-26 00:16:46.053 INFO  k.k.c.m.CustomKeywordDelegatingMetaClass - pulseclinic.WebUiKeywords.closeBrowser is PASSED
2026-04-26 00:16:46.055 ERROR c.k.katalon.core.main.TestCaseExecutor   - ❌ Test Cases/Authentication/TC-006-Doctor-login-success-schedule FAILED.
Reason:
com.kms.katalon.core.exception.StepFailedException: Expected URL to contain '/schedule', actual URL: http://doctor.localhost:3000/login
	at com.kms.katalon.core.util.KeywordUtil.markFailedAndStop(KeywordUtil.java:30)
	at java.base/jdk.internal.reflect.DirectMethodHandleAccessor.invoke(DirectMethodHandleAccessor.java:103)
	at pulseclinic.WebUiKeywords.verifyUrlContains(WebUiKeywords.groovy:68)
	at java.base/jdk.internal.reflect.DirectMethodHandleAccessor.invoke(DirectMethodHandleAccessor.java:103)
	at pulseclinic.WebUiKeywords.loginWithCredentials(WebUiKeywords.groovy:78)
	at java.base/jdk.internal.reflect.DirectMethodHandleAccessor.invoke(DirectMethodHandleAccessor.java:103)
	at pulseclinic.WebUiKeywords.loginAsDoctor(WebUiKeywords.groovy:88)
	at java.base/jdk.internal.reflect.DirectMethodHandleAccessor.invoke(DirectMethodHandleAccessor.java:103)
	at com.kms.katalon.core.main.CustomKeywordDelegatingMetaClass.invokeStaticMethod(CustomKeywordDelegatingMetaClass.java:55)
	at Script20260425152000.run(Script20260425152000.groovy:6)
	at com.kms.katalon.core.main.ScriptEngine.run(ScriptEngine.java:194)
	at com.kms.katalon.core.main.ScriptEngine.runScriptAsRawText(ScriptEngine.java:119)
	at com.kms.katalon.core.main.TestCaseExecutor.runScript(TestCaseExecutor.java:502)
	at com.kms.katalon.core.main.TestCaseExecutor.doExecute(TestCaseExecutor.java:493)
	at com.kms.katalon.core.main.TestCaseExecutor.processExecutionPhase(TestCaseExecutor.java:472)
	at com.kms.katalon.core.main.TestCaseExecutor.accessMainPhase(TestCaseExecutor.java:464)
	at com.kms.katalon.core.main.TestCaseExecutor.execute(TestCaseExecutor.java:334)
	at com.kms.katalon.core.common.CommonExecutor.accessTestCaseMainPhase(CommonExecutor.java:71)
	at com.kms.katalon.core.main.TestSuiteExecutor.accessTestSuiteMainPhase(TestSuiteExecutor.java:163)
	at com.kms.katalon.core.main.TestSuiteExecutor.execute(TestSuiteExecutor.java:120)
	at com.kms.katalon.core.main.TestCaseMain.startTestSuite(TestCaseMain.java:205)
	at S0.run(S0.groovy:40)
	at java.base/jdk.internal.reflect.DirectMethodHandleAccessor.invoke(DirectMethodHandleAccessor.java:103)

2026-04-26 00:16:46.057 INFO  c.k.katalon.core.main.TestCaseExecutor   - END Test Cases/Authentication/TC-006-Doctor-login-success-schedule
2026-04-26 00:16:46.060 INFO  c.k.katalon.core.main.TestCaseExecutor   - --------------------
2026-04-26 00:16:46.060 INFO  c.k.katalon.core.main.TestCaseExecutor   - START Test Cases/Authentication/TC-007-Patient-login-success-dashboard
2026-04-26 00:16:46.094 DEBUG t.TC-001-Open-HMS-role-selection         - 1: try
2026-04-26 00:16:46.095 DEBUG t.TC-001-Open-HMS-role-selection         - 1: pulseclinic.WebUiKeywords.loginAsPatient()
2026-04-26 00:16:46.097 INFO  c.k.k.core.webui.driver.DriverFactory    - Starting 'Edge Chromium' driver
2026-04-26 00:16:46.100 INFO  c.k.k.core.webui.driver.DriverFactory    - Action delay is set to 0 milliseconds
Apr 26, 2026 12:16:47 AM org.openqa.selenium.devtools.CdpVersionFinder findNearestMatch
WARNING: Unable to find an exact match for CDP version 147, returning the closest version; found: 143; Please update to a Selenium version that supports CDP version 147
2026-04-26 00:16:47.097 INFO  c.k.k.core.webui.driver.DriverFactory    - sessionId = e181fe539d6b0d4e596ed114327f0c2f
2026-04-26 00:16:47.098 INFO  c.k.k.core.webui.driver.DriverFactory    - browser = Edge Chromium 147.0.3912.72
2026-04-26 00:16:47.098 INFO  c.k.k.core.webui.driver.DriverFactory    - platform = Windows 11
2026-04-26 00:16:47.098 INFO  c.k.k.core.webui.driver.DriverFactory    - seleniumVersion = 4.39.0
2026-04-26 00:16:47.099 INFO  c.k.k.core.webui.driver.DriverFactory    - proxyInformation = ProxyInformation { proxyOption=NO_PROXY, proxyServerType=HTTP, username=, password=********, proxyServerAddress=, proxyServerPort=0, executionList="", isApplyToDesiredCapabilities=true }
2026-04-26 00:16:50.463 ERROR k.k.c.m.CustomKeywordDelegatingMetaClass - ❌ Expected URL to contain '/dashboard', actual URL: http://localhost:3000/login
2026-04-26 00:16:50.465 DEBUG t.TC-001-Open-HMS-role-selection         - 2: Finally
2026-04-26 00:16:50.468 DEBUG t.TC-001-Open-HMS-role-selection         - 1: pulseclinic.WebUiKeywords.closeBrowser()
2026-04-26 00:16:50.694 INFO  k.k.c.m.CustomKeywordDelegatingMetaClass - pulseclinic.WebUiKeywords.closeBrowser is PASSED
2026-04-26 00:16:50.695 ERROR c.k.katalon.core.main.TestCaseExecutor   - ❌ Test Cases/Authentication/TC-007-Patient-login-success-dashboard FAILED.
Reason:
com.kms.katalon.core.exception.StepFailedException: Expected URL to contain '/dashboard', actual URL: http://localhost:3000/login
	at com.kms.katalon.core.util.KeywordUtil.markFailedAndStop(KeywordUtil.java:30)
	at java.base/jdk.internal.reflect.DirectMethodHandleAccessor.invoke(DirectMethodHandleAccessor.java:103)
	at pulseclinic.WebUiKeywords.verifyUrlContains(WebUiKeywords.groovy:68)
	at java.base/jdk.internal.reflect.DirectMethodHandleAccessor.invoke(DirectMethodHandleAccessor.java:103)
	at pulseclinic.WebUiKeywords.loginWithCredentials(WebUiKeywords.groovy:78)
	at java.base/jdk.internal.reflect.DirectMethodHandleAccessor.invoke(DirectMethodHandleAccessor.java:103)
	at pulseclinic.WebUiKeywords.loginAsPatient(WebUiKeywords.groovy:93)
	at java.base/jdk.internal.reflect.DirectMethodHandleAccessor.invoke(DirectMethodHandleAccessor.java:103)
	at com.kms.katalon.core.main.CustomKeywordDelegatingMetaClass.invokeStaticMethod(CustomKeywordDelegatingMetaClass.java:55)
	at Script20260425152000.run(Script20260425152000.groovy:6)
	at com.kms.katalon.core.main.ScriptEngine.run(ScriptEngine.java:194)
	at com.kms.katalon.core.main.ScriptEngine.runScriptAsRawText(ScriptEngine.java:119)
	at com.kms.katalon.core.main.TestCaseExecutor.runScript(TestCaseExecutor.java:502)
	at com.kms.katalon.core.main.TestCaseExecutor.doExecute(TestCaseExecutor.java:493)
	at com.kms.katalon.core.main.TestCaseExecutor.processExecutionPhase(TestCaseExecutor.java:472)
	at com.kms.katalon.core.main.TestCaseExecutor.accessMainPhase(TestCaseExecutor.java:464)
	at com.kms.katalon.core.main.TestCaseExecutor.execute(TestCaseExecutor.java:334)
	at com.kms.katalon.core.common.CommonExecutor.accessTestCaseMainPhase(CommonExecutor.java:71)
	at com.kms.katalon.core.main.TestSuiteExecutor.accessTestSuiteMainPhase(TestSuiteExecutor.java:163)
	at com.kms.katalon.core.main.TestSuiteExecutor.execute(TestSuiteExecutor.java:120)
	at com.kms.katalon.core.main.TestCaseMain.startTestSuite(TestCaseMain.java:205)
	at S0.run(S0.groovy:40)
	at java.base/jdk.internal.reflect.DirectMethodHandleAccessor.invoke(DirectMethodHandleAccessor.java:103)

2026-04-26 00:16:50.696 INFO  c.k.katalon.core.main.TestCaseExecutor   - END Test Cases/Authentication/TC-007-Patient-login-success-dashboard
2026-04-26 00:16:50.699 INFO  c.k.katalon.core.main.TestCaseExecutor   - --------------------
2026-04-26 00:16:50.699 INFO  c.k.katalon.core.main.TestCaseExecutor   - START Test Cases/StaffTables/TC-008-Patient-profile-table
2026-04-26 00:16:50.727 DEBUG t.TC-001-Open-HMS-role-selection         - 1: try
2026-04-26 00:16:50.728 DEBUG t.TC-001-Open-HMS-role-selection         - 1: pulseclinic.WebUiKeywords.loginAsStaff()
2026-04-26 00:16:50.729 INFO  c.k.k.core.webui.driver.DriverFactory    - Starting 'Edge Chromium' driver
2026-04-26 00:16:50.733 INFO  c.k.k.core.webui.driver.DriverFactory    - Action delay is set to 0 milliseconds
Apr 26, 2026 12:16:51 AM org.openqa.selenium.devtools.CdpVersionFinder findNearestMatch
WARNING: Unable to find an exact match for CDP version 147, returning the closest version; found: 143; Please update to a Selenium version that supports CDP version 147
2026-04-26 00:16:51.611 INFO  c.k.k.core.webui.driver.DriverFactory    - sessionId = 42253fe02d41e5841afa2de87b6e6bfe
2026-04-26 00:16:51.612 INFO  c.k.k.core.webui.driver.DriverFactory    - browser = Edge Chromium 147.0.3912.72
2026-04-26 00:16:51.613 INFO  c.k.k.core.webui.driver.DriverFactory    - platform = Windows 11
2026-04-26 00:16:51.613 INFO  c.k.k.core.webui.driver.DriverFactory    - seleniumVersion = 4.39.0
2026-04-26 00:16:51.614 INFO  c.k.k.core.webui.driver.DriverFactory    - proxyInformation = ProxyInformation { proxyOption=NO_PROXY, proxyServerType=HTTP, username=, password=********, proxyServerAddress=, proxyServerPort=0, executionList="", isApplyToDesiredCapabilities=true }
2026-04-26 00:16:54.875 ERROR k.k.c.m.CustomKeywordDelegatingMetaClass - ❌ Expected URL to contain '/dashboard', actual URL: http://staff.localhost:3000/login
2026-04-26 00:16:54.876 DEBUG t.TC-001-Open-HMS-role-selection         - 2: Finally
2026-04-26 00:16:54.877 DEBUG t.TC-001-Open-HMS-role-selection         - 1: pulseclinic.WebUiKeywords.closeBrowser()
2026-04-26 00:16:55.082 INFO  k.k.c.m.CustomKeywordDelegatingMetaClass - pulseclinic.WebUiKeywords.closeBrowser is PASSED
2026-04-26 00:16:55.082 ERROR c.k.katalon.core.main.TestCaseExecutor   - ❌ Test Cases/StaffTables/TC-008-Patient-profile-table FAILED.
Reason:
com.kms.katalon.core.exception.StepFailedException: Expected URL to contain '/dashboard', actual URL: http://staff.localhost:3000/login
	at com.kms.katalon.core.util.KeywordUtil.markFailedAndStop(KeywordUtil.java:30)
	at java.base/jdk.internal.reflect.DirectMethodHandleAccessor.invoke(DirectMethodHandleAccessor.java:103)
	at pulseclinic.WebUiKeywords.verifyUrlContains(WebUiKeywords.groovy:68)
	at java.base/jdk.internal.reflect.DirectMethodHandleAccessor.invoke(DirectMethodHandleAccessor.java:103)
	at pulseclinic.WebUiKeywords.loginWithCredentials(WebUiKeywords.groovy:78)
	at java.base/jdk.internal.reflect.DirectMethodHandleAccessor.invoke(DirectMethodHandleAccessor.java:103)
	at pulseclinic.WebUiKeywords.loginAsStaff(WebUiKeywords.groovy:83)
	at java.base/jdk.internal.reflect.DirectMethodHandleAccessor.invoke(DirectMethodHandleAccessor.java:103)
	at com.kms.katalon.core.main.CustomKeywordDelegatingMetaClass.invokeStaticMethod(CustomKeywordDelegatingMetaClass.java:55)
	at Script20260425152000.run(Script20260425152000.groovy:6)
	at com.kms.katalon.core.main.ScriptEngine.run(ScriptEngine.java:194)
	at com.kms.katalon.core.main.ScriptEngine.runScriptAsRawText(ScriptEngine.java:119)
	at com.kms.katalon.core.main.TestCaseExecutor.runScript(TestCaseExecutor.java:502)
	at com.kms.katalon.core.main.TestCaseExecutor.doExecute(TestCaseExecutor.java:493)
	at com.kms.katalon.core.main.TestCaseExecutor.processExecutionPhase(TestCaseExecutor.java:472)
	at com.kms.katalon.core.main.TestCaseExecutor.accessMainPhase(TestCaseExecutor.java:464)
	at com.kms.katalon.core.main.TestCaseExecutor.execute(TestCaseExecutor.java:334)
	at com.kms.katalon.core.common.CommonExecutor.accessTestCaseMainPhase(CommonExecutor.java:71)
	at com.kms.katalon.core.main.TestSuiteExecutor.accessTestSuiteMainPhase(TestSuiteExecutor.java:163)
	at com.kms.katalon.core.main.TestSuiteExecutor.execute(TestSuiteExecutor.java:120)
	at com.kms.katalon.core.main.TestCaseMain.startTestSuite(TestCaseMain.java:205)
	at S0.run(S0.groovy:40)
	at java.base/jdk.internal.reflect.DirectMethodHandleAccessor.invoke(DirectMethodHandleAccessor.java:103)

2026-04-26 00:16:55.083 INFO  c.k.katalon.core.main.TestCaseExecutor   - END Test Cases/StaffTables/TC-008-Patient-profile-table
2026-04-26 00:16:55.085 INFO  c.k.katalon.core.main.TestCaseExecutor   - --------------------
2026-04-26 00:16:55.085 INFO  c.k.katalon.core.main.TestCaseExecutor   - START Test Cases/StaffTables/TC-009-Patient-search
2026-04-26 00:16:55.117 DEBUG t.TC-001-Open-HMS-role-selection         - 1: try
2026-04-26 00:16:55.118 DEBUG t.TC-001-Open-HMS-role-selection         - 1: pulseclinic.WebUiKeywords.loginAsStaff()
2026-04-26 00:16:55.119 INFO  c.k.k.core.webui.driver.DriverFactory    - Starting 'Edge Chromium' driver
2026-04-26 00:16:55.121 INFO  c.k.k.core.webui.driver.DriverFactory    - Action delay is set to 0 milliseconds
Apr 26, 2026 12:16:55 AM org.openqa.selenium.devtools.CdpVersionFinder findNearestMatch
WARNING: Unable to find an exact match for CDP version 147, returning the closest version; found: 143; Please update to a Selenium version that supports CDP version 147
2026-04-26 00:16:56.029 INFO  c.k.k.core.webui.driver.DriverFactory    - sessionId = a8f8e4e80ffc357e0c89790070b1917d
2026-04-26 00:16:56.031 INFO  c.k.k.core.webui.driver.DriverFactory    - browser = Edge Chromium 147.0.3912.72
2026-04-26 00:16:56.031 INFO  c.k.k.core.webui.driver.DriverFactory    - platform = Windows 11
2026-04-26 00:16:56.032 INFO  c.k.k.core.webui.driver.DriverFactory    - seleniumVersion = 4.39.0
2026-04-26 00:16:56.033 INFO  c.k.k.core.webui.driver.DriverFactory    - proxyInformation = ProxyInformation { proxyOption=NO_PROXY, proxyServerType=HTTP, username=, password=********, proxyServerAddress=, proxyServerPort=0, executionList="", isApplyToDesiredCapabilities=true }
2026-04-26 00:16:59.241 ERROR k.k.c.m.CustomKeywordDelegatingMetaClass - ❌ Expected URL to contain '/dashboard', actual URL: http://staff.localhost:3000/login
2026-04-26 00:16:59.244 DEBUG t.TC-001-Open-HMS-role-selection         - 2: Finally
2026-04-26 00:16:59.245 DEBUG t.TC-001-Open-HMS-role-selection         - 1: pulseclinic.WebUiKeywords.closeBrowser()
2026-04-26 00:16:59.423 INFO  k.k.c.m.CustomKeywordDelegatingMetaClass - pulseclinic.WebUiKeywords.closeBrowser is PASSED
2026-04-26 00:16:59.424 ERROR c.k.katalon.core.main.TestCaseExecutor   - ❌ Test Cases/StaffTables/TC-009-Patient-search FAILED.
Reason:
com.kms.katalon.core.exception.StepFailedException: Expected URL to contain '/dashboard', actual URL: http://staff.localhost:3000/login
	at com.kms.katalon.core.util.KeywordUtil.markFailedAndStop(KeywordUtil.java:30)
	at java.base/jdk.internal.reflect.DirectMethodHandleAccessor.invoke(DirectMethodHandleAccessor.java:103)
	at pulseclinic.WebUiKeywords.verifyUrlContains(WebUiKeywords.groovy:68)
	at java.base/jdk.internal.reflect.DirectMethodHandleAccessor.invoke(DirectMethodHandleAccessor.java:103)
	at pulseclinic.WebUiKeywords.loginWithCredentials(WebUiKeywords.groovy:78)
	at java.base/jdk.internal.reflect.DirectMethodHandleAccessor.invoke(DirectMethodHandleAccessor.java:103)
	at pulseclinic.WebUiKeywords.loginAsStaff(WebUiKeywords.groovy:83)
	at java.base/jdk.internal.reflect.DirectMethodHandleAccessor.invoke(DirectMethodHandleAccessor.java:103)
	at com.kms.katalon.core.main.CustomKeywordDelegatingMetaClass.invokeStaticMethod(CustomKeywordDelegatingMetaClass.java:55)
	at Script20260425152000.run(Script20260425152000.groovy:6)
	at com.kms.katalon.core.main.ScriptEngine.run(ScriptEngine.java:194)
	at com.kms.katalon.core.main.ScriptEngine.runScriptAsRawText(ScriptEngine.java:119)
	at com.kms.katalon.core.main.TestCaseExecutor.runScript(TestCaseExecutor.java:502)
	at com.kms.katalon.core.main.TestCaseExecutor.doExecute(TestCaseExecutor.java:493)
	at com.kms.katalon.core.main.TestCaseExecutor.processExecutionPhase(TestCaseExecutor.java:472)
	at com.kms.katalon.core.main.TestCaseExecutor.accessMainPhase(TestCaseExecutor.java:464)
	at com.kms.katalon.core.main.TestCaseExecutor.execute(TestCaseExecutor.java:334)
	at com.kms.katalon.core.common.CommonExecutor.accessTestCaseMainPhase(CommonExecutor.java:71)
	at com.kms.katalon.core.main.TestSuiteExecutor.accessTestSuiteMainPhase(TestSuiteExecutor.java:163)
	at com.kms.katalon.core.main.TestSuiteExecutor.execute(TestSuiteExecutor.java:120)
	at com.kms.katalon.core.main.TestCaseMain.startTestSuite(TestCaseMain.java:205)
	at S0.run(S0.groovy:40)
	at java.base/jdk.internal.reflect.DirectMethodHandleAccessor.invoke(DirectMethodHandleAccessor.java:103)

2026-04-26 00:16:59.426 INFO  c.k.katalon.core.main.TestCaseExecutor   - END Test Cases/StaffTables/TC-009-Patient-search
2026-04-26 00:16:59.428 INFO  c.k.katalon.core.main.TestCaseExecutor   - --------------------
2026-04-26 00:16:59.428 INFO  c.k.katalon.core.main.TestCaseExecutor   - START Test Cases/StaffTables/TC-010-Patient-filter-gender
2026-04-26 00:16:59.458 DEBUG t.TC-001-Open-HMS-role-selection         - 1: try
2026-04-26 00:16:59.458 DEBUG t.TC-001-Open-HMS-role-selection         - 1: pulseclinic.WebUiKeywords.loginAsStaff()
2026-04-26 00:16:59.459 INFO  c.k.k.core.webui.driver.DriverFactory    - Starting 'Edge Chromium' driver
2026-04-26 00:16:59.461 INFO  c.k.k.core.webui.driver.DriverFactory    - Action delay is set to 0 milliseconds
Apr 26, 2026 12:17:00 AM org.openqa.selenium.devtools.CdpVersionFinder findNearestMatch
WARNING: Unable to find an exact match for CDP version 147, returning the closest version; found: 143; Please update to a Selenium version that supports CDP version 147
2026-04-26 00:17:00.305 INFO  c.k.k.core.webui.driver.DriverFactory    - sessionId = 4b97f2ac96873cbfba7271637cd5cb3c
2026-04-26 00:17:00.305 INFO  c.k.k.core.webui.driver.DriverFactory    - browser = Edge Chromium 147.0.3912.72
2026-04-26 00:17:00.306 INFO  c.k.k.core.webui.driver.DriverFactory    - platform = Windows 11
2026-04-26 00:17:00.306 INFO  c.k.k.core.webui.driver.DriverFactory    - seleniumVersion = 4.39.0
2026-04-26 00:17:00.307 INFO  c.k.k.core.webui.driver.DriverFactory    - proxyInformation = ProxyInformation { proxyOption=NO_PROXY, proxyServerType=HTTP, username=, password=********, proxyServerAddress=, proxyServerPort=0, executionList="", isApplyToDesiredCapabilities=true }
2026-04-26 00:17:03.522 ERROR k.k.c.m.CustomKeywordDelegatingMetaClass - ❌ Expected URL to contain '/dashboard', actual URL: http://staff.localhost:3000/login
2026-04-26 00:17:03.523 DEBUG t.TC-001-Open-HMS-role-selection         - 2: Finally
2026-04-26 00:17:03.524 DEBUG t.TC-001-Open-HMS-role-selection         - 1: pulseclinic.WebUiKeywords.closeBrowser()
2026-04-26 00:17:03.733 INFO  k.k.c.m.CustomKeywordDelegatingMetaClass - pulseclinic.WebUiKeywords.closeBrowser is PASSED
2026-04-26 00:17:03.734 ERROR c.k.katalon.core.main.TestCaseExecutor   - ❌ Test Cases/StaffTables/TC-010-Patient-filter-gender FAILED.
Reason:
com.kms.katalon.core.exception.StepFailedException: Expected URL to contain '/dashboard', actual URL: http://staff.localhost:3000/login
	at com.kms.katalon.core.util.KeywordUtil.markFailedAndStop(KeywordUtil.java:30)
	at java.base/jdk.internal.reflect.DirectMethodHandleAccessor.invoke(DirectMethodHandleAccessor.java:103)
	at pulseclinic.WebUiKeywords.verifyUrlContains(WebUiKeywords.groovy:68)
	at java.base/jdk.internal.reflect.DirectMethodHandleAccessor.invoke(DirectMethodHandleAccessor.java:103)
	at pulseclinic.WebUiKeywords.loginWithCredentials(WebUiKeywords.groovy:78)
	at java.base/jdk.internal.reflect.DirectMethodHandleAccessor.invoke(DirectMethodHandleAccessor.java:103)
	at pulseclinic.WebUiKeywords.loginAsStaff(WebUiKeywords.groovy:83)
	at java.base/jdk.internal.reflect.DirectMethodHandleAccessor.invoke(DirectMethodHandleAccessor.java:103)
	at com.kms.katalon.core.main.CustomKeywordDelegatingMetaClass.invokeStaticMethod(CustomKeywordDelegatingMetaClass.java:55)
	at Script20260425152000.run(Script20260425152000.groovy:6)
	at com.kms.katalon.core.main.ScriptEngine.run(ScriptEngine.java:194)
	at com.kms.katalon.core.main.ScriptEngine.runScriptAsRawText(ScriptEngine.java:119)
	at com.kms.katalon.core.main.TestCaseExecutor.runScript(TestCaseExecutor.java:502)
	at com.kms.katalon.core.main.TestCaseExecutor.doExecute(TestCaseExecutor.java:493)
	at com.kms.katalon.core.main.TestCaseExecutor.processExecutionPhase(TestCaseExecutor.java:472)
	at com.kms.katalon.core.main.TestCaseExecutor.accessMainPhase(TestCaseExecutor.java:464)
	at com.kms.katalon.core.main.TestCaseExecutor.execute(TestCaseExecutor.java:334)
	at com.kms.katalon.core.common.CommonExecutor.accessTestCaseMainPhase(CommonExecutor.java:71)
	at com.kms.katalon.core.main.TestSuiteExecutor.accessTestSuiteMainPhase(TestSuiteExecutor.java:163)
	at com.kms.katalon.core.main.TestSuiteExecutor.execute(TestSuiteExecutor.java:120)
	at com.kms.katalon.core.main.TestCaseMain.startTestSuite(TestCaseMain.java:205)
	at S0.run(S0.groovy:40)
	at java.base/jdk.internal.reflect.DirectMethodHandleAccessor.invoke(DirectMethodHandleAccessor.java:103)

2026-04-26 00:17:03.735 INFO  c.k.katalon.core.main.TestCaseExecutor   - END Test Cases/StaffTables/TC-010-Patient-filter-gender
2026-04-26 00:17:03.738 INFO  c.k.katalon.core.main.TestCaseExecutor   - --------------------
2026-04-26 00:17:03.738 INFO  c.k.katalon.core.main.TestCaseExecutor   - START Test Cases/StaffTables/TC-011-Patient-filter-insurance
2026-04-26 00:17:03.769 DEBUG t.TC-001-Open-HMS-role-selection         - 1: try
2026-04-26 00:17:03.770 DEBUG t.TC-001-Open-HMS-role-selection         - 1: pulseclinic.WebUiKeywords.loginAsStaff()
2026-04-26 00:17:03.773 INFO  c.k.k.core.webui.driver.DriverFactory    - Starting 'Edge Chromium' driver
2026-04-26 00:17:03.775 INFO  c.k.k.core.webui.driver.DriverFactory    - Action delay is set to 0 milliseconds
Apr 26, 2026 12:17:04 AM org.openqa.selenium.devtools.CdpVersionFinder findNearestMatch
WARNING: Unable to find an exact match for CDP version 147, returning the closest version; found: 143; Please update to a Selenium version that supports CDP version 147
2026-04-26 00:17:04.691 INFO  c.k.k.core.webui.driver.DriverFactory    - sessionId = ef25f1a68900c8427770bfa164843ef5
2026-04-26 00:17:04.692 INFO  c.k.k.core.webui.driver.DriverFactory    - browser = Edge Chromium 147.0.3912.72
2026-04-26 00:17:04.692 INFO  c.k.k.core.webui.driver.DriverFactory    - platform = Windows 11
2026-04-26 00:17:04.692 INFO  c.k.k.core.webui.driver.DriverFactory    - seleniumVersion = 4.39.0
2026-04-26 00:17:04.693 INFO  c.k.k.core.webui.driver.DriverFactory    - proxyInformation = ProxyInformation { proxyOption=NO_PROXY, proxyServerType=HTTP, username=, password=********, proxyServerAddress=, proxyServerPort=0, executionList="", isApplyToDesiredCapabilities=true }
2026-04-26 00:17:07.942 ERROR k.k.c.m.CustomKeywordDelegatingMetaClass - ❌ Expected URL to contain '/dashboard', actual URL: http://staff.localhost:3000/login
2026-04-26 00:17:07.944 DEBUG t.TC-001-Open-HMS-role-selection         - 2: Finally
2026-04-26 00:17:07.945 DEBUG t.TC-001-Open-HMS-role-selection         - 1: pulseclinic.WebUiKeywords.closeBrowser()
2026-04-26 00:17:08.114 INFO  k.k.c.m.CustomKeywordDelegatingMetaClass - pulseclinic.WebUiKeywords.closeBrowser is PASSED
2026-04-26 00:17:08.115 ERROR c.k.katalon.core.main.TestCaseExecutor   - ❌ Test Cases/StaffTables/TC-011-Patient-filter-insurance FAILED.
Reason:
com.kms.katalon.core.exception.StepFailedException: Expected URL to contain '/dashboard', actual URL: http://staff.localhost:3000/login
	at com.kms.katalon.core.util.KeywordUtil.markFailedAndStop(KeywordUtil.java:30)
	at java.base/jdk.internal.reflect.DirectMethodHandleAccessor.invoke(DirectMethodHandleAccessor.java:103)
	at pulseclinic.WebUiKeywords.verifyUrlContains(WebUiKeywords.groovy:68)
	at java.base/jdk.internal.reflect.DirectMethodHandleAccessor.invoke(DirectMethodHandleAccessor.java:103)
	at pulseclinic.WebUiKeywords.loginWithCredentials(WebUiKeywords.groovy:78)
	at java.base/jdk.internal.reflect.DirectMethodHandleAccessor.invoke(DirectMethodHandleAccessor.java:103)
	at pulseclinic.WebUiKeywords.loginAsStaff(WebUiKeywords.groovy:83)
	at java.base/jdk.internal.reflect.DirectMethodHandleAccessor.invoke(DirectMethodHandleAccessor.java:103)
	at com.kms.katalon.core.main.CustomKeywordDelegatingMetaClass.invokeStaticMethod(CustomKeywordDelegatingMetaClass.java:55)
	at Script20260425152000.run(Script20260425152000.groovy:6)
	at com.kms.katalon.core.main.ScriptEngine.run(ScriptEngine.java:194)
	at com.kms.katalon.core.main.ScriptEngine.runScriptAsRawText(ScriptEngine.java:119)
	at com.kms.katalon.core.main.TestCaseExecutor.runScript(TestCaseExecutor.java:502)
	at com.kms.katalon.core.main.TestCaseExecutor.doExecute(TestCaseExecutor.java:493)
	at com.kms.katalon.core.main.TestCaseExecutor.processExecutionPhase(TestCaseExecutor.java:472)
	at com.kms.katalon.core.main.TestCaseExecutor.accessMainPhase(TestCaseExecutor.java:464)
	at com.kms.katalon.core.main.TestCaseExecutor.execute(TestCaseExecutor.java:334)
	at com.kms.katalon.core.common.CommonExecutor.accessTestCaseMainPhase(CommonExecutor.java:71)
	at com.kms.katalon.core.main.TestSuiteExecutor.accessTestSuiteMainPhase(TestSuiteExecutor.java:163)
	at com.kms.katalon.core.main.TestSuiteExecutor.execute(TestSuiteExecutor.java:120)
	at com.kms.katalon.core.main.TestCaseMain.startTestSuite(TestCaseMain.java:205)
	at S0.run(S0.groovy:40)
	at java.base/jdk.internal.reflect.DirectMethodHandleAccessor.invoke(DirectMethodHandleAccessor.java:103)

2026-04-26 00:17:08.116 INFO  c.k.katalon.core.main.TestCaseExecutor   - END Test Cases/StaffTables/TC-011-Patient-filter-insurance
2026-04-26 00:17:08.118 INFO  c.k.katalon.core.main.TestCaseExecutor   - --------------------
2026-04-26 00:17:08.119 INFO  c.k.katalon.core.main.TestCaseExecutor   - START Test Cases/StaffTables/TC-012-Drug-catalog-table
2026-04-26 00:17:08.149 DEBUG t.TC-001-Open-HMS-role-selection         - 1: try
2026-04-26 00:17:08.150 DEBUG t.TC-001-Open-HMS-role-selection         - 1: pulseclinic.WebUiKeywords.loginAsStaff()
2026-04-26 00:17:08.151 INFO  c.k.k.core.webui.driver.DriverFactory    - Starting 'Edge Chromium' driver
2026-04-26 00:17:08.152 INFO  c.k.k.core.webui.driver.DriverFactory    - Action delay is set to 0 milliseconds
Apr 26, 2026 12:17:08 AM org.openqa.selenium.devtools.CdpVersionFinder findNearestMatch
WARNING: Unable to find an exact match for CDP version 147, returning the closest version; found: 143; Please update to a Selenium version that supports CDP version 147
2026-04-26 00:17:09.010 INFO  c.k.k.core.webui.driver.DriverFactory    - sessionId = 1b05029587c199a5c9d5e68aa2e8277b
2026-04-26 00:17:09.010 INFO  c.k.k.core.webui.driver.DriverFactory    - browser = Edge Chromium 147.0.3912.72
2026-04-26 00:17:09.010 INFO  c.k.k.core.webui.driver.DriverFactory    - platform = Windows 11
2026-04-26 00:17:09.011 INFO  c.k.k.core.webui.driver.DriverFactory    - seleniumVersion = 4.39.0
2026-04-26 00:17:09.011 INFO  c.k.k.core.webui.driver.DriverFactory    - proxyInformation = ProxyInformation { proxyOption=NO_PROXY, proxyServerType=HTTP, username=, password=********, proxyServerAddress=, proxyServerPort=0, executionList="", isApplyToDesiredCapabilities=true }
2026-04-26 00:17:12.586 ERROR k.k.c.m.CustomKeywordDelegatingMetaClass - ❌ Expected URL to contain '/dashboard', actual URL: http://staff.localhost:3000/login
2026-04-26 00:17:12.589 DEBUG t.TC-001-Open-HMS-role-selection         - 2: Finally
2026-04-26 00:17:12.591 DEBUG t.TC-001-Open-HMS-role-selection         - 1: pulseclinic.WebUiKeywords.closeBrowser()
2026-04-26 00:17:12.839 INFO  k.k.c.m.CustomKeywordDelegatingMetaClass - pulseclinic.WebUiKeywords.closeBrowser is PASSED
2026-04-26 00:17:12.840 ERROR c.k.katalon.core.main.TestCaseExecutor   - ❌ Test Cases/StaffTables/TC-012-Drug-catalog-table FAILED.
Reason:
com.kms.katalon.core.exception.StepFailedException: Expected URL to contain '/dashboard', actual URL: http://staff.localhost:3000/login
	at com.kms.katalon.core.util.KeywordUtil.markFailedAndStop(KeywordUtil.java:30)
	at java.base/jdk.internal.reflect.DirectMethodHandleAccessor.invoke(DirectMethodHandleAccessor.java:103)
	at pulseclinic.WebUiKeywords.verifyUrlContains(WebUiKeywords.groovy:68)
	at java.base/jdk.internal.reflect.DirectMethodHandleAccessor.invoke(DirectMethodHandleAccessor.java:103)
	at pulseclinic.WebUiKeywords.loginWithCredentials(WebUiKeywords.groovy:78)
	at java.base/jdk.internal.reflect.DirectMethodHandleAccessor.invoke(DirectMethodHandleAccessor.java:103)
	at pulseclinic.WebUiKeywords.loginAsStaff(WebUiKeywords.groovy:83)
	at java.base/jdk.internal.reflect.DirectMethodHandleAccessor.invoke(DirectMethodHandleAccessor.java:103)
	at com.kms.katalon.core.main.CustomKeywordDelegatingMetaClass.invokeStaticMethod(CustomKeywordDelegatingMetaClass.java:55)
	at Script20260425152000.run(Script20260425152000.groovy:6)
	at com.kms.katalon.core.main.ScriptEngine.run(ScriptEngine.java:194)
	at com.kms.katalon.core.main.ScriptEngine.runScriptAsRawText(ScriptEngine.java:119)
	at com.kms.katalon.core.main.TestCaseExecutor.runScript(TestCaseExecutor.java:502)
	at com.kms.katalon.core.main.TestCaseExecutor.doExecute(TestCaseExecutor.java:493)
	at com.kms.katalon.core.main.TestCaseExecutor.processExecutionPhase(TestCaseExecutor.java:472)
	at com.kms.katalon.core.main.TestCaseExecutor.accessMainPhase(TestCaseExecutor.java:464)
	at com.kms.katalon.core.main.TestCaseExecutor.execute(TestCaseExecutor.java:334)
	at com.kms.katalon.core.common.CommonExecutor.accessTestCaseMainPhase(CommonExecutor.java:71)
	at com.kms.katalon.core.main.TestSuiteExecutor.accessTestSuiteMainPhase(TestSuiteExecutor.java:163)
	at com.kms.katalon.core.main.TestSuiteExecutor.execute(TestSuiteExecutor.java:120)
	at com.kms.katalon.core.main.TestCaseMain.startTestSuite(TestCaseMain.java:205)
	at S0.run(S0.groovy:40)
	at java.base/jdk.internal.reflect.DirectMethodHandleAccessor.invoke(DirectMethodHandleAccessor.java:103)

2026-04-26 00:17:12.841 INFO  c.k.katalon.core.main.TestCaseExecutor   - END Test Cases/StaffTables/TC-012-Drug-catalog-table
2026-04-26 00:17:12.845 INFO  c.k.katalon.core.main.TestCaseExecutor   - --------------------
2026-04-26 00:17:12.845 INFO  c.k.katalon.core.main.TestCaseExecutor   - START Test Cases/StaffTables/TC-013-Drug-search
2026-04-26 00:17:12.907 DEBUG t.TC-001-Open-HMS-role-selection         - 1: try
2026-04-26 00:17:12.908 DEBUG t.TC-001-Open-HMS-role-selection         - 1: pulseclinic.WebUiKeywords.loginAsStaff()
2026-04-26 00:17:12.910 INFO  c.k.k.core.webui.driver.DriverFactory    - Starting 'Edge Chromium' driver
2026-04-26 00:17:12.914 INFO  c.k.k.core.webui.driver.DriverFactory    - Action delay is set to 0 milliseconds
Apr 26, 2026 12:17:13 AM org.openqa.selenium.devtools.CdpVersionFinder findNearestMatch
WARNING: Unable to find an exact match for CDP version 147, returning the closest version; found: 143; Please update to a Selenium version that supports CDP version 147
2026-04-26 00:17:13.936 INFO  c.k.k.core.webui.driver.DriverFactory    - sessionId = fa78f0ebe0cee172667e7f3ada5cc3a5
2026-04-26 00:17:13.937 INFO  c.k.k.core.webui.driver.DriverFactory    - browser = Edge Chromium 147.0.3912.72
2026-04-26 00:17:13.938 INFO  c.k.k.core.webui.driver.DriverFactory    - platform = Windows 11
2026-04-26 00:17:13.938 INFO  c.k.k.core.webui.driver.DriverFactory    - seleniumVersion = 4.39.0
2026-04-26 00:17:13.940 INFO  c.k.k.core.webui.driver.DriverFactory    - proxyInformation = ProxyInformation { proxyOption=NO_PROXY, proxyServerType=HTTP, username=, password=********, proxyServerAddress=, proxyServerPort=0, executionList="", isApplyToDesiredCapabilities=true }
2026-04-26 00:17:17.935 ERROR k.k.c.m.CustomKeywordDelegatingMetaClass - ❌ Expected URL to contain '/dashboard', actual URL: http://staff.localhost:3000/login
2026-04-26 00:17:17.937 DEBUG t.TC-001-Open-HMS-role-selection         - 2: Finally
2026-04-26 00:17:17.939 DEBUG t.TC-001-Open-HMS-role-selection         - 1: pulseclinic.WebUiKeywords.closeBrowser()
2026-04-26 00:17:18.302 INFO  k.k.c.m.CustomKeywordDelegatingMetaClass - pulseclinic.WebUiKeywords.closeBrowser is PASSED
2026-04-26 00:17:18.303 ERROR c.k.katalon.core.main.TestCaseExecutor   - ❌ Test Cases/StaffTables/TC-013-Drug-search FAILED.
Reason:
com.kms.katalon.core.exception.StepFailedException: Expected URL to contain '/dashboard', actual URL: http://staff.localhost:3000/login
	at com.kms.katalon.core.util.KeywordUtil.markFailedAndStop(KeywordUtil.java:30)
	at java.base/jdk.internal.reflect.DirectMethodHandleAccessor.invoke(DirectMethodHandleAccessor.java:103)
	at pulseclinic.WebUiKeywords.verifyUrlContains(WebUiKeywords.groovy:68)
	at java.base/jdk.internal.reflect.DirectMethodHandleAccessor.invoke(DirectMethodHandleAccessor.java:103)
	at pulseclinic.WebUiKeywords.loginWithCredentials(WebUiKeywords.groovy:78)
	at java.base/jdk.internal.reflect.DirectMethodHandleAccessor.invoke(DirectMethodHandleAccessor.java:103)
	at pulseclinic.WebUiKeywords.loginAsStaff(WebUiKeywords.groovy:83)
	at java.base/jdk.internal.reflect.DirectMethodHandleAccessor.invoke(DirectMethodHandleAccessor.java:103)
	at com.kms.katalon.core.main.CustomKeywordDelegatingMetaClass.invokeStaticMethod(CustomKeywordDelegatingMetaClass.java:55)
	at Script20260425152000.run(Script20260425152000.groovy:6)
	at com.kms.katalon.core.main.ScriptEngine.run(ScriptEngine.java:194)
	at com.kms.katalon.core.main.ScriptEngine.runScriptAsRawText(ScriptEngine.java:119)
	at com.kms.katalon.core.main.TestCaseExecutor.runScript(TestCaseExecutor.java:502)
	at com.kms.katalon.core.main.TestCaseExecutor.doExecute(TestCaseExecutor.java:493)
	at com.kms.katalon.core.main.TestCaseExecutor.processExecutionPhase(TestCaseExecutor.java:472)
	at com.kms.katalon.core.main.TestCaseExecutor.accessMainPhase(TestCaseExecutor.java:464)
	at com.kms.katalon.core.main.TestCaseExecutor.execute(TestCaseExecutor.java:334)
	at com.kms.katalon.core.common.CommonExecutor.accessTestCaseMainPhase(CommonExecutor.java:71)
	at com.kms.katalon.core.main.TestSuiteExecutor.accessTestSuiteMainPhase(TestSuiteExecutor.java:163)
	at com.kms.katalon.core.main.TestSuiteExecutor.execute(TestSuiteExecutor.java:120)
	at com.kms.katalon.core.main.TestCaseMain.startTestSuite(TestCaseMain.java:205)
	at S0.run(S0.groovy:40)
	at java.base/jdk.internal.reflect.DirectMethodHandleAccessor.invoke(DirectMethodHandleAccessor.java:103)

2026-04-26 00:17:18.310 INFO  c.k.katalon.core.main.TestCaseExecutor   - END Test Cases/StaffTables/TC-013-Drug-search
2026-04-26 00:17:18.314 INFO  c.k.katalon.core.main.TestCaseExecutor   - --------------------
2026-04-26 00:17:18.314 INFO  c.k.katalon.core.main.TestCaseExecutor   - START Test Cases/StaffTables/TC-014-Drug-filter-dosage-unit
2026-04-26 00:17:18.357 DEBUG t.TC-001-Open-HMS-role-selection         - 1: try
2026-04-26 00:17:18.359 DEBUG t.TC-001-Open-HMS-role-selection         - 1: pulseclinic.WebUiKeywords.loginAsStaff()
2026-04-26 00:17:18.360 INFO  c.k.k.core.webui.driver.DriverFactory    - Starting 'Edge Chromium' driver
2026-04-26 00:17:18.365 INFO  c.k.k.core.webui.driver.DriverFactory    - Action delay is set to 0 milliseconds
Apr 26, 2026 12:17:19 AM org.openqa.selenium.devtools.CdpVersionFinder findNearestMatch
WARNING: Unable to find an exact match for CDP version 147, returning the closest version; found: 143; Please update to a Selenium version that supports CDP version 147
2026-04-26 00:17:19.302 INFO  c.k.k.core.webui.driver.DriverFactory    - sessionId = cad33978cf4d61580cc8c62433a87928
2026-04-26 00:17:19.303 INFO  c.k.k.core.webui.driver.DriverFactory    - browser = Edge Chromium 147.0.3912.72
2026-04-26 00:17:19.303 INFO  c.k.k.core.webui.driver.DriverFactory    - platform = Windows 11
2026-04-26 00:17:19.303 INFO  c.k.k.core.webui.driver.DriverFactory    - seleniumVersion = 4.39.0
2026-04-26 00:17:19.304 INFO  c.k.k.core.webui.driver.DriverFactory    - proxyInformation = ProxyInformation { proxyOption=NO_PROXY, proxyServerType=HTTP, username=, password=********, proxyServerAddress=, proxyServerPort=0, executionList="", isApplyToDesiredCapabilities=true }
2026-04-26 00:17:22.996 ERROR k.k.c.m.CustomKeywordDelegatingMetaClass - ❌ Expected URL to contain '/dashboard', actual URL: http://staff.localhost:3000/login
2026-04-26 00:17:22.998 DEBUG t.TC-001-Open-HMS-role-selection         - 2: Finally
2026-04-26 00:17:23.000 DEBUG t.TC-001-Open-HMS-role-selection         - 1: pulseclinic.WebUiKeywords.closeBrowser()
2026-04-26 00:17:23.214 INFO  k.k.c.m.CustomKeywordDelegatingMetaClass - pulseclinic.WebUiKeywords.closeBrowser is PASSED
2026-04-26 00:17:23.215 ERROR c.k.katalon.core.main.TestCaseExecutor   - ❌ Test Cases/StaffTables/TC-014-Drug-filter-dosage-unit FAILED.
Reason:
com.kms.katalon.core.exception.StepFailedException: Expected URL to contain '/dashboard', actual URL: http://staff.localhost:3000/login
	at com.kms.katalon.core.util.KeywordUtil.markFailedAndStop(KeywordUtil.java:30)
	at java.base/jdk.internal.reflect.DirectMethodHandleAccessor.invoke(DirectMethodHandleAccessor.java:103)
	at pulseclinic.WebUiKeywords.verifyUrlContains(WebUiKeywords.groovy:68)
	at java.base/jdk.internal.reflect.DirectMethodHandleAccessor.invoke(DirectMethodHandleAccessor.java:103)
	at pulseclinic.WebUiKeywords.loginWithCredentials(WebUiKeywords.groovy:78)
	at java.base/jdk.internal.reflect.DirectMethodHandleAccessor.invoke(DirectMethodHandleAccessor.java:103)
	at pulseclinic.WebUiKeywords.loginAsStaff(WebUiKeywords.groovy:83)
	at java.base/jdk.internal.reflect.DirectMethodHandleAccessor.invoke(DirectMethodHandleAccessor.java:103)
	at com.kms.katalon.core.main.CustomKeywordDelegatingMetaClass.invokeStaticMethod(CustomKeywordDelegatingMetaClass.java:55)
	at Script20260425152000.run(Script20260425152000.groovy:6)
	at com.kms.katalon.core.main.ScriptEngine.run(ScriptEngine.java:194)
	at com.kms.katalon.core.main.ScriptEngine.runScriptAsRawText(ScriptEngine.java:119)
	at com.kms.katalon.core.main.TestCaseExecutor.runScript(TestCaseExecutor.java:502)
	at com.kms.katalon.core.main.TestCaseExecutor.doExecute(TestCaseExecutor.java:493)
	at com.kms.katalon.core.main.TestCaseExecutor.processExecutionPhase(TestCaseExecutor.java:472)
	at com.kms.katalon.core.main.TestCaseExecutor.accessMainPhase(TestCaseExecutor.java:464)
	at com.kms.katalon.core.main.TestCaseExecutor.execute(TestCaseExecutor.java:334)
	at com.kms.katalon.core.common.CommonExecutor.accessTestCaseMainPhase(CommonExecutor.java:71)
	at com.kms.katalon.core.main.TestSuiteExecutor.accessTestSuiteMainPhase(TestSuiteExecutor.java:163)
	at com.kms.katalon.core.main.TestSuiteExecutor.execute(TestSuiteExecutor.java:120)
	at com.kms.katalon.core.main.TestCaseMain.startTestSuite(TestCaseMain.java:205)
	at S0.run(S0.groovy:40)
	at java.base/jdk.internal.reflect.DirectMethodHandleAccessor.invoke(DirectMethodHandleAccessor.java:103)

2026-04-26 00:17:23.216 INFO  c.k.katalon.core.main.TestCaseExecutor   - END Test Cases/StaffTables/TC-014-Drug-filter-dosage-unit
2026-04-26 00:17:23.219 INFO  c.k.katalon.core.main.TestCaseExecutor   - --------------------
2026-04-26 00:17:23.219 INFO  c.k.katalon.core.main.TestCaseExecutor   - START Test Cases/StaffTables/TC-015-Room-search
2026-04-26 00:17:23.276 DEBUG t.TC-001-Open-HMS-role-selection         - 1: try
2026-04-26 00:17:23.278 DEBUG t.TC-001-Open-HMS-role-selection         - 1: pulseclinic.WebUiKeywords.loginAsStaff()
2026-04-26 00:17:23.279 INFO  c.k.k.core.webui.driver.DriverFactory    - Starting 'Edge Chromium' driver
2026-04-26 00:17:23.284 INFO  c.k.k.core.webui.driver.DriverFactory    - Action delay is set to 0 milliseconds
Apr 26, 2026 12:17:24 AM org.openqa.selenium.devtools.CdpVersionFinder findNearestMatch
WARNING: Unable to find an exact match for CDP version 147, returning the closest version; found: 143; Please update to a Selenium version that supports CDP version 147
2026-04-26 00:17:24.165 INFO  c.k.k.core.webui.driver.DriverFactory    - sessionId = 39eec225fdb7a7bb4c48e25b64655d28
2026-04-26 00:17:24.165 INFO  c.k.k.core.webui.driver.DriverFactory    - browser = Edge Chromium 147.0.3912.72
2026-04-26 00:17:24.166 INFO  c.k.k.core.webui.driver.DriverFactory    - platform = Windows 11
2026-04-26 00:17:24.166 INFO  c.k.k.core.webui.driver.DriverFactory    - seleniumVersion = 4.39.0
2026-04-26 00:17:24.166 INFO  c.k.k.core.webui.driver.DriverFactory    - proxyInformation = ProxyInformation { proxyOption=NO_PROXY, proxyServerType=HTTP, username=, password=********, proxyServerAddress=, proxyServerPort=0, executionList="", isApplyToDesiredCapabilities=true }
2026-04-26 00:17:27.717 ERROR k.k.c.m.CustomKeywordDelegatingMetaClass - ❌ Expected URL to contain '/dashboard', actual URL: http://staff.localhost:3000/login
2026-04-26 00:17:27.719 DEBUG t.TC-001-Open-HMS-role-selection         - 2: Finally
2026-04-26 00:17:27.721 DEBUG t.TC-001-Open-HMS-role-selection         - 1: pulseclinic.WebUiKeywords.closeBrowser()
2026-04-26 00:17:27.952 INFO  k.k.c.m.CustomKeywordDelegatingMetaClass - pulseclinic.WebUiKeywords.closeBrowser is PASSED
2026-04-26 00:17:27.953 ERROR c.k.katalon.core.main.TestCaseExecutor   - ❌ Test Cases/StaffTables/TC-015-Room-search FAILED.
Reason:
com.kms.katalon.core.exception.StepFailedException: Expected URL to contain '/dashboard', actual URL: http://staff.localhost:3000/login
	at com.kms.katalon.core.util.KeywordUtil.markFailedAndStop(KeywordUtil.java:30)
	at java.base/jdk.internal.reflect.DirectMethodHandleAccessor.invoke(DirectMethodHandleAccessor.java:103)
	at pulseclinic.WebUiKeywords.verifyUrlContains(WebUiKeywords.groovy:68)
	at java.base/jdk.internal.reflect.DirectMethodHandleAccessor.invoke(DirectMethodHandleAccessor.java:103)
	at pulseclinic.WebUiKeywords.loginWithCredentials(WebUiKeywords.groovy:78)
	at java.base/jdk.internal.reflect.DirectMethodHandleAccessor.invoke(DirectMethodHandleAccessor.java:103)
	at pulseclinic.WebUiKeywords.loginAsStaff(WebUiKeywords.groovy:83)
	at java.base/jdk.internal.reflect.DirectMethodHandleAccessor.invoke(DirectMethodHandleAccessor.java:103)
	at com.kms.katalon.core.main.CustomKeywordDelegatingMetaClass.invokeStaticMethod(CustomKeywordDelegatingMetaClass.java:55)
	at Script20260425152000.run(Script20260425152000.groovy:6)
	at com.kms.katalon.core.main.ScriptEngine.run(ScriptEngine.java:194)
	at com.kms.katalon.core.main.ScriptEngine.runScriptAsRawText(ScriptEngine.java:119)
	at com.kms.katalon.core.main.TestCaseExecutor.runScript(TestCaseExecutor.java:502)
	at com.kms.katalon.core.main.TestCaseExecutor.doExecute(TestCaseExecutor.java:493)
	at com.kms.katalon.core.main.TestCaseExecutor.processExecutionPhase(TestCaseExecutor.java:472)
	at com.kms.katalon.core.main.TestCaseExecutor.accessMainPhase(TestCaseExecutor.java:464)
	at com.kms.katalon.core.main.TestCaseExecutor.execute(TestCaseExecutor.java:334)
	at com.kms.katalon.core.common.CommonExecutor.accessTestCaseMainPhase(CommonExecutor.java:71)
	at com.kms.katalon.core.main.TestSuiteExecutor.accessTestSuiteMainPhase(TestSuiteExecutor.java:163)
	at com.kms.katalon.core.main.TestSuiteExecutor.execute(TestSuiteExecutor.java:120)
	at com.kms.katalon.core.main.TestCaseMain.startTestSuite(TestCaseMain.java:205)
	at S0.run(S0.groovy:40)
	at java.base/jdk.internal.reflect.DirectMethodHandleAccessor.invoke(DirectMethodHandleAccessor.java:103)

2026-04-26 00:17:27.955 INFO  c.k.katalon.core.main.TestCaseExecutor   - END Test Cases/StaffTables/TC-015-Room-search
2026-04-26 00:17:27.958 INFO  c.k.katalon.core.main.TestCaseExecutor   - --------------------
2026-04-26 00:17:27.958 INFO  c.k.katalon.core.main.TestCaseExecutor   - START Test Cases/StaffTables/TC-016-Room-filter-status
2026-04-26 00:17:28.011 DEBUG t.TC-001-Open-HMS-role-selection         - 1: try
2026-04-26 00:17:28.013 DEBUG t.TC-001-Open-HMS-role-selection         - 1: pulseclinic.WebUiKeywords.loginAsStaff()
2026-04-26 00:17:28.015 INFO  c.k.k.core.webui.driver.DriverFactory    - Starting 'Edge Chromium' driver
2026-04-26 00:17:28.018 INFO  c.k.k.core.webui.driver.DriverFactory    - Action delay is set to 0 milliseconds
Apr 26, 2026 12:17:28 AM org.openqa.selenium.devtools.CdpVersionFinder findNearestMatch
WARNING: Unable to find an exact match for CDP version 147, returning the closest version; found: 143; Please update to a Selenium version that supports CDP version 147
2026-04-26 00:17:29.062 INFO  c.k.k.core.webui.driver.DriverFactory    - sessionId = d9f2da36f7a12554a786803c909eaf16
2026-04-26 00:17:29.063 INFO  c.k.k.core.webui.driver.DriverFactory    - browser = Edge Chromium 147.0.3912.72
2026-04-26 00:17:29.064 INFO  c.k.k.core.webui.driver.DriverFactory    - platform = Windows 11
2026-04-26 00:17:29.065 INFO  c.k.k.core.webui.driver.DriverFactory    - seleniumVersion = 4.39.0
2026-04-26 00:17:29.065 INFO  c.k.k.core.webui.driver.DriverFactory    - proxyInformation = ProxyInformation { proxyOption=NO_PROXY, proxyServerType=HTTP, username=, password=********, proxyServerAddress=, proxyServerPort=0, executionList="", isApplyToDesiredCapabilities=true }
2026-04-26 00:17:32.925 ERROR k.k.c.m.CustomKeywordDelegatingMetaClass - ❌ Expected URL to contain '/dashboard', actual URL: http://staff.localhost:3000/login
2026-04-26 00:17:32.927 DEBUG t.TC-001-Open-HMS-role-selection         - 2: Finally
2026-04-26 00:17:32.930 DEBUG t.TC-001-Open-HMS-role-selection         - 1: pulseclinic.WebUiKeywords.closeBrowser()
2026-04-26 00:17:33.727 INFO  k.k.c.m.CustomKeywordDelegatingMetaClass - pulseclinic.WebUiKeywords.closeBrowser is PASSED
2026-04-26 00:17:33.730 ERROR c.k.katalon.core.main.TestCaseExecutor   - ❌ Test Cases/StaffTables/TC-016-Room-filter-status FAILED.
Reason:
com.kms.katalon.core.exception.StepFailedException: Expected URL to contain '/dashboard', actual URL: http://staff.localhost:3000/login
	at com.kms.katalon.core.util.KeywordUtil.markFailedAndStop(KeywordUtil.java:30)
	at java.base/jdk.internal.reflect.DirectMethodHandleAccessor.invoke(DirectMethodHandleAccessor.java:103)
	at pulseclinic.WebUiKeywords.verifyUrlContains(WebUiKeywords.groovy:68)
	at java.base/jdk.internal.reflect.DirectMethodHandleAccessor.invoke(DirectMethodHandleAccessor.java:103)
	at pulseclinic.WebUiKeywords.loginWithCredentials(WebUiKeywords.groovy:78)
	at java.base/jdk.internal.reflect.DirectMethodHandleAccessor.invoke(DirectMethodHandleAccessor.java:103)
	at pulseclinic.WebUiKeywords.loginAsStaff(WebUiKeywords.groovy:83)
	at java.base/jdk.internal.reflect.DirectMethodHandleAccessor.invoke(DirectMethodHandleAccessor.java:103)
	at com.kms.katalon.core.main.CustomKeywordDelegatingMetaClass.invokeStaticMethod(CustomKeywordDelegatingMetaClass.java:55)
	at Script20260425152000.run(Script20260425152000.groovy:6)
	at com.kms.katalon.core.main.ScriptEngine.run(ScriptEngine.java:194)
	at com.kms.katalon.core.main.ScriptEngine.runScriptAsRawText(ScriptEngine.java:119)
	at com.kms.katalon.core.main.TestCaseExecutor.runScript(TestCaseExecutor.java:502)
	at com.kms.katalon.core.main.TestCaseExecutor.doExecute(TestCaseExecutor.java:493)
	at com.kms.katalon.core.main.TestCaseExecutor.processExecutionPhase(TestCaseExecutor.java:472)
	at com.kms.katalon.core.main.TestCaseExecutor.accessMainPhase(TestCaseExecutor.java:464)
	at com.kms.katalon.core.main.TestCaseExecutor.execute(TestCaseExecutor.java:334)
	at com.kms.katalon.core.common.CommonExecutor.accessTestCaseMainPhase(CommonExecutor.java:71)
	at com.kms.katalon.core.main.TestSuiteExecutor.accessTestSuiteMainPhase(TestSuiteExecutor.java:163)
	at com.kms.katalon.core.main.TestSuiteExecutor.execute(TestSuiteExecutor.java:120)
	at com.kms.katalon.core.main.TestCaseMain.startTestSuite(TestCaseMain.java:205)
	at S0.run(S0.groovy:40)
	at java.base/jdk.internal.reflect.DirectMethodHandleAccessor.invoke(DirectMethodHandleAccessor.java:103)

2026-04-26 00:17:33.732 INFO  c.k.katalon.core.main.TestCaseExecutor   - END Test Cases/StaffTables/TC-016-Room-filter-status
2026-04-26 00:17:33.738 INFO  c.k.katalon.core.main.TestCaseExecutor   - --------------------
2026-04-26 00:17:33.738 INFO  c.k.katalon.core.main.TestCaseExecutor   - START Test Cases/StaffTables/TC-017-Waitlist-priority-order
2026-04-26 00:17:33.888 DEBUG t.TC-001-Open-HMS-role-selection         - 1: try
2026-04-26 00:17:33.891 DEBUG t.TC-001-Open-HMS-role-selection         - 1: pulseclinic.WebUiKeywords.loginAsStaff()
2026-04-26 00:17:33.894 INFO  c.k.k.core.webui.driver.DriverFactory    - Starting 'Edge Chromium' driver
2026-04-26 00:17:33.899 INFO  c.k.k.core.webui.driver.DriverFactory    - Action delay is set to 0 milliseconds
Apr 26, 2026 12:17:35 AM org.openqa.selenium.devtools.CdpVersionFinder findNearestMatch
WARNING: Unable to find an exact match for CDP version 147, returning the closest version; found: 143; Please update to a Selenium version that supports CDP version 147
2026-04-26 00:17:35.309 INFO  c.k.k.core.webui.driver.DriverFactory    - sessionId = f33ced36f5e8e2d879b81d26ed7cd394
2026-04-26 00:17:35.310 INFO  c.k.k.core.webui.driver.DriverFactory    - browser = Edge Chromium 147.0.3912.72
2026-04-26 00:17:35.311 INFO  c.k.k.core.webui.driver.DriverFactory    - platform = Windows 11
2026-04-26 00:17:35.312 INFO  c.k.k.core.webui.driver.DriverFactory    - seleniumVersion = 4.39.0
2026-04-26 00:17:35.312 INFO  c.k.k.core.webui.driver.DriverFactory    - proxyInformation = ProxyInformation { proxyOption=NO_PROXY, proxyServerType=HTTP, username=, password=********, proxyServerAddress=, proxyServerPort=0, executionList="", isApplyToDesiredCapabilities=true }
2026-04-26 00:17:39.870 ERROR k.k.c.m.CustomKeywordDelegatingMetaClass - ❌ Expected URL to contain '/dashboard', actual URL: http://staff.localhost:3000/login
2026-04-26 00:17:39.872 DEBUG t.TC-001-Open-HMS-role-selection         - 2: Finally
2026-04-26 00:17:39.877 DEBUG t.TC-001-Open-HMS-role-selection         - 1: pulseclinic.WebUiKeywords.closeBrowser()
2026-04-26 00:17:40.252 INFO  k.k.c.m.CustomKeywordDelegatingMetaClass - pulseclinic.WebUiKeywords.closeBrowser is PASSED
2026-04-26 00:17:40.252 ERROR c.k.katalon.core.main.TestCaseExecutor   - ❌ Test Cases/StaffTables/TC-017-Waitlist-priority-order FAILED.
Reason:
com.kms.katalon.core.exception.StepFailedException: Expected URL to contain '/dashboard', actual URL: http://staff.localhost:3000/login
	at com.kms.katalon.core.util.KeywordUtil.markFailedAndStop(KeywordUtil.java:30)
	at java.base/jdk.internal.reflect.DirectMethodHandleAccessor.invoke(DirectMethodHandleAccessor.java:103)
	at pulseclinic.WebUiKeywords.verifyUrlContains(WebUiKeywords.groovy:68)
	at java.base/jdk.internal.reflect.DirectMethodHandleAccessor.invoke(DirectMethodHandleAccessor.java:103)
	at pulseclinic.WebUiKeywords.loginWithCredentials(WebUiKeywords.groovy:78)
	at java.base/jdk.internal.reflect.DirectMethodHandleAccessor.invoke(DirectMethodHandleAccessor.java:103)
	at pulseclinic.WebUiKeywords.loginAsStaff(WebUiKeywords.groovy:83)
	at java.base/jdk.internal.reflect.DirectMethodHandleAccessor.invoke(DirectMethodHandleAccessor.java:103)
	at com.kms.katalon.core.main.CustomKeywordDelegatingMetaClass.invokeStaticMethod(CustomKeywordDelegatingMetaClass.java:55)
	at Script20260425152000.run(Script20260425152000.groovy:6)
	at com.kms.katalon.core.main.ScriptEngine.run(ScriptEngine.java:194)
	at com.kms.katalon.core.main.ScriptEngine.runScriptAsRawText(ScriptEngine.java:119)
	at com.kms.katalon.core.main.TestCaseExecutor.runScript(TestCaseExecutor.java:502)
	at com.kms.katalon.core.main.TestCaseExecutor.doExecute(TestCaseExecutor.java:493)
	at com.kms.katalon.core.main.TestCaseExecutor.processExecutionPhase(TestCaseExecutor.java:472)
	at com.kms.katalon.core.main.TestCaseExecutor.accessMainPhase(TestCaseExecutor.java:464)
	at com.kms.katalon.core.main.TestCaseExecutor.execute(TestCaseExecutor.java:334)
	at com.kms.katalon.core.common.CommonExecutor.accessTestCaseMainPhase(CommonExecutor.java:71)
	at com.kms.katalon.core.main.TestSuiteExecutor.accessTestSuiteMainPhase(TestSuiteExecutor.java:163)
	at com.kms.katalon.core.main.TestSuiteExecutor.execute(TestSuiteExecutor.java:120)
	at com.kms.katalon.core.main.TestCaseMain.startTestSuite(TestCaseMain.java:205)
	at S0.run(S0.groovy:40)
	at java.base/jdk.internal.reflect.DirectMethodHandleAccessor.invoke(DirectMethodHandleAccessor.java:103)

2026-04-26 00:17:40.253 INFO  c.k.katalon.core.main.TestCaseExecutor   - END Test Cases/StaffTables/TC-017-Waitlist-priority-order
2026-04-26 00:17:40.257 INFO  c.k.katalon.core.main.TestCaseExecutor   - --------------------
2026-04-26 00:17:40.257 INFO  c.k.katalon.core.main.TestCaseExecutor   - START Test Cases/StaffTables/TC-018-Waitlist-filter-priority
2026-04-26 00:17:40.324 DEBUG t.TC-001-Open-HMS-role-selection         - 1: try
2026-04-26 00:17:40.327 DEBUG t.TC-001-Open-HMS-role-selection         - 1: pulseclinic.WebUiKeywords.loginAsStaff()
2026-04-26 00:17:40.329 INFO  c.k.k.core.webui.driver.DriverFactory    - Starting 'Edge Chromium' driver
2026-04-26 00:17:40.332 INFO  c.k.k.core.webui.driver.DriverFactory    - Action delay is set to 0 milliseconds
Apr 26, 2026 12:17:41 AM org.openqa.selenium.devtools.CdpVersionFinder findNearestMatch
WARNING: Unable to find an exact match for CDP version 147, returning the closest version; found: 143; Please update to a Selenium version that supports CDP version 147
2026-04-26 00:17:41.547 INFO  c.k.k.core.webui.driver.DriverFactory    - sessionId = c17f3b2aa75e87e30b96b00bb5749025
2026-04-26 00:17:41.547 INFO  c.k.k.core.webui.driver.DriverFactory    - browser = Edge Chromium 147.0.3912.72
2026-04-26 00:17:41.548 INFO  c.k.k.core.webui.driver.DriverFactory    - platform = Windows 11
2026-04-26 00:17:41.548 INFO  c.k.k.core.webui.driver.DriverFactory    - seleniumVersion = 4.39.0
2026-04-26 00:17:41.549 INFO  c.k.k.core.webui.driver.DriverFactory    - proxyInformation = ProxyInformation { proxyOption=NO_PROXY, proxyServerType=HTTP, username=, password=********, proxyServerAddress=, proxyServerPort=0, executionList="", isApplyToDesiredCapabilities=true }
2026-04-26 00:17:44.944 ERROR k.k.c.m.CustomKeywordDelegatingMetaClass - ❌ Expected URL to contain '/dashboard', actual URL: http://staff.localhost:3000/login
2026-04-26 00:17:44.947 DEBUG t.TC-001-Open-HMS-role-selection         - 2: Finally
2026-04-26 00:17:44.949 DEBUG t.TC-001-Open-HMS-role-selection         - 1: pulseclinic.WebUiKeywords.closeBrowser()
2026-04-26 00:17:45.191 INFO  k.k.c.m.CustomKeywordDelegatingMetaClass - pulseclinic.WebUiKeywords.closeBrowser is PASSED
2026-04-26 00:17:45.192 ERROR c.k.katalon.core.main.TestCaseExecutor   - ❌ Test Cases/StaffTables/TC-018-Waitlist-filter-priority FAILED.
Reason:
com.kms.katalon.core.exception.StepFailedException: Expected URL to contain '/dashboard', actual URL: http://staff.localhost:3000/login
	at com.kms.katalon.core.util.KeywordUtil.markFailedAndStop(KeywordUtil.java:30)
	at java.base/jdk.internal.reflect.DirectMethodHandleAccessor.invoke(DirectMethodHandleAccessor.java:103)
	at pulseclinic.WebUiKeywords.verifyUrlContains(WebUiKeywords.groovy:68)
	at java.base/jdk.internal.reflect.DirectMethodHandleAccessor.invoke(DirectMethodHandleAccessor.java:103)
	at pulseclinic.WebUiKeywords.loginWithCredentials(WebUiKeywords.groovy:78)
	at java.base/jdk.internal.reflect.DirectMethodHandleAccessor.invoke(DirectMethodHandleAccessor.java:103)
	at pulseclinic.WebUiKeywords.loginAsStaff(WebUiKeywords.groovy:83)
	at java.base/jdk.internal.reflect.DirectMethodHandleAccessor.invoke(DirectMethodHandleAccessor.java:103)
	at com.kms.katalon.core.main.CustomKeywordDelegatingMetaClass.invokeStaticMethod(CustomKeywordDelegatingMetaClass.java:55)
	at Script20260425152000.run(Script20260425152000.groovy:6)
	at com.kms.katalon.core.main.ScriptEngine.run(ScriptEngine.java:194)
	at com.kms.katalon.core.main.ScriptEngine.runScriptAsRawText(ScriptEngine.java:119)
	at com.kms.katalon.core.main.TestCaseExecutor.runScript(TestCaseExecutor.java:502)
	at com.kms.katalon.core.main.TestCaseExecutor.doExecute(TestCaseExecutor.java:493)
	at com.kms.katalon.core.main.TestCaseExecutor.processExecutionPhase(TestCaseExecutor.java:472)
	at com.kms.katalon.core.main.TestCaseExecutor.accessMainPhase(TestCaseExecutor.java:464)
	at com.kms.katalon.core.main.TestCaseExecutor.execute(TestCaseExecutor.java:334)
	at com.kms.katalon.core.common.CommonExecutor.accessTestCaseMainPhase(CommonExecutor.java:71)
	at com.kms.katalon.core.main.TestSuiteExecutor.accessTestSuiteMainPhase(TestSuiteExecutor.java:163)
	at com.kms.katalon.core.main.TestSuiteExecutor.execute(TestSuiteExecutor.java:120)
	at com.kms.katalon.core.main.TestCaseMain.startTestSuite(TestCaseMain.java:205)
	at S0.run(S0.groovy:40)
	at java.base/jdk.internal.reflect.DirectMethodHandleAccessor.invoke(DirectMethodHandleAccessor.java:103)

2026-04-26 00:17:45.194 INFO  c.k.katalon.core.main.TestCaseExecutor   - END Test Cases/StaffTables/TC-018-Waitlist-filter-priority
2026-04-26 00:17:45.198 INFO  c.k.katalon.core.main.TestCaseExecutor   - --------------------
2026-04-26 00:17:45.198 INFO  c.k.katalon.core.main.TestCaseExecutor   - START Test Cases/StaffTables/TC-019-Appointment-status-tabs
2026-04-26 00:17:45.257 DEBUG t.TC-001-Open-HMS-role-selection         - 1: try
2026-04-26 00:17:45.258 DEBUG t.TC-001-Open-HMS-role-selection         - 1: pulseclinic.WebUiKeywords.loginAsStaff()
2026-04-26 00:17:45.260 INFO  c.k.k.core.webui.driver.DriverFactory    - Starting 'Edge Chromium' driver
2026-04-26 00:17:45.264 INFO  c.k.k.core.webui.driver.DriverFactory    - Action delay is set to 0 milliseconds
Apr 26, 2026 12:17:46 AM org.openqa.selenium.devtools.CdpVersionFinder findNearestMatch
WARNING: Unable to find an exact match for CDP version 147, returning the closest version; found: 143; Please update to a Selenium version that supports CDP version 147
2026-04-26 00:17:46.234 INFO  c.k.k.core.webui.driver.DriverFactory    - sessionId = 0e4a4c30b37c2ad55ae82ce085155bf9
2026-04-26 00:17:46.235 INFO  c.k.k.core.webui.driver.DriverFactory    - browser = Edge Chromium 147.0.3912.72
2026-04-26 00:17:46.235 INFO  c.k.k.core.webui.driver.DriverFactory    - platform = Windows 11
2026-04-26 00:17:46.236 INFO  c.k.k.core.webui.driver.DriverFactory    - seleniumVersion = 4.39.0
2026-04-26 00:17:46.236 INFO  c.k.k.core.webui.driver.DriverFactory    - proxyInformation = ProxyInformation { proxyOption=NO_PROXY, proxyServerType=HTTP, username=, password=********, proxyServerAddress=, proxyServerPort=0, executionList="", isApplyToDesiredCapabilities=true }
2026-04-26 00:17:49.506 ERROR k.k.c.m.CustomKeywordDelegatingMetaClass - ❌ Expected URL to contain '/dashboard', actual URL: http://staff.localhost:3000/login
2026-04-26 00:17:49.507 DEBUG t.TC-001-Open-HMS-role-selection         - 2: Finally
2026-04-26 00:17:49.508 DEBUG t.TC-001-Open-HMS-role-selection         - 1: pulseclinic.WebUiKeywords.closeBrowser()
2026-04-26 00:17:49.731 INFO  k.k.c.m.CustomKeywordDelegatingMetaClass - pulseclinic.WebUiKeywords.closeBrowser is PASSED
2026-04-26 00:17:49.732 ERROR c.k.katalon.core.main.TestCaseExecutor   - ❌ Test Cases/StaffTables/TC-019-Appointment-status-tabs FAILED.
Reason:
com.kms.katalon.core.exception.StepFailedException: Expected URL to contain '/dashboard', actual URL: http://staff.localhost:3000/login
	at com.kms.katalon.core.util.KeywordUtil.markFailedAndStop(KeywordUtil.java:30)
	at java.base/jdk.internal.reflect.DirectMethodHandleAccessor.invoke(DirectMethodHandleAccessor.java:103)
	at pulseclinic.WebUiKeywords.verifyUrlContains(WebUiKeywords.groovy:68)
	at java.base/jdk.internal.reflect.DirectMethodHandleAccessor.invoke(DirectMethodHandleAccessor.java:103)
	at pulseclinic.WebUiKeywords.loginWithCredentials(WebUiKeywords.groovy:78)
	at java.base/jdk.internal.reflect.DirectMethodHandleAccessor.invoke(DirectMethodHandleAccessor.java:103)
	at pulseclinic.WebUiKeywords.loginAsStaff(WebUiKeywords.groovy:83)
	at java.base/jdk.internal.reflect.DirectMethodHandleAccessor.invoke(DirectMethodHandleAccessor.java:103)
	at com.kms.katalon.core.main.CustomKeywordDelegatingMetaClass.invokeStaticMethod(CustomKeywordDelegatingMetaClass.java:55)
	at Script20260425152000.run(Script20260425152000.groovy:6)
	at com.kms.katalon.core.main.ScriptEngine.run(ScriptEngine.java:194)
	at com.kms.katalon.core.main.ScriptEngine.runScriptAsRawText(ScriptEngine.java:119)
	at com.kms.katalon.core.main.TestCaseExecutor.runScript(TestCaseExecutor.java:502)
	at com.kms.katalon.core.main.TestCaseExecutor.doExecute(TestCaseExecutor.java:493)
	at com.kms.katalon.core.main.TestCaseExecutor.processExecutionPhase(TestCaseExecutor.java:472)
	at com.kms.katalon.core.main.TestCaseExecutor.accessMainPhase(TestCaseExecutor.java:464)
	at com.kms.katalon.core.main.TestCaseExecutor.execute(TestCaseExecutor.java:334)
	at com.kms.katalon.core.common.CommonExecutor.accessTestCaseMainPhase(CommonExecutor.java:71)
	at com.kms.katalon.core.main.TestSuiteExecutor.accessTestSuiteMainPhase(TestSuiteExecutor.java:163)
	at com.kms.katalon.core.main.TestSuiteExecutor.execute(TestSuiteExecutor.java:120)
	at com.kms.katalon.core.main.TestCaseMain.startTestSuite(TestCaseMain.java:205)
	at S0.run(S0.groovy:40)
	at java.base/jdk.internal.reflect.DirectMethodHandleAccessor.invoke(DirectMethodHandleAccessor.java:103)

2026-04-26 00:17:49.734 INFO  c.k.katalon.core.main.TestCaseExecutor   - END Test Cases/StaffTables/TC-019-Appointment-status-tabs
2026-04-26 00:17:49.737 INFO  c.k.katalon.core.main.TestCaseExecutor   - --------------------
2026-04-26 00:17:49.737 INFO  c.k.katalon.core.main.TestCaseExecutor   - START Test Cases/StaffTables/TC-020-Invoice-patient-search
2026-04-26 00:17:49.788 DEBUG t.TC-001-Open-HMS-role-selection         - 1: try
2026-04-26 00:17:49.789 DEBUG t.TC-001-Open-HMS-role-selection         - 1: pulseclinic.WebUiKeywords.loginAsStaff()
2026-04-26 00:17:49.792 INFO  c.k.k.core.webui.driver.DriverFactory    - Starting 'Edge Chromium' driver
2026-04-26 00:17:49.796 INFO  c.k.k.core.webui.driver.DriverFactory    - Action delay is set to 0 milliseconds
Apr 26, 2026 12:17:50 AM org.openqa.selenium.devtools.CdpVersionFinder findNearestMatch
WARNING: Unable to find an exact match for CDP version 147, returning the closest version; found: 143; Please update to a Selenium version that supports CDP version 147
2026-04-26 00:17:50.708 INFO  c.k.k.core.webui.driver.DriverFactory    - sessionId = 81544e3b1d322211cd52d8b8bd461d05
2026-04-26 00:17:50.710 INFO  c.k.k.core.webui.driver.DriverFactory    - browser = Edge Chromium 147.0.3912.72
2026-04-26 00:17:50.710 INFO  c.k.k.core.webui.driver.DriverFactory    - platform = Windows 11
2026-04-26 00:17:50.711 INFO  c.k.k.core.webui.driver.DriverFactory    - seleniumVersion = 4.39.0
2026-04-26 00:17:50.712 INFO  c.k.k.core.webui.driver.DriverFactory    - proxyInformation = ProxyInformation { proxyOption=NO_PROXY, proxyServerType=HTTP, username=, password=********, proxyServerAddress=, proxyServerPort=0, executionList="", isApplyToDesiredCapabilities=true }
2026-04-26 00:17:54.204 ERROR k.k.c.m.CustomKeywordDelegatingMetaClass - ❌ Expected URL to contain '/dashboard', actual URL: http://staff.localhost:3000/login
2026-04-26 00:17:54.207 DEBUG t.TC-001-Open-HMS-role-selection         - 2: Finally
2026-04-26 00:17:54.209 DEBUG t.TC-001-Open-HMS-role-selection         - 1: pulseclinic.WebUiKeywords.closeBrowser()
2026-04-26 00:17:54.444 INFO  k.k.c.m.CustomKeywordDelegatingMetaClass - pulseclinic.WebUiKeywords.closeBrowser is PASSED
2026-04-26 00:17:54.445 ERROR c.k.katalon.core.main.TestCaseExecutor   - ❌ Test Cases/StaffTables/TC-020-Invoice-patient-search FAILED.
Reason:
com.kms.katalon.core.exception.StepFailedException: Expected URL to contain '/dashboard', actual URL: http://staff.localhost:3000/login
	at com.kms.katalon.core.util.KeywordUtil.markFailedAndStop(KeywordUtil.java:30)
	at java.base/jdk.internal.reflect.DirectMethodHandleAccessor.invoke(DirectMethodHandleAccessor.java:103)
	at pulseclinic.WebUiKeywords.verifyUrlContains(WebUiKeywords.groovy:68)
	at java.base/jdk.internal.reflect.DirectMethodHandleAccessor.invoke(DirectMethodHandleAccessor.java:103)
	at pulseclinic.WebUiKeywords.loginWithCredentials(WebUiKeywords.groovy:78)
	at java.base/jdk.internal.reflect.DirectMethodHandleAccessor.invoke(DirectMethodHandleAccessor.java:103)
	at pulseclinic.WebUiKeywords.loginAsStaff(WebUiKeywords.groovy:83)
	at java.base/jdk.internal.reflect.DirectMethodHandleAccessor.invoke(DirectMethodHandleAccessor.java:103)
	at com.kms.katalon.core.main.CustomKeywordDelegatingMetaClass.invokeStaticMethod(CustomKeywordDelegatingMetaClass.java:55)
	at Script20260425152000.run(Script20260425152000.groovy:6)
	at com.kms.katalon.core.main.ScriptEngine.run(ScriptEngine.java:194)
	at com.kms.katalon.core.main.ScriptEngine.runScriptAsRawText(ScriptEngine.java:119)
	at com.kms.katalon.core.main.TestCaseExecutor.runScript(TestCaseExecutor.java:502)
	at com.kms.katalon.core.main.TestCaseExecutor.doExecute(TestCaseExecutor.java:493)
	at com.kms.katalon.core.main.TestCaseExecutor.processExecutionPhase(TestCaseExecutor.java:472)
	at com.kms.katalon.core.main.TestCaseExecutor.accessMainPhase(TestCaseExecutor.java:464)
	at com.kms.katalon.core.main.TestCaseExecutor.execute(TestCaseExecutor.java:334)
	at com.kms.katalon.core.common.CommonExecutor.accessTestCaseMainPhase(CommonExecutor.java:71)
	at com.kms.katalon.core.main.TestSuiteExecutor.accessTestSuiteMainPhase(TestSuiteExecutor.java:163)
	at com.kms.katalon.core.main.TestSuiteExecutor.execute(TestSuiteExecutor.java:120)
	at com.kms.katalon.core.main.TestCaseMain.startTestSuite(TestCaseMain.java:205)
	at S0.run(S0.groovy:40)
	at java.base/jdk.internal.reflect.DirectMethodHandleAccessor.invoke(DirectMethodHandleAccessor.java:103)

2026-04-26 00:17:54.446 INFO  c.k.katalon.core.main.TestCaseExecutor   - END Test Cases/StaffTables/TC-020-Invoice-patient-search
2026-04-26 00:17:54.492 INFO  c.k.katalon.core.main.TestSuiteExecutor  - --------------------
2026-04-26 00:17:54.492 INFO  c.k.katalon.core.main.TestSuiteExecutor  - END Test Suites/Baseline
2026-04-26 00:17:54.493 INFO  c.k.katalon.core.main.TestSuiteExecutor  - ====================
