2026-04-25 23:36:48.461 INFO  c.k.k.c.l.logback.LogbackConfigurator    - Logback default configuration initialized from: C:\Users\ACER\.katalon\packages\KS-11.0.1\configuration\org.eclipse.osgi\148\0\.cp\resources\logback\logback-execution.xml
2026-04-25 23:36:48.464 INFO  c.k.k.c.l.logback.LogbackConfigurator    - Logback custom configuration initialized
2026-04-25 23:36:49.110 INFO  c.k.katalon.core.main.TestSuiteExecutor  - START Test Suites/Baseline
2026-04-25 23:36:49.189 INFO  c.k.katalon.core.main.TestSuiteExecutor  - userFullName = Anh Quốc Huỳnh
2026-04-25 23:36:49.193 INFO  c.k.katalon.core.main.TestSuiteExecutor  - projectName = PulseClinicKatalon
2026-04-25 23:36:49.193 INFO  c.k.katalon.core.main.TestSuiteExecutor  - hostName = ACER - Aspire-A715
2026-04-25 23:36:49.194 INFO  c.k.katalon.core.main.TestSuiteExecutor  - os = Windows 11 64bit
2026-04-25 23:36:49.194 INFO  c.k.katalon.core.main.TestSuiteExecutor  - hostAddress = 192.168.1.9
2026-04-25 23:36:49.194 INFO  c.k.katalon.core.main.TestSuiteExecutor  - katalonVersion = 11.0.1.0
2026-04-25 23:36:49.320 INFO  c.k.katalon.core.main.TestCaseExecutor   - --------------------
2026-04-25 23:36:49.320 INFO  c.k.katalon.core.main.TestCaseExecutor   - START Test Cases/Authentication/TC-001-Open-HMS-role-selection
2026-04-25 23:36:49.351 ERROR c.k.katalon.core.main.TestCaseExecutor   - ❌ Test Cases/Authentication/TC-001-Open-HMS-role-selection has ERROR(s).
Reason:
org.codehaus.groovy.control.MultipleCompilationErrorsException: startup failed:
Script31557424531900.groovy: 1: Unexpected character: '﻿' @ line 1, column 1.
   ﻿import com.kms.katalon.core.webui.keyword.WebUiBuiltInKeywords as WebUI
   ^

1 error

2026-04-25 23:36:49.354 INFO  c.k.katalon.core.main.TestCaseExecutor   - END Test Cases/Authentication/TC-001-Open-HMS-role-selection
2026-04-25 23:36:49.360 INFO  c.k.katalon.core.main.TestCaseExecutor   - --------------------
2026-04-25 23:36:49.360 INFO  c.k.katalon.core.main.TestCaseExecutor   - START Test Cases/Authentication/TC-002-Open-staff-login
2026-04-25 23:36:49.370 ERROR c.k.katalon.core.main.TestCaseExecutor   - ❌ Test Cases/Authentication/TC-002-Open-staff-login has ERROR(s).
Reason:
org.codehaus.groovy.control.MultipleCompilationErrorsException: startup failed:
Script31557459600900.groovy: 1: Unexpected character: '﻿' @ line 1, column 1.
   ﻿import com.kms.katalon.core.webui.keyword.WebUiBuiltInKeywords as WebUI
   ^

1 error

2026-04-25 23:36:49.371 INFO  c.k.katalon.core.main.TestCaseExecutor   - END Test Cases/Authentication/TC-002-Open-staff-login
2026-04-25 23:36:49.374 INFO  c.k.katalon.core.main.TestCaseExecutor   - --------------------
2026-04-25 23:36:49.374 INFO  c.k.katalon.core.main.TestCaseExecutor   - START Test Cases/Authentication/TC-003-Staff-login-required-fields
2026-04-25 23:36:49.383 ERROR c.k.katalon.core.main.TestCaseExecutor   - ❌ Test Cases/Authentication/TC-003-Staff-login-required-fields has ERROR(s).
Reason:
org.codehaus.groovy.control.MultipleCompilationErrorsException: startup failed:
Script31557474699100.groovy: 1: Unexpected character: '﻿' @ line 1, column 1.
   ﻿import com.kms.katalon.core.webui.keyword.WebUiBuiltInKeywords as WebUI
   ^

1 error

2026-04-25 23:36:49.386 INFO  c.k.katalon.core.main.TestCaseExecutor   - END Test Cases/Authentication/TC-003-Staff-login-required-fields
2026-04-25 23:36:49.389 INFO  c.k.katalon.core.main.TestCaseExecutor   - --------------------
2026-04-25 23:36:49.389 INFO  c.k.katalon.core.main.TestCaseExecutor   - START Test Cases/Authentication/TC-004-Staff-login-invalid-credentials
2026-04-25 23:36:49.400 ERROR c.k.katalon.core.main.TestCaseExecutor   - ❌ Test Cases/Authentication/TC-004-Staff-login-invalid-credentials has ERROR(s).
Reason:
org.codehaus.groovy.control.MultipleCompilationErrorsException: startup failed:
Script31557489328100.groovy: 1: Unexpected character: '﻿' @ line 1, column 1.
   ﻿import com.kms.katalon.core.webui.keyword.WebUiBuiltInKeywords as WebUI
   ^

1 error

2026-04-25 23:36:49.401 INFO  c.k.katalon.core.main.TestCaseExecutor   - END Test Cases/Authentication/TC-004-Staff-login-invalid-credentials
2026-04-25 23:36:49.404 INFO  c.k.katalon.core.main.TestCaseExecutor   - --------------------
2026-04-25 23:36:49.404 INFO  c.k.katalon.core.main.TestCaseExecutor   - START Test Cases/Authentication/TC-005-Staff-login-success-dashboard
2026-04-25 23:36:49.415 ERROR c.k.katalon.core.main.TestCaseExecutor   - ❌ Test Cases/Authentication/TC-005-Staff-login-success-dashboard has ERROR(s).
Reason:
org.codehaus.groovy.control.MultipleCompilationErrorsException: startup failed:
Script31557506039600.groovy: 1: Unexpected character: '﻿' @ line 1, column 1.
   ﻿import com.kms.katalon.core.webui.keyword.WebUiBuiltInKeywords as WebUI
   ^

1 error

2026-04-25 23:36:49.416 INFO  c.k.katalon.core.main.TestCaseExecutor   - END Test Cases/Authentication/TC-005-Staff-login-success-dashboard
2026-04-25 23:36:49.418 INFO  c.k.katalon.core.main.TestCaseExecutor   - --------------------
2026-04-25 23:36:49.419 INFO  c.k.katalon.core.main.TestCaseExecutor   - START Test Cases/Authentication/TC-006-Doctor-login-success-schedule
2026-04-25 23:36:49.427 ERROR c.k.katalon.core.main.TestCaseExecutor   - ❌ Test Cases/Authentication/TC-006-Doctor-login-success-schedule has ERROR(s).
Reason:
org.codehaus.groovy.control.MultipleCompilationErrorsException: startup failed:
Script31557519305700.groovy: 1: Unexpected character: '﻿' @ line 1, column 1.
   ﻿import com.kms.katalon.core.webui.keyword.WebUiBuiltInKeywords as WebUI
   ^

1 error

2026-04-25 23:36:49.428 INFO  c.k.katalon.core.main.TestCaseExecutor   - END Test Cases/Authentication/TC-006-Doctor-login-success-schedule
2026-04-25 23:36:49.431 INFO  c.k.katalon.core.main.TestCaseExecutor   - --------------------
2026-04-25 23:36:49.431 INFO  c.k.katalon.core.main.TestCaseExecutor   - START Test Cases/Authentication/TC-007-Patient-login-success-dashboard
2026-04-25 23:36:49.441 ERROR c.k.katalon.core.main.TestCaseExecutor   - ❌ Test Cases/Authentication/TC-007-Patient-login-success-dashboard has ERROR(s).
Reason:
org.codehaus.groovy.control.MultipleCompilationErrorsException: startup failed:
Script31557533084300.groovy: 1: Unexpected character: '﻿' @ line 1, column 1.
   ﻿import com.kms.katalon.core.webui.keyword.WebUiBuiltInKeywords as WebUI
   ^

1 error

2026-04-25 23:36:49.443 INFO  c.k.katalon.core.main.TestCaseExecutor   - END Test Cases/Authentication/TC-007-Patient-login-success-dashboard
2026-04-25 23:36:49.445 INFO  c.k.katalon.core.main.TestCaseExecutor   - --------------------
2026-04-25 23:36:49.445 INFO  c.k.katalon.core.main.TestCaseExecutor   - START Test Cases/StaffTables/TC-008-Patient-profile-table
2026-04-25 23:36:49.452 ERROR c.k.katalon.core.main.TestCaseExecutor   - ❌ Test Cases/StaffTables/TC-008-Patient-profile-table has ERROR(s).
Reason:
org.codehaus.groovy.control.MultipleCompilationErrorsException: startup failed:
Script31557546043200.groovy: 1: Unexpected character: '﻿' @ line 1, column 1.
   ﻿import com.kms.katalon.core.webui.keyword.WebUiBuiltInKeywords as WebUI
   ^

1 error

2026-04-25 23:36:49.454 INFO  c.k.katalon.core.main.TestCaseExecutor   - END Test Cases/StaffTables/TC-008-Patient-profile-table
2026-04-25 23:36:49.457 INFO  c.k.katalon.core.main.TestCaseExecutor   - --------------------
2026-04-25 23:36:49.457 INFO  c.k.katalon.core.main.TestCaseExecutor   - START Test Cases/StaffTables/TC-009-Patient-search
2026-04-25 23:36:49.466 ERROR c.k.katalon.core.main.TestCaseExecutor   - ❌ Test Cases/StaffTables/TC-009-Patient-search has ERROR(s).
Reason:
org.codehaus.groovy.control.MultipleCompilationErrorsException: startup failed:
Script31557557344200.groovy: 1: Unexpected character: '﻿' @ line 1, column 1.
   ﻿import com.kms.katalon.core.webui.keyword.WebUiBuiltInKeywords as WebUI
   ^

1 error

2026-04-25 23:36:49.467 INFO  c.k.katalon.core.main.TestCaseExecutor   - END Test Cases/StaffTables/TC-009-Patient-search
2026-04-25 23:36:49.470 INFO  c.k.katalon.core.main.TestCaseExecutor   - --------------------
2026-04-25 23:36:49.470 INFO  c.k.katalon.core.main.TestCaseExecutor   - START Test Cases/StaffTables/TC-010-Patient-filter-gender
2026-04-25 23:36:49.480 ERROR c.k.katalon.core.main.TestCaseExecutor   - ❌ Test Cases/StaffTables/TC-010-Patient-filter-gender has ERROR(s).
Reason:
org.codehaus.groovy.control.MultipleCompilationErrorsException: startup failed:
Script31557570106800.groovy: 1: Unexpected character: '﻿' @ line 1, column 1.
   ﻿import com.kms.katalon.core.webui.keyword.WebUiBuiltInKeywords as WebUI
   ^

1 error

2026-04-25 23:36:49.481 INFO  c.k.katalon.core.main.TestCaseExecutor   - END Test Cases/StaffTables/TC-010-Patient-filter-gender
2026-04-25 23:36:49.485 INFO  c.k.katalon.core.main.TestCaseExecutor   - --------------------
2026-04-25 23:36:49.485 INFO  c.k.katalon.core.main.TestCaseExecutor   - START Test Cases/StaffTables/TC-011-Patient-filter-insurance
2026-04-25 23:36:49.493 ERROR c.k.katalon.core.main.TestCaseExecutor   - ❌ Test Cases/StaffTables/TC-011-Patient-filter-insurance has ERROR(s).
Reason:
org.codehaus.groovy.control.MultipleCompilationErrorsException: startup failed:
Script31557584435200.groovy: 1: Unexpected character: '﻿' @ line 1, column 1.
   ﻿import com.kms.katalon.core.webui.keyword.WebUiBuiltInKeywords as WebUI
   ^

1 error

2026-04-25 23:36:49.495 INFO  c.k.katalon.core.main.TestCaseExecutor   - END Test Cases/StaffTables/TC-011-Patient-filter-insurance
2026-04-25 23:36:49.499 INFO  c.k.katalon.core.main.TestCaseExecutor   - --------------------
2026-04-25 23:36:49.500 INFO  c.k.katalon.core.main.TestCaseExecutor   - START Test Cases/StaffTables/TC-012-Drug-catalog-table
2026-04-25 23:36:49.507 ERROR c.k.katalon.core.main.TestCaseExecutor   - ❌ Test Cases/StaffTables/TC-012-Drug-catalog-table has ERROR(s).
Reason:
org.codehaus.groovy.control.MultipleCompilationErrorsException: startup failed:
Script31557598953200.groovy: 1: Unexpected character: '﻿' @ line 1, column 1.
   ﻿import com.kms.katalon.core.webui.keyword.WebUiBuiltInKeywords as WebUI
   ^

1 error

2026-04-25 23:36:49.508 INFO  c.k.katalon.core.main.TestCaseExecutor   - END Test Cases/StaffTables/TC-012-Drug-catalog-table
2026-04-25 23:36:49.511 INFO  c.k.katalon.core.main.TestCaseExecutor   - --------------------
2026-04-25 23:36:49.512 INFO  c.k.katalon.core.main.TestCaseExecutor   - START Test Cases/StaffTables/TC-013-Drug-search
2026-04-25 23:36:49.520 ERROR c.k.katalon.core.main.TestCaseExecutor   - ❌ Test Cases/StaffTables/TC-013-Drug-search has ERROR(s).
Reason:
org.codehaus.groovy.control.MultipleCompilationErrorsException: startup failed:
Script31557611600800.groovy: 1: Unexpected character: '﻿' @ line 1, column 1.
   ﻿import com.kms.katalon.core.webui.keyword.WebUiBuiltInKeywords as WebUI
   ^

1 error

2026-04-25 23:36:49.521 INFO  c.k.katalon.core.main.TestCaseExecutor   - END Test Cases/StaffTables/TC-013-Drug-search
2026-04-25 23:36:49.524 INFO  c.k.katalon.core.main.TestCaseExecutor   - --------------------
2026-04-25 23:36:49.524 INFO  c.k.katalon.core.main.TestCaseExecutor   - START Test Cases/StaffTables/TC-014-Drug-filter-dosage-unit
2026-04-25 23:36:49.532 ERROR c.k.katalon.core.main.TestCaseExecutor   - ❌ Test Cases/StaffTables/TC-014-Drug-filter-dosage-unit has ERROR(s).
Reason:
org.codehaus.groovy.control.MultipleCompilationErrorsException: startup failed:
Script31557624523800.groovy: 1: Unexpected character: '﻿' @ line 1, column 1.
   ﻿import com.kms.katalon.core.webui.keyword.WebUiBuiltInKeywords as WebUI
   ^

1 error

2026-04-25 23:36:49.533 INFO  c.k.katalon.core.main.TestCaseExecutor   - END Test Cases/StaffTables/TC-014-Drug-filter-dosage-unit
2026-04-25 23:36:49.536 INFO  c.k.katalon.core.main.TestCaseExecutor   - --------------------
2026-04-25 23:36:49.536 INFO  c.k.katalon.core.main.TestCaseExecutor   - START Test Cases/StaffTables/TC-015-Room-search
2026-04-25 23:36:49.543 ERROR c.k.katalon.core.main.TestCaseExecutor   - ❌ Test Cases/StaffTables/TC-015-Room-search has ERROR(s).
Reason:
org.codehaus.groovy.control.MultipleCompilationErrorsException: startup failed:
Script31557635472900.groovy: 1: Unexpected character: '﻿' @ line 1, column 1.
   ﻿import com.kms.katalon.core.webui.keyword.WebUiBuiltInKeywords as WebUI
   ^

1 error

2026-04-25 23:36:49.544 INFO  c.k.katalon.core.main.TestCaseExecutor   - END Test Cases/StaffTables/TC-015-Room-search
2026-04-25 23:36:49.547 INFO  c.k.katalon.core.main.TestCaseExecutor   - --------------------
2026-04-25 23:36:49.547 INFO  c.k.katalon.core.main.TestCaseExecutor   - START Test Cases/StaffTables/TC-016-Room-filter-status
2026-04-25 23:36:49.554 ERROR c.k.katalon.core.main.TestCaseExecutor   - ❌ Test Cases/StaffTables/TC-016-Room-filter-status has ERROR(s).
Reason:
org.codehaus.groovy.control.MultipleCompilationErrorsException: startup failed:
Script31557646486800.groovy: 1: Unexpected character: '﻿' @ line 1, column 1.
   ﻿import com.kms.katalon.core.webui.keyword.WebUiBuiltInKeywords as WebUI
   ^

1 error

2026-04-25 23:36:49.554 INFO  c.k.katalon.core.main.TestCaseExecutor   - END Test Cases/StaffTables/TC-016-Room-filter-status
2026-04-25 23:36:49.558 INFO  c.k.katalon.core.main.TestCaseExecutor   - --------------------
2026-04-25 23:36:49.558 INFO  c.k.katalon.core.main.TestCaseExecutor   - START Test Cases/StaffTables/TC-017-Waitlist-priority-order
2026-04-25 23:36:49.564 ERROR c.k.katalon.core.main.TestCaseExecutor   - ❌ Test Cases/StaffTables/TC-017-Waitlist-priority-order has ERROR(s).
Reason:
org.codehaus.groovy.control.MultipleCompilationErrorsException: startup failed:
Script31557657993200.groovy: 1: Unexpected character: '﻿' @ line 1, column 1.
   ﻿import com.kms.katalon.core.webui.keyword.WebUiBuiltInKeywords as WebUI
   ^

1 error

2026-04-25 23:36:49.565 INFO  c.k.katalon.core.main.TestCaseExecutor   - END Test Cases/StaffTables/TC-017-Waitlist-priority-order
2026-04-25 23:36:49.568 INFO  c.k.katalon.core.main.TestCaseExecutor   - --------------------
2026-04-25 23:36:49.568 INFO  c.k.katalon.core.main.TestCaseExecutor   - START Test Cases/StaffTables/TC-018-Waitlist-filter-priority
2026-04-25 23:36:49.575 ERROR c.k.katalon.core.main.TestCaseExecutor   - ❌ Test Cases/StaffTables/TC-018-Waitlist-filter-priority has ERROR(s).
Reason:
org.codehaus.groovy.control.MultipleCompilationErrorsException: startup failed:
Script31557667967200.groovy: 1: Unexpected character: '﻿' @ line 1, column 1.
   ﻿import com.kms.katalon.core.webui.keyword.WebUiBuiltInKeywords as WebUI
   ^

1 error

2026-04-25 23:36:49.575 INFO  c.k.katalon.core.main.TestCaseExecutor   - END Test Cases/StaffTables/TC-018-Waitlist-filter-priority
2026-04-25 23:36:49.579 INFO  c.k.katalon.core.main.TestCaseExecutor   - --------------------
2026-04-25 23:36:49.579 INFO  c.k.katalon.core.main.TestCaseExecutor   - START Test Cases/StaffTables/TC-019-Appointment-status-tabs
2026-04-25 23:36:49.586 ERROR c.k.katalon.core.main.TestCaseExecutor   - ❌ Test Cases/StaffTables/TC-019-Appointment-status-tabs has ERROR(s).
Reason:
org.codehaus.groovy.control.MultipleCompilationErrorsException: startup failed:
Script31557679260800.groovy: 1: Unexpected character: '﻿' @ line 1, column 1.
   ﻿import com.kms.katalon.core.webui.keyword.WebUiBuiltInKeywords as WebUI
   ^

1 error

2026-04-25 23:36:49.588 INFO  c.k.katalon.core.main.TestCaseExecutor   - END Test Cases/StaffTables/TC-019-Appointment-status-tabs
2026-04-25 23:36:49.591 INFO  c.k.katalon.core.main.TestCaseExecutor   - --------------------
2026-04-25 23:36:49.592 INFO  c.k.katalon.core.main.TestCaseExecutor   - START Test Cases/StaffTables/TC-020-Invoice-patient-search
2026-04-25 23:36:49.598 ERROR c.k.katalon.core.main.TestCaseExecutor   - ❌ Test Cases/StaffTables/TC-020-Invoice-patient-search has ERROR(s).
Reason:
org.codehaus.groovy.control.MultipleCompilationErrorsException: startup failed:
Script31557691911500.groovy: 1: Unexpected character: '﻿' @ line 1, column 1.
   ﻿import com.kms.katalon.core.webui.keyword.WebUiBuiltInKeywords as WebUI
   ^

1 error

2026-04-25 23:36:49.599 INFO  c.k.katalon.core.main.TestCaseExecutor   - END Test Cases/StaffTables/TC-020-Invoice-patient-search
2026-04-25 23:36:49.633 INFO  c.k.katalon.core.main.TestSuiteExecutor  - --------------------
2026-04-25 23:36:49.633 INFO  c.k.katalon.core.main.TestSuiteExecutor  - END Test Suites/Baseline
2026-04-25 23:36:49.633 INFO  c.k.katalon.core.main.TestSuiteExecutor  - ====================
