<?xml version="1.0" encoding="UTF-8" standalone="no"?>
<!DOCTYPE log SYSTEM "logger.dtd">
<log>
<record>
  <date>2026-04-25T16:28:52.396549100Z</date>
  <millis>1777134532396</millis>
  <nanos>549100</nanos>
  <sequence>0</sequence>
  <level>START</level>
  <class>com.kms.katalon.core.logging.XmlKeywordLogger</class>
  <method>startSuite</method>
  <thread>1</thread>
  <message>Start Test Suite : Test Suites/Baseline</message>
  <nestedLevel>0</nestedLevel>
  <escapedJava>false</escapedJava>
  <property name="rerunTestFailImmediately">false</property>
  <property name="retryCount">0</property>
  <property name="name">Baseline</property>
  <property name="description">Baseline suite for Pulse Clinic web. Expected result before fault injection: 100% PASS.</property>
  <property name="id">Test Suites/Baseline</property>
</record>
<record>
  <date>2026-04-25T16:28:52.433387700Z</date>
  <millis>1777134532433</millis>
  <nanos>387700</nanos>
  <sequence>1</sequence>
  <level>RUN_DATA</level>
  <class>com.kms.katalon.core.logging.XmlKeywordLogger</class>
  <method>logMessage</method>
  <thread>1</thread>
  <message>userFullName = Anh Quốc Huỳnh</message>
  <nestedLevel>0</nestedLevel>
  <escapedJava>false</escapedJava>
  <property name="userFullName">Anh Quốc Huỳnh</property>
</record>
<record>
  <date>2026-04-25T16:28:52.435775Z</date>
  <millis>1777134532435</millis>
  <nanos>775000</nanos>
  <sequence>2</sequence>
  <level>RUN_DATA</level>
  <class>com.kms.katalon.core.logging.XmlKeywordLogger</class>
  <method>logMessage</method>
  <thread>1</thread>
  <message>projectName = PulseClinicKatalon</message>
  <nestedLevel>0</nestedLevel>
  <escapedJava>false</escapedJava>
  <property name="projectName">PulseClinicKatalon</property>
</record>
<record>
  <date>2026-04-25T16:28:52.437011500Z</date>
  <millis>1777134532437</millis>
  <nanos>11500</nanos>
  <sequence>3</sequence>
  <level>RUN_DATA</level>
  <class>com.kms.katalon.core.logging.XmlKeywordLogger</class>
  <method>logMessage</method>
  <thread>1</thread>
  <message>hostName = ACER - Aspire-A715</message>
  <nestedLevel>0</nestedLevel>
  <escapedJava>false</escapedJava>
  <property name="hostName">ACER - Aspire-A715</property>
</record>
<record>
  <date>2026-04-25T16:28:52.437011500Z</date>
  <millis>1777134532437</millis>
  <nanos>11500</nanos>
  <sequence>4</sequence>
  <level>RUN_DATA</level>
  <class>com.kms.katalon.core.logging.XmlKeywordLogger</class>
  <method>logMessage</method>
  <thread>1</thread>
  <message>os = Windows 11 64bit</message>
  <nestedLevel>0</nestedLevel>
  <escapedJava>false</escapedJava>
  <property name="os">Windows 11 64bit</property>
</record>
<record>
  <date>2026-04-25T16:28:52.438136300Z</date>
  <millis>1777134532438</millis>
  <nanos>136300</nanos>
  <sequence>5</sequence>
  <level>RUN_DATA</level>
  <class>com.kms.katalon.core.logging.XmlKeywordLogger</class>
  <method>logMessage</method>
  <thread>1</thread>
  <message>hostAddress = 192.168.1.9</message>
  <nestedLevel>0</nestedLevel>
  <escapedJava>false</escapedJava>
  <property name="hostAddress">192.168.1.9</property>
</record>
<record>
  <date>2026-04-25T16:28:52.439145800Z</date>
  <millis>1777134532439</millis>
  <nanos>145800</nanos>
  <sequence>6</sequence>
  <level>RUN_DATA</level>
  <class>com.kms.katalon.core.logging.XmlKeywordLogger</class>
  <method>logMessage</method>
  <thread>1</thread>
  <message>katalonVersion = 11.0.1.0</message>
  <nestedLevel>0</nestedLevel>
  <escapedJava>false</escapedJava>
  <property name="katalonVersion">11.0.1.0</property>
</record>
<record>
  <date>2026-04-25T16:28:52.617044600Z</date>
  <millis>1777134532617</millis>
  <nanos>44600</nanos>
  <sequence>7</sequence>
  <level>START</level>
  <class>com.kms.katalon.core.logging.XmlKeywordLogger</class>
  <method>startTest</method>
  <thread>1</thread>
  <message>Start Test Case : Test Cases/Authentication/TC-001-Open-HMS-role-selection</message>
  <nestedLevel>1</nestedLevel>
  <escapedJava>false</escapedJava>
  <property name="origin"></property>
  <property name="name">Test Cases/Authentication/TC-001-Open-HMS-role-selection</property>
  <property name="description">Open HMS role selection page.</property>
  <property name="iteration"></property>
  <property name="id">Test Cases/Authentication/TC-001-Open-HMS-role-selection</property>
  <property name="source">D:\UNI_DOCS\HK6\KCPM\QuanLyBenhVien_KiemThu\pulse-katalon\Test Cases\Authentication\TC-001-Open-HMS-role-selection.tc</property>
  <property name="tag">baseline</property>
  <property name="isOptional">false</property>
  <property name="uuid">e61d11ba-f20b-4829-b0b1-49bb230938d4</property>
</record>
<record>
  <date>2026-04-25T16:28:52.646150300Z</date>
  <millis>1777134532646</millis>
  <nanos>150300</nanos>
  <sequence>9</sequence>
  <level>ERROR</level>
  <class>com.kms.katalon.core.logging.XmlKeywordLogger</class>
  <method>logMessage</method>
  <thread>1</thread>
  <message>Test Cases/Authentication/TC-001-Open-HMS-role-selection has ERROR(s).
Reason:
org.codehaus.groovy.control.MultipleCompilationErrorsException: startup failed:
Script31080719684100.groovy: 1: Unexpected character: &amp;apos;﻿&amp;apos; @ line 1, column 1.
   ﻿import com.kms.katalon.core.webui.keyword.WebUiBuiltInKeywords as WebUI
   ^

1 error
</message>
  <nestedLevel>1</nestedLevel>
  <escapedJava>false</escapedJava>
  <property name="failed.exception.stacktrace">org.codehaus.groovy.control.MultipleCompilationErrorsException: startup failed:
Script31080719684100.groovy: 1: Unexpected character: &apos;﻿&apos; @ line 1, column 1.
   ﻿import com.kms.katalon.core.webui.keyword.WebUiBuiltInKeywords as WebUI
   ^

1 error

	at org.apache.groovy.parser.antlr4.AstBuilder.collectSyntaxError(AstBuilder.java:4260)
	at org.apache.groovy.parser.antlr4.AstBuilder.createParsingFailedException(AstBuilder.java:4243)
	at org.apache.groovy.parser.antlr4.AstBuilder.convertException(AstBuilder.java:242)
	at org.apache.groovy.parser.antlr4.AstBuilder.buildCST(AstBuilder.java:216)
	at org.apache.groovy.parser.antlr4.AstBuilder.buildAST(AstBuilder.java:250)
	at org.apache.groovy.parser.antlr4.Antlr4ParserPlugin.buildAST(Antlr4ParserPlugin.java:58)
	at com.kms.katalon.core.main.TestCaseMethodNodeCollector.&lt;init&gt;(TestCaseMethodNodeCollector.java:43)
	at com.kms.katalon.core.main.TestCaseExecutor.processScriptPreparationPhase(TestCaseExecutor.java:225)
	at com.kms.katalon.core.main.TestCaseExecutor.execute(TestCaseExecutor.java:306)
	at com.kms.katalon.core.common.CommonExecutor.accessTestCaseMainPhase(CommonExecutor.java:71)
	at com.kms.katalon.core.main.TestSuiteExecutor.accessTestSuiteMainPhase(TestSuiteExecutor.java:163)
	at com.kms.katalon.core.main.TestSuiteExecutor.execute(TestSuiteExecutor.java:120)
	at com.kms.katalon.core.main.TestCaseMain.startTestSuite(TestCaseMain.java:205)
	at S0.run(S0.groovy:40)
	at java.base/jdk.internal.reflect.DirectMethodHandleAccessor.invoke(DirectMethodHandleAccessor.java:103)
</property>
  <property name="failed.exception.class">org.codehaus.groovy.control.MultipleCompilationErrorsException</property>
  <property name="failed.exception.message">startup failed:
Script31080719684100.groovy: 1: Unexpected character: &apos;﻿&apos; @ line 1, column 1.
   ﻿import com.kms.katalon.core.webui.keyword.WebUiBuiltInKeywords as WebUI
   ^

1 error
</property>
</record>
<record>
  <date>2026-04-25T16:28:52.649294200Z</date>
  <millis>1777134532649</millis>
  <nanos>294200</nanos>
  <sequence>10</sequence>
  <level>END</level>
  <class>com.kms.katalon.core.logging.XmlKeywordLogger</class>
  <method>endTest</method>
  <thread>1</thread>
  <message>End Test Case : Test Cases/Authentication/TC-001-Open-HMS-role-selection</message>
  <nestedLevel>0</nestedLevel>
  <escapedJava>false</escapedJava>
  <property name="executionBindingVariables">[]</property>
  <property name="applitools">false</property>
  <property name="executedKeywords">{}</property>
  <property name="keywordsUsage">{
  &quot;web_ui&quot;: false,
  &quot;web_service&quot;: false,
  &quot;cucumber&quot;: false,
  &quot;builtin&quot;: false,
  &quot;mobile&quot;: false,
  &quot;windows&quot;: false,
  &quot;testng&quot;: false
}</property>
</record>
<record>
  <date>2026-04-25T16:28:52.655359600Z</date>
  <millis>1777134532655</millis>
  <nanos>359600</nanos>
  <sequence>11</sequence>
  <level>START</level>
  <class>com.kms.katalon.core.logging.XmlKeywordLogger</class>
  <method>startTest</method>
  <thread>1</thread>
  <message>Start Test Case : Test Cases/Authentication/TC-002-Open-staff-login</message>
  <nestedLevel>1</nestedLevel>
  <escapedJava>false</escapedJava>
  <property name="origin"></property>
  <property name="name">Test Cases/Authentication/TC-002-Open-staff-login</property>
  <property name="description">Open staff login from HMS role selection.</property>
  <property name="iteration"></property>
  <property name="id">Test Cases/Authentication/TC-002-Open-staff-login</property>
  <property name="source">D:\UNI_DOCS\HK6\KCPM\QuanLyBenhVien_KiemThu\pulse-katalon\Test Cases\Authentication\TC-002-Open-staff-login.tc</property>
  <property name="tag">baseline</property>
  <property name="isOptional">false</property>
  <property name="uuid">af81295d-19fd-4d6f-84f3-a2ee89574688</property>
</record>
<record>
  <date>2026-04-25T16:28:52.662925800Z</date>
  <millis>1777134532662</millis>
  <nanos>925800</nanos>
  <sequence>13</sequence>
  <level>ERROR</level>
  <class>com.kms.katalon.core.logging.XmlKeywordLogger</class>
  <method>logMessage</method>
  <thread>1</thread>
  <message>Test Cases/Authentication/TC-002-Open-staff-login has ERROR(s).
Reason:
org.codehaus.groovy.control.MultipleCompilationErrorsException: startup failed:
Script31080756591000.groovy: 1: Unexpected character: &amp;apos;﻿&amp;apos; @ line 1, column 1.
   ﻿import com.kms.katalon.core.webui.keyword.WebUiBuiltInKeywords as WebUI
   ^

1 error
</message>
  <nestedLevel>1</nestedLevel>
  <escapedJava>false</escapedJava>
  <property name="failed.exception.stacktrace">org.codehaus.groovy.control.MultipleCompilationErrorsException: startup failed:
Script31080756591000.groovy: 1: Unexpected character: &apos;﻿&apos; @ line 1, column 1.
   ﻿import com.kms.katalon.core.webui.keyword.WebUiBuiltInKeywords as WebUI
   ^

1 error

	at org.apache.groovy.parser.antlr4.AstBuilder.collectSyntaxError(AstBuilder.java:4260)
	at org.apache.groovy.parser.antlr4.AstBuilder.createParsingFailedException(AstBuilder.java:4243)
	at org.apache.groovy.parser.antlr4.AstBuilder.convertException(AstBuilder.java:242)
	at org.apache.groovy.parser.antlr4.AstBuilder.buildCST(AstBuilder.java:216)
	at org.apache.groovy.parser.antlr4.AstBuilder.buildAST(AstBuilder.java:250)
	at org.apache.groovy.parser.antlr4.Antlr4ParserPlugin.buildAST(Antlr4ParserPlugin.java:58)
	at com.kms.katalon.core.main.TestCaseMethodNodeCollector.&lt;init&gt;(TestCaseMethodNodeCollector.java:43)
	at com.kms.katalon.core.main.TestCaseExecutor.processScriptPreparationPhase(TestCaseExecutor.java:225)
	at com.kms.katalon.core.main.TestCaseExecutor.execute(TestCaseExecutor.java:306)
	at com.kms.katalon.core.common.CommonExecutor.accessTestCaseMainPhase(CommonExecutor.java:71)
	at com.kms.katalon.core.main.TestSuiteExecutor.accessTestSuiteMainPhase(TestSuiteExecutor.java:163)
	at com.kms.katalon.core.main.TestSuiteExecutor.execute(TestSuiteExecutor.java:120)
	at com.kms.katalon.core.main.TestCaseMain.startTestSuite(TestCaseMain.java:205)
	at S0.run(S0.groovy:40)
	at java.base/jdk.internal.reflect.DirectMethodHandleAccessor.invoke(DirectMethodHandleAccessor.java:103)
</property>
  <property name="failed.exception.class">org.codehaus.groovy.control.MultipleCompilationErrorsException</property>
  <property name="failed.exception.message">startup failed:
Script31080756591000.groovy: 1: Unexpected character: &apos;﻿&apos; @ line 1, column 1.
   ﻿import com.kms.katalon.core.webui.keyword.WebUiBuiltInKeywords as WebUI
   ^

1 error
</property>
</record>
<record>
  <date>2026-04-25T16:28:52.665415300Z</date>
  <millis>1777134532665</millis>
  <nanos>415300</nanos>
  <sequence>14</sequence>
  <level>END</level>
  <class>com.kms.katalon.core.logging.XmlKeywordLogger</class>
  <method>endTest</method>
  <thread>1</thread>
  <message>End Test Case : Test Cases/Authentication/TC-002-Open-staff-login</message>
  <nestedLevel>0</nestedLevel>
  <escapedJava>false</escapedJava>
  <property name="executionBindingVariables">[]</property>
  <property name="applitools">false</property>
  <property name="executedKeywords">{}</property>
  <property name="keywordsUsage">{
  &quot;web_ui&quot;: false,
  &quot;web_service&quot;: false,
  &quot;cucumber&quot;: false,
  &quot;builtin&quot;: false,
  &quot;mobile&quot;: false,
  &quot;windows&quot;: false,
  &quot;testng&quot;: false
}</property>
</record>
<record>
  <date>2026-04-25T16:28:52.668415300Z</date>
  <millis>1777134532668</millis>
  <nanos>415300</nanos>
  <sequence>15</sequence>
  <level>START</level>
  <class>com.kms.katalon.core.logging.XmlKeywordLogger</class>
  <method>startTest</method>
  <thread>1</thread>
  <message>Start Test Case : Test Cases/Authentication/TC-003-Staff-login-required-fields</message>
  <nestedLevel>1</nestedLevel>
  <escapedJava>false</escapedJava>
  <property name="origin"></property>
  <property name="name">Test Cases/Authentication/TC-003-Staff-login-required-fields</property>
  <property name="description">Verify staff login required field controls.</property>
  <property name="iteration"></property>
  <property name="id">Test Cases/Authentication/TC-003-Staff-login-required-fields</property>
  <property name="source">D:\UNI_DOCS\HK6\KCPM\QuanLyBenhVien_KiemThu\pulse-katalon\Test Cases\Authentication\TC-003-Staff-login-required-fields.tc</property>
  <property name="tag">baseline</property>
  <property name="isOptional">false</property>
  <property name="uuid">0247e977-43f8-483b-b7c2-1c54e06829c9</property>
</record>
<record>
  <date>2026-04-25T16:28:52.676222200Z</date>
  <millis>1777134532676</millis>
  <nanos>222200</nanos>
  <sequence>17</sequence>
  <level>ERROR</level>
  <class>com.kms.katalon.core.logging.XmlKeywordLogger</class>
  <method>logMessage</method>
  <thread>1</thread>
  <message>Test Cases/Authentication/TC-003-Staff-login-required-fields has ERROR(s).
Reason:
org.codehaus.groovy.control.MultipleCompilationErrorsException: startup failed:
Script31080770256200.groovy: 1: Unexpected character: &amp;apos;﻿&amp;apos; @ line 1, column 1.
   ﻿import com.kms.katalon.core.webui.keyword.WebUiBuiltInKeywords as WebUI
   ^

1 error
</message>
  <nestedLevel>1</nestedLevel>
  <escapedJava>false</escapedJava>
  <property name="failed.exception.stacktrace">org.codehaus.groovy.control.MultipleCompilationErrorsException: startup failed:
Script31080770256200.groovy: 1: Unexpected character: &apos;﻿&apos; @ line 1, column 1.
   ﻿import com.kms.katalon.core.webui.keyword.WebUiBuiltInKeywords as WebUI
   ^

1 error

	at org.apache.groovy.parser.antlr4.AstBuilder.collectSyntaxError(AstBuilder.java:4260)
	at org.apache.groovy.parser.antlr4.AstBuilder.createParsingFailedException(AstBuilder.java:4243)
	at org.apache.groovy.parser.antlr4.AstBuilder.convertException(AstBuilder.java:242)
	at org.apache.groovy.parser.antlr4.AstBuilder.buildCST(AstBuilder.java:216)
	at org.apache.groovy.parser.antlr4.AstBuilder.buildAST(AstBuilder.java:250)
	at org.apache.groovy.parser.antlr4.Antlr4ParserPlugin.buildAST(Antlr4ParserPlugin.java:58)
	at com.kms.katalon.core.main.TestCaseMethodNodeCollector.&lt;init&gt;(TestCaseMethodNodeCollector.java:43)
	at com.kms.katalon.core.main.TestCaseExecutor.processScriptPreparationPhase(TestCaseExecutor.java:225)
	at com.kms.katalon.core.main.TestCaseExecutor.execute(TestCaseExecutor.java:306)
	at com.kms.katalon.core.common.CommonExecutor.accessTestCaseMainPhase(CommonExecutor.java:71)
	at com.kms.katalon.core.main.TestSuiteExecutor.accessTestSuiteMainPhase(TestSuiteExecutor.java:163)
	at com.kms.katalon.core.main.TestSuiteExecutor.execute(TestSuiteExecutor.java:120)
	at com.kms.katalon.core.main.TestCaseMain.startTestSuite(TestCaseMain.java:205)
	at S0.run(S0.groovy:40)
	at java.base/jdk.internal.reflect.DirectMethodHandleAccessor.invoke(DirectMethodHandleAccessor.java:103)
</property>
  <property name="failed.exception.class">org.codehaus.groovy.control.MultipleCompilationErrorsException</property>
  <property name="failed.exception.message">startup failed:
Script31080770256200.groovy: 1: Unexpected character: &apos;﻿&apos; @ line 1, column 1.
   ﻿import com.kms.katalon.core.webui.keyword.WebUiBuiltInKeywords as WebUI
   ^

1 error
</property>
</record>
<record>
  <date>2026-04-25T16:28:52.678226Z</date>
  <millis>1777134532678</millis>
  <nanos>226000</nanos>
  <sequence>18</sequence>
  <level>END</level>
  <class>com.kms.katalon.core.logging.XmlKeywordLogger</class>
  <method>endTest</method>
  <thread>1</thread>
  <message>End Test Case : Test Cases/Authentication/TC-003-Staff-login-required-fields</message>
  <nestedLevel>0</nestedLevel>
  <escapedJava>false</escapedJava>
  <property name="executionBindingVariables">[]</property>
  <property name="applitools">false</property>
  <property name="executedKeywords">{}</property>
  <property name="keywordsUsage">{
  &quot;web_ui&quot;: false,
  &quot;web_service&quot;: false,
  &quot;cucumber&quot;: false,
  &quot;builtin&quot;: false,
  &quot;mobile&quot;: false,
  &quot;windows&quot;: false,
  &quot;testng&quot;: false
}</property>
</record>
<record>
  <date>2026-04-25T16:28:52.681744400Z</date>
  <millis>1777134532681</millis>
  <nanos>744400</nanos>
  <sequence>19</sequence>
  <level>START</level>
  <class>com.kms.katalon.core.logging.XmlKeywordLogger</class>
  <method>startTest</method>
  <thread>1</thread>
  <message>Start Test Case : Test Cases/Authentication/TC-004-Staff-login-invalid-credentials</message>
  <nestedLevel>1</nestedLevel>
  <escapedJava>false</escapedJava>
  <property name="origin"></property>
  <property name="name">Test Cases/Authentication/TC-004-Staff-login-invalid-credentials</property>
  <property name="description">Verify invalid staff login shows an error.</property>
  <property name="iteration"></property>
  <property name="id">Test Cases/Authentication/TC-004-Staff-login-invalid-credentials</property>
  <property name="source">D:\UNI_DOCS\HK6\KCPM\QuanLyBenhVien_KiemThu\pulse-katalon\Test Cases\Authentication\TC-004-Staff-login-invalid-credentials.tc</property>
  <property name="tag">baseline</property>
  <property name="isOptional">false</property>
  <property name="uuid">21d7cace-4588-4143-9e4f-f995412cda1a</property>
</record>
<record>
  <date>2026-04-25T16:28:52.690245100Z</date>
  <millis>1777134532690</millis>
  <nanos>245100</nanos>
  <sequence>21</sequence>
  <level>ERROR</level>
  <class>com.kms.katalon.core.logging.XmlKeywordLogger</class>
  <method>logMessage</method>
  <thread>1</thread>
  <message>Test Cases/Authentication/TC-004-Staff-login-invalid-credentials has ERROR(s).
Reason:
org.codehaus.groovy.control.MultipleCompilationErrorsException: startup failed:
Script31080783493200.groovy: 1: Unexpected character: &amp;apos;﻿&amp;apos; @ line 1, column 1.
   ﻿import com.kms.katalon.core.webui.keyword.WebUiBuiltInKeywords as WebUI
   ^

1 error
</message>
  <nestedLevel>1</nestedLevel>
  <escapedJava>false</escapedJava>
  <property name="failed.exception.stacktrace">org.codehaus.groovy.control.MultipleCompilationErrorsException: startup failed:
Script31080783493200.groovy: 1: Unexpected character: &apos;﻿&apos; @ line 1, column 1.
   ﻿import com.kms.katalon.core.webui.keyword.WebUiBuiltInKeywords as WebUI
   ^

1 error

	at org.apache.groovy.parser.antlr4.AstBuilder.collectSyntaxError(AstBuilder.java:4260)
	at org.apache.groovy.parser.antlr4.AstBuilder.createParsingFailedException(AstBuilder.java:4243)
	at org.apache.groovy.parser.antlr4.AstBuilder.convertException(AstBuilder.java:242)
	at org.apache.groovy.parser.antlr4.AstBuilder.buildCST(AstBuilder.java:216)
	at org.apache.groovy.parser.antlr4.AstBuilder.buildAST(AstBuilder.java:250)
	at org.apache.groovy.parser.antlr4.Antlr4ParserPlugin.buildAST(Antlr4ParserPlugin.java:58)
	at com.kms.katalon.core.main.TestCaseMethodNodeCollector.&lt;init&gt;(TestCaseMethodNodeCollector.java:43)
	at com.kms.katalon.core.main.TestCaseExecutor.processScriptPreparationPhase(TestCaseExecutor.java:225)
	at com.kms.katalon.core.main.TestCaseExecutor.execute(TestCaseExecutor.java:306)
	at com.kms.katalon.core.common.CommonExecutor.accessTestCaseMainPhase(CommonExecutor.java:71)
	at com.kms.katalon.core.main.TestSuiteExecutor.accessTestSuiteMainPhase(TestSuiteExecutor.java:163)
	at com.kms.katalon.core.main.TestSuiteExecutor.execute(TestSuiteExecutor.java:120)
	at com.kms.katalon.core.main.TestCaseMain.startTestSuite(TestCaseMain.java:205)
	at S0.run(S0.groovy:40)
	at java.base/jdk.internal.reflect.DirectMethodHandleAccessor.invoke(DirectMethodHandleAccessor.java:103)
</property>
  <property name="failed.exception.class">org.codehaus.groovy.control.MultipleCompilationErrorsException</property>
  <property name="failed.exception.message">startup failed:
Script31080783493200.groovy: 1: Unexpected character: &apos;﻿&apos; @ line 1, column 1.
   ﻿import com.kms.katalon.core.webui.keyword.WebUiBuiltInKeywords as WebUI
   ^

1 error
</property>
</record>
<record>
  <date>2026-04-25T16:28:52.692261600Z</date>
  <millis>1777134532692</millis>
  <nanos>261600</nanos>
  <sequence>22</sequence>
  <level>END</level>
  <class>com.kms.katalon.core.logging.XmlKeywordLogger</class>
  <method>endTest</method>
  <thread>1</thread>
  <message>End Test Case : Test Cases/Authentication/TC-004-Staff-login-invalid-credentials</message>
  <nestedLevel>0</nestedLevel>
  <escapedJava>false</escapedJava>
  <property name="executionBindingVariables">[]</property>
  <property name="applitools">false</property>
  <property name="executedKeywords">{}</property>
  <property name="keywordsUsage">{
  &quot;web_ui&quot;: false,
  &quot;web_service&quot;: false,
  &quot;cucumber&quot;: false,
  &quot;builtin&quot;: false,
  &quot;mobile&quot;: false,
  &quot;windows&quot;: false,
  &quot;testng&quot;: false
}</property>
</record>
<record>
  <date>2026-04-25T16:28:52.696289600Z</date>
  <millis>1777134532696</millis>
  <nanos>289600</nanos>
  <sequence>23</sequence>
  <level>START</level>
  <class>com.kms.katalon.core.logging.XmlKeywordLogger</class>
  <method>startTest</method>
  <thread>1</thread>
  <message>Start Test Case : Test Cases/Authentication/TC-005-Staff-login-success-dashboard</message>
  <nestedLevel>1</nestedLevel>
  <escapedJava>false</escapedJava>
  <property name="origin"></property>
  <property name="name">Test Cases/Authentication/TC-005-Staff-login-success-dashboard</property>
  <property name="description">Verify staff can log in and reach dashboard.</property>
  <property name="iteration"></property>
  <property name="id">Test Cases/Authentication/TC-005-Staff-login-success-dashboard</property>
  <property name="source">D:\UNI_DOCS\HK6\KCPM\QuanLyBenhVien_KiemThu\pulse-katalon\Test Cases\Authentication\TC-005-Staff-login-success-dashboard.tc</property>
  <property name="tag">baseline</property>
  <property name="isOptional">false</property>
  <property name="uuid">8d86232a-1395-4cbd-a4ad-e8a59a396c26</property>
</record>
<record>
  <date>2026-04-25T16:28:52.703357900Z</date>
  <millis>1777134532703</millis>
  <nanos>357900</nanos>
  <sequence>25</sequence>
  <level>ERROR</level>
  <class>com.kms.katalon.core.logging.XmlKeywordLogger</class>
  <method>logMessage</method>
  <thread>1</thread>
  <message>Test Cases/Authentication/TC-005-Staff-login-success-dashboard has ERROR(s).
Reason:
org.codehaus.groovy.control.MultipleCompilationErrorsException: startup failed:
Script31080797618200.groovy: 1: Unexpected character: &amp;apos;﻿&amp;apos; @ line 1, column 1.
   ﻿import com.kms.katalon.core.webui.keyword.WebUiBuiltInKeywords as WebUI
   ^

1 error
</message>
  <nestedLevel>1</nestedLevel>
  <escapedJava>false</escapedJava>
  <property name="failed.exception.stacktrace">org.codehaus.groovy.control.MultipleCompilationErrorsException: startup failed:
Script31080797618200.groovy: 1: Unexpected character: &apos;﻿&apos; @ line 1, column 1.
   ﻿import com.kms.katalon.core.webui.keyword.WebUiBuiltInKeywords as WebUI
   ^

1 error

	at org.apache.groovy.parser.antlr4.AstBuilder.collectSyntaxError(AstBuilder.java:4260)
	at org.apache.groovy.parser.antlr4.AstBuilder.createParsingFailedException(AstBuilder.java:4243)
	at org.apache.groovy.parser.antlr4.AstBuilder.convertException(AstBuilder.java:242)
	at org.apache.groovy.parser.antlr4.AstBuilder.buildCST(AstBuilder.java:216)
	at org.apache.groovy.parser.antlr4.AstBuilder.buildAST(AstBuilder.java:250)
	at org.apache.groovy.parser.antlr4.Antlr4ParserPlugin.buildAST(Antlr4ParserPlugin.java:58)
	at com.kms.katalon.core.main.TestCaseMethodNodeCollector.&lt;init&gt;(TestCaseMethodNodeCollector.java:43)
	at com.kms.katalon.core.main.TestCaseExecutor.processScriptPreparationPhase(TestCaseExecutor.java:225)
	at com.kms.katalon.core.main.TestCaseExecutor.execute(TestCaseExecutor.java:306)
	at com.kms.katalon.core.common.CommonExecutor.accessTestCaseMainPhase(CommonExecutor.java:71)
	at com.kms.katalon.core.main.TestSuiteExecutor.accessTestSuiteMainPhase(TestSuiteExecutor.java:163)
	at com.kms.katalon.core.main.TestSuiteExecutor.execute(TestSuiteExecutor.java:120)
	at com.kms.katalon.core.main.TestCaseMain.startTestSuite(TestCaseMain.java:205)
	at S0.run(S0.groovy:40)
	at java.base/jdk.internal.reflect.DirectMethodHandleAccessor.invoke(DirectMethodHandleAccessor.java:103)
</property>
  <property name="failed.exception.class">org.codehaus.groovy.control.MultipleCompilationErrorsException</property>
  <property name="failed.exception.message">startup failed:
Script31080797618200.groovy: 1: Unexpected character: &apos;﻿&apos; @ line 1, column 1.
   ﻿import com.kms.katalon.core.webui.keyword.WebUiBuiltInKeywords as WebUI
   ^

1 error
</property>
</record>
<record>
  <date>2026-04-25T16:28:52.705619100Z</date>
  <millis>1777134532705</millis>
  <nanos>619100</nanos>
  <sequence>26</sequence>
  <level>END</level>
  <class>com.kms.katalon.core.logging.XmlKeywordLogger</class>
  <method>endTest</method>
  <thread>1</thread>
  <message>End Test Case : Test Cases/Authentication/TC-005-Staff-login-success-dashboard</message>
  <nestedLevel>0</nestedLevel>
  <escapedJava>false</escapedJava>
  <property name="executionBindingVariables">[]</property>
  <property name="applitools">false</property>
  <property name="executedKeywords">{}</property>
  <property name="keywordsUsage">{
  &quot;web_ui&quot;: false,
  &quot;web_service&quot;: false,
  &quot;cucumber&quot;: false,
  &quot;builtin&quot;: false,
  &quot;mobile&quot;: false,
  &quot;windows&quot;: false,
  &quot;testng&quot;: false
}</property>
</record>
<record>
  <date>2026-04-25T16:28:52.709845500Z</date>
  <millis>1777134532709</millis>
  <nanos>845500</nanos>
  <sequence>27</sequence>
  <level>START</level>
  <class>com.kms.katalon.core.logging.XmlKeywordLogger</class>
  <method>startTest</method>
  <thread>1</thread>
  <message>Start Test Case : Test Cases/Authentication/TC-006-Doctor-login-success-schedule</message>
  <nestedLevel>1</nestedLevel>
  <escapedJava>false</escapedJava>
  <property name="origin"></property>
  <property name="name">Test Cases/Authentication/TC-006-Doctor-login-success-schedule</property>
  <property name="description">Verify doctor can log in and reach schedule.</property>
  <property name="iteration"></property>
  <property name="id">Test Cases/Authentication/TC-006-Doctor-login-success-schedule</property>
  <property name="source">D:\UNI_DOCS\HK6\KCPM\QuanLyBenhVien_KiemThu\pulse-katalon\Test Cases\Authentication\TC-006-Doctor-login-success-schedule.tc</property>
  <property name="tag">baseline</property>
  <property name="isOptional">false</property>
  <property name="uuid">b5f3a0ca-8e36-42b4-bd89-8ba429f7be87</property>
</record>
<record>
  <date>2026-04-25T16:28:52.715852500Z</date>
  <millis>1777134532715</millis>
  <nanos>852500</nanos>
  <sequence>29</sequence>
  <level>ERROR</level>
  <class>com.kms.katalon.core.logging.XmlKeywordLogger</class>
  <method>logMessage</method>
  <thread>1</thread>
  <message>Test Cases/Authentication/TC-006-Doctor-login-success-schedule has ERROR(s).
Reason:
org.codehaus.groovy.control.MultipleCompilationErrorsException: startup failed:
Script31080810562100.groovy: 1: Unexpected character: &amp;apos;﻿&amp;apos; @ line 1, column 1.
   ﻿import com.kms.katalon.core.webui.keyword.WebUiBuiltInKeywords as WebUI
   ^

1 error
</message>
  <nestedLevel>1</nestedLevel>
  <escapedJava>false</escapedJava>
  <property name="failed.exception.stacktrace">org.codehaus.groovy.control.MultipleCompilationErrorsException: startup failed:
Script31080810562100.groovy: 1: Unexpected character: &apos;﻿&apos; @ line 1, column 1.
   ﻿import com.kms.katalon.core.webui.keyword.WebUiBuiltInKeywords as WebUI
   ^

1 error

	at org.apache.groovy.parser.antlr4.AstBuilder.collectSyntaxError(AstBuilder.java:4260)
	at org.apache.groovy.parser.antlr4.AstBuilder.createParsingFailedException(AstBuilder.java:4243)
	at org.apache.groovy.parser.antlr4.AstBuilder.convertException(AstBuilder.java:242)
	at org.apache.groovy.parser.antlr4.AstBuilder.buildCST(AstBuilder.java:216)
	at org.apache.groovy.parser.antlr4.AstBuilder.buildAST(AstBuilder.java:250)
	at org.apache.groovy.parser.antlr4.Antlr4ParserPlugin.buildAST(Antlr4ParserPlugin.java:58)
	at com.kms.katalon.core.main.TestCaseMethodNodeCollector.&lt;init&gt;(TestCaseMethodNodeCollector.java:43)
	at com.kms.katalon.core.main.TestCaseExecutor.processScriptPreparationPhase(TestCaseExecutor.java:225)
	at com.kms.katalon.core.main.TestCaseExecutor.execute(TestCaseExecutor.java:306)
	at com.kms.katalon.core.common.CommonExecutor.accessTestCaseMainPhase(CommonExecutor.java:71)
	at com.kms.katalon.core.main.TestSuiteExecutor.accessTestSuiteMainPhase(TestSuiteExecutor.java:163)
	at com.kms.katalon.core.main.TestSuiteExecutor.execute(TestSuiteExecutor.java:120)
	at com.kms.katalon.core.main.TestCaseMain.startTestSuite(TestCaseMain.java:205)
	at S0.run(S0.groovy:40)
	at java.base/jdk.internal.reflect.DirectMethodHandleAccessor.invoke(DirectMethodHandleAccessor.java:103)
</property>
  <property name="failed.exception.class">org.codehaus.groovy.control.MultipleCompilationErrorsException</property>
  <property name="failed.exception.message">startup failed:
Script31080810562100.groovy: 1: Unexpected character: &apos;﻿&apos; @ line 1, column 1.
   ﻿import com.kms.katalon.core.webui.keyword.WebUiBuiltInKeywords as WebUI
   ^

1 error
</property>
</record>
<record>
  <date>2026-04-25T16:28:52.718872900Z</date>
  <millis>1777134532718</millis>
  <nanos>872900</nanos>
  <sequence>30</sequence>
  <level>END</level>
  <class>com.kms.katalon.core.logging.XmlKeywordLogger</class>
  <method>endTest</method>
  <thread>1</thread>
  <message>End Test Case : Test Cases/Authentication/TC-006-Doctor-login-success-schedule</message>
  <nestedLevel>0</nestedLevel>
  <escapedJava>false</escapedJava>
  <property name="executionBindingVariables">[]</property>
  <property name="applitools">false</property>
  <property name="executedKeywords">{}</property>
  <property name="keywordsUsage">{
  &quot;web_ui&quot;: false,
  &quot;web_service&quot;: false,
  &quot;cucumber&quot;: false,
  &quot;builtin&quot;: false,
  &quot;mobile&quot;: false,
  &quot;windows&quot;: false,
  &quot;testng&quot;: false
}</property>
</record>
<record>
  <date>2026-04-25T16:28:52.722921900Z</date>
  <millis>1777134532722</millis>
  <nanos>921900</nanos>
  <sequence>31</sequence>
  <level>START</level>
  <class>com.kms.katalon.core.logging.XmlKeywordLogger</class>
  <method>startTest</method>
  <thread>1</thread>
  <message>Start Test Case : Test Cases/Authentication/TC-007-Patient-login-success-dashboard</message>
  <nestedLevel>1</nestedLevel>
  <escapedJava>false</escapedJava>
  <property name="origin"></property>
  <property name="name">Test Cases/Authentication/TC-007-Patient-login-success-dashboard</property>
  <property name="description">Verify patient can log in and reach dashboard.</property>
  <property name="iteration"></property>
  <property name="id">Test Cases/Authentication/TC-007-Patient-login-success-dashboard</property>
  <property name="source">D:\UNI_DOCS\HK6\KCPM\QuanLyBenhVien_KiemThu\pulse-katalon\Test Cases\Authentication\TC-007-Patient-login-success-dashboard.tc</property>
  <property name="tag">baseline</property>
  <property name="isOptional">false</property>
  <property name="uuid">de7ab299-0d96-42d3-9371-0a681f49cbd9</property>
</record>
<record>
  <date>2026-04-25T16:28:52.729989Z</date>
  <millis>1777134532729</millis>
  <nanos>989000</nanos>
  <sequence>33</sequence>
  <level>ERROR</level>
  <class>com.kms.katalon.core.logging.XmlKeywordLogger</class>
  <method>logMessage</method>
  <thread>1</thread>
  <message>Test Cases/Authentication/TC-007-Patient-login-success-dashboard has ERROR(s).
Reason:
org.codehaus.groovy.control.MultipleCompilationErrorsException: startup failed:
Script31080823669600.groovy: 1: Unexpected character: &amp;apos;﻿&amp;apos; @ line 1, column 1.
   ﻿import com.kms.katalon.core.webui.keyword.WebUiBuiltInKeywords as WebUI
   ^

1 error
</message>
  <nestedLevel>1</nestedLevel>
  <escapedJava>false</escapedJava>
  <property name="failed.exception.stacktrace">org.codehaus.groovy.control.MultipleCompilationErrorsException: startup failed:
Script31080823669600.groovy: 1: Unexpected character: &apos;﻿&apos; @ line 1, column 1.
   ﻿import com.kms.katalon.core.webui.keyword.WebUiBuiltInKeywords as WebUI
   ^

1 error

	at org.apache.groovy.parser.antlr4.AstBuilder.collectSyntaxError(AstBuilder.java:4260)
	at org.apache.groovy.parser.antlr4.AstBuilder.createParsingFailedException(AstBuilder.java:4243)
	at org.apache.groovy.parser.antlr4.AstBuilder.convertException(AstBuilder.java:242)
	at org.apache.groovy.parser.antlr4.AstBuilder.buildCST(AstBuilder.java:216)
	at org.apache.groovy.parser.antlr4.AstBuilder.buildAST(AstBuilder.java:250)
	at org.apache.groovy.parser.antlr4.Antlr4ParserPlugin.buildAST(Antlr4ParserPlugin.java:58)
	at com.kms.katalon.core.main.TestCaseMethodNodeCollector.&lt;init&gt;(TestCaseMethodNodeCollector.java:43)
	at com.kms.katalon.core.main.TestCaseExecutor.processScriptPreparationPhase(TestCaseExecutor.java:225)
	at com.kms.katalon.core.main.TestCaseExecutor.execute(TestCaseExecutor.java:306)
	at com.kms.katalon.core.common.CommonExecutor.accessTestCaseMainPhase(CommonExecutor.java:71)
	at com.kms.katalon.core.main.TestSuiteExecutor.accessTestSuiteMainPhase(TestSuiteExecutor.java:163)
	at com.kms.katalon.core.main.TestSuiteExecutor.execute(TestSuiteExecutor.java:120)
	at com.kms.katalon.core.main.TestCaseMain.startTestSuite(TestCaseMain.java:205)
	at S0.run(S0.groovy:40)
	at java.base/jdk.internal.reflect.DirectMethodHandleAccessor.invoke(DirectMethodHandleAccessor.java:103)
</property>
  <property name="failed.exception.class">org.codehaus.groovy.control.MultipleCompilationErrorsException</property>
  <property name="failed.exception.message">startup failed:
Script31080823669600.groovy: 1: Unexpected character: &apos;﻿&apos; @ line 1, column 1.
   ﻿import com.kms.katalon.core.webui.keyword.WebUiBuiltInKeywords as WebUI
   ^

1 error
</property>
</record>
<record>
  <date>2026-04-25T16:28:52.731523Z</date>
  <millis>1777134532731</millis>
  <nanos>523000</nanos>
  <sequence>34</sequence>
  <level>END</level>
  <class>com.kms.katalon.core.logging.XmlKeywordLogger</class>
  <method>endTest</method>
  <thread>1</thread>
  <message>End Test Case : Test Cases/Authentication/TC-007-Patient-login-success-dashboard</message>
  <nestedLevel>0</nestedLevel>
  <escapedJava>false</escapedJava>
  <property name="executionBindingVariables">[]</property>
  <property name="applitools">false</property>
  <property name="executedKeywords">{}</property>
  <property name="keywordsUsage">{
  &quot;web_ui&quot;: false,
  &quot;web_service&quot;: false,
  &quot;cucumber&quot;: false,
  &quot;builtin&quot;: false,
  &quot;mobile&quot;: false,
  &quot;windows&quot;: false,
  &quot;testng&quot;: false
}</property>
</record>
<record>
  <date>2026-04-25T16:28:52.736993900Z</date>
  <millis>1777134532736</millis>
  <nanos>993900</nanos>
  <sequence>35</sequence>
  <level>START</level>
  <class>com.kms.katalon.core.logging.XmlKeywordLogger</class>
  <method>startTest</method>
  <thread>1</thread>
  <message>Start Test Case : Test Cases/StaffTables/TC-008-Patient-profile-table</message>
  <nestedLevel>1</nestedLevel>
  <escapedJava>false</escapedJava>
  <property name="origin"></property>
  <property name="name">Test Cases/StaffTables/TC-008-Patient-profile-table</property>
  <property name="description">Open patient profile table.</property>
  <property name="iteration"></property>
  <property name="id">Test Cases/StaffTables/TC-008-Patient-profile-table</property>
  <property name="source">D:\UNI_DOCS\HK6\KCPM\QuanLyBenhVien_KiemThu\pulse-katalon\Test Cases\StaffTables\TC-008-Patient-profile-table.tc</property>
  <property name="tag">baseline</property>
  <property name="isOptional">false</property>
  <property name="uuid">8508d390-14fa-4a5a-808a-fb4e838c5ed4</property>
</record>
<record>
  <date>2026-04-25T16:28:52.744088700Z</date>
  <millis>1777134532744</millis>
  <nanos>88700</nanos>
  <sequence>37</sequence>
  <level>ERROR</level>
  <class>com.kms.katalon.core.logging.XmlKeywordLogger</class>
  <method>logMessage</method>
  <thread>1</thread>
  <message>Test Cases/StaffTables/TC-008-Patient-profile-table has ERROR(s).
Reason:
org.codehaus.groovy.control.MultipleCompilationErrorsException: startup failed:
Script31080837714600.groovy: 1: Unexpected character: &amp;apos;﻿&amp;apos; @ line 1, column 1.
   ﻿import com.kms.katalon.core.webui.keyword.WebUiBuiltInKeywords as WebUI
   ^

1 error
</message>
  <nestedLevel>1</nestedLevel>
  <escapedJava>false</escapedJava>
  <property name="failed.exception.stacktrace">org.codehaus.groovy.control.MultipleCompilationErrorsException: startup failed:
Script31080837714600.groovy: 1: Unexpected character: &apos;﻿&apos; @ line 1, column 1.
   ﻿import com.kms.katalon.core.webui.keyword.WebUiBuiltInKeywords as WebUI
   ^

1 error

	at org.apache.groovy.parser.antlr4.AstBuilder.collectSyntaxError(AstBuilder.java:4260)
	at org.apache.groovy.parser.antlr4.AstBuilder.createParsingFailedException(AstBuilder.java:4243)
	at org.apache.groovy.parser.antlr4.AstBuilder.convertException(AstBuilder.java:242)
	at org.apache.groovy.parser.antlr4.AstBuilder.buildCST(AstBuilder.java:216)
	at org.apache.groovy.parser.antlr4.AstBuilder.buildAST(AstBuilder.java:250)
	at org.apache.groovy.parser.antlr4.Antlr4ParserPlugin.buildAST(Antlr4ParserPlugin.java:58)
	at com.kms.katalon.core.main.TestCaseMethodNodeCollector.&lt;init&gt;(TestCaseMethodNodeCollector.java:43)
	at com.kms.katalon.core.main.TestCaseExecutor.processScriptPreparationPhase(TestCaseExecutor.java:225)
	at com.kms.katalon.core.main.TestCaseExecutor.execute(TestCaseExecutor.java:306)
	at com.kms.katalon.core.common.CommonExecutor.accessTestCaseMainPhase(CommonExecutor.java:71)
	at com.kms.katalon.core.main.TestSuiteExecutor.accessTestSuiteMainPhase(TestSuiteExecutor.java:163)
	at com.kms.katalon.core.main.TestSuiteExecutor.execute(TestSuiteExecutor.java:120)
	at com.kms.katalon.core.main.TestCaseMain.startTestSuite(TestCaseMain.java:205)
	at S0.run(S0.groovy:40)
	at java.base/jdk.internal.reflect.DirectMethodHandleAccessor.invoke(DirectMethodHandleAccessor.java:103)
</property>
  <property name="failed.exception.class">org.codehaus.groovy.control.MultipleCompilationErrorsException</property>
  <property name="failed.exception.message">startup failed:
Script31080837714600.groovy: 1: Unexpected character: &apos;﻿&apos; @ line 1, column 1.
   ﻿import com.kms.katalon.core.webui.keyword.WebUiBuiltInKeywords as WebUI
   ^

1 error
</property>
</record>
<record>
  <date>2026-04-25T16:28:52.746078500Z</date>
  <millis>1777134532746</millis>
  <nanos>78500</nanos>
  <sequence>38</sequence>
  <level>END</level>
  <class>com.kms.katalon.core.logging.XmlKeywordLogger</class>
  <method>endTest</method>
  <thread>1</thread>
  <message>End Test Case : Test Cases/StaffTables/TC-008-Patient-profile-table</message>
  <nestedLevel>0</nestedLevel>
  <escapedJava>false</escapedJava>
  <property name="executionBindingVariables">[]</property>
  <property name="applitools">false</property>
  <property name="executedKeywords">{}</property>
  <property name="keywordsUsage">{
  &quot;web_ui&quot;: false,
  &quot;web_service&quot;: false,
  &quot;cucumber&quot;: false,
  &quot;builtin&quot;: false,
  &quot;mobile&quot;: false,
  &quot;windows&quot;: false,
  &quot;testng&quot;: false
}</property>
</record>
<record>
  <date>2026-04-25T16:28:52.750602200Z</date>
  <millis>1777134532750</millis>
  <nanos>602200</nanos>
  <sequence>39</sequence>
  <level>START</level>
  <class>com.kms.katalon.core.logging.XmlKeywordLogger</class>
  <method>startTest</method>
  <thread>1</thread>
  <message>Start Test Case : Test Cases/StaffTables/TC-009-Patient-search</message>
  <nestedLevel>1</nestedLevel>
  <escapedJava>false</escapedJava>
  <property name="origin"></property>
  <property name="name">Test Cases/StaffTables/TC-009-Patient-search</property>
  <property name="description">Search patient by seeded name.</property>
  <property name="iteration"></property>
  <property name="id">Test Cases/StaffTables/TC-009-Patient-search</property>
  <property name="source">D:\UNI_DOCS\HK6\KCPM\QuanLyBenhVien_KiemThu\pulse-katalon\Test Cases\StaffTables\TC-009-Patient-search.tc</property>
  <property name="tag">baseline</property>
  <property name="isOptional">false</property>
  <property name="uuid">c93d3e7c-dbb7-4793-8e00-9e48e89b4feb</property>
</record>
<record>
  <date>2026-04-25T16:28:52.755620600Z</date>
  <millis>1777134532755</millis>
  <nanos>620600</nanos>
  <sequence>41</sequence>
  <level>ERROR</level>
  <class>com.kms.katalon.core.logging.XmlKeywordLogger</class>
  <method>logMessage</method>
  <thread>1</thread>
  <message>Test Cases/StaffTables/TC-009-Patient-search has ERROR(s).
Reason:
org.codehaus.groovy.control.MultipleCompilationErrorsException: startup failed:
Script31080850898200.groovy: 1: Unexpected character: &amp;apos;﻿&amp;apos; @ line 1, column 1.
   ﻿import com.kms.katalon.core.webui.keyword.WebUiBuiltInKeywords as WebUI
   ^

1 error
</message>
  <nestedLevel>1</nestedLevel>
  <escapedJava>false</escapedJava>
  <property name="failed.exception.stacktrace">org.codehaus.groovy.control.MultipleCompilationErrorsException: startup failed:
Script31080850898200.groovy: 1: Unexpected character: &apos;﻿&apos; @ line 1, column 1.
   ﻿import com.kms.katalon.core.webui.keyword.WebUiBuiltInKeywords as WebUI
   ^

1 error

	at org.apache.groovy.parser.antlr4.AstBuilder.collectSyntaxError(AstBuilder.java:4260)
	at org.apache.groovy.parser.antlr4.AstBuilder.createParsingFailedException(AstBuilder.java:4243)
	at org.apache.groovy.parser.antlr4.AstBuilder.convertException(AstBuilder.java:242)
	at org.apache.groovy.parser.antlr4.AstBuilder.buildCST(AstBuilder.java:216)
	at org.apache.groovy.parser.antlr4.AstBuilder.buildAST(AstBuilder.java:250)
	at org.apache.groovy.parser.antlr4.Antlr4ParserPlugin.buildAST(Antlr4ParserPlugin.java:58)
	at com.kms.katalon.core.main.TestCaseMethodNodeCollector.&lt;init&gt;(TestCaseMethodNodeCollector.java:43)
	at com.kms.katalon.core.main.TestCaseExecutor.processScriptPreparationPhase(TestCaseExecutor.java:225)
	at com.kms.katalon.core.main.TestCaseExecutor.execute(TestCaseExecutor.java:306)
	at com.kms.katalon.core.common.CommonExecutor.accessTestCaseMainPhase(CommonExecutor.java:71)
	at com.kms.katalon.core.main.TestSuiteExecutor.accessTestSuiteMainPhase(TestSuiteExecutor.java:163)
	at com.kms.katalon.core.main.TestSuiteExecutor.execute(TestSuiteExecutor.java:120)
	at com.kms.katalon.core.main.TestCaseMain.startTestSuite(TestCaseMain.java:205)
	at S0.run(S0.groovy:40)
	at java.base/jdk.internal.reflect.DirectMethodHandleAccessor.invoke(DirectMethodHandleAccessor.java:103)
</property>
  <property name="failed.exception.class">org.codehaus.groovy.control.MultipleCompilationErrorsException</property>
  <property name="failed.exception.message">startup failed:
Script31080850898200.groovy: 1: Unexpected character: &apos;﻿&apos; @ line 1, column 1.
   ﻿import com.kms.katalon.core.webui.keyword.WebUiBuiltInKeywords as WebUI
   ^

1 error
</property>
</record>
<record>
  <date>2026-04-25T16:28:52.757625200Z</date>
  <millis>1777134532757</millis>
  <nanos>625200</nanos>
  <sequence>42</sequence>
  <level>END</level>
  <class>com.kms.katalon.core.logging.XmlKeywordLogger</class>
  <method>endTest</method>
  <thread>1</thread>
  <message>End Test Case : Test Cases/StaffTables/TC-009-Patient-search</message>
  <nestedLevel>0</nestedLevel>
  <escapedJava>false</escapedJava>
  <property name="executionBindingVariables">[]</property>
  <property name="applitools">false</property>
  <property name="executedKeywords">{}</property>
  <property name="keywordsUsage">{
  &quot;web_ui&quot;: false,
  &quot;web_service&quot;: false,
  &quot;cucumber&quot;: false,
  &quot;builtin&quot;: false,
  &quot;mobile&quot;: false,
  &quot;windows&quot;: false,
  &quot;testng&quot;: false
}</property>
</record>
<record>
  <date>2026-04-25T16:28:52.762153600Z</date>
  <millis>1777134532762</millis>
  <nanos>153600</nanos>
  <sequence>43</sequence>
  <level>START</level>
  <class>com.kms.katalon.core.logging.XmlKeywordLogger</class>
  <method>startTest</method>
  <thread>1</thread>
  <message>Start Test Case : Test Cases/StaffTables/TC-010-Patient-filter-gender</message>
  <nestedLevel>1</nestedLevel>
  <escapedJava>false</escapedJava>
  <property name="origin"></property>
  <property name="name">Test Cases/StaffTables/TC-010-Patient-filter-gender</property>
  <property name="description">Filter patients by gender.</property>
  <property name="iteration"></property>
  <property name="id">Test Cases/StaffTables/TC-010-Patient-filter-gender</property>
  <property name="source">D:\UNI_DOCS\HK6\KCPM\QuanLyBenhVien_KiemThu\pulse-katalon\Test Cases\StaffTables\TC-010-Patient-filter-gender.tc</property>
  <property name="tag">baseline</property>
  <property name="isOptional">false</property>
  <property name="uuid">48d57c67-0cda-4744-97f0-62ced22b1192</property>
</record>
<record>
  <date>2026-04-25T16:28:52.769180300Z</date>
  <millis>1777134532769</millis>
  <nanos>180300</nanos>
  <sequence>45</sequence>
  <level>ERROR</level>
  <class>com.kms.katalon.core.logging.XmlKeywordLogger</class>
  <method>logMessage</method>
  <thread>1</thread>
  <message>Test Cases/StaffTables/TC-010-Patient-filter-gender has ERROR(s).
Reason:
org.codehaus.groovy.control.MultipleCompilationErrorsException: startup failed:
Script31080862920900.groovy: 1: Unexpected character: &amp;apos;﻿&amp;apos; @ line 1, column 1.
   ﻿import com.kms.katalon.core.webui.keyword.WebUiBuiltInKeywords as WebUI
   ^

1 error
</message>
  <nestedLevel>1</nestedLevel>
  <escapedJava>false</escapedJava>
  <property name="failed.exception.stacktrace">org.codehaus.groovy.control.MultipleCompilationErrorsException: startup failed:
Script31080862920900.groovy: 1: Unexpected character: &apos;﻿&apos; @ line 1, column 1.
   ﻿import com.kms.katalon.core.webui.keyword.WebUiBuiltInKeywords as WebUI
   ^

1 error

	at org.apache.groovy.parser.antlr4.AstBuilder.collectSyntaxError(AstBuilder.java:4260)
	at org.apache.groovy.parser.antlr4.AstBuilder.createParsingFailedException(AstBuilder.java:4243)
	at org.apache.groovy.parser.antlr4.AstBuilder.convertException(AstBuilder.java:242)
	at org.apache.groovy.parser.antlr4.AstBuilder.buildCST(AstBuilder.java:216)
	at org.apache.groovy.parser.antlr4.AstBuilder.buildAST(AstBuilder.java:250)
	at org.apache.groovy.parser.antlr4.Antlr4ParserPlugin.buildAST(Antlr4ParserPlugin.java:58)
	at com.kms.katalon.core.main.TestCaseMethodNodeCollector.&lt;init&gt;(TestCaseMethodNodeCollector.java:43)
	at com.kms.katalon.core.main.TestCaseExecutor.processScriptPreparationPhase(TestCaseExecutor.java:225)
	at com.kms.katalon.core.main.TestCaseExecutor.execute(TestCaseExecutor.java:306)
	at com.kms.katalon.core.common.CommonExecutor.accessTestCaseMainPhase(CommonExecutor.java:71)
	at com.kms.katalon.core.main.TestSuiteExecutor.accessTestSuiteMainPhase(TestSuiteExecutor.java:163)
	at com.kms.katalon.core.main.TestSuiteExecutor.execute(TestSuiteExecutor.java:120)
	at com.kms.katalon.core.main.TestCaseMain.startTestSuite(TestCaseMain.java:205)
	at S0.run(S0.groovy:40)
	at java.base/jdk.internal.reflect.DirectMethodHandleAccessor.invoke(DirectMethodHandleAccessor.java:103)
</property>
  <property name="failed.exception.class">org.codehaus.groovy.control.MultipleCompilationErrorsException</property>
  <property name="failed.exception.message">startup failed:
Script31080862920900.groovy: 1: Unexpected character: &apos;﻿&apos; @ line 1, column 1.
   ﻿import com.kms.katalon.core.webui.keyword.WebUiBuiltInKeywords as WebUI
   ^

1 error
</property>
</record>
<record>
  <date>2026-04-25T16:28:52.770151900Z</date>
  <millis>1777134532770</millis>
  <nanos>151900</nanos>
  <sequence>46</sequence>
  <level>END</level>
  <class>com.kms.katalon.core.logging.XmlKeywordLogger</class>
  <method>endTest</method>
  <thread>1</thread>
  <message>End Test Case : Test Cases/StaffTables/TC-010-Patient-filter-gender</message>
  <nestedLevel>0</nestedLevel>
  <escapedJava>false</escapedJava>
  <property name="executionBindingVariables">[]</property>
  <property name="applitools">false</property>
  <property name="executedKeywords">{}</property>
  <property name="keywordsUsage">{
  &quot;web_ui&quot;: false,
  &quot;web_service&quot;: false,
  &quot;cucumber&quot;: false,
  &quot;builtin&quot;: false,
  &quot;mobile&quot;: false,
  &quot;windows&quot;: false,
  &quot;testng&quot;: false
}</property>
</record>
<record>
  <date>2026-04-25T16:28:52.775327900Z</date>
  <millis>1777134532775</millis>
  <nanos>327900</nanos>
  <sequence>47</sequence>
  <level>START</level>
  <class>com.kms.katalon.core.logging.XmlKeywordLogger</class>
  <method>startTest</method>
  <thread>1</thread>
  <message>Start Test Case : Test Cases/StaffTables/TC-011-Patient-filter-insurance</message>
  <nestedLevel>1</nestedLevel>
  <escapedJava>false</escapedJava>
  <property name="origin"></property>
  <property name="name">Test Cases/StaffTables/TC-011-Patient-filter-insurance</property>
  <property name="description">Filter patients by insurance.</property>
  <property name="iteration"></property>
  <property name="id">Test Cases/StaffTables/TC-011-Patient-filter-insurance</property>
  <property name="source">D:\UNI_DOCS\HK6\KCPM\QuanLyBenhVien_KiemThu\pulse-katalon\Test Cases\StaffTables\TC-011-Patient-filter-insurance.tc</property>
  <property name="tag">baseline</property>
  <property name="isOptional">false</property>
  <property name="uuid">f7c92947-577e-4db0-b551-0036832ef6a8</property>
</record>
<record>
  <date>2026-04-25T16:28:52.779840200Z</date>
  <millis>1777134532779</millis>
  <nanos>840200</nanos>
  <sequence>49</sequence>
  <level>ERROR</level>
  <class>com.kms.katalon.core.logging.XmlKeywordLogger</class>
  <method>logMessage</method>
  <thread>1</thread>
  <message>Test Cases/StaffTables/TC-011-Patient-filter-insurance has ERROR(s).
Reason:
org.codehaus.groovy.control.MultipleCompilationErrorsException: startup failed:
Script31080874772600.groovy: 1: Unexpected character: &amp;apos;﻿&amp;apos; @ line 1, column 1.
   ﻿import com.kms.katalon.core.webui.keyword.WebUiBuiltInKeywords as WebUI
   ^

1 error
</message>
  <nestedLevel>1</nestedLevel>
  <escapedJava>false</escapedJava>
  <property name="failed.exception.stacktrace">org.codehaus.groovy.control.MultipleCompilationErrorsException: startup failed:
Script31080874772600.groovy: 1: Unexpected character: &apos;﻿&apos; @ line 1, column 1.
   ﻿import com.kms.katalon.core.webui.keyword.WebUiBuiltInKeywords as WebUI
   ^

1 error

	at org.apache.groovy.parser.antlr4.AstBuilder.collectSyntaxError(AstBuilder.java:4260)
	at org.apache.groovy.parser.antlr4.AstBuilder.createParsingFailedException(AstBuilder.java:4243)
	at org.apache.groovy.parser.antlr4.AstBuilder.convertException(AstBuilder.java:242)
	at org.apache.groovy.parser.antlr4.AstBuilder.buildCST(AstBuilder.java:216)
	at org.apache.groovy.parser.antlr4.AstBuilder.buildAST(AstBuilder.java:250)
	at org.apache.groovy.parser.antlr4.Antlr4ParserPlugin.buildAST(Antlr4ParserPlugin.java:58)
	at com.kms.katalon.core.main.TestCaseMethodNodeCollector.&lt;init&gt;(TestCaseMethodNodeCollector.java:43)
	at com.kms.katalon.core.main.TestCaseExecutor.processScriptPreparationPhase(TestCaseExecutor.java:225)
	at com.kms.katalon.core.main.TestCaseExecutor.execute(TestCaseExecutor.java:306)
	at com.kms.katalon.core.common.CommonExecutor.accessTestCaseMainPhase(CommonExecutor.java:71)
	at com.kms.katalon.core.main.TestSuiteExecutor.accessTestSuiteMainPhase(TestSuiteExecutor.java:163)
	at com.kms.katalon.core.main.TestSuiteExecutor.execute(TestSuiteExecutor.java:120)
	at com.kms.katalon.core.main.TestCaseMain.startTestSuite(TestCaseMain.java:205)
	at S0.run(S0.groovy:40)
	at java.base/jdk.internal.reflect.DirectMethodHandleAccessor.invoke(DirectMethodHandleAccessor.java:103)
</property>
  <property name="failed.exception.class">org.codehaus.groovy.control.MultipleCompilationErrorsException</property>
  <property name="failed.exception.message">startup failed:
Script31080874772600.groovy: 1: Unexpected character: &apos;﻿&apos; @ line 1, column 1.
   ﻿import com.kms.katalon.core.webui.keyword.WebUiBuiltInKeywords as WebUI
   ^

1 error
</property>
</record>
<record>
  <date>2026-04-25T16:28:52.781852200Z</date>
  <millis>1777134532781</millis>
  <nanos>852200</nanos>
  <sequence>50</sequence>
  <level>END</level>
  <class>com.kms.katalon.core.logging.XmlKeywordLogger</class>
  <method>endTest</method>
  <thread>1</thread>
  <message>End Test Case : Test Cases/StaffTables/TC-011-Patient-filter-insurance</message>
  <nestedLevel>0</nestedLevel>
  <escapedJava>false</escapedJava>
  <property name="executionBindingVariables">[]</property>
  <property name="applitools">false</property>
  <property name="executedKeywords">{}</property>
  <property name="keywordsUsage">{
  &quot;web_ui&quot;: false,
  &quot;web_service&quot;: false,
  &quot;cucumber&quot;: false,
  &quot;builtin&quot;: false,
  &quot;mobile&quot;: false,
  &quot;windows&quot;: false,
  &quot;testng&quot;: false
}</property>
</record>
<record>
  <date>2026-04-25T16:28:52.784857800Z</date>
  <millis>1777134532784</millis>
  <nanos>857800</nanos>
  <sequence>51</sequence>
  <level>START</level>
  <class>com.kms.katalon.core.logging.XmlKeywordLogger</class>
  <method>startTest</method>
  <thread>1</thread>
  <message>Start Test Case : Test Cases/StaffTables/TC-012-Drug-catalog-table</message>
  <nestedLevel>1</nestedLevel>
  <escapedJava>false</escapedJava>
  <property name="origin"></property>
  <property name="name">Test Cases/StaffTables/TC-012-Drug-catalog-table</property>
  <property name="description">Open drug catalog table.</property>
  <property name="iteration"></property>
  <property name="id">Test Cases/StaffTables/TC-012-Drug-catalog-table</property>
  <property name="source">D:\UNI_DOCS\HK6\KCPM\QuanLyBenhVien_KiemThu\pulse-katalon\Test Cases\StaffTables\TC-012-Drug-catalog-table.tc</property>
  <property name="tag">baseline</property>
  <property name="isOptional">false</property>
  <property name="uuid">2925b668-3ee1-4ef7-862e-7f271b2e47b3</property>
</record>
<record>
  <date>2026-04-25T16:28:52.790395300Z</date>
  <millis>1777134532790</millis>
  <nanos>395300</nanos>
  <sequence>53</sequence>
  <level>ERROR</level>
  <class>com.kms.katalon.core.logging.XmlKeywordLogger</class>
  <method>logMessage</method>
  <thread>1</thread>
  <message>Test Cases/StaffTables/TC-012-Drug-catalog-table has ERROR(s).
Reason:
org.codehaus.groovy.control.MultipleCompilationErrorsException: startup failed:
Script31080884680300.groovy: 1: Unexpected character: &amp;apos;﻿&amp;apos; @ line 1, column 1.
   ﻿import com.kms.katalon.core.webui.keyword.WebUiBuiltInKeywords as WebUI
   ^

1 error
</message>
  <nestedLevel>1</nestedLevel>
  <escapedJava>false</escapedJava>
  <property name="failed.exception.stacktrace">org.codehaus.groovy.control.MultipleCompilationErrorsException: startup failed:
Script31080884680300.groovy: 1: Unexpected character: &apos;﻿&apos; @ line 1, column 1.
   ﻿import com.kms.katalon.core.webui.keyword.WebUiBuiltInKeywords as WebUI
   ^

1 error

	at org.apache.groovy.parser.antlr4.AstBuilder.collectSyntaxError(AstBuilder.java:4260)
	at org.apache.groovy.parser.antlr4.AstBuilder.createParsingFailedException(AstBuilder.java:4243)
	at org.apache.groovy.parser.antlr4.AstBuilder.convertException(AstBuilder.java:242)
	at org.apache.groovy.parser.antlr4.AstBuilder.buildCST(AstBuilder.java:216)
	at org.apache.groovy.parser.antlr4.AstBuilder.buildAST(AstBuilder.java:250)
	at org.apache.groovy.parser.antlr4.Antlr4ParserPlugin.buildAST(Antlr4ParserPlugin.java:58)
	at com.kms.katalon.core.main.TestCaseMethodNodeCollector.&lt;init&gt;(TestCaseMethodNodeCollector.java:43)
	at com.kms.katalon.core.main.TestCaseExecutor.processScriptPreparationPhase(TestCaseExecutor.java:225)
	at com.kms.katalon.core.main.TestCaseExecutor.execute(TestCaseExecutor.java:306)
	at com.kms.katalon.core.common.CommonExecutor.accessTestCaseMainPhase(CommonExecutor.java:71)
	at com.kms.katalon.core.main.TestSuiteExecutor.accessTestSuiteMainPhase(TestSuiteExecutor.java:163)
	at com.kms.katalon.core.main.TestSuiteExecutor.execute(TestSuiteExecutor.java:120)
	at com.kms.katalon.core.main.TestCaseMain.startTestSuite(TestCaseMain.java:205)
	at S0.run(S0.groovy:40)
	at java.base/jdk.internal.reflect.DirectMethodHandleAccessor.invoke(DirectMethodHandleAccessor.java:103)
</property>
  <property name="failed.exception.class">org.codehaus.groovy.control.MultipleCompilationErrorsException</property>
  <property name="failed.exception.message">startup failed:
Script31080884680300.groovy: 1: Unexpected character: &apos;﻿&apos; @ line 1, column 1.
   ﻿import com.kms.katalon.core.webui.keyword.WebUiBuiltInKeywords as WebUI
   ^

1 error
</property>
</record>
<record>
  <date>2026-04-25T16:28:52.792388Z</date>
  <millis>1777134532792</millis>
  <nanos>388000</nanos>
  <sequence>54</sequence>
  <level>END</level>
  <class>com.kms.katalon.core.logging.XmlKeywordLogger</class>
  <method>endTest</method>
  <thread>1</thread>
  <message>End Test Case : Test Cases/StaffTables/TC-012-Drug-catalog-table</message>
  <nestedLevel>0</nestedLevel>
  <escapedJava>false</escapedJava>
  <property name="executionBindingVariables">[]</property>
  <property name="applitools">false</property>
  <property name="executedKeywords">{}</property>
  <property name="keywordsUsage">{
  &quot;web_ui&quot;: false,
  &quot;web_service&quot;: false,
  &quot;cucumber&quot;: false,
  &quot;builtin&quot;: false,
  &quot;mobile&quot;: false,
  &quot;windows&quot;: false,
  &quot;testng&quot;: false
}</property>
</record>
<record>
  <date>2026-04-25T16:28:52.796401900Z</date>
  <millis>1777134532796</millis>
  <nanos>401900</nanos>
  <sequence>55</sequence>
  <level>START</level>
  <class>com.kms.katalon.core.logging.XmlKeywordLogger</class>
  <method>startTest</method>
  <thread>1</thread>
  <message>Start Test Case : Test Cases/StaffTables/TC-013-Drug-search</message>
  <nestedLevel>1</nestedLevel>
  <escapedJava>false</escapedJava>
  <property name="origin"></property>
  <property name="name">Test Cases/StaffTables/TC-013-Drug-search</property>
  <property name="description">Search drug by seeded name.</property>
  <property name="iteration"></property>
  <property name="id">Test Cases/StaffTables/TC-013-Drug-search</property>
  <property name="source">D:\UNI_DOCS\HK6\KCPM\QuanLyBenhVien_KiemThu\pulse-katalon\Test Cases\StaffTables\TC-013-Drug-search.tc</property>
  <property name="tag">baseline</property>
  <property name="isOptional">false</property>
  <property name="uuid">388cb79f-9949-4f7f-b44a-2ad0a0585ae3</property>
</record>
<record>
  <date>2026-04-25T16:28:52.805147700Z</date>
  <millis>1777134532805</millis>
  <nanos>147700</nanos>
  <sequence>57</sequence>
  <level>ERROR</level>
  <class>com.kms.katalon.core.logging.XmlKeywordLogger</class>
  <method>logMessage</method>
  <thread>1</thread>
  <message>Test Cases/StaffTables/TC-013-Drug-search has ERROR(s).
Reason:
org.codehaus.groovy.control.MultipleCompilationErrorsException: startup failed:
Script31080896381400.groovy: 1: Unexpected character: &amp;apos;﻿&amp;apos; @ line 1, column 1.
   ﻿import com.kms.katalon.core.webui.keyword.WebUiBuiltInKeywords as WebUI
   ^

1 error
</message>
  <nestedLevel>1</nestedLevel>
  <escapedJava>false</escapedJava>
  <property name="failed.exception.stacktrace">org.codehaus.groovy.control.MultipleCompilationErrorsException: startup failed:
Script31080896381400.groovy: 1: Unexpected character: &apos;﻿&apos; @ line 1, column 1.
   ﻿import com.kms.katalon.core.webui.keyword.WebUiBuiltInKeywords as WebUI
   ^

1 error

	at org.apache.groovy.parser.antlr4.AstBuilder.collectSyntaxError(AstBuilder.java:4260)
	at org.apache.groovy.parser.antlr4.AstBuilder.createParsingFailedException(AstBuilder.java:4243)
	at org.apache.groovy.parser.antlr4.AstBuilder.convertException(AstBuilder.java:242)
	at org.apache.groovy.parser.antlr4.AstBuilder.buildCST(AstBuilder.java:216)
	at org.apache.groovy.parser.antlr4.AstBuilder.buildAST(AstBuilder.java:250)
	at org.apache.groovy.parser.antlr4.Antlr4ParserPlugin.buildAST(Antlr4ParserPlugin.java:58)
	at com.kms.katalon.core.main.TestCaseMethodNodeCollector.&lt;init&gt;(TestCaseMethodNodeCollector.java:43)
	at com.kms.katalon.core.main.TestCaseExecutor.processScriptPreparationPhase(TestCaseExecutor.java:225)
	at com.kms.katalon.core.main.TestCaseExecutor.execute(TestCaseExecutor.java:306)
	at com.kms.katalon.core.common.CommonExecutor.accessTestCaseMainPhase(CommonExecutor.java:71)
	at com.kms.katalon.core.main.TestSuiteExecutor.accessTestSuiteMainPhase(TestSuiteExecutor.java:163)
	at com.kms.katalon.core.main.TestSuiteExecutor.execute(TestSuiteExecutor.java:120)
	at com.kms.katalon.core.main.TestCaseMain.startTestSuite(TestCaseMain.java:205)
	at S0.run(S0.groovy:40)
	at java.base/jdk.internal.reflect.DirectMethodHandleAccessor.invoke(DirectMethodHandleAccessor.java:103)
</property>
  <property name="failed.exception.class">org.codehaus.groovy.control.MultipleCompilationErrorsException</property>
  <property name="failed.exception.message">startup failed:
Script31080896381400.groovy: 1: Unexpected character: &apos;﻿&apos; @ line 1, column 1.
   ﻿import com.kms.katalon.core.webui.keyword.WebUiBuiltInKeywords as WebUI
   ^

1 error
</property>
</record>
<record>
  <date>2026-04-25T16:28:52.807149800Z</date>
  <millis>1777134532807</millis>
  <nanos>149800</nanos>
  <sequence>58</sequence>
  <level>END</level>
  <class>com.kms.katalon.core.logging.XmlKeywordLogger</class>
  <method>endTest</method>
  <thread>1</thread>
  <message>End Test Case : Test Cases/StaffTables/TC-013-Drug-search</message>
  <nestedLevel>0</nestedLevel>
  <escapedJava>false</escapedJava>
  <property name="executionBindingVariables">[]</property>
  <property name="applitools">false</property>
  <property name="executedKeywords">{}</property>
  <property name="keywordsUsage">{
  &quot;web_ui&quot;: false,
  &quot;web_service&quot;: false,
  &quot;cucumber&quot;: false,
  &quot;builtin&quot;: false,
  &quot;mobile&quot;: false,
  &quot;windows&quot;: false,
  &quot;testng&quot;: false
}</property>
</record>
<record>
  <date>2026-04-25T16:28:52.811667600Z</date>
  <millis>1777134532811</millis>
  <nanos>667600</nanos>
  <sequence>59</sequence>
  <level>START</level>
  <class>com.kms.katalon.core.logging.XmlKeywordLogger</class>
  <method>startTest</method>
  <thread>1</thread>
  <message>Start Test Case : Test Cases/StaffTables/TC-014-Drug-filter-dosage-unit</message>
  <nestedLevel>1</nestedLevel>
  <escapedJava>false</escapedJava>
  <property name="origin"></property>
  <property name="name">Test Cases/StaffTables/TC-014-Drug-filter-dosage-unit</property>
  <property name="description">Filter drugs by dosage form and unit.</property>
  <property name="iteration"></property>
  <property name="id">Test Cases/StaffTables/TC-014-Drug-filter-dosage-unit</property>
  <property name="source">D:\UNI_DOCS\HK6\KCPM\QuanLyBenhVien_KiemThu\pulse-katalon\Test Cases\StaffTables\TC-014-Drug-filter-dosage-unit.tc</property>
  <property name="tag">baseline</property>
  <property name="isOptional">false</property>
  <property name="uuid">f638e138-e9f1-408f-9524-370e9c7c7d91</property>
</record>
<record>
  <date>2026-04-25T16:28:52.818674600Z</date>
  <millis>1777134532818</millis>
  <nanos>674600</nanos>
  <sequence>61</sequence>
  <level>ERROR</level>
  <class>com.kms.katalon.core.logging.XmlKeywordLogger</class>
  <method>logMessage</method>
  <thread>1</thread>
  <message>Test Cases/StaffTables/TC-014-Drug-filter-dosage-unit has ERROR(s).
Reason:
org.codehaus.groovy.control.MultipleCompilationErrorsException: startup failed:
Script31080913253400.groovy: 1: Unexpected character: &amp;apos;﻿&amp;apos; @ line 1, column 1.
   ﻿import com.kms.katalon.core.webui.keyword.WebUiBuiltInKeywords as WebUI
   ^

1 error
</message>
  <nestedLevel>1</nestedLevel>
  <escapedJava>false</escapedJava>
  <property name="failed.exception.stacktrace">org.codehaus.groovy.control.MultipleCompilationErrorsException: startup failed:
Script31080913253400.groovy: 1: Unexpected character: &apos;﻿&apos; @ line 1, column 1.
   ﻿import com.kms.katalon.core.webui.keyword.WebUiBuiltInKeywords as WebUI
   ^

1 error

	at org.apache.groovy.parser.antlr4.AstBuilder.collectSyntaxError(AstBuilder.java:4260)
	at org.apache.groovy.parser.antlr4.AstBuilder.createParsingFailedException(AstBuilder.java:4243)
	at org.apache.groovy.parser.antlr4.AstBuilder.convertException(AstBuilder.java:242)
	at org.apache.groovy.parser.antlr4.AstBuilder.buildCST(AstBuilder.java:216)
	at org.apache.groovy.parser.antlr4.AstBuilder.buildAST(AstBuilder.java:250)
	at org.apache.groovy.parser.antlr4.Antlr4ParserPlugin.buildAST(Antlr4ParserPlugin.java:58)
	at com.kms.katalon.core.main.TestCaseMethodNodeCollector.&lt;init&gt;(TestCaseMethodNodeCollector.java:43)
	at com.kms.katalon.core.main.TestCaseExecutor.processScriptPreparationPhase(TestCaseExecutor.java:225)
	at com.kms.katalon.core.main.TestCaseExecutor.execute(TestCaseExecutor.java:306)
	at com.kms.katalon.core.common.CommonExecutor.accessTestCaseMainPhase(CommonExecutor.java:71)
	at com.kms.katalon.core.main.TestSuiteExecutor.accessTestSuiteMainPhase(TestSuiteExecutor.java:163)
	at com.kms.katalon.core.main.TestSuiteExecutor.execute(TestSuiteExecutor.java:120)
	at com.kms.katalon.core.main.TestCaseMain.startTestSuite(TestCaseMain.java:205)
	at S0.run(S0.groovy:40)
	at java.base/jdk.internal.reflect.DirectMethodHandleAccessor.invoke(DirectMethodHandleAccessor.java:103)
</property>
  <property name="failed.exception.class">org.codehaus.groovy.control.MultipleCompilationErrorsException</property>
  <property name="failed.exception.message">startup failed:
Script31080913253400.groovy: 1: Unexpected character: &apos;﻿&apos; @ line 1, column 1.
   ﻿import com.kms.katalon.core.webui.keyword.WebUiBuiltInKeywords as WebUI
   ^

1 error
</property>
</record>
<record>
  <date>2026-04-25T16:28:52.820182800Z</date>
  <millis>1777134532820</millis>
  <nanos>182800</nanos>
  <sequence>62</sequence>
  <level>END</level>
  <class>com.kms.katalon.core.logging.XmlKeywordLogger</class>
  <method>endTest</method>
  <thread>1</thread>
  <message>End Test Case : Test Cases/StaffTables/TC-014-Drug-filter-dosage-unit</message>
  <nestedLevel>0</nestedLevel>
  <escapedJava>false</escapedJava>
  <property name="executionBindingVariables">[]</property>
  <property name="applitools">false</property>
  <property name="executedKeywords">{}</property>
  <property name="keywordsUsage">{
  &quot;web_ui&quot;: false,
  &quot;web_service&quot;: false,
  &quot;cucumber&quot;: false,
  &quot;builtin&quot;: false,
  &quot;mobile&quot;: false,
  &quot;windows&quot;: false,
  &quot;testng&quot;: false
}</property>
</record>
<record>
  <date>2026-04-25T16:28:52.824717800Z</date>
  <millis>1777134532824</millis>
  <nanos>717800</nanos>
  <sequence>63</sequence>
  <level>START</level>
  <class>com.kms.katalon.core.logging.XmlKeywordLogger</class>
  <method>startTest</method>
  <thread>1</thread>
  <message>Start Test Case : Test Cases/StaffTables/TC-015-Room-search</message>
  <nestedLevel>1</nestedLevel>
  <escapedJava>false</escapedJava>
  <property name="origin"></property>
  <property name="name">Test Cases/StaffTables/TC-015-Room-search</property>
  <property name="description">Search room by seeded room number.</property>
  <property name="iteration"></property>
  <property name="id">Test Cases/StaffTables/TC-015-Room-search</property>
  <property name="source">D:\UNI_DOCS\HK6\KCPM\QuanLyBenhVien_KiemThu\pulse-katalon\Test Cases\StaffTables\TC-015-Room-search.tc</property>
  <property name="tag">baseline</property>
  <property name="isOptional">false</property>
  <property name="uuid">006aea61-6666-4df6-95bc-c5afd2e9d9b3</property>
</record>
<record>
  <date>2026-04-25T16:28:52.831023800Z</date>
  <millis>1777134532831</millis>
  <nanos>23800</nanos>
  <sequence>65</sequence>
  <level>ERROR</level>
  <class>com.kms.katalon.core.logging.XmlKeywordLogger</class>
  <method>logMessage</method>
  <thread>1</thread>
  <message>Test Cases/StaffTables/TC-015-Room-search has ERROR(s).
Reason:
org.codehaus.groovy.control.MultipleCompilationErrorsException: startup failed:
Script31080924243900.groovy: 1: Unexpected character: &amp;apos;﻿&amp;apos; @ line 1, column 1.
   ﻿import com.kms.katalon.core.webui.keyword.WebUiBuiltInKeywords as WebUI
   ^

1 error
</message>
  <nestedLevel>1</nestedLevel>
  <escapedJava>false</escapedJava>
  <property name="failed.exception.stacktrace">org.codehaus.groovy.control.MultipleCompilationErrorsException: startup failed:
Script31080924243900.groovy: 1: Unexpected character: &apos;﻿&apos; @ line 1, column 1.
   ﻿import com.kms.katalon.core.webui.keyword.WebUiBuiltInKeywords as WebUI
   ^

1 error

	at org.apache.groovy.parser.antlr4.AstBuilder.collectSyntaxError(AstBuilder.java:4260)
	at org.apache.groovy.parser.antlr4.AstBuilder.createParsingFailedException(AstBuilder.java:4243)
	at org.apache.groovy.parser.antlr4.AstBuilder.convertException(AstBuilder.java:242)
	at org.apache.groovy.parser.antlr4.AstBuilder.buildCST(AstBuilder.java:216)
	at org.apache.groovy.parser.antlr4.AstBuilder.buildAST(AstBuilder.java:250)
	at org.apache.groovy.parser.antlr4.Antlr4ParserPlugin.buildAST(Antlr4ParserPlugin.java:58)
	at com.kms.katalon.core.main.TestCaseMethodNodeCollector.&lt;init&gt;(TestCaseMethodNodeCollector.java:43)
	at com.kms.katalon.core.main.TestCaseExecutor.processScriptPreparationPhase(TestCaseExecutor.java:225)
	at com.kms.katalon.core.main.TestCaseExecutor.execute(TestCaseExecutor.java:306)
	at com.kms.katalon.core.common.CommonExecutor.accessTestCaseMainPhase(CommonExecutor.java:71)
	at com.kms.katalon.core.main.TestSuiteExecutor.accessTestSuiteMainPhase(TestSuiteExecutor.java:163)
	at com.kms.katalon.core.main.TestSuiteExecutor.execute(TestSuiteExecutor.java:120)
	at com.kms.katalon.core.main.TestCaseMain.startTestSuite(TestCaseMain.java:205)
	at S0.run(S0.groovy:40)
	at java.base/jdk.internal.reflect.DirectMethodHandleAccessor.invoke(DirectMethodHandleAccessor.java:103)
</property>
  <property name="failed.exception.class">org.codehaus.groovy.control.MultipleCompilationErrorsException</property>
  <property name="failed.exception.message">startup failed:
Script31080924243900.groovy: 1: Unexpected character: &apos;﻿&apos; @ line 1, column 1.
   ﻿import com.kms.katalon.core.webui.keyword.WebUiBuiltInKeywords as WebUI
   ^

1 error
</property>
</record>
<record>
  <date>2026-04-25T16:28:52.832034200Z</date>
  <millis>1777134532832</millis>
  <nanos>34200</nanos>
  <sequence>66</sequence>
  <level>END</level>
  <class>com.kms.katalon.core.logging.XmlKeywordLogger</class>
  <method>endTest</method>
  <thread>1</thread>
  <message>End Test Case : Test Cases/StaffTables/TC-015-Room-search</message>
  <nestedLevel>0</nestedLevel>
  <escapedJava>false</escapedJava>
  <property name="executionBindingVariables">[]</property>
  <property name="applitools">false</property>
  <property name="executedKeywords">{}</property>
  <property name="keywordsUsage">{
  &quot;web_ui&quot;: false,
  &quot;web_service&quot;: false,
  &quot;cucumber&quot;: false,
  &quot;builtin&quot;: false,
  &quot;mobile&quot;: false,
  &quot;windows&quot;: false,
  &quot;testng&quot;: false
}</property>
</record>
<record>
  <date>2026-04-25T16:28:52.834042100Z</date>
  <millis>1777134532834</millis>
  <nanos>42100</nanos>
  <sequence>67</sequence>
  <level>START</level>
  <class>com.kms.katalon.core.logging.XmlKeywordLogger</class>
  <method>startTest</method>
  <thread>1</thread>
  <message>Start Test Case : Test Cases/StaffTables/TC-016-Room-filter-status</message>
  <nestedLevel>1</nestedLevel>
  <escapedJava>false</escapedJava>
  <property name="origin"></property>
  <property name="name">Test Cases/StaffTables/TC-016-Room-filter-status</property>
  <property name="description">Filter rooms by available status.</property>
  <property name="iteration"></property>
  <property name="id">Test Cases/StaffTables/TC-016-Room-filter-status</property>
  <property name="source">D:\UNI_DOCS\HK6\KCPM\QuanLyBenhVien_KiemThu\pulse-katalon\Test Cases\StaffTables\TC-016-Room-filter-status.tc</property>
  <property name="tag">baseline</property>
  <property name="isOptional">false</property>
  <property name="uuid">7dcdf71f-5ac2-43bf-929a-2d6c75fea7ed</property>
</record>
<record>
  <date>2026-04-25T16:28:52.841881700Z</date>
  <millis>1777134532841</millis>
  <nanos>881700</nanos>
  <sequence>69</sequence>
  <level>ERROR</level>
  <class>com.kms.katalon.core.logging.XmlKeywordLogger</class>
  <method>logMessage</method>
  <thread>1</thread>
  <message>Test Cases/StaffTables/TC-016-Room-filter-status has ERROR(s).
Reason:
org.codehaus.groovy.control.MultipleCompilationErrorsException: startup failed:
Script31080935683600.groovy: 1: Unexpected character: &amp;apos;﻿&amp;apos; @ line 1, column 1.
   ﻿import com.kms.katalon.core.webui.keyword.WebUiBuiltInKeywords as WebUI
   ^

1 error
</message>
  <nestedLevel>1</nestedLevel>
  <escapedJava>false</escapedJava>
  <property name="failed.exception.stacktrace">org.codehaus.groovy.control.MultipleCompilationErrorsException: startup failed:
Script31080935683600.groovy: 1: Unexpected character: &apos;﻿&apos; @ line 1, column 1.
   ﻿import com.kms.katalon.core.webui.keyword.WebUiBuiltInKeywords as WebUI
   ^

1 error

	at org.apache.groovy.parser.antlr4.AstBuilder.collectSyntaxError(AstBuilder.java:4260)
	at org.apache.groovy.parser.antlr4.AstBuilder.createParsingFailedException(AstBuilder.java:4243)
	at org.apache.groovy.parser.antlr4.AstBuilder.convertException(AstBuilder.java:242)
	at org.apache.groovy.parser.antlr4.AstBuilder.buildCST(AstBuilder.java:216)
	at org.apache.groovy.parser.antlr4.AstBuilder.buildAST(AstBuilder.java:250)
	at org.apache.groovy.parser.antlr4.Antlr4ParserPlugin.buildAST(Antlr4ParserPlugin.java:58)
	at com.kms.katalon.core.main.TestCaseMethodNodeCollector.&lt;init&gt;(TestCaseMethodNodeCollector.java:43)
	at com.kms.katalon.core.main.TestCaseExecutor.processScriptPreparationPhase(TestCaseExecutor.java:225)
	at com.kms.katalon.core.main.TestCaseExecutor.execute(TestCaseExecutor.java:306)
	at com.kms.katalon.core.common.CommonExecutor.accessTestCaseMainPhase(CommonExecutor.java:71)
	at com.kms.katalon.core.main.TestSuiteExecutor.accessTestSuiteMainPhase(TestSuiteExecutor.java:163)
	at com.kms.katalon.core.main.TestSuiteExecutor.execute(TestSuiteExecutor.java:120)
	at com.kms.katalon.core.main.TestCaseMain.startTestSuite(TestCaseMain.java:205)
	at S0.run(S0.groovy:40)
	at java.base/jdk.internal.reflect.DirectMethodHandleAccessor.invoke(DirectMethodHandleAccessor.java:103)
</property>
  <property name="failed.exception.class">org.codehaus.groovy.control.MultipleCompilationErrorsException</property>
  <property name="failed.exception.message">startup failed:
Script31080935683600.groovy: 1: Unexpected character: &apos;﻿&apos; @ line 1, column 1.
   ﻿import com.kms.katalon.core.webui.keyword.WebUiBuiltInKeywords as WebUI
   ^

1 error
</property>
</record>
<record>
  <date>2026-04-25T16:28:52.843324500Z</date>
  <millis>1777134532843</millis>
  <nanos>324500</nanos>
  <sequence>70</sequence>
  <level>END</level>
  <class>com.kms.katalon.core.logging.XmlKeywordLogger</class>
  <method>endTest</method>
  <thread>1</thread>
  <message>End Test Case : Test Cases/StaffTables/TC-016-Room-filter-status</message>
  <nestedLevel>0</nestedLevel>
  <escapedJava>false</escapedJava>
  <property name="executionBindingVariables">[]</property>
  <property name="applitools">false</property>
  <property name="executedKeywords">{}</property>
  <property name="keywordsUsage">{
  &quot;web_ui&quot;: false,
  &quot;web_service&quot;: false,
  &quot;cucumber&quot;: false,
  &quot;builtin&quot;: false,
  &quot;mobile&quot;: false,
  &quot;windows&quot;: false,
  &quot;testng&quot;: false
}</property>
</record>
<record>
  <date>2026-04-25T16:28:52.847335900Z</date>
  <millis>1777134532847</millis>
  <nanos>335900</nanos>
  <sequence>71</sequence>
  <level>START</level>
  <class>com.kms.katalon.core.logging.XmlKeywordLogger</class>
  <method>startTest</method>
  <thread>1</thread>
  <message>Start Test Case : Test Cases/StaffTables/TC-017-Waitlist-priority-order</message>
  <nestedLevel>1</nestedLevel>
  <escapedJava>false</escapedJava>
  <property name="origin"></property>
  <property name="name">Test Cases/StaffTables/TC-017-Waitlist-priority-order</property>
  <property name="description">Open waitlist and validate priority order when data exists.</property>
  <property name="iteration"></property>
  <property name="id">Test Cases/StaffTables/TC-017-Waitlist-priority-order</property>
  <property name="source">D:\UNI_DOCS\HK6\KCPM\QuanLyBenhVien_KiemThu\pulse-katalon\Test Cases\StaffTables\TC-017-Waitlist-priority-order.tc</property>
  <property name="tag">baseline</property>
  <property name="isOptional">false</property>
  <property name="uuid">8e6a2f1b-87a8-4799-9d00-3e06679342ea</property>
</record>
<record>
  <date>2026-04-25T16:28:52.853384100Z</date>
  <millis>1777134532853</millis>
  <nanos>384100</nanos>
  <sequence>73</sequence>
  <level>ERROR</level>
  <class>com.kms.katalon.core.logging.XmlKeywordLogger</class>
  <method>logMessage</method>
  <thread>1</thread>
  <message>Test Cases/StaffTables/TC-017-Waitlist-priority-order has ERROR(s).
Reason:
org.codehaus.groovy.control.MultipleCompilationErrorsException: startup failed:
Script31080947235800.groovy: 1: Unexpected character: &amp;apos;﻿&amp;apos; @ line 1, column 1.
   ﻿import com.kms.katalon.core.webui.keyword.WebUiBuiltInKeywords as WebUI
   ^

1 error
</message>
  <nestedLevel>1</nestedLevel>
  <escapedJava>false</escapedJava>
  <property name="failed.exception.stacktrace">org.codehaus.groovy.control.MultipleCompilationErrorsException: startup failed:
Script31080947235800.groovy: 1: Unexpected character: &apos;﻿&apos; @ line 1, column 1.
   ﻿import com.kms.katalon.core.webui.keyword.WebUiBuiltInKeywords as WebUI
   ^

1 error

	at org.apache.groovy.parser.antlr4.AstBuilder.collectSyntaxError(AstBuilder.java:4260)
	at org.apache.groovy.parser.antlr4.AstBuilder.createParsingFailedException(AstBuilder.java:4243)
	at org.apache.groovy.parser.antlr4.AstBuilder.convertException(AstBuilder.java:242)
	at org.apache.groovy.parser.antlr4.AstBuilder.buildCST(AstBuilder.java:216)
	at org.apache.groovy.parser.antlr4.AstBuilder.buildAST(AstBuilder.java:250)
	at org.apache.groovy.parser.antlr4.Antlr4ParserPlugin.buildAST(Antlr4ParserPlugin.java:58)
	at com.kms.katalon.core.main.TestCaseMethodNodeCollector.&lt;init&gt;(TestCaseMethodNodeCollector.java:43)
	at com.kms.katalon.core.main.TestCaseExecutor.processScriptPreparationPhase(TestCaseExecutor.java:225)
	at com.kms.katalon.core.main.TestCaseExecutor.execute(TestCaseExecutor.java:306)
	at com.kms.katalon.core.common.CommonExecutor.accessTestCaseMainPhase(CommonExecutor.java:71)
	at com.kms.katalon.core.main.TestSuiteExecutor.accessTestSuiteMainPhase(TestSuiteExecutor.java:163)
	at com.kms.katalon.core.main.TestSuiteExecutor.execute(TestSuiteExecutor.java:120)
	at com.kms.katalon.core.main.TestCaseMain.startTestSuite(TestCaseMain.java:205)
	at S0.run(S0.groovy:40)
	at java.base/jdk.internal.reflect.DirectMethodHandleAccessor.invoke(DirectMethodHandleAccessor.java:103)
</property>
  <property name="failed.exception.class">org.codehaus.groovy.control.MultipleCompilationErrorsException</property>
  <property name="failed.exception.message">startup failed:
Script31080947235800.groovy: 1: Unexpected character: &apos;﻿&apos; @ line 1, column 1.
   ﻿import com.kms.katalon.core.webui.keyword.WebUiBuiltInKeywords as WebUI
   ^

1 error
</property>
</record>
<record>
  <date>2026-04-25T16:28:52.854385900Z</date>
  <millis>1777134532854</millis>
  <nanos>385900</nanos>
  <sequence>74</sequence>
  <level>END</level>
  <class>com.kms.katalon.core.logging.XmlKeywordLogger</class>
  <method>endTest</method>
  <thread>1</thread>
  <message>End Test Case : Test Cases/StaffTables/TC-017-Waitlist-priority-order</message>
  <nestedLevel>0</nestedLevel>
  <escapedJava>false</escapedJava>
  <property name="executionBindingVariables">[]</property>
  <property name="applitools">false</property>
  <property name="executedKeywords">{}</property>
  <property name="keywordsUsage">{
  &quot;web_ui&quot;: false,
  &quot;web_service&quot;: false,
  &quot;cucumber&quot;: false,
  &quot;builtin&quot;: false,
  &quot;mobile&quot;: false,
  &quot;windows&quot;: false,
  &quot;testng&quot;: false
}</property>
</record>
<record>
  <date>2026-04-25T16:28:52.858381400Z</date>
  <millis>1777134532858</millis>
  <nanos>381400</nanos>
  <sequence>75</sequence>
  <level>START</level>
  <class>com.kms.katalon.core.logging.XmlKeywordLogger</class>
  <method>startTest</method>
  <thread>1</thread>
  <message>Start Test Case : Test Cases/StaffTables/TC-018-Waitlist-filter-priority</message>
  <nestedLevel>1</nestedLevel>
  <escapedJava>false</escapedJava>
  <property name="origin"></property>
  <property name="name">Test Cases/StaffTables/TC-018-Waitlist-filter-priority</property>
  <property name="description">Filter waitlist by priority.</property>
  <property name="iteration"></property>
  <property name="id">Test Cases/StaffTables/TC-018-Waitlist-filter-priority</property>
  <property name="source">D:\UNI_DOCS\HK6\KCPM\QuanLyBenhVien_KiemThu\pulse-katalon\Test Cases\StaffTables\TC-018-Waitlist-filter-priority.tc</property>
  <property name="tag">baseline</property>
  <property name="isOptional">false</property>
  <property name="uuid">e55c669d-7409-44b7-991a-375cb67843bb</property>
</record>
<record>
  <date>2026-04-25T16:28:52.865899300Z</date>
  <millis>1777134532865</millis>
  <nanos>899300</nanos>
  <sequence>77</sequence>
  <level>ERROR</level>
  <class>com.kms.katalon.core.logging.XmlKeywordLogger</class>
  <method>logMessage</method>
  <thread>1</thread>
  <message>Test Cases/StaffTables/TC-018-Waitlist-filter-priority has ERROR(s).
Reason:
org.codehaus.groovy.control.MultipleCompilationErrorsException: startup failed:
Script31080959450200.groovy: 1: Unexpected character: &amp;apos;﻿&amp;apos; @ line 1, column 1.
   ﻿import com.kms.katalon.core.webui.keyword.WebUiBuiltInKeywords as WebUI
   ^

1 error
</message>
  <nestedLevel>1</nestedLevel>
  <escapedJava>false</escapedJava>
  <property name="failed.exception.stacktrace">org.codehaus.groovy.control.MultipleCompilationErrorsException: startup failed:
Script31080959450200.groovy: 1: Unexpected character: &apos;﻿&apos; @ line 1, column 1.
   ﻿import com.kms.katalon.core.webui.keyword.WebUiBuiltInKeywords as WebUI
   ^

1 error

	at org.apache.groovy.parser.antlr4.AstBuilder.collectSyntaxError(AstBuilder.java:4260)
	at org.apache.groovy.parser.antlr4.AstBuilder.createParsingFailedException(AstBuilder.java:4243)
	at org.apache.groovy.parser.antlr4.AstBuilder.convertException(AstBuilder.java:242)
	at org.apache.groovy.parser.antlr4.AstBuilder.buildCST(AstBuilder.java:216)
	at org.apache.groovy.parser.antlr4.AstBuilder.buildAST(AstBuilder.java:250)
	at org.apache.groovy.parser.antlr4.Antlr4ParserPlugin.buildAST(Antlr4ParserPlugin.java:58)
	at com.kms.katalon.core.main.TestCaseMethodNodeCollector.&lt;init&gt;(TestCaseMethodNodeCollector.java:43)
	at com.kms.katalon.core.main.TestCaseExecutor.processScriptPreparationPhase(TestCaseExecutor.java:225)
	at com.kms.katalon.core.main.TestCaseExecutor.execute(TestCaseExecutor.java:306)
	at com.kms.katalon.core.common.CommonExecutor.accessTestCaseMainPhase(CommonExecutor.java:71)
	at com.kms.katalon.core.main.TestSuiteExecutor.accessTestSuiteMainPhase(TestSuiteExecutor.java:163)
	at com.kms.katalon.core.main.TestSuiteExecutor.execute(TestSuiteExecutor.java:120)
	at com.kms.katalon.core.main.TestCaseMain.startTestSuite(TestCaseMain.java:205)
	at S0.run(S0.groovy:40)
	at java.base/jdk.internal.reflect.DirectMethodHandleAccessor.invoke(DirectMethodHandleAccessor.java:103)
</property>
  <property name="failed.exception.class">org.codehaus.groovy.control.MultipleCompilationErrorsException</property>
  <property name="failed.exception.message">startup failed:
Script31080959450200.groovy: 1: Unexpected character: &apos;﻿&apos; @ line 1, column 1.
   ﻿import com.kms.katalon.core.webui.keyword.WebUiBuiltInKeywords as WebUI
   ^

1 error
</property>
</record>
<record>
  <date>2026-04-25T16:28:52.867920700Z</date>
  <millis>1777134532867</millis>
  <nanos>920700</nanos>
  <sequence>78</sequence>
  <level>END</level>
  <class>com.kms.katalon.core.logging.XmlKeywordLogger</class>
  <method>endTest</method>
  <thread>1</thread>
  <message>End Test Case : Test Cases/StaffTables/TC-018-Waitlist-filter-priority</message>
  <nestedLevel>0</nestedLevel>
  <escapedJava>false</escapedJava>
  <property name="executionBindingVariables">[]</property>
  <property name="applitools">false</property>
  <property name="executedKeywords">{}</property>
  <property name="keywordsUsage">{
  &quot;web_ui&quot;: false,
  &quot;web_service&quot;: false,
  &quot;cucumber&quot;: false,
  &quot;builtin&quot;: false,
  &quot;mobile&quot;: false,
  &quot;windows&quot;: false,
  &quot;testng&quot;: false
}</property>
</record>
<record>
  <date>2026-04-25T16:28:52.873444700Z</date>
  <millis>1777134532873</millis>
  <nanos>444700</nanos>
  <sequence>79</sequence>
  <level>START</level>
  <class>com.kms.katalon.core.logging.XmlKeywordLogger</class>
  <method>startTest</method>
  <thread>1</thread>
  <message>Start Test Case : Test Cases/StaffTables/TC-019-Appointment-status-tabs</message>
  <nestedLevel>1</nestedLevel>
  <escapedJava>false</escapedJava>
  <property name="origin"></property>
  <property name="name">Test Cases/StaffTables/TC-019-Appointment-status-tabs</property>
  <property name="description">Open appointment page and switch status tabs.</property>
  <property name="iteration"></property>
  <property name="id">Test Cases/StaffTables/TC-019-Appointment-status-tabs</property>
  <property name="source">D:\UNI_DOCS\HK6\KCPM\QuanLyBenhVien_KiemThu\pulse-katalon\Test Cases\StaffTables\TC-019-Appointment-status-tabs.tc</property>
  <property name="tag">baseline</property>
  <property name="isOptional">false</property>
  <property name="uuid">7d6a5b40-30ca-414c-858d-34dcdb977ce9</property>
</record>
<record>
  <date>2026-04-25T16:28:52.880973400Z</date>
  <millis>1777134532880</millis>
  <nanos>973400</nanos>
  <sequence>81</sequence>
  <level>ERROR</level>
  <class>com.kms.katalon.core.logging.XmlKeywordLogger</class>
  <method>logMessage</method>
  <thread>1</thread>
  <message>Test Cases/StaffTables/TC-019-Appointment-status-tabs has ERROR(s).
Reason:
org.codehaus.groovy.control.MultipleCompilationErrorsException: startup failed:
Script31080973733000.groovy: 1: Unexpected character: &amp;apos;﻿&amp;apos; @ line 1, column 1.
   ﻿import com.kms.katalon.core.webui.keyword.WebUiBuiltInKeywords as WebUI
   ^

1 error
</message>
  <nestedLevel>1</nestedLevel>
  <escapedJava>false</escapedJava>
  <property name="failed.exception.stacktrace">org.codehaus.groovy.control.MultipleCompilationErrorsException: startup failed:
Script31080973733000.groovy: 1: Unexpected character: &apos;﻿&apos; @ line 1, column 1.
   ﻿import com.kms.katalon.core.webui.keyword.WebUiBuiltInKeywords as WebUI
   ^

1 error

	at org.apache.groovy.parser.antlr4.AstBuilder.collectSyntaxError(AstBuilder.java:4260)
	at org.apache.groovy.parser.antlr4.AstBuilder.createParsingFailedException(AstBuilder.java:4243)
	at org.apache.groovy.parser.antlr4.AstBuilder.convertException(AstBuilder.java:242)
	at org.apache.groovy.parser.antlr4.AstBuilder.buildCST(AstBuilder.java:216)
	at org.apache.groovy.parser.antlr4.AstBuilder.buildAST(AstBuilder.java:250)
	at org.apache.groovy.parser.antlr4.Antlr4ParserPlugin.buildAST(Antlr4ParserPlugin.java:58)
	at com.kms.katalon.core.main.TestCaseMethodNodeCollector.&lt;init&gt;(TestCaseMethodNodeCollector.java:43)
	at com.kms.katalon.core.main.TestCaseExecutor.processScriptPreparationPhase(TestCaseExecutor.java:225)
	at com.kms.katalon.core.main.TestCaseExecutor.execute(TestCaseExecutor.java:306)
	at com.kms.katalon.core.common.CommonExecutor.accessTestCaseMainPhase(CommonExecutor.java:71)
	at com.kms.katalon.core.main.TestSuiteExecutor.accessTestSuiteMainPhase(TestSuiteExecutor.java:163)
	at com.kms.katalon.core.main.TestSuiteExecutor.execute(TestSuiteExecutor.java:120)
	at com.kms.katalon.core.main.TestCaseMain.startTestSuite(TestCaseMain.java:205)
	at S0.run(S0.groovy:40)
	at java.base/jdk.internal.reflect.DirectMethodHandleAccessor.invoke(DirectMethodHandleAccessor.java:103)
</property>
  <property name="failed.exception.class">org.codehaus.groovy.control.MultipleCompilationErrorsException</property>
  <property name="failed.exception.message">startup failed:
Script31080973733000.groovy: 1: Unexpected character: &apos;﻿&apos; @ line 1, column 1.
   ﻿import com.kms.katalon.core.webui.keyword.WebUiBuiltInKeywords as WebUI
   ^

1 error
</property>
</record>
<record>
  <date>2026-04-25T16:28:52.881972100Z</date>
  <millis>1777134532881</millis>
  <nanos>972100</nanos>
  <sequence>82</sequence>
  <level>END</level>
  <class>com.kms.katalon.core.logging.XmlKeywordLogger</class>
  <method>endTest</method>
  <thread>1</thread>
  <message>End Test Case : Test Cases/StaffTables/TC-019-Appointment-status-tabs</message>
  <nestedLevel>0</nestedLevel>
  <escapedJava>false</escapedJava>
  <property name="executionBindingVariables">[]</property>
  <property name="applitools">false</property>
  <property name="executedKeywords">{}</property>
  <property name="keywordsUsage">{
  &quot;web_ui&quot;: false,
  &quot;web_service&quot;: false,
  &quot;cucumber&quot;: false,
  &quot;builtin&quot;: false,
  &quot;mobile&quot;: false,
  &quot;windows&quot;: false,
  &quot;testng&quot;: false
}</property>
</record>
<record>
  <date>2026-04-25T16:28:52.886429300Z</date>
  <millis>1777134532886</millis>
  <nanos>429300</nanos>
  <sequence>83</sequence>
  <level>START</level>
  <class>com.kms.katalon.core.logging.XmlKeywordLogger</class>
  <method>startTest</method>
  <thread>1</thread>
  <message>Start Test Case : Test Cases/StaffTables/TC-020-Invoice-patient-search</message>
  <nestedLevel>1</nestedLevel>
  <escapedJava>false</escapedJava>
  <property name="origin"></property>
  <property name="name">Test Cases/StaffTables/TC-020-Invoice-patient-search</property>
  <property name="description">Search patient on invoice page.</property>
  <property name="iteration"></property>
  <property name="id">Test Cases/StaffTables/TC-020-Invoice-patient-search</property>
  <property name="source">D:\UNI_DOCS\HK6\KCPM\QuanLyBenhVien_KiemThu\pulse-katalon\Test Cases\StaffTables\TC-020-Invoice-patient-search.tc</property>
  <property name="tag">baseline</property>
  <property name="isOptional">false</property>
  <property name="uuid">e6bea223-2acc-4dc2-b4b8-7d23ec3c592c</property>
</record>
<record>
  <date>2026-04-25T16:28:52.891312100Z</date>
  <millis>1777134532891</millis>
  <nanos>312100</nanos>
  <sequence>85</sequence>
  <level>ERROR</level>
  <class>com.kms.katalon.core.logging.XmlKeywordLogger</class>
  <method>logMessage</method>
  <thread>1</thread>
  <message>Test Cases/StaffTables/TC-020-Invoice-patient-search has ERROR(s).
Reason:
org.codehaus.groovy.control.MultipleCompilationErrorsException: startup failed:
Script31080986331100.groovy: 1: Unexpected character: &amp;apos;﻿&amp;apos; @ line 1, column 1.
   ﻿import com.kms.katalon.core.webui.keyword.WebUiBuiltInKeywords as WebUI
   ^

1 error
</message>
  <nestedLevel>1</nestedLevel>
  <escapedJava>false</escapedJava>
  <property name="failed.exception.stacktrace">org.codehaus.groovy.control.MultipleCompilationErrorsException: startup failed:
Script31080986331100.groovy: 1: Unexpected character: &apos;﻿&apos; @ line 1, column 1.
   ﻿import com.kms.katalon.core.webui.keyword.WebUiBuiltInKeywords as WebUI
   ^

1 error

	at org.apache.groovy.parser.antlr4.AstBuilder.collectSyntaxError(AstBuilder.java:4260)
	at org.apache.groovy.parser.antlr4.AstBuilder.createParsingFailedException(AstBuilder.java:4243)
	at org.apache.groovy.parser.antlr4.AstBuilder.convertException(AstBuilder.java:242)
	at org.apache.groovy.parser.antlr4.AstBuilder.buildCST(AstBuilder.java:216)
	at org.apache.groovy.parser.antlr4.AstBuilder.buildAST(AstBuilder.java:250)
	at org.apache.groovy.parser.antlr4.Antlr4ParserPlugin.buildAST(Antlr4ParserPlugin.java:58)
	at com.kms.katalon.core.main.TestCaseMethodNodeCollector.&lt;init&gt;(TestCaseMethodNodeCollector.java:43)
	at com.kms.katalon.core.main.TestCaseExecutor.processScriptPreparationPhase(TestCaseExecutor.java:225)
	at com.kms.katalon.core.main.TestCaseExecutor.execute(TestCaseExecutor.java:306)
	at com.kms.katalon.core.common.CommonExecutor.accessTestCaseMainPhase(CommonExecutor.java:71)
	at com.kms.katalon.core.main.TestSuiteExecutor.accessTestSuiteMainPhase(TestSuiteExecutor.java:163)
	at com.kms.katalon.core.main.TestSuiteExecutor.execute(TestSuiteExecutor.java:120)
	at com.kms.katalon.core.main.TestCaseMain.startTestSuite(TestCaseMain.java:205)
	at S0.run(S0.groovy:40)
	at java.base/jdk.internal.reflect.DirectMethodHandleAccessor.invoke(DirectMethodHandleAccessor.java:103)
</property>
  <property name="failed.exception.class">org.codehaus.groovy.control.MultipleCompilationErrorsException</property>
  <property name="failed.exception.message">startup failed:
Script31080986331100.groovy: 1: Unexpected character: &apos;﻿&apos; @ line 1, column 1.
   ﻿import com.kms.katalon.core.webui.keyword.WebUiBuiltInKeywords as WebUI
   ^

1 error
</property>
</record>
<record>
  <date>2026-04-25T16:28:52.893322200Z</date>
  <millis>1777134532893</millis>
  <nanos>322200</nanos>
  <sequence>86</sequence>
  <level>END</level>
  <class>com.kms.katalon.core.logging.XmlKeywordLogger</class>
  <method>endTest</method>
  <thread>1</thread>
  <message>End Test Case : Test Cases/StaffTables/TC-020-Invoice-patient-search</message>
  <nestedLevel>0</nestedLevel>
  <escapedJava>false</escapedJava>
  <property name="executionBindingVariables">[]</property>
  <property name="applitools">false</property>
  <property name="executedKeywords">{}</property>
  <property name="keywordsUsage">{
  &quot;web_ui&quot;: false,
  &quot;web_service&quot;: false,
  &quot;cucumber&quot;: false,
  &quot;builtin&quot;: false,
  &quot;mobile&quot;: false,
  &quot;windows&quot;: false,
  &quot;testng&quot;: false
}</property>
</record>
<record>
  <date>2026-04-25T16:28:52.963517400Z</date>
  <millis>1777134532963</millis>
  <nanos>517400</nanos>
  <sequence>87</sequence>
  <level>END</level>
  <class>com.kms.katalon.core.logging.XmlKeywordLogger</class>
  <method>endSuite</method>
  <thread>1</thread>
  <message>End Test Suite : Test Suites/Baseline</message>
  <nestedLevel>0</nestedLevel>
  <escapedJava>false</escapedJava>
</record>
</log>
