<?xml version="1.0" encoding="UTF-8" standalone="no"?>
<!DOCTYPE log SYSTEM "logger.dtd">
<log>
<record>
  <date>2026-04-25T16:41:56.397430200Z</date>
  <millis>1777135316397</millis>
  <nanos>430200</nanos>
  <sequence>0</sequence>
  <level>START</level>
  <class>com.kms.katalon.core.logging.XmlKeywordLogger</class>
  <method>startSuite</method>
  <thread>1</thread>
  <message>Start Test Suite : Test Suites/Baseline</message>
  <nestedLevel>0</nestedLevel>
  <escapedJava>false</escapedJava>
  <property name="rerunTestFailImmediately">false</property>
  <property name="retryCount">0</property>
  <property name="name">Baseline</property>
  <property name="description">Baseline suite for Pulse Clinic web. Expected result before fault injection: 100% PASS.</property>
  <property name="id">Test Suites/Baseline</property>
</record>
<record>
  <date>2026-04-25T16:41:56.426573100Z</date>
  <millis>1777135316426</millis>
  <nanos>573100</nanos>
  <sequence>1</sequence>
  <level>RUN_DATA</level>
  <class>com.kms.katalon.core.logging.XmlKeywordLogger</class>
  <method>logMessage</method>
  <thread>1</thread>
  <message>userFullName = Anh Quốc Huỳnh</message>
  <nestedLevel>0</nestedLevel>
  <escapedJava>false</escapedJava>
  <property name="userFullName">Anh Quốc Huỳnh</property>
</record>
<record>
  <date>2026-04-25T16:41:56.428975200Z</date>
  <millis>1777135316428</millis>
  <nanos>975200</nanos>
  <sequence>2</sequence>
  <level>RUN_DATA</level>
  <class>com.kms.katalon.core.logging.XmlKeywordLogger</class>
  <method>logMessage</method>
  <thread>1</thread>
  <message>projectName = PulseClinicKatalon</message>
  <nestedLevel>0</nestedLevel>
  <escapedJava>false</escapedJava>
  <property name="projectName">PulseClinicKatalon</property>
</record>
<record>
  <date>2026-04-25T16:41:56.428975200Z</date>
  <millis>1777135316428</millis>
  <nanos>975200</nanos>
  <sequence>3</sequence>
  <level>RUN_DATA</level>
  <class>com.kms.katalon.core.logging.XmlKeywordLogger</class>
  <method>logMessage</method>
  <thread>1</thread>
  <message>hostName = ACER - Aspire-A715</message>
  <nestedLevel>0</nestedLevel>
  <escapedJava>false</escapedJava>
  <property name="hostName">ACER - Aspire-A715</property>
</record>
<record>
  <date>2026-04-25T16:41:56.429976300Z</date>
  <millis>1777135316429</millis>
  <nanos>976300</nanos>
  <sequence>4</sequence>
  <level>RUN_DATA</level>
  <class>com.kms.katalon.core.logging.XmlKeywordLogger</class>
  <method>logMessage</method>
  <thread>1</thread>
  <message>os = Windows 11 64bit</message>
  <nestedLevel>0</nestedLevel>
  <escapedJava>false</escapedJava>
  <property name="os">Windows 11 64bit</property>
</record>
<record>
  <date>2026-04-25T16:41:56.430979500Z</date>
  <millis>1777135316430</millis>
  <nanos>979500</nanos>
  <sequence>5</sequence>
  <level>RUN_DATA</level>
  <class>com.kms.katalon.core.logging.XmlKeywordLogger</class>
  <method>logMessage</method>
  <thread>1</thread>
  <message>hostAddress = 192.168.1.9</message>
  <nestedLevel>0</nestedLevel>
  <escapedJava>false</escapedJava>
  <property name="hostAddress">192.168.1.9</property>
</record>
<record>
  <date>2026-04-25T16:41:56.431977900Z</date>
  <millis>1777135316431</millis>
  <nanos>977900</nanos>
  <sequence>6</sequence>
  <level>RUN_DATA</level>
  <class>com.kms.katalon.core.logging.XmlKeywordLogger</class>
  <method>logMessage</method>
  <thread>1</thread>
  <message>katalonVersion = 11.0.1.0</message>
  <nestedLevel>0</nestedLevel>
  <escapedJava>false</escapedJava>
  <property name="katalonVersion">11.0.1.0</property>
</record>
<record>
  <date>2026-04-25T16:41:56.580121700Z</date>
  <millis>1777135316580</millis>
  <nanos>121700</nanos>
  <sequence>7</sequence>
  <level>START</level>
  <class>com.kms.katalon.core.logging.XmlKeywordLogger</class>
  <method>startTest</method>
  <thread>1</thread>
  <message>Start Test Case : Test Cases/Authentication/TC-001-Open-HMS-role-selection</message>
  <nestedLevel>1</nestedLevel>
  <escapedJava>false</escapedJava>
  <property name="origin"></property>
  <property name="name">Test Cases/Authentication/TC-001-Open-HMS-role-selection</property>
  <property name="description">Open HMS role selection page.</property>
  <property name="iteration"></property>
  <property name="id">Test Cases/Authentication/TC-001-Open-HMS-role-selection</property>
  <property name="source">D:\UNI_DOCS\HK6\KCPM\QuanLyBenhVien_KiemThu\pulse-katalon\Test Cases\Authentication\TC-001-Open-HMS-role-selection.tc</property>
  <property name="tag">baseline</property>
  <property name="isOptional">false</property>
  <property name="uuid">f3a9c8dd-d4f7-486c-8622-1ef7228ffdd0</property>
</record>
<record>
  <date>2026-04-25T16:41:56.607416200Z</date>
  <millis>1777135316607</millis>
  <nanos>416200</nanos>
  <sequence>9</sequence>
  <level>ERROR</level>
  <class>com.kms.katalon.core.logging.XmlKeywordLogger</class>
  <method>logMessage</method>
  <thread>1</thread>
  <message>Test Cases/Authentication/TC-001-Open-HMS-role-selection has ERROR(s).
Reason:
org.codehaus.groovy.control.MultipleCompilationErrorsException: startup failed:
Script31864683680900.groovy: 1: Unexpected character: &amp;apos;﻿&amp;apos; @ line 1, column 1.
   ﻿import com.kms.katalon.core.webui.keyword.WebUiBuiltInKeywords as WebUI
   ^

1 error
</message>
  <nestedLevel>1</nestedLevel>
  <escapedJava>false</escapedJava>
  <property name="failed.exception.stacktrace">org.codehaus.groovy.control.MultipleCompilationErrorsException: startup failed:
Script31864683680900.groovy: 1: Unexpected character: &apos;﻿&apos; @ line 1, column 1.
   ﻿import com.kms.katalon.core.webui.keyword.WebUiBuiltInKeywords as WebUI
   ^

1 error

	at org.apache.groovy.parser.antlr4.AstBuilder.collectSyntaxError(AstBuilder.java:4260)
	at org.apache.groovy.parser.antlr4.AstBuilder.createParsingFailedException(AstBuilder.java:4243)
	at org.apache.groovy.parser.antlr4.AstBuilder.convertException(AstBuilder.java:242)
	at org.apache.groovy.parser.antlr4.AstBuilder.buildCST(AstBuilder.java:216)
	at org.apache.groovy.parser.antlr4.AstBuilder.buildAST(AstBuilder.java:250)
	at org.apache.groovy.parser.antlr4.Antlr4ParserPlugin.buildAST(Antlr4ParserPlugin.java:58)
	at com.kms.katalon.core.main.TestCaseMethodNodeCollector.&lt;init&gt;(TestCaseMethodNodeCollector.java:43)
	at com.kms.katalon.core.main.TestCaseExecutor.processScriptPreparationPhase(TestCaseExecutor.java:225)
	at com.kms.katalon.core.main.TestCaseExecutor.execute(TestCaseExecutor.java:306)
	at com.kms.katalon.core.common.CommonExecutor.accessTestCaseMainPhase(CommonExecutor.java:71)
	at com.kms.katalon.core.main.TestSuiteExecutor.accessTestSuiteMainPhase(TestSuiteExecutor.java:163)
	at com.kms.katalon.core.main.TestSuiteExecutor.execute(TestSuiteExecutor.java:120)
	at com.kms.katalon.core.main.TestCaseMain.startTestSuite(TestCaseMain.java:205)
	at S0.run(S0.groovy:40)
	at java.base/jdk.internal.reflect.DirectMethodHandleAccessor.invoke(DirectMethodHandleAccessor.java:103)
</property>
  <property name="failed.exception.class">org.codehaus.groovy.control.MultipleCompilationErrorsException</property>
  <property name="failed.exception.message">startup failed:
Script31864683680900.groovy: 1: Unexpected character: &apos;﻿&apos; @ line 1, column 1.
   ﻿import com.kms.katalon.core.webui.keyword.WebUiBuiltInKeywords as WebUI
   ^

1 error
</property>
</record>
<record>
  <date>2026-04-25T16:41:56.612243400Z</date>
  <millis>1777135316612</millis>
  <nanos>243400</nanos>
  <sequence>10</sequence>
  <level>END</level>
  <class>com.kms.katalon.core.logging.XmlKeywordLogger</class>
  <method>endTest</method>
  <thread>1</thread>
  <message>End Test Case : Test Cases/Authentication/TC-001-Open-HMS-role-selection</message>
  <nestedLevel>0</nestedLevel>
  <escapedJava>false</escapedJava>
  <property name="executionBindingVariables">[]</property>
  <property name="applitools">false</property>
  <property name="executedKeywords">{}</property>
  <property name="keywordsUsage">{
  &quot;web_ui&quot;: false,
  &quot;web_service&quot;: false,
  &quot;cucumber&quot;: false,
  &quot;builtin&quot;: false,
  &quot;mobile&quot;: false,
  &quot;windows&quot;: false,
  &quot;testng&quot;: false
}</property>
</record>
<record>
  <date>2026-04-25T16:41:56.621257200Z</date>
  <millis>1777135316621</millis>
  <nanos>257200</nanos>
  <sequence>11</sequence>
  <level>START</level>
  <class>com.kms.katalon.core.logging.XmlKeywordLogger</class>
  <method>startTest</method>
  <thread>1</thread>
  <message>Start Test Case : Test Cases/Authentication/TC-002-Open-staff-login</message>
  <nestedLevel>1</nestedLevel>
  <escapedJava>false</escapedJava>
  <property name="origin"></property>
  <property name="name">Test Cases/Authentication/TC-002-Open-staff-login</property>
  <property name="description">Open staff login from HMS role selection.</property>
  <property name="iteration"></property>
  <property name="id">Test Cases/Authentication/TC-002-Open-staff-login</property>
  <property name="source">D:\UNI_DOCS\HK6\KCPM\QuanLyBenhVien_KiemThu\pulse-katalon\Test Cases\Authentication\TC-002-Open-staff-login.tc</property>
  <property name="tag">baseline</property>
  <property name="isOptional">false</property>
  <property name="uuid">26c4bcbd-cb63-4e9b-83e2-b23171b58a1a</property>
</record>
<record>
  <date>2026-04-25T16:41:56.629802600Z</date>
  <millis>1777135316629</millis>
  <nanos>802600</nanos>
  <sequence>13</sequence>
  <level>ERROR</level>
  <class>com.kms.katalon.core.logging.XmlKeywordLogger</class>
  <method>logMessage</method>
  <thread>1</thread>
  <message>Test Cases/Authentication/TC-002-Open-staff-login has ERROR(s).
Reason:
org.codehaus.groovy.control.MultipleCompilationErrorsException: startup failed:
Script31864722000800.groovy: 1: Unexpected character: &amp;apos;﻿&amp;apos; @ line 1, column 1.
   ﻿import com.kms.katalon.core.webui.keyword.WebUiBuiltInKeywords as WebUI
   ^

1 error
</message>
  <nestedLevel>1</nestedLevel>
  <escapedJava>false</escapedJava>
  <property name="failed.exception.stacktrace">org.codehaus.groovy.control.MultipleCompilationErrorsException: startup failed:
Script31864722000800.groovy: 1: Unexpected character: &apos;﻿&apos; @ line 1, column 1.
   ﻿import com.kms.katalon.core.webui.keyword.WebUiBuiltInKeywords as WebUI
   ^

1 error

	at org.apache.groovy.parser.antlr4.AstBuilder.collectSyntaxError(AstBuilder.java:4260)
	at org.apache.groovy.parser.antlr4.AstBuilder.createParsingFailedException(AstBuilder.java:4243)
	at org.apache.groovy.parser.antlr4.AstBuilder.convertException(AstBuilder.java:242)
	at org.apache.groovy.parser.antlr4.AstBuilder.buildCST(AstBuilder.java:216)
	at org.apache.groovy.parser.antlr4.AstBuilder.buildAST(AstBuilder.java:250)
	at org.apache.groovy.parser.antlr4.Antlr4ParserPlugin.buildAST(Antlr4ParserPlugin.java:58)
	at com.kms.katalon.core.main.TestCaseMethodNodeCollector.&lt;init&gt;(TestCaseMethodNodeCollector.java:43)
	at com.kms.katalon.core.main.TestCaseExecutor.processScriptPreparationPhase(TestCaseExecutor.java:225)
	at com.kms.katalon.core.main.TestCaseExecutor.execute(TestCaseExecutor.java:306)
	at com.kms.katalon.core.common.CommonExecutor.accessTestCaseMainPhase(CommonExecutor.java:71)
	at com.kms.katalon.core.main.TestSuiteExecutor.accessTestSuiteMainPhase(TestSuiteExecutor.java:163)
	at com.kms.katalon.core.main.TestSuiteExecutor.execute(TestSuiteExecutor.java:120)
	at com.kms.katalon.core.main.TestCaseMain.startTestSuite(TestCaseMain.java:205)
	at S0.run(S0.groovy:40)
	at java.base/jdk.internal.reflect.DirectMethodHandleAccessor.invoke(DirectMethodHandleAccessor.java:103)
</property>
  <property name="failed.exception.class">org.codehaus.groovy.control.MultipleCompilationErrorsException</property>
  <property name="failed.exception.message">startup failed:
Script31864722000800.groovy: 1: Unexpected character: &apos;﻿&apos; @ line 1, column 1.
   ﻿import com.kms.katalon.core.webui.keyword.WebUiBuiltInKeywords as WebUI
   ^

1 error
</property>
</record>
<record>
  <date>2026-04-25T16:41:56.630797300Z</date>
  <millis>1777135316630</millis>
  <nanos>797300</nanos>
  <sequence>14</sequence>
  <level>END</level>
  <class>com.kms.katalon.core.logging.XmlKeywordLogger</class>
  <method>endTest</method>
  <thread>1</thread>
  <message>End Test Case : Test Cases/Authentication/TC-002-Open-staff-login</message>
  <nestedLevel>0</nestedLevel>
  <escapedJava>false</escapedJava>
  <property name="executionBindingVariables">[]</property>
  <property name="applitools">false</property>
  <property name="executedKeywords">{}</property>
  <property name="keywordsUsage">{
  &quot;web_ui&quot;: false,
  &quot;web_service&quot;: false,
  &quot;cucumber&quot;: false,
  &quot;builtin&quot;: false,
  &quot;mobile&quot;: false,
  &quot;windows&quot;: false,
  &quot;testng&quot;: false
}</property>
</record>
<record>
  <date>2026-04-25T16:41:56.636738800Z</date>
  <millis>1777135316636</millis>
  <nanos>738800</nanos>
  <sequence>15</sequence>
  <level>START</level>
  <class>com.kms.katalon.core.logging.XmlKeywordLogger</class>
  <method>startTest</method>
  <thread>1</thread>
  <message>Start Test Case : Test Cases/Authentication/TC-003-Staff-login-required-fields</message>
  <nestedLevel>1</nestedLevel>
  <escapedJava>false</escapedJava>
  <property name="origin"></property>
  <property name="name">Test Cases/Authentication/TC-003-Staff-login-required-fields</property>
  <property name="description">Verify staff login required field controls.</property>
  <property name="iteration"></property>
  <property name="id">Test Cases/Authentication/TC-003-Staff-login-required-fields</property>
  <property name="source">D:\UNI_DOCS\HK6\KCPM\QuanLyBenhVien_KiemThu\pulse-katalon\Test Cases\Authentication\TC-003-Staff-login-required-fields.tc</property>
  <property name="tag">baseline</property>
  <property name="isOptional">false</property>
  <property name="uuid">1e252bed-151c-45ac-a9fe-3ede6851abc5</property>
</record>
<record>
  <date>2026-04-25T16:41:56.646590300Z</date>
  <millis>1777135316646</millis>
  <nanos>590300</nanos>
  <sequence>17</sequence>
  <level>ERROR</level>
  <class>com.kms.katalon.core.logging.XmlKeywordLogger</class>
  <method>logMessage</method>
  <thread>1</thread>
  <message>Test Cases/Authentication/TC-003-Staff-login-required-fields has ERROR(s).
Reason:
org.codehaus.groovy.control.MultipleCompilationErrorsException: startup failed:
Script31864740265300.groovy: 1: Unexpected character: &amp;apos;﻿&amp;apos; @ line 1, column 1.
   ﻿import com.kms.katalon.core.webui.keyword.WebUiBuiltInKeywords as WebUI
   ^

1 error
</message>
  <nestedLevel>1</nestedLevel>
  <escapedJava>false</escapedJava>
  <property name="failed.exception.stacktrace">org.codehaus.groovy.control.MultipleCompilationErrorsException: startup failed:
Script31864740265300.groovy: 1: Unexpected character: &apos;﻿&apos; @ line 1, column 1.
   ﻿import com.kms.katalon.core.webui.keyword.WebUiBuiltInKeywords as WebUI
   ^

1 error

	at org.apache.groovy.parser.antlr4.AstBuilder.collectSyntaxError(AstBuilder.java:4260)
	at org.apache.groovy.parser.antlr4.AstBuilder.createParsingFailedException(AstBuilder.java:4243)
	at org.apache.groovy.parser.antlr4.AstBuilder.convertException(AstBuilder.java:242)
	at org.apache.groovy.parser.antlr4.AstBuilder.buildCST(AstBuilder.java:216)
	at org.apache.groovy.parser.antlr4.AstBuilder.buildAST(AstBuilder.java:250)
	at org.apache.groovy.parser.antlr4.Antlr4ParserPlugin.buildAST(Antlr4ParserPlugin.java:58)
	at com.kms.katalon.core.main.TestCaseMethodNodeCollector.&lt;init&gt;(TestCaseMethodNodeCollector.java:43)
	at com.kms.katalon.core.main.TestCaseExecutor.processScriptPreparationPhase(TestCaseExecutor.java:225)
	at com.kms.katalon.core.main.TestCaseExecutor.execute(TestCaseExecutor.java:306)
	at com.kms.katalon.core.common.CommonExecutor.accessTestCaseMainPhase(CommonExecutor.java:71)
	at com.kms.katalon.core.main.TestSuiteExecutor.accessTestSuiteMainPhase(TestSuiteExecutor.java:163)
	at com.kms.katalon.core.main.TestSuiteExecutor.execute(TestSuiteExecutor.java:120)
	at com.kms.katalon.core.main.TestCaseMain.startTestSuite(TestCaseMain.java:205)
	at S0.run(S0.groovy:40)
	at java.base/jdk.internal.reflect.DirectMethodHandleAccessor.invoke(DirectMethodHandleAccessor.java:103)
</property>
  <property name="failed.exception.class">org.codehaus.groovy.control.MultipleCompilationErrorsException</property>
  <property name="failed.exception.message">startup failed:
Script31864740265300.groovy: 1: Unexpected character: &apos;﻿&apos; @ line 1, column 1.
   ﻿import com.kms.katalon.core.webui.keyword.WebUiBuiltInKeywords as WebUI
   ^

1 error
</property>
</record>
<record>
  <date>2026-04-25T16:41:56.649600800Z</date>
  <millis>1777135316649</millis>
  <nanos>600800</nanos>
  <sequence>18</sequence>
  <level>END</level>
  <class>com.kms.katalon.core.logging.XmlKeywordLogger</class>
  <method>endTest</method>
  <thread>1</thread>
  <message>End Test Case : Test Cases/Authentication/TC-003-Staff-login-required-fields</message>
  <nestedLevel>0</nestedLevel>
  <escapedJava>false</escapedJava>
  <property name="executionBindingVariables">[]</property>
  <property name="applitools">false</property>
  <property name="executedKeywords">{}</property>
  <property name="keywordsUsage">{
  &quot;web_ui&quot;: false,
  &quot;web_service&quot;: false,
  &quot;cucumber&quot;: false,
  &quot;builtin&quot;: false,
  &quot;mobile&quot;: false,
  &quot;windows&quot;: false,
  &quot;testng&quot;: false
}</property>
</record>
<record>
  <date>2026-04-25T16:41:56.653072Z</date>
  <millis>1777135316653</millis>
  <nanos>72000</nanos>
  <sequence>19</sequence>
  <level>START</level>
  <class>com.kms.katalon.core.logging.XmlKeywordLogger</class>
  <method>startTest</method>
  <thread>1</thread>
  <message>Start Test Case : Test Cases/Authentication/TC-004-Staff-login-invalid-credentials</message>
  <nestedLevel>1</nestedLevel>
  <escapedJava>false</escapedJava>
  <property name="origin"></property>
  <property name="name">Test Cases/Authentication/TC-004-Staff-login-invalid-credentials</property>
  <property name="description">Verify invalid staff login shows an error.</property>
  <property name="iteration"></property>
  <property name="id">Test Cases/Authentication/TC-004-Staff-login-invalid-credentials</property>
  <property name="source">D:\UNI_DOCS\HK6\KCPM\QuanLyBenhVien_KiemThu\pulse-katalon\Test Cases\Authentication\TC-004-Staff-login-invalid-credentials.tc</property>
  <property name="tag">baseline</property>
  <property name="isOptional">false</property>
  <property name="uuid">59df9936-253b-42c0-a752-98b9cfd07035</property>
</record>
<record>
  <date>2026-04-25T16:41:56.660498100Z</date>
  <millis>1777135316660</millis>
  <nanos>498100</nanos>
  <sequence>21</sequence>
  <level>ERROR</level>
  <class>com.kms.katalon.core.logging.XmlKeywordLogger</class>
  <method>logMessage</method>
  <thread>1</thread>
  <message>Test Cases/Authentication/TC-004-Staff-login-invalid-credentials has ERROR(s).
Reason:
org.codehaus.groovy.control.MultipleCompilationErrorsException: startup failed:
Script31864754619800.groovy: 1: Unexpected character: &amp;apos;﻿&amp;apos; @ line 1, column 1.
   ﻿import com.kms.katalon.core.webui.keyword.WebUiBuiltInKeywords as WebUI
   ^

1 error
</message>
  <nestedLevel>1</nestedLevel>
  <escapedJava>false</escapedJava>
  <property name="failed.exception.stacktrace">org.codehaus.groovy.control.MultipleCompilationErrorsException: startup failed:
Script31864754619800.groovy: 1: Unexpected character: &apos;﻿&apos; @ line 1, column 1.
   ﻿import com.kms.katalon.core.webui.keyword.WebUiBuiltInKeywords as WebUI
   ^

1 error

	at org.apache.groovy.parser.antlr4.AstBuilder.collectSyntaxError(AstBuilder.java:4260)
	at org.apache.groovy.parser.antlr4.AstBuilder.createParsingFailedException(AstBuilder.java:4243)
	at org.apache.groovy.parser.antlr4.AstBuilder.convertException(AstBuilder.java:242)
	at org.apache.groovy.parser.antlr4.AstBuilder.buildCST(AstBuilder.java:216)
	at org.apache.groovy.parser.antlr4.AstBuilder.buildAST(AstBuilder.java:250)
	at org.apache.groovy.parser.antlr4.Antlr4ParserPlugin.buildAST(Antlr4ParserPlugin.java:58)
	at com.kms.katalon.core.main.TestCaseMethodNodeCollector.&lt;init&gt;(TestCaseMethodNodeCollector.java:43)
	at com.kms.katalon.core.main.TestCaseExecutor.processScriptPreparationPhase(TestCaseExecutor.java:225)
	at com.kms.katalon.core.main.TestCaseExecutor.execute(TestCaseExecutor.java:306)
	at com.kms.katalon.core.common.CommonExecutor.accessTestCaseMainPhase(CommonExecutor.java:71)
	at com.kms.katalon.core.main.TestSuiteExecutor.accessTestSuiteMainPhase(TestSuiteExecutor.java:163)
	at com.kms.katalon.core.main.TestSuiteExecutor.execute(TestSuiteExecutor.java:120)
	at com.kms.katalon.core.main.TestCaseMain.startTestSuite(TestCaseMain.java:205)
	at S0.run(S0.groovy:40)
	at java.base/jdk.internal.reflect.DirectMethodHandleAccessor.invoke(DirectMethodHandleAccessor.java:103)
</property>
  <property name="failed.exception.class">org.codehaus.groovy.control.MultipleCompilationErrorsException</property>
  <property name="failed.exception.message">startup failed:
Script31864754619800.groovy: 1: Unexpected character: &apos;﻿&apos; @ line 1, column 1.
   ﻿import com.kms.katalon.core.webui.keyword.WebUiBuiltInKeywords as WebUI
   ^

1 error
</property>
</record>
<record>
  <date>2026-04-25T16:41:56.664498600Z</date>
  <millis>1777135316664</millis>
  <nanos>498600</nanos>
  <sequence>22</sequence>
  <level>END</level>
  <class>com.kms.katalon.core.logging.XmlKeywordLogger</class>
  <method>endTest</method>
  <thread>1</thread>
  <message>End Test Case : Test Cases/Authentication/TC-004-Staff-login-invalid-credentials</message>
  <nestedLevel>0</nestedLevel>
  <escapedJava>false</escapedJava>
  <property name="executionBindingVariables">[]</property>
  <property name="applitools">false</property>
  <property name="executedKeywords">{}</property>
  <property name="keywordsUsage">{
  &quot;web_ui&quot;: false,
  &quot;web_service&quot;: false,
  &quot;cucumber&quot;: false,
  &quot;builtin&quot;: false,
  &quot;mobile&quot;: false,
  &quot;windows&quot;: false,
  &quot;testng&quot;: false
}</property>
</record>
<record>
  <date>2026-04-25T16:41:56.670328300Z</date>
  <millis>1777135316670</millis>
  <nanos>328300</nanos>
  <sequence>23</sequence>
  <level>START</level>
  <class>com.kms.katalon.core.logging.XmlKeywordLogger</class>
  <method>startTest</method>
  <thread>1</thread>
  <message>Start Test Case : Test Cases/Authentication/TC-005-Staff-login-success-dashboard</message>
  <nestedLevel>1</nestedLevel>
  <escapedJava>false</escapedJava>
  <property name="origin"></property>
  <property name="name">Test Cases/Authentication/TC-005-Staff-login-success-dashboard</property>
  <property name="description">Verify staff can log in and reach dashboard.</property>
  <property name="iteration"></property>
  <property name="id">Test Cases/Authentication/TC-005-Staff-login-success-dashboard</property>
  <property name="source">D:\UNI_DOCS\HK6\KCPM\QuanLyBenhVien_KiemThu\pulse-katalon\Test Cases\Authentication\TC-005-Staff-login-success-dashboard.tc</property>
  <property name="tag">baseline</property>
  <property name="isOptional">false</property>
  <property name="uuid">a0cc58e3-b585-466b-a7dc-011da42e50ca</property>
</record>
<record>
  <date>2026-04-25T16:41:56.677946300Z</date>
  <millis>1777135316677</millis>
  <nanos>946300</nanos>
  <sequence>25</sequence>
  <level>ERROR</level>
  <class>com.kms.katalon.core.logging.XmlKeywordLogger</class>
  <method>logMessage</method>
  <thread>1</thread>
  <message>Test Cases/Authentication/TC-005-Staff-login-success-dashboard has ERROR(s).
Reason:
org.codehaus.groovy.control.MultipleCompilationErrorsException: startup failed:
Script31864770389200.groovy: 1: Unexpected character: &amp;apos;﻿&amp;apos; @ line 1, column 1.
   ﻿import com.kms.katalon.core.webui.keyword.WebUiBuiltInKeywords as WebUI
   ^

1 error
</message>
  <nestedLevel>1</nestedLevel>
  <escapedJava>false</escapedJava>
  <property name="failed.exception.stacktrace">org.codehaus.groovy.control.MultipleCompilationErrorsException: startup failed:
Script31864770389200.groovy: 1: Unexpected character: &apos;﻿&apos; @ line 1, column 1.
   ﻿import com.kms.katalon.core.webui.keyword.WebUiBuiltInKeywords as WebUI
   ^

1 error

	at org.apache.groovy.parser.antlr4.AstBuilder.collectSyntaxError(AstBuilder.java:4260)
	at org.apache.groovy.parser.antlr4.AstBuilder.createParsingFailedException(AstBuilder.java:4243)
	at org.apache.groovy.parser.antlr4.AstBuilder.convertException(AstBuilder.java:242)
	at org.apache.groovy.parser.antlr4.AstBuilder.buildCST(AstBuilder.java:216)
	at org.apache.groovy.parser.antlr4.AstBuilder.buildAST(AstBuilder.java:250)
	at org.apache.groovy.parser.antlr4.Antlr4ParserPlugin.buildAST(Antlr4ParserPlugin.java:58)
	at com.kms.katalon.core.main.TestCaseMethodNodeCollector.&lt;init&gt;(TestCaseMethodNodeCollector.java:43)
	at com.kms.katalon.core.main.TestCaseExecutor.processScriptPreparationPhase(TestCaseExecutor.java:225)
	at com.kms.katalon.core.main.TestCaseExecutor.execute(TestCaseExecutor.java:306)
	at com.kms.katalon.core.common.CommonExecutor.accessTestCaseMainPhase(CommonExecutor.java:71)
	at com.kms.katalon.core.main.TestSuiteExecutor.accessTestSuiteMainPhase(TestSuiteExecutor.java:163)
	at com.kms.katalon.core.main.TestSuiteExecutor.execute(TestSuiteExecutor.java:120)
	at com.kms.katalon.core.main.TestCaseMain.startTestSuite(TestCaseMain.java:205)
	at S0.run(S0.groovy:40)
	at java.base/jdk.internal.reflect.DirectMethodHandleAccessor.invoke(DirectMethodHandleAccessor.java:103)
</property>
  <property name="failed.exception.class">org.codehaus.groovy.control.MultipleCompilationErrorsException</property>
  <property name="failed.exception.message">startup failed:
Script31864770389200.groovy: 1: Unexpected character: &apos;﻿&apos; @ line 1, column 1.
   ﻿import com.kms.katalon.core.webui.keyword.WebUiBuiltInKeywords as WebUI
   ^

1 error
</property>
</record>
<record>
  <date>2026-04-25T16:41:56.678958900Z</date>
  <millis>1777135316678</millis>
  <nanos>958900</nanos>
  <sequence>26</sequence>
  <level>END</level>
  <class>com.kms.katalon.core.logging.XmlKeywordLogger</class>
  <method>endTest</method>
  <thread>1</thread>
  <message>End Test Case : Test Cases/Authentication/TC-005-Staff-login-success-dashboard</message>
  <nestedLevel>0</nestedLevel>
  <escapedJava>false</escapedJava>
  <property name="executionBindingVariables">[]</property>
  <property name="applitools">false</property>
  <property name="executedKeywords">{}</property>
  <property name="keywordsUsage">{
  &quot;web_ui&quot;: false,
  &quot;web_service&quot;: false,
  &quot;cucumber&quot;: false,
  &quot;builtin&quot;: false,
  &quot;mobile&quot;: false,
  &quot;windows&quot;: false,
  &quot;testng&quot;: false
}</property>
</record>
<record>
  <date>2026-04-25T16:41:56.683956100Z</date>
  <millis>1777135316683</millis>
  <nanos>956100</nanos>
  <sequence>27</sequence>
  <level>START</level>
  <class>com.kms.katalon.core.logging.XmlKeywordLogger</class>
  <method>startTest</method>
  <thread>1</thread>
  <message>Start Test Case : Test Cases/Authentication/TC-006-Doctor-login-success-schedule</message>
  <nestedLevel>1</nestedLevel>
  <escapedJava>false</escapedJava>
  <property name="origin"></property>
  <property name="name">Test Cases/Authentication/TC-006-Doctor-login-success-schedule</property>
  <property name="description">Verify doctor can log in and reach schedule.</property>
  <property name="iteration"></property>
  <property name="id">Test Cases/Authentication/TC-006-Doctor-login-success-schedule</property>
  <property name="source">D:\UNI_DOCS\HK6\KCPM\QuanLyBenhVien_KiemThu\pulse-katalon\Test Cases\Authentication\TC-006-Doctor-login-success-schedule.tc</property>
  <property name="tag">baseline</property>
  <property name="isOptional">false</property>
  <property name="uuid">251788de-10de-4894-9f0f-589e5d3b73c0</property>
</record>
<record>
  <date>2026-04-25T16:41:56.690999200Z</date>
  <millis>1777135316690</millis>
  <nanos>999200</nanos>
  <sequence>29</sequence>
  <level>ERROR</level>
  <class>com.kms.katalon.core.logging.XmlKeywordLogger</class>
  <method>logMessage</method>
  <thread>1</thread>
  <message>Test Cases/Authentication/TC-006-Doctor-login-success-schedule has ERROR(s).
Reason:
org.codehaus.groovy.control.MultipleCompilationErrorsException: startup failed:
Script31864783608400.groovy: 1: Unexpected character: &amp;apos;﻿&amp;apos; @ line 1, column 1.
   ﻿import com.kms.katalon.core.webui.keyword.WebUiBuiltInKeywords as WebUI
   ^

1 error
</message>
  <nestedLevel>1</nestedLevel>
  <escapedJava>false</escapedJava>
  <property name="failed.exception.stacktrace">org.codehaus.groovy.control.MultipleCompilationErrorsException: startup failed:
Script31864783608400.groovy: 1: Unexpected character: &apos;﻿&apos; @ line 1, column 1.
   ﻿import com.kms.katalon.core.webui.keyword.WebUiBuiltInKeywords as WebUI
   ^

1 error

	at org.apache.groovy.parser.antlr4.AstBuilder.collectSyntaxError(AstBuilder.java:4260)
	at org.apache.groovy.parser.antlr4.AstBuilder.createParsingFailedException(AstBuilder.java:4243)
	at org.apache.groovy.parser.antlr4.AstBuilder.convertException(AstBuilder.java:242)
	at org.apache.groovy.parser.antlr4.AstBuilder.buildCST(AstBuilder.java:216)
	at org.apache.groovy.parser.antlr4.AstBuilder.buildAST(AstBuilder.java:250)
	at org.apache.groovy.parser.antlr4.Antlr4ParserPlugin.buildAST(Antlr4ParserPlugin.java:58)
	at com.kms.katalon.core.main.TestCaseMethodNodeCollector.&lt;init&gt;(TestCaseMethodNodeCollector.java:43)
	at com.kms.katalon.core.main.TestCaseExecutor.processScriptPreparationPhase(TestCaseExecutor.java:225)
	at com.kms.katalon.core.main.TestCaseExecutor.execute(TestCaseExecutor.java:306)
	at com.kms.katalon.core.common.CommonExecutor.accessTestCaseMainPhase(CommonExecutor.java:71)
	at com.kms.katalon.core.main.TestSuiteExecutor.accessTestSuiteMainPhase(TestSuiteExecutor.java:163)
	at com.kms.katalon.core.main.TestSuiteExecutor.execute(TestSuiteExecutor.java:120)
	at com.kms.katalon.core.main.TestCaseMain.startTestSuite(TestCaseMain.java:205)
	at S0.run(S0.groovy:40)
	at java.base/jdk.internal.reflect.DirectMethodHandleAccessor.invoke(DirectMethodHandleAccessor.java:103)
</property>
  <property name="failed.exception.class">org.codehaus.groovy.control.MultipleCompilationErrorsException</property>
  <property name="failed.exception.message">startup failed:
Script31864783608400.groovy: 1: Unexpected character: &apos;﻿&apos; @ line 1, column 1.
   ﻿import com.kms.katalon.core.webui.keyword.WebUiBuiltInKeywords as WebUI
   ^

1 error
</property>
</record>
<record>
  <date>2026-04-25T16:41:56.691995700Z</date>
  <millis>1777135316691</millis>
  <nanos>995700</nanos>
  <sequence>30</sequence>
  <level>END</level>
  <class>com.kms.katalon.core.logging.XmlKeywordLogger</class>
  <method>endTest</method>
  <thread>1</thread>
  <message>End Test Case : Test Cases/Authentication/TC-006-Doctor-login-success-schedule</message>
  <nestedLevel>0</nestedLevel>
  <escapedJava>false</escapedJava>
  <property name="executionBindingVariables">[]</property>
  <property name="applitools">false</property>
  <property name="executedKeywords">{}</property>
  <property name="keywordsUsage">{
  &quot;web_ui&quot;: false,
  &quot;web_service&quot;: false,
  &quot;cucumber&quot;: false,
  &quot;builtin&quot;: false,
  &quot;mobile&quot;: false,
  &quot;windows&quot;: false,
  &quot;testng&quot;: false
}</property>
</record>
<record>
  <date>2026-04-25T16:41:56.697585900Z</date>
  <millis>1777135316697</millis>
  <nanos>585900</nanos>
  <sequence>31</sequence>
  <level>START</level>
  <class>com.kms.katalon.core.logging.XmlKeywordLogger</class>
  <method>startTest</method>
  <thread>1</thread>
  <message>Start Test Case : Test Cases/Authentication/TC-007-Patient-login-success-dashboard</message>
  <nestedLevel>1</nestedLevel>
  <escapedJava>false</escapedJava>
  <property name="origin"></property>
  <property name="name">Test Cases/Authentication/TC-007-Patient-login-success-dashboard</property>
  <property name="description">Verify patient can log in and reach dashboard.</property>
  <property name="iteration"></property>
  <property name="id">Test Cases/Authentication/TC-007-Patient-login-success-dashboard</property>
  <property name="source">D:\UNI_DOCS\HK6\KCPM\QuanLyBenhVien_KiemThu\pulse-katalon\Test Cases\Authentication\TC-007-Patient-login-success-dashboard.tc</property>
  <property name="tag">baseline</property>
  <property name="isOptional">false</property>
  <property name="uuid">a9037f9d-b99d-4e5a-b9c0-f07ed8aa39ff</property>
</record>
<record>
  <date>2026-04-25T16:41:56.705123200Z</date>
  <millis>1777135316705</millis>
  <nanos>123200</nanos>
  <sequence>33</sequence>
  <level>ERROR</level>
  <class>com.kms.katalon.core.logging.XmlKeywordLogger</class>
  <method>logMessage</method>
  <thread>1</thread>
  <message>Test Cases/Authentication/TC-007-Patient-login-success-dashboard has ERROR(s).
Reason:
org.codehaus.groovy.control.MultipleCompilationErrorsException: startup failed:
Script31864797695500.groovy: 1: Unexpected character: &amp;apos;﻿&amp;apos; @ line 1, column 1.
   ﻿import com.kms.katalon.core.webui.keyword.WebUiBuiltInKeywords as WebUI
   ^

1 error
</message>
  <nestedLevel>1</nestedLevel>
  <escapedJava>false</escapedJava>
  <property name="failed.exception.stacktrace">org.codehaus.groovy.control.MultipleCompilationErrorsException: startup failed:
Script31864797695500.groovy: 1: Unexpected character: &apos;﻿&apos; @ line 1, column 1.
   ﻿import com.kms.katalon.core.webui.keyword.WebUiBuiltInKeywords as WebUI
   ^

1 error

	at org.apache.groovy.parser.antlr4.AstBuilder.collectSyntaxError(AstBuilder.java:4260)
	at org.apache.groovy.parser.antlr4.AstBuilder.createParsingFailedException(AstBuilder.java:4243)
	at org.apache.groovy.parser.antlr4.AstBuilder.convertException(AstBuilder.java:242)
	at org.apache.groovy.parser.antlr4.AstBuilder.buildCST(AstBuilder.java:216)
	at org.apache.groovy.parser.antlr4.AstBuilder.buildAST(AstBuilder.java:250)
	at org.apache.groovy.parser.antlr4.Antlr4ParserPlugin.buildAST(Antlr4ParserPlugin.java:58)
	at com.kms.katalon.core.main.TestCaseMethodNodeCollector.&lt;init&gt;(TestCaseMethodNodeCollector.java:43)
	at com.kms.katalon.core.main.TestCaseExecutor.processScriptPreparationPhase(TestCaseExecutor.java:225)
	at com.kms.katalon.core.main.TestCaseExecutor.execute(TestCaseExecutor.java:306)
	at com.kms.katalon.core.common.CommonExecutor.accessTestCaseMainPhase(CommonExecutor.java:71)
	at com.kms.katalon.core.main.TestSuiteExecutor.accessTestSuiteMainPhase(TestSuiteExecutor.java:163)
	at com.kms.katalon.core.main.TestSuiteExecutor.execute(TestSuiteExecutor.java:120)
	at com.kms.katalon.core.main.TestCaseMain.startTestSuite(TestCaseMain.java:205)
	at S0.run(S0.groovy:40)
	at java.base/jdk.internal.reflect.DirectMethodHandleAccessor.invoke(DirectMethodHandleAccessor.java:103)
</property>
  <property name="failed.exception.class">org.codehaus.groovy.control.MultipleCompilationErrorsException</property>
  <property name="failed.exception.message">startup failed:
Script31864797695500.groovy: 1: Unexpected character: &apos;﻿&apos; @ line 1, column 1.
   ﻿import com.kms.katalon.core.webui.keyword.WebUiBuiltInKeywords as WebUI
   ^

1 error
</property>
</record>
<record>
  <date>2026-04-25T16:41:56.706632400Z</date>
  <millis>1777135316706</millis>
  <nanos>632400</nanos>
  <sequence>34</sequence>
  <level>END</level>
  <class>com.kms.katalon.core.logging.XmlKeywordLogger</class>
  <method>endTest</method>
  <thread>1</thread>
  <message>End Test Case : Test Cases/Authentication/TC-007-Patient-login-success-dashboard</message>
  <nestedLevel>0</nestedLevel>
  <escapedJava>false</escapedJava>
  <property name="executionBindingVariables">[]</property>
  <property name="applitools">false</property>
  <property name="executedKeywords">{}</property>
  <property name="keywordsUsage">{
  &quot;web_ui&quot;: false,
  &quot;web_service&quot;: false,
  &quot;cucumber&quot;: false,
  &quot;builtin&quot;: false,
  &quot;mobile&quot;: false,
  &quot;windows&quot;: false,
  &quot;testng&quot;: false
}</property>
</record>
<record>
  <date>2026-04-25T16:41:56.711830900Z</date>
  <millis>1777135316711</millis>
  <nanos>830900</nanos>
  <sequence>35</sequence>
  <level>START</level>
  <class>com.kms.katalon.core.logging.XmlKeywordLogger</class>
  <method>startTest</method>
  <thread>1</thread>
  <message>Start Test Case : Test Cases/StaffTables/TC-008-Patient-profile-table</message>
  <nestedLevel>1</nestedLevel>
  <escapedJava>false</escapedJava>
  <property name="origin"></property>
  <property name="name">Test Cases/StaffTables/TC-008-Patient-profile-table</property>
  <property name="description">Open patient profile table.</property>
  <property name="iteration"></property>
  <property name="id">Test Cases/StaffTables/TC-008-Patient-profile-table</property>
  <property name="source">D:\UNI_DOCS\HK6\KCPM\QuanLyBenhVien_KiemThu\pulse-katalon\Test Cases\StaffTables\TC-008-Patient-profile-table.tc</property>
  <property name="tag">baseline</property>
  <property name="isOptional">false</property>
  <property name="uuid">e917cf19-8916-4f19-b642-313bc983ec6c</property>
</record>
<record>
  <date>2026-04-25T16:41:56.718348800Z</date>
  <millis>1777135316718</millis>
  <nanos>348800</nanos>
  <sequence>37</sequence>
  <level>ERROR</level>
  <class>com.kms.katalon.core.logging.XmlKeywordLogger</class>
  <method>logMessage</method>
  <thread>1</thread>
  <message>Test Cases/StaffTables/TC-008-Patient-profile-table has ERROR(s).
Reason:
org.codehaus.groovy.control.MultipleCompilationErrorsException: startup failed:
Script31864811638800.groovy: 1: Unexpected character: &amp;apos;﻿&amp;apos; @ line 1, column 1.
   ﻿import com.kms.katalon.core.webui.keyword.WebUiBuiltInKeywords as WebUI
   ^

1 error
</message>
  <nestedLevel>1</nestedLevel>
  <escapedJava>false</escapedJava>
  <property name="failed.exception.stacktrace">org.codehaus.groovy.control.MultipleCompilationErrorsException: startup failed:
Script31864811638800.groovy: 1: Unexpected character: &apos;﻿&apos; @ line 1, column 1.
   ﻿import com.kms.katalon.core.webui.keyword.WebUiBuiltInKeywords as WebUI
   ^

1 error

	at org.apache.groovy.parser.antlr4.AstBuilder.collectSyntaxError(AstBuilder.java:4260)
	at org.apache.groovy.parser.antlr4.AstBuilder.createParsingFailedException(AstBuilder.java:4243)
	at org.apache.groovy.parser.antlr4.AstBuilder.convertException(AstBuilder.java:242)
	at org.apache.groovy.parser.antlr4.AstBuilder.buildCST(AstBuilder.java:216)
	at org.apache.groovy.parser.antlr4.AstBuilder.buildAST(AstBuilder.java:250)
	at org.apache.groovy.parser.antlr4.Antlr4ParserPlugin.buildAST(Antlr4ParserPlugin.java:58)
	at com.kms.katalon.core.main.TestCaseMethodNodeCollector.&lt;init&gt;(TestCaseMethodNodeCollector.java:43)
	at com.kms.katalon.core.main.TestCaseExecutor.processScriptPreparationPhase(TestCaseExecutor.java:225)
	at com.kms.katalon.core.main.TestCaseExecutor.execute(TestCaseExecutor.java:306)
	at com.kms.katalon.core.common.CommonExecutor.accessTestCaseMainPhase(CommonExecutor.java:71)
	at com.kms.katalon.core.main.TestSuiteExecutor.accessTestSuiteMainPhase(TestSuiteExecutor.java:163)
	at com.kms.katalon.core.main.TestSuiteExecutor.execute(TestSuiteExecutor.java:120)
	at com.kms.katalon.core.main.TestCaseMain.startTestSuite(TestCaseMain.java:205)
	at S0.run(S0.groovy:40)
	at java.base/jdk.internal.reflect.DirectMethodHandleAccessor.invoke(DirectMethodHandleAccessor.java:103)
</property>
  <property name="failed.exception.class">org.codehaus.groovy.control.MultipleCompilationErrorsException</property>
  <property name="failed.exception.message">startup failed:
Script31864811638800.groovy: 1: Unexpected character: &apos;﻿&apos; @ line 1, column 1.
   ﻿import com.kms.katalon.core.webui.keyword.WebUiBuiltInKeywords as WebUI
   ^

1 error
</property>
</record>
<record>
  <date>2026-04-25T16:41:56.719346700Z</date>
  <millis>1777135316719</millis>
  <nanos>346700</nanos>
  <sequence>38</sequence>
  <level>END</level>
  <class>com.kms.katalon.core.logging.XmlKeywordLogger</class>
  <method>endTest</method>
  <thread>1</thread>
  <message>End Test Case : Test Cases/StaffTables/TC-008-Patient-profile-table</message>
  <nestedLevel>0</nestedLevel>
  <escapedJava>false</escapedJava>
  <property name="executionBindingVariables">[]</property>
  <property name="applitools">false</property>
  <property name="executedKeywords">{}</property>
  <property name="keywordsUsage">{
  &quot;web_ui&quot;: false,
  &quot;web_service&quot;: false,
  &quot;cucumber&quot;: false,
  &quot;builtin&quot;: false,
  &quot;mobile&quot;: false,
  &quot;windows&quot;: false,
  &quot;testng&quot;: false
}</property>
</record>
<record>
  <date>2026-04-25T16:41:56.724126300Z</date>
  <millis>1777135316724</millis>
  <nanos>126300</nanos>
  <sequence>39</sequence>
  <level>START</level>
  <class>com.kms.katalon.core.logging.XmlKeywordLogger</class>
  <method>startTest</method>
  <thread>1</thread>
  <message>Start Test Case : Test Cases/StaffTables/TC-009-Patient-search</message>
  <nestedLevel>1</nestedLevel>
  <escapedJava>false</escapedJava>
  <property name="origin"></property>
  <property name="name">Test Cases/StaffTables/TC-009-Patient-search</property>
  <property name="description">Search patient by seeded name.</property>
  <property name="iteration"></property>
  <property name="id">Test Cases/StaffTables/TC-009-Patient-search</property>
  <property name="source">D:\UNI_DOCS\HK6\KCPM\QuanLyBenhVien_KiemThu\pulse-katalon\Test Cases\StaffTables\TC-009-Patient-search.tc</property>
  <property name="tag">baseline</property>
  <property name="isOptional">false</property>
  <property name="uuid">cde784fe-526f-4a5c-b21c-59a8d781e4a1</property>
</record>
<record>
  <date>2026-04-25T16:41:56.729625800Z</date>
  <millis>1777135316729</millis>
  <nanos>625800</nanos>
  <sequence>41</sequence>
  <level>ERROR</level>
  <class>com.kms.katalon.core.logging.XmlKeywordLogger</class>
  <method>logMessage</method>
  <thread>1</thread>
  <message>Test Cases/StaffTables/TC-009-Patient-search has ERROR(s).
Reason:
org.codehaus.groovy.control.MultipleCompilationErrorsException: startup failed:
Script31864824124900.groovy: 1: Unexpected character: &amp;apos;﻿&amp;apos; @ line 1, column 1.
   ﻿import com.kms.katalon.core.webui.keyword.WebUiBuiltInKeywords as WebUI
   ^

1 error
</message>
  <nestedLevel>1</nestedLevel>
  <escapedJava>false</escapedJava>
  <property name="failed.exception.stacktrace">org.codehaus.groovy.control.MultipleCompilationErrorsException: startup failed:
Script31864824124900.groovy: 1: Unexpected character: &apos;﻿&apos; @ line 1, column 1.
   ﻿import com.kms.katalon.core.webui.keyword.WebUiBuiltInKeywords as WebUI
   ^

1 error

	at org.apache.groovy.parser.antlr4.AstBuilder.collectSyntaxError(AstBuilder.java:4260)
	at org.apache.groovy.parser.antlr4.AstBuilder.createParsingFailedException(AstBuilder.java:4243)
	at org.apache.groovy.parser.antlr4.AstBuilder.convertException(AstBuilder.java:242)
	at org.apache.groovy.parser.antlr4.AstBuilder.buildCST(AstBuilder.java:216)
	at org.apache.groovy.parser.antlr4.AstBuilder.buildAST(AstBuilder.java:250)
	at org.apache.groovy.parser.antlr4.Antlr4ParserPlugin.buildAST(Antlr4ParserPlugin.java:58)
	at com.kms.katalon.core.main.TestCaseMethodNodeCollector.&lt;init&gt;(TestCaseMethodNodeCollector.java:43)
	at com.kms.katalon.core.main.TestCaseExecutor.processScriptPreparationPhase(TestCaseExecutor.java:225)
	at com.kms.katalon.core.main.TestCaseExecutor.execute(TestCaseExecutor.java:306)
	at com.kms.katalon.core.common.CommonExecutor.accessTestCaseMainPhase(CommonExecutor.java:71)
	at com.kms.katalon.core.main.TestSuiteExecutor.accessTestSuiteMainPhase(TestSuiteExecutor.java:163)
	at com.kms.katalon.core.main.TestSuiteExecutor.execute(TestSuiteExecutor.java:120)
	at com.kms.katalon.core.main.TestCaseMain.startTestSuite(TestCaseMain.java:205)
	at S0.run(S0.groovy:40)
	at java.base/jdk.internal.reflect.DirectMethodHandleAccessor.invoke(DirectMethodHandleAccessor.java:103)
</property>
  <property name="failed.exception.class">org.codehaus.groovy.control.MultipleCompilationErrorsException</property>
  <property name="failed.exception.message">startup failed:
Script31864824124900.groovy: 1: Unexpected character: &apos;﻿&apos; @ line 1, column 1.
   ﻿import com.kms.katalon.core.webui.keyword.WebUiBuiltInKeywords as WebUI
   ^

1 error
</property>
</record>
<record>
  <date>2026-04-25T16:41:56.732303900Z</date>
  <millis>1777135316732</millis>
  <nanos>303900</nanos>
  <sequence>42</sequence>
  <level>END</level>
  <class>com.kms.katalon.core.logging.XmlKeywordLogger</class>
  <method>endTest</method>
  <thread>1</thread>
  <message>End Test Case : Test Cases/StaffTables/TC-009-Patient-search</message>
  <nestedLevel>0</nestedLevel>
  <escapedJava>false</escapedJava>
  <property name="executionBindingVariables">[]</property>
  <property name="applitools">false</property>
  <property name="executedKeywords">{}</property>
  <property name="keywordsUsage">{
  &quot;web_ui&quot;: false,
  &quot;web_service&quot;: false,
  &quot;cucumber&quot;: false,
  &quot;builtin&quot;: false,
  &quot;mobile&quot;: false,
  &quot;windows&quot;: false,
  &quot;testng&quot;: false
}</property>
</record>
<record>
  <date>2026-04-25T16:41:56.736816900Z</date>
  <millis>1777135316736</millis>
  <nanos>816900</nanos>
  <sequence>43</sequence>
  <level>START</level>
  <class>com.kms.katalon.core.logging.XmlKeywordLogger</class>
  <method>startTest</method>
  <thread>1</thread>
  <message>Start Test Case : Test Cases/StaffTables/TC-010-Patient-filter-gender</message>
  <nestedLevel>1</nestedLevel>
  <escapedJava>false</escapedJava>
  <property name="origin"></property>
  <property name="name">Test Cases/StaffTables/TC-010-Patient-filter-gender</property>
  <property name="description">Filter patients by gender.</property>
  <property name="iteration"></property>
  <property name="id">Test Cases/StaffTables/TC-010-Patient-filter-gender</property>
  <property name="source">D:\UNI_DOCS\HK6\KCPM\QuanLyBenhVien_KiemThu\pulse-katalon\Test Cases\StaffTables\TC-010-Patient-filter-gender.tc</property>
  <property name="tag">baseline</property>
  <property name="isOptional">false</property>
  <property name="uuid">28ed7a97-0a52-41dc-8201-66fc7ccc5481</property>
</record>
<record>
  <date>2026-04-25T16:41:56.742408600Z</date>
  <millis>1777135316742</millis>
  <nanos>408600</nanos>
  <sequence>45</sequence>
  <level>ERROR</level>
  <class>com.kms.katalon.core.logging.XmlKeywordLogger</class>
  <method>logMessage</method>
  <thread>1</thread>
  <message>Test Cases/StaffTables/TC-010-Patient-filter-gender has ERROR(s).
Reason:
org.codehaus.groovy.control.MultipleCompilationErrorsException: startup failed:
Script31864837438000.groovy: 1: Unexpected character: &amp;apos;﻿&amp;apos; @ line 1, column 1.
   ﻿import com.kms.katalon.core.webui.keyword.WebUiBuiltInKeywords as WebUI
   ^

1 error
</message>
  <nestedLevel>1</nestedLevel>
  <escapedJava>false</escapedJava>
  <property name="failed.exception.stacktrace">org.codehaus.groovy.control.MultipleCompilationErrorsException: startup failed:
Script31864837438000.groovy: 1: Unexpected character: &apos;﻿&apos; @ line 1, column 1.
   ﻿import com.kms.katalon.core.webui.keyword.WebUiBuiltInKeywords as WebUI
   ^

1 error

	at org.apache.groovy.parser.antlr4.AstBuilder.collectSyntaxError(AstBuilder.java:4260)
	at org.apache.groovy.parser.antlr4.AstBuilder.createParsingFailedException(AstBuilder.java:4243)
	at org.apache.groovy.parser.antlr4.AstBuilder.convertException(AstBuilder.java:242)
	at org.apache.groovy.parser.antlr4.AstBuilder.buildCST(AstBuilder.java:216)
	at org.apache.groovy.parser.antlr4.AstBuilder.buildAST(AstBuilder.java:250)
	at org.apache.groovy.parser.antlr4.Antlr4ParserPlugin.buildAST(Antlr4ParserPlugin.java:58)
	at com.kms.katalon.core.main.TestCaseMethodNodeCollector.&lt;init&gt;(TestCaseMethodNodeCollector.java:43)
	at com.kms.katalon.core.main.TestCaseExecutor.processScriptPreparationPhase(TestCaseExecutor.java:225)
	at com.kms.katalon.core.main.TestCaseExecutor.execute(TestCaseExecutor.java:306)
	at com.kms.katalon.core.common.CommonExecutor.accessTestCaseMainPhase(CommonExecutor.java:71)
	at com.kms.katalon.core.main.TestSuiteExecutor.accessTestSuiteMainPhase(TestSuiteExecutor.java:163)
	at com.kms.katalon.core.main.TestSuiteExecutor.execute(TestSuiteExecutor.java:120)
	at com.kms.katalon.core.main.TestCaseMain.startTestSuite(TestCaseMain.java:205)
	at S0.run(S0.groovy:40)
	at java.base/jdk.internal.reflect.DirectMethodHandleAccessor.invoke(DirectMethodHandleAccessor.java:103)
</property>
  <property name="failed.exception.class">org.codehaus.groovy.control.MultipleCompilationErrorsException</property>
  <property name="failed.exception.message">startup failed:
Script31864837438000.groovy: 1: Unexpected character: &apos;﻿&apos; @ line 1, column 1.
   ﻿import com.kms.katalon.core.webui.keyword.WebUiBuiltInKeywords as WebUI
   ^

1 error
</property>
</record>
<record>
  <date>2026-04-25T16:41:56.745415200Z</date>
  <millis>1777135316745</millis>
  <nanos>415200</nanos>
  <sequence>46</sequence>
  <level>END</level>
  <class>com.kms.katalon.core.logging.XmlKeywordLogger</class>
  <method>endTest</method>
  <thread>1</thread>
  <message>End Test Case : Test Cases/StaffTables/TC-010-Patient-filter-gender</message>
  <nestedLevel>0</nestedLevel>
  <escapedJava>false</escapedJava>
  <property name="executionBindingVariables">[]</property>
  <property name="applitools">false</property>
  <property name="executedKeywords">{}</property>
  <property name="keywordsUsage">{
  &quot;web_ui&quot;: false,
  &quot;web_service&quot;: false,
  &quot;cucumber&quot;: false,
  &quot;builtin&quot;: false,
  &quot;mobile&quot;: false,
  &quot;windows&quot;: false,
  &quot;testng&quot;: false
}</property>
</record>
<record>
  <date>2026-04-25T16:41:56.748941100Z</date>
  <millis>1777135316748</millis>
  <nanos>941100</nanos>
  <sequence>47</sequence>
  <level>START</level>
  <class>com.kms.katalon.core.logging.XmlKeywordLogger</class>
  <method>startTest</method>
  <thread>1</thread>
  <message>Start Test Case : Test Cases/StaffTables/TC-011-Patient-filter-insurance</message>
  <nestedLevel>1</nestedLevel>
  <escapedJava>false</escapedJava>
  <property name="origin"></property>
  <property name="name">Test Cases/StaffTables/TC-011-Patient-filter-insurance</property>
  <property name="description">Filter patients by insurance.</property>
  <property name="iteration"></property>
  <property name="id">Test Cases/StaffTables/TC-011-Patient-filter-insurance</property>
  <property name="source">D:\UNI_DOCS\HK6\KCPM\QuanLyBenhVien_KiemThu\pulse-katalon\Test Cases\StaffTables\TC-011-Patient-filter-insurance.tc</property>
  <property name="tag">baseline</property>
  <property name="isOptional">false</property>
  <property name="uuid">a69d01df-97ab-4a98-993d-4b08fd00f7bf</property>
</record>
<record>
  <date>2026-04-25T16:41:56.755269700Z</date>
  <millis>1777135316755</millis>
  <nanos>269700</nanos>
  <sequence>49</sequence>
  <level>ERROR</level>
  <class>com.kms.katalon.core.logging.XmlKeywordLogger</class>
  <method>logMessage</method>
  <thread>1</thread>
  <message>Test Cases/StaffTables/TC-011-Patient-filter-insurance has ERROR(s).
Reason:
org.codehaus.groovy.control.MultipleCompilationErrorsException: startup failed:
Script31864850311200.groovy: 1: Unexpected character: &amp;apos;﻿&amp;apos; @ line 1, column 1.
   ﻿import com.kms.katalon.core.webui.keyword.WebUiBuiltInKeywords as WebUI
   ^

1 error
</message>
  <nestedLevel>1</nestedLevel>
  <escapedJava>false</escapedJava>
  <property name="failed.exception.stacktrace">org.codehaus.groovy.control.MultipleCompilationErrorsException: startup failed:
Script31864850311200.groovy: 1: Unexpected character: &apos;﻿&apos; @ line 1, column 1.
   ﻿import com.kms.katalon.core.webui.keyword.WebUiBuiltInKeywords as WebUI
   ^

1 error

	at org.apache.groovy.parser.antlr4.AstBuilder.collectSyntaxError(AstBuilder.java:4260)
	at org.apache.groovy.parser.antlr4.AstBuilder.createParsingFailedException(AstBuilder.java:4243)
	at org.apache.groovy.parser.antlr4.AstBuilder.convertException(AstBuilder.java:242)
	at org.apache.groovy.parser.antlr4.AstBuilder.buildCST(AstBuilder.java:216)
	at org.apache.groovy.parser.antlr4.AstBuilder.buildAST(AstBuilder.java:250)
	at org.apache.groovy.parser.antlr4.Antlr4ParserPlugin.buildAST(Antlr4ParserPlugin.java:58)
	at com.kms.katalon.core.main.TestCaseMethodNodeCollector.&lt;init&gt;(TestCaseMethodNodeCollector.java:43)
	at com.kms.katalon.core.main.TestCaseExecutor.processScriptPreparationPhase(TestCaseExecutor.java:225)
	at com.kms.katalon.core.main.TestCaseExecutor.execute(TestCaseExecutor.java:306)
	at com.kms.katalon.core.common.CommonExecutor.accessTestCaseMainPhase(CommonExecutor.java:71)
	at com.kms.katalon.core.main.TestSuiteExecutor.accessTestSuiteMainPhase(TestSuiteExecutor.java:163)
	at com.kms.katalon.core.main.TestSuiteExecutor.execute(TestSuiteExecutor.java:120)
	at com.kms.katalon.core.main.TestCaseMain.startTestSuite(TestCaseMain.java:205)
	at S0.run(S0.groovy:40)
	at java.base/jdk.internal.reflect.DirectMethodHandleAccessor.invoke(DirectMethodHandleAccessor.java:103)
</property>
  <property name="failed.exception.class">org.codehaus.groovy.control.MultipleCompilationErrorsException</property>
  <property name="failed.exception.message">startup failed:
Script31864850311200.groovy: 1: Unexpected character: &apos;﻿&apos; @ line 1, column 1.
   ﻿import com.kms.katalon.core.webui.keyword.WebUiBuiltInKeywords as WebUI
   ^

1 error
</property>
</record>
<record>
  <date>2026-04-25T16:41:56.759802800Z</date>
  <millis>1777135316759</millis>
  <nanos>802800</nanos>
  <sequence>50</sequence>
  <level>END</level>
  <class>com.kms.katalon.core.logging.XmlKeywordLogger</class>
  <method>endTest</method>
  <thread>1</thread>
  <message>End Test Case : Test Cases/StaffTables/TC-011-Patient-filter-insurance</message>
  <nestedLevel>0</nestedLevel>
  <escapedJava>false</escapedJava>
  <property name="executionBindingVariables">[]</property>
  <property name="applitools">false</property>
  <property name="executedKeywords">{}</property>
  <property name="keywordsUsage">{
  &quot;web_ui&quot;: false,
  &quot;web_service&quot;: false,
  &quot;cucumber&quot;: false,
  &quot;builtin&quot;: false,
  &quot;mobile&quot;: false,
  &quot;windows&quot;: false,
  &quot;testng&quot;: false
}</property>
</record>
<record>
  <date>2026-04-25T16:41:56.763318100Z</date>
  <millis>1777135316763</millis>
  <nanos>318100</nanos>
  <sequence>51</sequence>
  <level>START</level>
  <class>com.kms.katalon.core.logging.XmlKeywordLogger</class>
  <method>startTest</method>
  <thread>1</thread>
  <message>Start Test Case : Test Cases/StaffTables/TC-012-Drug-catalog-table</message>
  <nestedLevel>1</nestedLevel>
  <escapedJava>false</escapedJava>
  <property name="origin"></property>
  <property name="name">Test Cases/StaffTables/TC-012-Drug-catalog-table</property>
  <property name="description">Open drug catalog table.</property>
  <property name="iteration"></property>
  <property name="id">Test Cases/StaffTables/TC-012-Drug-catalog-table</property>
  <property name="source">D:\UNI_DOCS\HK6\KCPM\QuanLyBenhVien_KiemThu\pulse-katalon\Test Cases\StaffTables\TC-012-Drug-catalog-table.tc</property>
  <property name="tag">baseline</property>
  <property name="isOptional">false</property>
  <property name="uuid">abac086a-a1fc-4adf-a3a2-f26a2b4493e0</property>
</record>
<record>
  <date>2026-04-25T16:41:56.769153900Z</date>
  <millis>1777135316769</millis>
  <nanos>153900</nanos>
  <sequence>53</sequence>
  <level>ERROR</level>
  <class>com.kms.katalon.core.logging.XmlKeywordLogger</class>
  <method>logMessage</method>
  <thread>1</thread>
  <message>Test Cases/StaffTables/TC-012-Drug-catalog-table has ERROR(s).
Reason:
org.codehaus.groovy.control.MultipleCompilationErrorsException: startup failed:
Script31864864591900.groovy: 1: Unexpected character: &amp;apos;﻿&amp;apos; @ line 1, column 1.
   ﻿import com.kms.katalon.core.webui.keyword.WebUiBuiltInKeywords as WebUI
   ^

1 error
</message>
  <nestedLevel>1</nestedLevel>
  <escapedJava>false</escapedJava>
  <property name="failed.exception.stacktrace">org.codehaus.groovy.control.MultipleCompilationErrorsException: startup failed:
Script31864864591900.groovy: 1: Unexpected character: &apos;﻿&apos; @ line 1, column 1.
   ﻿import com.kms.katalon.core.webui.keyword.WebUiBuiltInKeywords as WebUI
   ^

1 error

	at org.apache.groovy.parser.antlr4.AstBuilder.collectSyntaxError(AstBuilder.java:4260)
	at org.apache.groovy.parser.antlr4.AstBuilder.createParsingFailedException(AstBuilder.java:4243)
	at org.apache.groovy.parser.antlr4.AstBuilder.convertException(AstBuilder.java:242)
	at org.apache.groovy.parser.antlr4.AstBuilder.buildCST(AstBuilder.java:216)
	at org.apache.groovy.parser.antlr4.AstBuilder.buildAST(AstBuilder.java:250)
	at org.apache.groovy.parser.antlr4.Antlr4ParserPlugin.buildAST(Antlr4ParserPlugin.java:58)
	at com.kms.katalon.core.main.TestCaseMethodNodeCollector.&lt;init&gt;(TestCaseMethodNodeCollector.java:43)
	at com.kms.katalon.core.main.TestCaseExecutor.processScriptPreparationPhase(TestCaseExecutor.java:225)
	at com.kms.katalon.core.main.TestCaseExecutor.execute(TestCaseExecutor.java:306)
	at com.kms.katalon.core.common.CommonExecutor.accessTestCaseMainPhase(CommonExecutor.java:71)
	at com.kms.katalon.core.main.TestSuiteExecutor.accessTestSuiteMainPhase(TestSuiteExecutor.java:163)
	at com.kms.katalon.core.main.TestSuiteExecutor.execute(TestSuiteExecutor.java:120)
	at com.kms.katalon.core.main.TestCaseMain.startTestSuite(TestCaseMain.java:205)
	at S0.run(S0.groovy:40)
	at java.base/jdk.internal.reflect.DirectMethodHandleAccessor.invoke(DirectMethodHandleAccessor.java:103)
</property>
  <property name="failed.exception.class">org.codehaus.groovy.control.MultipleCompilationErrorsException</property>
  <property name="failed.exception.message">startup failed:
Script31864864591900.groovy: 1: Unexpected character: &apos;﻿&apos; @ line 1, column 1.
   ﻿import com.kms.katalon.core.webui.keyword.WebUiBuiltInKeywords as WebUI
   ^

1 error
</property>
</record>
<record>
  <date>2026-04-25T16:41:56.772158200Z</date>
  <millis>1777135316772</millis>
  <nanos>158200</nanos>
  <sequence>54</sequence>
  <level>END</level>
  <class>com.kms.katalon.core.logging.XmlKeywordLogger</class>
  <method>endTest</method>
  <thread>1</thread>
  <message>End Test Case : Test Cases/StaffTables/TC-012-Drug-catalog-table</message>
  <nestedLevel>0</nestedLevel>
  <escapedJava>false</escapedJava>
  <property name="executionBindingVariables">[]</property>
  <property name="applitools">false</property>
  <property name="executedKeywords">{}</property>
  <property name="keywordsUsage">{
  &quot;web_ui&quot;: false,
  &quot;web_service&quot;: false,
  &quot;cucumber&quot;: false,
  &quot;builtin&quot;: false,
  &quot;mobile&quot;: false,
  &quot;windows&quot;: false,
  &quot;testng&quot;: false
}</property>
</record>
<record>
  <date>2026-04-25T16:41:56.775462700Z</date>
  <millis>1777135316775</millis>
  <nanos>462700</nanos>
  <sequence>55</sequence>
  <level>START</level>
  <class>com.kms.katalon.core.logging.XmlKeywordLogger</class>
  <method>startTest</method>
  <thread>1</thread>
  <message>Start Test Case : Test Cases/StaffTables/TC-013-Drug-search</message>
  <nestedLevel>1</nestedLevel>
  <escapedJava>false</escapedJava>
  <property name="origin"></property>
  <property name="name">Test Cases/StaffTables/TC-013-Drug-search</property>
  <property name="description">Search drug by seeded name.</property>
  <property name="iteration"></property>
  <property name="id">Test Cases/StaffTables/TC-013-Drug-search</property>
  <property name="source">D:\UNI_DOCS\HK6\KCPM\QuanLyBenhVien_KiemThu\pulse-katalon\Test Cases\StaffTables\TC-013-Drug-search.tc</property>
  <property name="tag">baseline</property>
  <property name="isOptional">false</property>
  <property name="uuid">2732c135-f55e-40e8-bdc3-176d2a8dd167</property>
</record>
<record>
  <date>2026-04-25T16:41:56.781991100Z</date>
  <millis>1777135316781</millis>
  <nanos>991100</nanos>
  <sequence>57</sequence>
  <level>ERROR</level>
  <class>com.kms.katalon.core.logging.XmlKeywordLogger</class>
  <method>logMessage</method>
  <thread>1</thread>
  <message>Test Cases/StaffTables/TC-013-Drug-search has ERROR(s).
Reason:
org.codehaus.groovy.control.MultipleCompilationErrorsException: startup failed:
Script31864876914900.groovy: 1: Unexpected character: &amp;apos;﻿&amp;apos; @ line 1, column 1.
   ﻿import com.kms.katalon.core.webui.keyword.WebUiBuiltInKeywords as WebUI
   ^

1 error
</message>
  <nestedLevel>1</nestedLevel>
  <escapedJava>false</escapedJava>
  <property name="failed.exception.stacktrace">org.codehaus.groovy.control.MultipleCompilationErrorsException: startup failed:
Script31864876914900.groovy: 1: Unexpected character: &apos;﻿&apos; @ line 1, column 1.
   ﻿import com.kms.katalon.core.webui.keyword.WebUiBuiltInKeywords as WebUI
   ^

1 error

	at org.apache.groovy.parser.antlr4.AstBuilder.collectSyntaxError(AstBuilder.java:4260)
	at org.apache.groovy.parser.antlr4.AstBuilder.createParsingFailedException(AstBuilder.java:4243)
	at org.apache.groovy.parser.antlr4.AstBuilder.convertException(AstBuilder.java:242)
	at org.apache.groovy.parser.antlr4.AstBuilder.buildCST(AstBuilder.java:216)
	at org.apache.groovy.parser.antlr4.AstBuilder.buildAST(AstBuilder.java:250)
	at org.apache.groovy.parser.antlr4.Antlr4ParserPlugin.buildAST(Antlr4ParserPlugin.java:58)
	at com.kms.katalon.core.main.TestCaseMethodNodeCollector.&lt;init&gt;(TestCaseMethodNodeCollector.java:43)
	at com.kms.katalon.core.main.TestCaseExecutor.processScriptPreparationPhase(TestCaseExecutor.java:225)
	at com.kms.katalon.core.main.TestCaseExecutor.execute(TestCaseExecutor.java:306)
	at com.kms.katalon.core.common.CommonExecutor.accessTestCaseMainPhase(CommonExecutor.java:71)
	at com.kms.katalon.core.main.TestSuiteExecutor.accessTestSuiteMainPhase(TestSuiteExecutor.java:163)
	at com.kms.katalon.core.main.TestSuiteExecutor.execute(TestSuiteExecutor.java:120)
	at com.kms.katalon.core.main.TestCaseMain.startTestSuite(TestCaseMain.java:205)
	at S0.run(S0.groovy:40)
	at java.base/jdk.internal.reflect.DirectMethodHandleAccessor.invoke(DirectMethodHandleAccessor.java:103)
</property>
  <property name="failed.exception.class">org.codehaus.groovy.control.MultipleCompilationErrorsException</property>
  <property name="failed.exception.message">startup failed:
Script31864876914900.groovy: 1: Unexpected character: &apos;﻿&apos; @ line 1, column 1.
   ﻿import com.kms.katalon.core.webui.keyword.WebUiBuiltInKeywords as WebUI
   ^

1 error
</property>
</record>
<record>
  <date>2026-04-25T16:41:56.782989700Z</date>
  <millis>1777135316782</millis>
  <nanos>989700</nanos>
  <sequence>58</sequence>
  <level>END</level>
  <class>com.kms.katalon.core.logging.XmlKeywordLogger</class>
  <method>endTest</method>
  <thread>1</thread>
  <message>End Test Case : Test Cases/StaffTables/TC-013-Drug-search</message>
  <nestedLevel>0</nestedLevel>
  <escapedJava>false</escapedJava>
  <property name="executionBindingVariables">[]</property>
  <property name="applitools">false</property>
  <property name="executedKeywords">{}</property>
  <property name="keywordsUsage">{
  &quot;web_ui&quot;: false,
  &quot;web_service&quot;: false,
  &quot;cucumber&quot;: false,
  &quot;builtin&quot;: false,
  &quot;mobile&quot;: false,
  &quot;windows&quot;: false,
  &quot;testng&quot;: false
}</property>
</record>
<record>
  <date>2026-04-25T16:41:56.787887800Z</date>
  <millis>1777135316787</millis>
  <nanos>887800</nanos>
  <sequence>59</sequence>
  <level>START</level>
  <class>com.kms.katalon.core.logging.XmlKeywordLogger</class>
  <method>startTest</method>
  <thread>1</thread>
  <message>Start Test Case : Test Cases/StaffTables/TC-014-Drug-filter-dosage-unit</message>
  <nestedLevel>1</nestedLevel>
  <escapedJava>false</escapedJava>
  <property name="origin"></property>
  <property name="name">Test Cases/StaffTables/TC-014-Drug-filter-dosage-unit</property>
  <property name="description">Filter drugs by dosage form and unit.</property>
  <property name="iteration"></property>
  <property name="id">Test Cases/StaffTables/TC-014-Drug-filter-dosage-unit</property>
  <property name="source">D:\UNI_DOCS\HK6\KCPM\QuanLyBenhVien_KiemThu\pulse-katalon\Test Cases\StaffTables\TC-014-Drug-filter-dosage-unit.tc</property>
  <property name="tag">baseline</property>
  <property name="isOptional">false</property>
  <property name="uuid">4221f040-6a5b-4ab7-940a-f3de7099c5fd</property>
</record>
<record>
  <date>2026-04-25T16:41:56.793494600Z</date>
  <millis>1777135316793</millis>
  <nanos>494600</nanos>
  <sequence>61</sequence>
  <level>ERROR</level>
  <class>com.kms.katalon.core.logging.XmlKeywordLogger</class>
  <method>logMessage</method>
  <thread>1</thread>
  <message>Test Cases/StaffTables/TC-014-Drug-filter-dosage-unit has ERROR(s).
Reason:
org.codehaus.groovy.control.MultipleCompilationErrorsException: startup failed:
Script31864887695200.groovy: 1: Unexpected character: &amp;apos;﻿&amp;apos; @ line 1, column 1.
   ﻿import com.kms.katalon.core.webui.keyword.WebUiBuiltInKeywords as WebUI
   ^

1 error
</message>
  <nestedLevel>1</nestedLevel>
  <escapedJava>false</escapedJava>
  <property name="failed.exception.stacktrace">org.codehaus.groovy.control.MultipleCompilationErrorsException: startup failed:
Script31864887695200.groovy: 1: Unexpected character: &apos;﻿&apos; @ line 1, column 1.
   ﻿import com.kms.katalon.core.webui.keyword.WebUiBuiltInKeywords as WebUI
   ^

1 error

	at org.apache.groovy.parser.antlr4.AstBuilder.collectSyntaxError(AstBuilder.java:4260)
	at org.apache.groovy.parser.antlr4.AstBuilder.createParsingFailedException(AstBuilder.java:4243)
	at org.apache.groovy.parser.antlr4.AstBuilder.convertException(AstBuilder.java:242)
	at org.apache.groovy.parser.antlr4.AstBuilder.buildCST(AstBuilder.java:216)
	at org.apache.groovy.parser.antlr4.AstBuilder.buildAST(AstBuilder.java:250)
	at org.apache.groovy.parser.antlr4.Antlr4ParserPlugin.buildAST(Antlr4ParserPlugin.java:58)
	at com.kms.katalon.core.main.TestCaseMethodNodeCollector.&lt;init&gt;(TestCaseMethodNodeCollector.java:43)
	at com.kms.katalon.core.main.TestCaseExecutor.processScriptPreparationPhase(TestCaseExecutor.java:225)
	at com.kms.katalon.core.main.TestCaseExecutor.execute(TestCaseExecutor.java:306)
	at com.kms.katalon.core.common.CommonExecutor.accessTestCaseMainPhase(CommonExecutor.java:71)
	at com.kms.katalon.core.main.TestSuiteExecutor.accessTestSuiteMainPhase(TestSuiteExecutor.java:163)
	at com.kms.katalon.core.main.TestSuiteExecutor.execute(TestSuiteExecutor.java:120)
	at com.kms.katalon.core.main.TestCaseMain.startTestSuite(TestCaseMain.java:205)
	at S0.run(S0.groovy:40)
	at java.base/jdk.internal.reflect.DirectMethodHandleAccessor.invoke(DirectMethodHandleAccessor.java:103)
</property>
  <property name="failed.exception.class">org.codehaus.groovy.control.MultipleCompilationErrorsException</property>
  <property name="failed.exception.message">startup failed:
Script31864887695200.groovy: 1: Unexpected character: &apos;﻿&apos; @ line 1, column 1.
   ﻿import com.kms.katalon.core.webui.keyword.WebUiBuiltInKeywords as WebUI
   ^

1 error
</property>
</record>
<record>
  <date>2026-04-25T16:41:56.795449800Z</date>
  <millis>1777135316795</millis>
  <nanos>449800</nanos>
  <sequence>62</sequence>
  <level>END</level>
  <class>com.kms.katalon.core.logging.XmlKeywordLogger</class>
  <method>endTest</method>
  <thread>1</thread>
  <message>End Test Case : Test Cases/StaffTables/TC-014-Drug-filter-dosage-unit</message>
  <nestedLevel>0</nestedLevel>
  <escapedJava>false</escapedJava>
  <property name="executionBindingVariables">[]</property>
  <property name="applitools">false</property>
  <property name="executedKeywords">{}</property>
  <property name="keywordsUsage">{
  &quot;web_ui&quot;: false,
  &quot;web_service&quot;: false,
  &quot;cucumber&quot;: false,
  &quot;builtin&quot;: false,
  &quot;mobile&quot;: false,
  &quot;windows&quot;: false,
  &quot;testng&quot;: false
}</property>
</record>
<record>
  <date>2026-04-25T16:41:56.799263400Z</date>
  <millis>1777135316799</millis>
  <nanos>263400</nanos>
  <sequence>63</sequence>
  <level>START</level>
  <class>com.kms.katalon.core.logging.XmlKeywordLogger</class>
  <method>startTest</method>
  <thread>1</thread>
  <message>Start Test Case : Test Cases/StaffTables/TC-015-Room-search</message>
  <nestedLevel>1</nestedLevel>
  <escapedJava>false</escapedJava>
  <property name="origin"></property>
  <property name="name">Test Cases/StaffTables/TC-015-Room-search</property>
  <property name="description">Search room by seeded room number.</property>
  <property name="iteration"></property>
  <property name="id">Test Cases/StaffTables/TC-015-Room-search</property>
  <property name="source">D:\UNI_DOCS\HK6\KCPM\QuanLyBenhVien_KiemThu\pulse-katalon\Test Cases\StaffTables\TC-015-Room-search.tc</property>
  <property name="tag">baseline</property>
  <property name="isOptional">false</property>
  <property name="uuid">c2365c2f-a10a-47ea-ac02-1a78a815540d</property>
</record>
<record>
  <date>2026-04-25T16:41:56.804232300Z</date>
  <millis>1777135316804</millis>
  <nanos>232300</nanos>
  <sequence>65</sequence>
  <level>ERROR</level>
  <class>com.kms.katalon.core.logging.XmlKeywordLogger</class>
  <method>logMessage</method>
  <thread>1</thread>
  <message>Test Cases/StaffTables/TC-015-Room-search has ERROR(s).
Reason:
org.codehaus.groovy.control.MultipleCompilationErrorsException: startup failed:
Script31864899163000.groovy: 1: Unexpected character: &amp;apos;﻿&amp;apos; @ line 1, column 1.
   ﻿import com.kms.katalon.core.webui.keyword.WebUiBuiltInKeywords as WebUI
   ^

1 error
</message>
  <nestedLevel>1</nestedLevel>
  <escapedJava>false</escapedJava>
  <property name="failed.exception.stacktrace">org.codehaus.groovy.control.MultipleCompilationErrorsException: startup failed:
Script31864899163000.groovy: 1: Unexpected character: &apos;﻿&apos; @ line 1, column 1.
   ﻿import com.kms.katalon.core.webui.keyword.WebUiBuiltInKeywords as WebUI
   ^

1 error

	at org.apache.groovy.parser.antlr4.AstBuilder.collectSyntaxError(AstBuilder.java:4260)
	at org.apache.groovy.parser.antlr4.AstBuilder.createParsingFailedException(AstBuilder.java:4243)
	at org.apache.groovy.parser.antlr4.AstBuilder.convertException(AstBuilder.java:242)
	at org.apache.groovy.parser.antlr4.AstBuilder.buildCST(AstBuilder.java:216)
	at org.apache.groovy.parser.antlr4.AstBuilder.buildAST(AstBuilder.java:250)
	at org.apache.groovy.parser.antlr4.Antlr4ParserPlugin.buildAST(Antlr4ParserPlugin.java:58)
	at com.kms.katalon.core.main.TestCaseMethodNodeCollector.&lt;init&gt;(TestCaseMethodNodeCollector.java:43)
	at com.kms.katalon.core.main.TestCaseExecutor.processScriptPreparationPhase(TestCaseExecutor.java:225)
	at com.kms.katalon.core.main.TestCaseExecutor.execute(TestCaseExecutor.java:306)
	at com.kms.katalon.core.common.CommonExecutor.accessTestCaseMainPhase(CommonExecutor.java:71)
	at com.kms.katalon.core.main.TestSuiteExecutor.accessTestSuiteMainPhase(TestSuiteExecutor.java:163)
	at com.kms.katalon.core.main.TestSuiteExecutor.execute(TestSuiteExecutor.java:120)
	at com.kms.katalon.core.main.TestCaseMain.startTestSuite(TestCaseMain.java:205)
	at S0.run(S0.groovy:40)
	at java.base/jdk.internal.reflect.DirectMethodHandleAccessor.invoke(DirectMethodHandleAccessor.java:103)
</property>
  <property name="failed.exception.class">org.codehaus.groovy.control.MultipleCompilationErrorsException</property>
  <property name="failed.exception.message">startup failed:
Script31864899163000.groovy: 1: Unexpected character: &apos;﻿&apos; @ line 1, column 1.
   ﻿import com.kms.katalon.core.webui.keyword.WebUiBuiltInKeywords as WebUI
   ^

1 error
</property>
</record>
<record>
  <date>2026-04-25T16:41:56.805852900Z</date>
  <millis>1777135316805</millis>
  <nanos>852900</nanos>
  <sequence>66</sequence>
  <level>END</level>
  <class>com.kms.katalon.core.logging.XmlKeywordLogger</class>
  <method>endTest</method>
  <thread>1</thread>
  <message>End Test Case : Test Cases/StaffTables/TC-015-Room-search</message>
  <nestedLevel>0</nestedLevel>
  <escapedJava>false</escapedJava>
  <property name="executionBindingVariables">[]</property>
  <property name="applitools">false</property>
  <property name="executedKeywords">{}</property>
  <property name="keywordsUsage">{
  &quot;web_ui&quot;: false,
  &quot;web_service&quot;: false,
  &quot;cucumber&quot;: false,
  &quot;builtin&quot;: false,
  &quot;mobile&quot;: false,
  &quot;windows&quot;: false,
  &quot;testng&quot;: false
}</property>
</record>
<record>
  <date>2026-04-25T16:41:56.809962700Z</date>
  <millis>1777135316809</millis>
  <nanos>962700</nanos>
  <sequence>67</sequence>
  <level>START</level>
  <class>com.kms.katalon.core.logging.XmlKeywordLogger</class>
  <method>startTest</method>
  <thread>1</thread>
  <message>Start Test Case : Test Cases/StaffTables/TC-016-Room-filter-status</message>
  <nestedLevel>1</nestedLevel>
  <escapedJava>false</escapedJava>
  <property name="origin"></property>
  <property name="name">Test Cases/StaffTables/TC-016-Room-filter-status</property>
  <property name="description">Filter rooms by available status.</property>
  <property name="iteration"></property>
  <property name="id">Test Cases/StaffTables/TC-016-Room-filter-status</property>
  <property name="source">D:\UNI_DOCS\HK6\KCPM\QuanLyBenhVien_KiemThu\pulse-katalon\Test Cases\StaffTables\TC-016-Room-filter-status.tc</property>
  <property name="tag">baseline</property>
  <property name="isOptional">false</property>
  <property name="uuid">08c420eb-fae0-4c2f-80a5-dea553e748e2</property>
</record>
<record>
  <date>2026-04-25T16:41:56.814852200Z</date>
  <millis>1777135316814</millis>
  <nanos>852200</nanos>
  <sequence>69</sequence>
  <level>ERROR</level>
  <class>com.kms.katalon.core.logging.XmlKeywordLogger</class>
  <method>logMessage</method>
  <thread>1</thread>
  <message>Test Cases/StaffTables/TC-016-Room-filter-status has ERROR(s).
Reason:
org.codehaus.groovy.control.MultipleCompilationErrorsException: startup failed:
Script31864909219200.groovy: 1: Unexpected character: &amp;apos;﻿&amp;apos; @ line 1, column 1.
   ﻿import com.kms.katalon.core.webui.keyword.WebUiBuiltInKeywords as WebUI
   ^

1 error
</message>
  <nestedLevel>1</nestedLevel>
  <escapedJava>false</escapedJava>
  <property name="failed.exception.stacktrace">org.codehaus.groovy.control.MultipleCompilationErrorsException: startup failed:
Script31864909219200.groovy: 1: Unexpected character: &apos;﻿&apos; @ line 1, column 1.
   ﻿import com.kms.katalon.core.webui.keyword.WebUiBuiltInKeywords as WebUI
   ^

1 error

	at org.apache.groovy.parser.antlr4.AstBuilder.collectSyntaxError(AstBuilder.java:4260)
	at org.apache.groovy.parser.antlr4.AstBuilder.createParsingFailedException(AstBuilder.java:4243)
	at org.apache.groovy.parser.antlr4.AstBuilder.convertException(AstBuilder.java:242)
	at org.apache.groovy.parser.antlr4.AstBuilder.buildCST(AstBuilder.java:216)
	at org.apache.groovy.parser.antlr4.AstBuilder.buildAST(AstBuilder.java:250)
	at org.apache.groovy.parser.antlr4.Antlr4ParserPlugin.buildAST(Antlr4ParserPlugin.java:58)
	at com.kms.katalon.core.main.TestCaseMethodNodeCollector.&lt;init&gt;(TestCaseMethodNodeCollector.java:43)
	at com.kms.katalon.core.main.TestCaseExecutor.processScriptPreparationPhase(TestCaseExecutor.java:225)
	at com.kms.katalon.core.main.TestCaseExecutor.execute(TestCaseExecutor.java:306)
	at com.kms.katalon.core.common.CommonExecutor.accessTestCaseMainPhase(CommonExecutor.java:71)
	at com.kms.katalon.core.main.TestSuiteExecutor.accessTestSuiteMainPhase(TestSuiteExecutor.java:163)
	at com.kms.katalon.core.main.TestSuiteExecutor.execute(TestSuiteExecutor.java:120)
	at com.kms.katalon.core.main.TestCaseMain.startTestSuite(TestCaseMain.java:205)
	at S0.run(S0.groovy:40)
	at java.base/jdk.internal.reflect.DirectMethodHandleAccessor.invoke(DirectMethodHandleAccessor.java:103)
</property>
  <property name="failed.exception.class">org.codehaus.groovy.control.MultipleCompilationErrorsException</property>
  <property name="failed.exception.message">startup failed:
Script31864909219200.groovy: 1: Unexpected character: &apos;﻿&apos; @ line 1, column 1.
   ﻿import com.kms.katalon.core.webui.keyword.WebUiBuiltInKeywords as WebUI
   ^

1 error
</property>
</record>
<record>
  <date>2026-04-25T16:41:56.815928700Z</date>
  <millis>1777135316815</millis>
  <nanos>928700</nanos>
  <sequence>70</sequence>
  <level>END</level>
  <class>com.kms.katalon.core.logging.XmlKeywordLogger</class>
  <method>endTest</method>
  <thread>1</thread>
  <message>End Test Case : Test Cases/StaffTables/TC-016-Room-filter-status</message>
  <nestedLevel>0</nestedLevel>
  <escapedJava>false</escapedJava>
  <property name="executionBindingVariables">[]</property>
  <property name="applitools">false</property>
  <property name="executedKeywords">{}</property>
  <property name="keywordsUsage">{
  &quot;web_ui&quot;: false,
  &quot;web_service&quot;: false,
  &quot;cucumber&quot;: false,
  &quot;builtin&quot;: false,
  &quot;mobile&quot;: false,
  &quot;windows&quot;: false,
  &quot;testng&quot;: false
}</property>
</record>
<record>
  <date>2026-04-25T16:41:56.819722100Z</date>
  <millis>1777135316819</millis>
  <nanos>722100</nanos>
  <sequence>71</sequence>
  <level>START</level>
  <class>com.kms.katalon.core.logging.XmlKeywordLogger</class>
  <method>startTest</method>
  <thread>1</thread>
  <message>Start Test Case : Test Cases/StaffTables/TC-017-Waitlist-priority-order</message>
  <nestedLevel>1</nestedLevel>
  <escapedJava>false</escapedJava>
  <property name="origin"></property>
  <property name="name">Test Cases/StaffTables/TC-017-Waitlist-priority-order</property>
  <property name="description">Open waitlist and validate priority order when data exists.</property>
  <property name="iteration"></property>
  <property name="id">Test Cases/StaffTables/TC-017-Waitlist-priority-order</property>
  <property name="source">D:\UNI_DOCS\HK6\KCPM\QuanLyBenhVien_KiemThu\pulse-katalon\Test Cases\StaffTables\TC-017-Waitlist-priority-order.tc</property>
  <property name="tag">baseline</property>
  <property name="isOptional">false</property>
  <property name="uuid">9099ddfa-87cb-4d14-b585-b92bdf377845</property>
</record>
<record>
  <date>2026-04-25T16:41:56.823732300Z</date>
  <millis>1777135316823</millis>
  <nanos>732300</nanos>
  <sequence>73</sequence>
  <level>ERROR</level>
  <class>com.kms.katalon.core.logging.XmlKeywordLogger</class>
  <method>logMessage</method>
  <thread>1</thread>
  <message>Test Cases/StaffTables/TC-017-Waitlist-priority-order has ERROR(s).
Reason:
org.codehaus.groovy.control.MultipleCompilationErrorsException: startup failed:
Script31864919535100.groovy: 1: Unexpected character: &amp;apos;﻿&amp;apos; @ line 1, column 1.
   ﻿import com.kms.katalon.core.webui.keyword.WebUiBuiltInKeywords as WebUI
   ^

1 error
</message>
  <nestedLevel>1</nestedLevel>
  <escapedJava>false</escapedJava>
  <property name="failed.exception.stacktrace">org.codehaus.groovy.control.MultipleCompilationErrorsException: startup failed:
Script31864919535100.groovy: 1: Unexpected character: &apos;﻿&apos; @ line 1, column 1.
   ﻿import com.kms.katalon.core.webui.keyword.WebUiBuiltInKeywords as WebUI
   ^

1 error

	at org.apache.groovy.parser.antlr4.AstBuilder.collectSyntaxError(AstBuilder.java:4260)
	at org.apache.groovy.parser.antlr4.AstBuilder.createParsingFailedException(AstBuilder.java:4243)
	at org.apache.groovy.parser.antlr4.AstBuilder.convertException(AstBuilder.java:242)
	at org.apache.groovy.parser.antlr4.AstBuilder.buildCST(AstBuilder.java:216)
	at org.apache.groovy.parser.antlr4.AstBuilder.buildAST(AstBuilder.java:250)
	at org.apache.groovy.parser.antlr4.Antlr4ParserPlugin.buildAST(Antlr4ParserPlugin.java:58)
	at com.kms.katalon.core.main.TestCaseMethodNodeCollector.&lt;init&gt;(TestCaseMethodNodeCollector.java:43)
	at com.kms.katalon.core.main.TestCaseExecutor.processScriptPreparationPhase(TestCaseExecutor.java:225)
	at com.kms.katalon.core.main.TestCaseExecutor.execute(TestCaseExecutor.java:306)
	at com.kms.katalon.core.common.CommonExecutor.accessTestCaseMainPhase(CommonExecutor.java:71)
	at com.kms.katalon.core.main.TestSuiteExecutor.accessTestSuiteMainPhase(TestSuiteExecutor.java:163)
	at com.kms.katalon.core.main.TestSuiteExecutor.execute(TestSuiteExecutor.java:120)
	at com.kms.katalon.core.main.TestCaseMain.startTestSuite(TestCaseMain.java:205)
	at S0.run(S0.groovy:40)
	at java.base/jdk.internal.reflect.DirectMethodHandleAccessor.invoke(DirectMethodHandleAccessor.java:103)
</property>
  <property name="failed.exception.class">org.codehaus.groovy.control.MultipleCompilationErrorsException</property>
  <property name="failed.exception.message">startup failed:
Script31864919535100.groovy: 1: Unexpected character: &apos;﻿&apos; @ line 1, column 1.
   ﻿import com.kms.katalon.core.webui.keyword.WebUiBuiltInKeywords as WebUI
   ^

1 error
</property>
</record>
<record>
  <date>2026-04-25T16:41:56.825733900Z</date>
  <millis>1777135316825</millis>
  <nanos>733900</nanos>
  <sequence>74</sequence>
  <level>END</level>
  <class>com.kms.katalon.core.logging.XmlKeywordLogger</class>
  <method>endTest</method>
  <thread>1</thread>
  <message>End Test Case : Test Cases/StaffTables/TC-017-Waitlist-priority-order</message>
  <nestedLevel>0</nestedLevel>
  <escapedJava>false</escapedJava>
  <property name="executionBindingVariables">[]</property>
  <property name="applitools">false</property>
  <property name="executedKeywords">{}</property>
  <property name="keywordsUsage">{
  &quot;web_ui&quot;: false,
  &quot;web_service&quot;: false,
  &quot;cucumber&quot;: false,
  &quot;builtin&quot;: false,
  &quot;mobile&quot;: false,
  &quot;windows&quot;: false,
  &quot;testng&quot;: false
}</property>
</record>
<record>
  <date>2026-04-25T16:41:56.830036600Z</date>
  <millis>1777135316830</millis>
  <nanos>36600</nanos>
  <sequence>75</sequence>
  <level>START</level>
  <class>com.kms.katalon.core.logging.XmlKeywordLogger</class>
  <method>startTest</method>
  <thread>1</thread>
  <message>Start Test Case : Test Cases/StaffTables/TC-018-Waitlist-filter-priority</message>
  <nestedLevel>1</nestedLevel>
  <escapedJava>false</escapedJava>
  <property name="origin"></property>
  <property name="name">Test Cases/StaffTables/TC-018-Waitlist-filter-priority</property>
  <property name="description">Filter waitlist by priority.</property>
  <property name="iteration"></property>
  <property name="id">Test Cases/StaffTables/TC-018-Waitlist-filter-priority</property>
  <property name="source">D:\UNI_DOCS\HK6\KCPM\QuanLyBenhVien_KiemThu\pulse-katalon\Test Cases\StaffTables\TC-018-Waitlist-filter-priority.tc</property>
  <property name="tag">baseline</property>
  <property name="isOptional">false</property>
  <property name="uuid">8dffe48c-de49-4ec0-be67-7e510a05c370</property>
</record>
<record>
  <date>2026-04-25T16:41:56.834533Z</date>
  <millis>1777135316834</millis>
  <nanos>533000</nanos>
  <sequence>77</sequence>
  <level>ERROR</level>
  <class>com.kms.katalon.core.logging.XmlKeywordLogger</class>
  <method>logMessage</method>
  <thread>1</thread>
  <message>Test Cases/StaffTables/TC-018-Waitlist-filter-priority has ERROR(s).
Reason:
org.codehaus.groovy.control.MultipleCompilationErrorsException: startup failed:
Script31864929342000.groovy: 1: Unexpected character: &amp;apos;﻿&amp;apos; @ line 1, column 1.
   ﻿import com.kms.katalon.core.webui.keyword.WebUiBuiltInKeywords as WebUI
   ^

1 error
</message>
  <nestedLevel>1</nestedLevel>
  <escapedJava>false</escapedJava>
  <property name="failed.exception.stacktrace">org.codehaus.groovy.control.MultipleCompilationErrorsException: startup failed:
Script31864929342000.groovy: 1: Unexpected character: &apos;﻿&apos; @ line 1, column 1.
   ﻿import com.kms.katalon.core.webui.keyword.WebUiBuiltInKeywords as WebUI
   ^

1 error

	at org.apache.groovy.parser.antlr4.AstBuilder.collectSyntaxError(AstBuilder.java:4260)
	at org.apache.groovy.parser.antlr4.AstBuilder.createParsingFailedException(AstBuilder.java:4243)
	at org.apache.groovy.parser.antlr4.AstBuilder.convertException(AstBuilder.java:242)
	at org.apache.groovy.parser.antlr4.AstBuilder.buildCST(AstBuilder.java:216)
	at org.apache.groovy.parser.antlr4.AstBuilder.buildAST(AstBuilder.java:250)
	at org.apache.groovy.parser.antlr4.Antlr4ParserPlugin.buildAST(Antlr4ParserPlugin.java:58)
	at com.kms.katalon.core.main.TestCaseMethodNodeCollector.&lt;init&gt;(TestCaseMethodNodeCollector.java:43)
	at com.kms.katalon.core.main.TestCaseExecutor.processScriptPreparationPhase(TestCaseExecutor.java:225)
	at com.kms.katalon.core.main.TestCaseExecutor.execute(TestCaseExecutor.java:306)
	at com.kms.katalon.core.common.CommonExecutor.accessTestCaseMainPhase(CommonExecutor.java:71)
	at com.kms.katalon.core.main.TestSuiteExecutor.accessTestSuiteMainPhase(TestSuiteExecutor.java:163)
	at com.kms.katalon.core.main.TestSuiteExecutor.execute(TestSuiteExecutor.java:120)
	at com.kms.katalon.core.main.TestCaseMain.startTestSuite(TestCaseMain.java:205)
	at S0.run(S0.groovy:40)
	at java.base/jdk.internal.reflect.DirectMethodHandleAccessor.invoke(DirectMethodHandleAccessor.java:103)
</property>
  <property name="failed.exception.class">org.codehaus.groovy.control.MultipleCompilationErrorsException</property>
  <property name="failed.exception.message">startup failed:
Script31864929342000.groovy: 1: Unexpected character: &apos;﻿&apos; @ line 1, column 1.
   ﻿import com.kms.katalon.core.webui.keyword.WebUiBuiltInKeywords as WebUI
   ^

1 error
</property>
</record>
<record>
  <date>2026-04-25T16:41:56.836537500Z</date>
  <millis>1777135316836</millis>
  <nanos>537500</nanos>
  <sequence>78</sequence>
  <level>END</level>
  <class>com.kms.katalon.core.logging.XmlKeywordLogger</class>
  <method>endTest</method>
  <thread>1</thread>
  <message>End Test Case : Test Cases/StaffTables/TC-018-Waitlist-filter-priority</message>
  <nestedLevel>0</nestedLevel>
  <escapedJava>false</escapedJava>
  <property name="executionBindingVariables">[]</property>
  <property name="applitools">false</property>
  <property name="executedKeywords">{}</property>
  <property name="keywordsUsage">{
  &quot;web_ui&quot;: false,
  &quot;web_service&quot;: false,
  &quot;cucumber&quot;: false,
  &quot;builtin&quot;: false,
  &quot;mobile&quot;: false,
  &quot;windows&quot;: false,
  &quot;testng&quot;: false
}</property>
</record>
<record>
  <date>2026-04-25T16:41:56.840157800Z</date>
  <millis>1777135316840</millis>
  <nanos>157800</nanos>
  <sequence>79</sequence>
  <level>START</level>
  <class>com.kms.katalon.core.logging.XmlKeywordLogger</class>
  <method>startTest</method>
  <thread>1</thread>
  <message>Start Test Case : Test Cases/StaffTables/TC-019-Appointment-status-tabs</message>
  <nestedLevel>1</nestedLevel>
  <escapedJava>false</escapedJava>
  <property name="origin"></property>
  <property name="name">Test Cases/StaffTables/TC-019-Appointment-status-tabs</property>
  <property name="description">Open appointment page and switch status tabs.</property>
  <property name="iteration"></property>
  <property name="id">Test Cases/StaffTables/TC-019-Appointment-status-tabs</property>
  <property name="source">D:\UNI_DOCS\HK6\KCPM\QuanLyBenhVien_KiemThu\pulse-katalon\Test Cases\StaffTables\TC-019-Appointment-status-tabs.tc</property>
  <property name="tag">baseline</property>
  <property name="isOptional">false</property>
  <property name="uuid">a0159a59-8d81-489f-ae9e-cbc4f942f9a0</property>
</record>
<record>
  <date>2026-04-25T16:41:56.845168200Z</date>
  <millis>1777135316845</millis>
  <nanos>168200</nanos>
  <sequence>81</sequence>
  <level>ERROR</level>
  <class>com.kms.katalon.core.logging.XmlKeywordLogger</class>
  <method>logMessage</method>
  <thread>1</thread>
  <message>Test Cases/StaffTables/TC-019-Appointment-status-tabs has ERROR(s).
Reason:
org.codehaus.groovy.control.MultipleCompilationErrorsException: startup failed:
Script31864940688200.groovy: 1: Unexpected character: &amp;apos;﻿&amp;apos; @ line 1, column 1.
   ﻿import com.kms.katalon.core.webui.keyword.WebUiBuiltInKeywords as WebUI
   ^

1 error
</message>
  <nestedLevel>1</nestedLevel>
  <escapedJava>false</escapedJava>
  <property name="failed.exception.stacktrace">org.codehaus.groovy.control.MultipleCompilationErrorsException: startup failed:
Script31864940688200.groovy: 1: Unexpected character: &apos;﻿&apos; @ line 1, column 1.
   ﻿import com.kms.katalon.core.webui.keyword.WebUiBuiltInKeywords as WebUI
   ^

1 error

	at org.apache.groovy.parser.antlr4.AstBuilder.collectSyntaxError(AstBuilder.java:4260)
	at org.apache.groovy.parser.antlr4.AstBuilder.createParsingFailedException(AstBuilder.java:4243)
	at org.apache.groovy.parser.antlr4.AstBuilder.convertException(AstBuilder.java:242)
	at org.apache.groovy.parser.antlr4.AstBuilder.buildCST(AstBuilder.java:216)
	at org.apache.groovy.parser.antlr4.AstBuilder.buildAST(AstBuilder.java:250)
	at org.apache.groovy.parser.antlr4.Antlr4ParserPlugin.buildAST(Antlr4ParserPlugin.java:58)
	at com.kms.katalon.core.main.TestCaseMethodNodeCollector.&lt;init&gt;(TestCaseMethodNodeCollector.java:43)
	at com.kms.katalon.core.main.TestCaseExecutor.processScriptPreparationPhase(TestCaseExecutor.java:225)
	at com.kms.katalon.core.main.TestCaseExecutor.execute(TestCaseExecutor.java:306)
	at com.kms.katalon.core.common.CommonExecutor.accessTestCaseMainPhase(CommonExecutor.java:71)
	at com.kms.katalon.core.main.TestSuiteExecutor.accessTestSuiteMainPhase(TestSuiteExecutor.java:163)
	at com.kms.katalon.core.main.TestSuiteExecutor.execute(TestSuiteExecutor.java:120)
	at com.kms.katalon.core.main.TestCaseMain.startTestSuite(TestCaseMain.java:205)
	at S0.run(S0.groovy:40)
	at java.base/jdk.internal.reflect.DirectMethodHandleAccessor.invoke(DirectMethodHandleAccessor.java:103)
</property>
  <property name="failed.exception.class">org.codehaus.groovy.control.MultipleCompilationErrorsException</property>
  <property name="failed.exception.message">startup failed:
Script31864940688200.groovy: 1: Unexpected character: &apos;﻿&apos; @ line 1, column 1.
   ﻿import com.kms.katalon.core.webui.keyword.WebUiBuiltInKeywords as WebUI
   ^

1 error
</property>
</record>
<record>
  <date>2026-04-25T16:41:56.847835800Z</date>
  <millis>1777135316847</millis>
  <nanos>835800</nanos>
  <sequence>82</sequence>
  <level>END</level>
  <class>com.kms.katalon.core.logging.XmlKeywordLogger</class>
  <method>endTest</method>
  <thread>1</thread>
  <message>End Test Case : Test Cases/StaffTables/TC-019-Appointment-status-tabs</message>
  <nestedLevel>0</nestedLevel>
  <escapedJava>false</escapedJava>
  <property name="executionBindingVariables">[]</property>
  <property name="applitools">false</property>
  <property name="executedKeywords">{}</property>
  <property name="keywordsUsage">{
  &quot;web_ui&quot;: false,
  &quot;web_service&quot;: false,
  &quot;cucumber&quot;: false,
  &quot;builtin&quot;: false,
  &quot;mobile&quot;: false,
  &quot;windows&quot;: false,
  &quot;testng&quot;: false
}</property>
</record>
<record>
  <date>2026-04-25T16:41:56.850845300Z</date>
  <millis>1777135316850</millis>
  <nanos>845300</nanos>
  <sequence>83</sequence>
  <level>START</level>
  <class>com.kms.katalon.core.logging.XmlKeywordLogger</class>
  <method>startTest</method>
  <thread>1</thread>
  <message>Start Test Case : Test Cases/StaffTables/TC-020-Invoice-patient-search</message>
  <nestedLevel>1</nestedLevel>
  <escapedJava>false</escapedJava>
  <property name="origin"></property>
  <property name="name">Test Cases/StaffTables/TC-020-Invoice-patient-search</property>
  <property name="description">Search patient on invoice page.</property>
  <property name="iteration"></property>
  <property name="id">Test Cases/StaffTables/TC-020-Invoice-patient-search</property>
  <property name="source">D:\UNI_DOCS\HK6\KCPM\QuanLyBenhVien_KiemThu\pulse-katalon\Test Cases\StaffTables\TC-020-Invoice-patient-search.tc</property>
  <property name="tag">baseline</property>
  <property name="isOptional">false</property>
  <property name="uuid">3bbd4a37-d03f-4082-ae15-0f276a7cdb15</property>
</record>
<record>
  <date>2026-04-25T16:41:56.855847900Z</date>
  <millis>1777135316855</millis>
  <nanos>847900</nanos>
  <sequence>85</sequence>
  <level>ERROR</level>
  <class>com.kms.katalon.core.logging.XmlKeywordLogger</class>
  <method>logMessage</method>
  <thread>1</thread>
  <message>Test Cases/StaffTables/TC-020-Invoice-patient-search has ERROR(s).
Reason:
org.codehaus.groovy.control.MultipleCompilationErrorsException: startup failed:
Script31864950565800.groovy: 1: Unexpected character: &amp;apos;﻿&amp;apos; @ line 1, column 1.
   ﻿import com.kms.katalon.core.webui.keyword.WebUiBuiltInKeywords as WebUI
   ^

1 error
</message>
  <nestedLevel>1</nestedLevel>
  <escapedJava>false</escapedJava>
  <property name="failed.exception.stacktrace">org.codehaus.groovy.control.MultipleCompilationErrorsException: startup failed:
Script31864950565800.groovy: 1: Unexpected character: &apos;﻿&apos; @ line 1, column 1.
   ﻿import com.kms.katalon.core.webui.keyword.WebUiBuiltInKeywords as WebUI
   ^

1 error

	at org.apache.groovy.parser.antlr4.AstBuilder.collectSyntaxError(AstBuilder.java:4260)
	at org.apache.groovy.parser.antlr4.AstBuilder.createParsingFailedException(AstBuilder.java:4243)
	at org.apache.groovy.parser.antlr4.AstBuilder.convertException(AstBuilder.java:242)
	at org.apache.groovy.parser.antlr4.AstBuilder.buildCST(AstBuilder.java:216)
	at org.apache.groovy.parser.antlr4.AstBuilder.buildAST(AstBuilder.java:250)
	at org.apache.groovy.parser.antlr4.Antlr4ParserPlugin.buildAST(Antlr4ParserPlugin.java:58)
	at com.kms.katalon.core.main.TestCaseMethodNodeCollector.&lt;init&gt;(TestCaseMethodNodeCollector.java:43)
	at com.kms.katalon.core.main.TestCaseExecutor.processScriptPreparationPhase(TestCaseExecutor.java:225)
	at com.kms.katalon.core.main.TestCaseExecutor.execute(TestCaseExecutor.java:306)
	at com.kms.katalon.core.common.CommonExecutor.accessTestCaseMainPhase(CommonExecutor.java:71)
	at com.kms.katalon.core.main.TestSuiteExecutor.accessTestSuiteMainPhase(TestSuiteExecutor.java:163)
	at com.kms.katalon.core.main.TestSuiteExecutor.execute(TestSuiteExecutor.java:120)
	at com.kms.katalon.core.main.TestCaseMain.startTestSuite(TestCaseMain.java:205)
	at S0.run(S0.groovy:40)
	at java.base/jdk.internal.reflect.DirectMethodHandleAccessor.invoke(DirectMethodHandleAccessor.java:103)
</property>
  <property name="failed.exception.class">org.codehaus.groovy.control.MultipleCompilationErrorsException</property>
  <property name="failed.exception.message">startup failed:
Script31864950565800.groovy: 1: Unexpected character: &apos;﻿&apos; @ line 1, column 1.
   ﻿import com.kms.katalon.core.webui.keyword.WebUiBuiltInKeywords as WebUI
   ^

1 error
</property>
</record>
<record>
  <date>2026-04-25T16:41:56.857352400Z</date>
  <millis>1777135316857</millis>
  <nanos>352400</nanos>
  <sequence>86</sequence>
  <level>END</level>
  <class>com.kms.katalon.core.logging.XmlKeywordLogger</class>
  <method>endTest</method>
  <thread>1</thread>
  <message>End Test Case : Test Cases/StaffTables/TC-020-Invoice-patient-search</message>
  <nestedLevel>0</nestedLevel>
  <escapedJava>false</escapedJava>
  <property name="executionBindingVariables">[]</property>
  <property name="applitools">false</property>
  <property name="executedKeywords">{}</property>
  <property name="keywordsUsage">{
  &quot;web_ui&quot;: false,
  &quot;web_service&quot;: false,
  &quot;cucumber&quot;: false,
  &quot;builtin&quot;: false,
  &quot;mobile&quot;: false,
  &quot;windows&quot;: false,
  &quot;testng&quot;: false
}</property>
</record>
<record>
  <date>2026-04-25T16:41:56.906569900Z</date>
  <millis>1777135316906</millis>
  <nanos>569900</nanos>
  <sequence>87</sequence>
  <level>END</level>
  <class>com.kms.katalon.core.logging.XmlKeywordLogger</class>
  <method>endSuite</method>
  <thread>1</thread>
  <message>End Test Suite : Test Suites/Baseline</message>
  <nestedLevel>0</nestedLevel>
  <escapedJava>false</escapedJava>
</record>
</log>
