<?xml version="1.0" encoding="UTF-8" standalone="no"?>
<!DOCTYPE log SYSTEM "logger.dtd">
<log>
<record>
  <date>2026-04-25T16:50:11.370354200Z</date>
  <millis>1777135811370</millis>
  <nanos>354200</nanos>
  <sequence>0</sequence>
  <level>START</level>
  <class>com.kms.katalon.core.logging.XmlKeywordLogger</class>
  <method>startSuite</method>
  <thread>1</thread>
  <message>Start Test Suite : Test Suites/Baseline</message>
  <nestedLevel>0</nestedLevel>
  <escapedJava>false</escapedJava>
  <property name="rerunTestFailImmediately">false</property>
  <property name="retryCount">0</property>
  <property name="name">Baseline</property>
  <property name="description">Baseline suite for Pulse Clinic web. Expected result before fault injection: 100% PASS.</property>
  <property name="id">Test Suites/Baseline</property>
</record>
<record>
  <date>2026-04-25T16:50:11.399720700Z</date>
  <millis>1777135811399</millis>
  <nanos>720700</nanos>
  <sequence>1</sequence>
  <level>RUN_DATA</level>
  <class>com.kms.katalon.core.logging.XmlKeywordLogger</class>
  <method>logMessage</method>
  <thread>1</thread>
  <message>userFullName = Anh Quốc Huỳnh</message>
  <nestedLevel>0</nestedLevel>
  <escapedJava>false</escapedJava>
  <property name="userFullName">Anh Quốc Huỳnh</property>
</record>
<record>
  <date>2026-04-25T16:50:11.401722500Z</date>
  <millis>1777135811401</millis>
  <nanos>722500</nanos>
  <sequence>2</sequence>
  <level>RUN_DATA</level>
  <class>com.kms.katalon.core.logging.XmlKeywordLogger</class>
  <method>logMessage</method>
  <thread>1</thread>
  <message>projectName = PulseClinicKatalon</message>
  <nestedLevel>0</nestedLevel>
  <escapedJava>false</escapedJava>
  <property name="projectName">PulseClinicKatalon</property>
</record>
<record>
  <date>2026-04-25T16:50:11.401722500Z</date>
  <millis>1777135811401</millis>
  <nanos>722500</nanos>
  <sequence>3</sequence>
  <level>RUN_DATA</level>
  <class>com.kms.katalon.core.logging.XmlKeywordLogger</class>
  <method>logMessage</method>
  <thread>1</thread>
  <message>hostName = ACER - Aspire-A715</message>
  <nestedLevel>0</nestedLevel>
  <escapedJava>false</escapedJava>
  <property name="hostName">ACER - Aspire-A715</property>
</record>
<record>
  <date>2026-04-25T16:50:11.402721500Z</date>
  <millis>1777135811402</millis>
  <nanos>721500</nanos>
  <sequence>4</sequence>
  <level>RUN_DATA</level>
  <class>com.kms.katalon.core.logging.XmlKeywordLogger</class>
  <method>logMessage</method>
  <thread>1</thread>
  <message>os = Windows 11 64bit</message>
  <nestedLevel>0</nestedLevel>
  <escapedJava>false</escapedJava>
  <property name="os">Windows 11 64bit</property>
</record>
<record>
  <date>2026-04-25T16:50:11.404721Z</date>
  <millis>1777135811404</millis>
  <nanos>721000</nanos>
  <sequence>5</sequence>
  <level>RUN_DATA</level>
  <class>com.kms.katalon.core.logging.XmlKeywordLogger</class>
  <method>logMessage</method>
  <thread>1</thread>
  <message>hostAddress = 192.168.1.9</message>
  <nestedLevel>0</nestedLevel>
  <escapedJava>false</escapedJava>
  <property name="hostAddress">192.168.1.9</property>
</record>
<record>
  <date>2026-04-25T16:50:11.405722400Z</date>
  <millis>1777135811405</millis>
  <nanos>722400</nanos>
  <sequence>6</sequence>
  <level>RUN_DATA</level>
  <class>com.kms.katalon.core.logging.XmlKeywordLogger</class>
  <method>logMessage</method>
  <thread>1</thread>
  <message>katalonVersion = 11.0.1.0</message>
  <nestedLevel>0</nestedLevel>
  <escapedJava>false</escapedJava>
  <property name="katalonVersion">11.0.1.0</property>
</record>
<record>
  <date>2026-04-25T16:50:11.514844600Z</date>
  <millis>1777135811514</millis>
  <nanos>844600</nanos>
  <sequence>7</sequence>
  <level>START</level>
  <class>com.kms.katalon.core.logging.XmlKeywordLogger</class>
  <method>startTest</method>
  <thread>1</thread>
  <message>Start Test Case : Test Cases/Authentication/TC-001-Open-HMS-role-selection</message>
  <nestedLevel>1</nestedLevel>
  <escapedJava>false</escapedJava>
  <property name="origin"></property>
  <property name="name">Test Cases/Authentication/TC-001-Open-HMS-role-selection</property>
  <property name="description">Open HMS role selection page.</property>
  <property name="iteration"></property>
  <property name="id">Test Cases/Authentication/TC-001-Open-HMS-role-selection</property>
  <property name="source">D:\UNI_DOCS\HK6\KCPM\QuanLyBenhVien_KiemThu\pulse-katalon\Test Cases\Authentication\TC-001-Open-HMS-role-selection.tc</property>
  <property name="tag">baseline</property>
  <property name="isOptional">false</property>
  <property name="uuid">f96bd1ad-60cb-4720-93c1-133513123f43</property>
</record>
<record>
  <date>2026-04-25T16:50:11.535862700Z</date>
  <millis>1777135811535</millis>
  <nanos>862700</nanos>
  <sequence>9</sequence>
  <level>ERROR</level>
  <class>com.kms.katalon.core.logging.XmlKeywordLogger</class>
  <method>logMessage</method>
  <thread>1</thread>
  <message>Test Cases/Authentication/TC-001-Open-HMS-role-selection has ERROR(s).
Reason:
org.codehaus.groovy.control.MultipleCompilationErrorsException: startup failed:
Script32359615735100.groovy: 1: Unexpected character: &amp;apos;﻿&amp;apos; @ line 1, column 1.
   ﻿import com.kms.katalon.core.webui.keyword.WebUiBuiltInKeywords as WebUI
   ^

1 error
</message>
  <nestedLevel>1</nestedLevel>
  <escapedJava>false</escapedJava>
  <property name="failed.exception.stacktrace">org.codehaus.groovy.control.MultipleCompilationErrorsException: startup failed:
Script32359615735100.groovy: 1: Unexpected character: &apos;﻿&apos; @ line 1, column 1.
   ﻿import com.kms.katalon.core.webui.keyword.WebUiBuiltInKeywords as WebUI
   ^

1 error

	at org.apache.groovy.parser.antlr4.AstBuilder.collectSyntaxError(AstBuilder.java:4260)
	at org.apache.groovy.parser.antlr4.AstBuilder.createParsingFailedException(AstBuilder.java:4243)
	at org.apache.groovy.parser.antlr4.AstBuilder.convertException(AstBuilder.java:242)
	at org.apache.groovy.parser.antlr4.AstBuilder.buildCST(AstBuilder.java:216)
	at org.apache.groovy.parser.antlr4.AstBuilder.buildAST(AstBuilder.java:250)
	at org.apache.groovy.parser.antlr4.Antlr4ParserPlugin.buildAST(Antlr4ParserPlugin.java:58)
	at com.kms.katalon.core.main.TestCaseMethodNodeCollector.&lt;init&gt;(TestCaseMethodNodeCollector.java:43)
	at com.kms.katalon.core.main.TestCaseExecutor.processScriptPreparationPhase(TestCaseExecutor.java:225)
	at com.kms.katalon.core.main.TestCaseExecutor.execute(TestCaseExecutor.java:306)
	at com.kms.katalon.core.common.CommonExecutor.accessTestCaseMainPhase(CommonExecutor.java:71)
	at com.kms.katalon.core.main.TestSuiteExecutor.accessTestSuiteMainPhase(TestSuiteExecutor.java:163)
	at com.kms.katalon.core.main.TestSuiteExecutor.execute(TestSuiteExecutor.java:120)
	at com.kms.katalon.core.main.TestCaseMain.startTestSuite(TestCaseMain.java:205)
	at S0.run(S0.groovy:40)
	at java.base/jdk.internal.reflect.DirectMethodHandleAccessor.invoke(DirectMethodHandleAccessor.java:103)
</property>
  <property name="failed.exception.class">org.codehaus.groovy.control.MultipleCompilationErrorsException</property>
  <property name="failed.exception.message">startup failed:
Script32359615735100.groovy: 1: Unexpected character: &apos;﻿&apos; @ line 1, column 1.
   ﻿import com.kms.katalon.core.webui.keyword.WebUiBuiltInKeywords as WebUI
   ^

1 error
</property>
</record>
<record>
  <date>2026-04-25T16:50:11.538564700Z</date>
  <millis>1777135811538</millis>
  <nanos>564700</nanos>
  <sequence>10</sequence>
  <level>END</level>
  <class>com.kms.katalon.core.logging.XmlKeywordLogger</class>
  <method>endTest</method>
  <thread>1</thread>
  <message>End Test Case : Test Cases/Authentication/TC-001-Open-HMS-role-selection</message>
  <nestedLevel>0</nestedLevel>
  <escapedJava>false</escapedJava>
  <property name="executionBindingVariables">[]</property>
  <property name="applitools">false</property>
  <property name="executedKeywords">{}</property>
  <property name="keywordsUsage">{
  &quot;web_ui&quot;: false,
  &quot;web_service&quot;: false,
  &quot;cucumber&quot;: false,
  &quot;builtin&quot;: false,
  &quot;mobile&quot;: false,
  &quot;windows&quot;: false,
  &quot;testng&quot;: false
}</property>
</record>
<record>
  <date>2026-04-25T16:50:11.543565900Z</date>
  <millis>1777135811543</millis>
  <nanos>565900</nanos>
  <sequence>11</sequence>
  <level>START</level>
  <class>com.kms.katalon.core.logging.XmlKeywordLogger</class>
  <method>startTest</method>
  <thread>1</thread>
  <message>Start Test Case : Test Cases/Authentication/TC-002-Open-staff-login</message>
  <nestedLevel>1</nestedLevel>
  <escapedJava>false</escapedJava>
  <property name="origin"></property>
  <property name="name">Test Cases/Authentication/TC-002-Open-staff-login</property>
  <property name="description">Open staff login from HMS role selection.</property>
  <property name="iteration"></property>
  <property name="id">Test Cases/Authentication/TC-002-Open-staff-login</property>
  <property name="source">D:\UNI_DOCS\HK6\KCPM\QuanLyBenhVien_KiemThu\pulse-katalon\Test Cases\Authentication\TC-002-Open-staff-login.tc</property>
  <property name="tag">baseline</property>
  <property name="isOptional">false</property>
  <property name="uuid">794e5496-3354-45b8-b68c-8132078c9d1f</property>
</record>
<record>
  <date>2026-04-25T16:50:11.547561200Z</date>
  <millis>1777135811547</millis>
  <nanos>561200</nanos>
  <sequence>13</sequence>
  <level>ERROR</level>
  <class>com.kms.katalon.core.logging.XmlKeywordLogger</class>
  <method>logMessage</method>
  <thread>1</thread>
  <message>Test Cases/Authentication/TC-002-Open-staff-login has ERROR(s).
Reason:
org.codehaus.groovy.control.MultipleCompilationErrorsException: startup failed:
Script32359643308000.groovy: 1: Unexpected character: &amp;apos;﻿&amp;apos; @ line 1, column 1.
   ﻿import com.kms.katalon.core.webui.keyword.WebUiBuiltInKeywords as WebUI
   ^

1 error
</message>
  <nestedLevel>1</nestedLevel>
  <escapedJava>false</escapedJava>
  <property name="failed.exception.stacktrace">org.codehaus.groovy.control.MultipleCompilationErrorsException: startup failed:
Script32359643308000.groovy: 1: Unexpected character: &apos;﻿&apos; @ line 1, column 1.
   ﻿import com.kms.katalon.core.webui.keyword.WebUiBuiltInKeywords as WebUI
   ^

1 error

	at org.apache.groovy.parser.antlr4.AstBuilder.collectSyntaxError(AstBuilder.java:4260)
	at org.apache.groovy.parser.antlr4.AstBuilder.createParsingFailedException(AstBuilder.java:4243)
	at org.apache.groovy.parser.antlr4.AstBuilder.convertException(AstBuilder.java:242)
	at org.apache.groovy.parser.antlr4.AstBuilder.buildCST(AstBuilder.java:216)
	at org.apache.groovy.parser.antlr4.AstBuilder.buildAST(AstBuilder.java:250)
	at org.apache.groovy.parser.antlr4.Antlr4ParserPlugin.buildAST(Antlr4ParserPlugin.java:58)
	at com.kms.katalon.core.main.TestCaseMethodNodeCollector.&lt;init&gt;(TestCaseMethodNodeCollector.java:43)
	at com.kms.katalon.core.main.TestCaseExecutor.processScriptPreparationPhase(TestCaseExecutor.java:225)
	at com.kms.katalon.core.main.TestCaseExecutor.execute(TestCaseExecutor.java:306)
	at com.kms.katalon.core.common.CommonExecutor.accessTestCaseMainPhase(CommonExecutor.java:71)
	at com.kms.katalon.core.main.TestSuiteExecutor.accessTestSuiteMainPhase(TestSuiteExecutor.java:163)
	at com.kms.katalon.core.main.TestSuiteExecutor.execute(TestSuiteExecutor.java:120)
	at com.kms.katalon.core.main.TestCaseMain.startTestSuite(TestCaseMain.java:205)
	at S0.run(S0.groovy:40)
	at java.base/jdk.internal.reflect.DirectMethodHandleAccessor.invoke(DirectMethodHandleAccessor.java:103)
</property>
  <property name="failed.exception.class">org.codehaus.groovy.control.MultipleCompilationErrorsException</property>
  <property name="failed.exception.message">startup failed:
Script32359643308000.groovy: 1: Unexpected character: &apos;﻿&apos; @ line 1, column 1.
   ﻿import com.kms.katalon.core.webui.keyword.WebUiBuiltInKeywords as WebUI
   ^

1 error
</property>
</record>
<record>
  <date>2026-04-25T16:50:11.549565900Z</date>
  <millis>1777135811549</millis>
  <nanos>565900</nanos>
  <sequence>14</sequence>
  <level>END</level>
  <class>com.kms.katalon.core.logging.XmlKeywordLogger</class>
  <method>endTest</method>
  <thread>1</thread>
  <message>End Test Case : Test Cases/Authentication/TC-002-Open-staff-login</message>
  <nestedLevel>0</nestedLevel>
  <escapedJava>false</escapedJava>
  <property name="executionBindingVariables">[]</property>
  <property name="applitools">false</property>
  <property name="executedKeywords">{}</property>
  <property name="keywordsUsage">{
  &quot;web_ui&quot;: false,
  &quot;web_service&quot;: false,
  &quot;cucumber&quot;: false,
  &quot;builtin&quot;: false,
  &quot;mobile&quot;: false,
  &quot;windows&quot;: false,
  &quot;testng&quot;: false
}</property>
</record>
<record>
  <date>2026-04-25T16:50:11.552563100Z</date>
  <millis>1777135811552</millis>
  <nanos>563100</nanos>
  <sequence>15</sequence>
  <level>START</level>
  <class>com.kms.katalon.core.logging.XmlKeywordLogger</class>
  <method>startTest</method>
  <thread>1</thread>
  <message>Start Test Case : Test Cases/Authentication/TC-003-Staff-login-required-fields</message>
  <nestedLevel>1</nestedLevel>
  <escapedJava>false</escapedJava>
  <property name="origin"></property>
  <property name="name">Test Cases/Authentication/TC-003-Staff-login-required-fields</property>
  <property name="description">Verify staff login required field controls.</property>
  <property name="iteration"></property>
  <property name="id">Test Cases/Authentication/TC-003-Staff-login-required-fields</property>
  <property name="source">D:\UNI_DOCS\HK6\KCPM\QuanLyBenhVien_KiemThu\pulse-katalon\Test Cases\Authentication\TC-003-Staff-login-required-fields.tc</property>
  <property name="tag">baseline</property>
  <property name="isOptional">false</property>
  <property name="uuid">a0212fc6-e92d-449d-acd5-0fd55a4306ce</property>
</record>
<record>
  <date>2026-04-25T16:50:11.557563200Z</date>
  <millis>1777135811557</millis>
  <nanos>563200</nanos>
  <sequence>17</sequence>
  <level>ERROR</level>
  <class>com.kms.katalon.core.logging.XmlKeywordLogger</class>
  <method>logMessage</method>
  <thread>1</thread>
  <message>Test Cases/Authentication/TC-003-Staff-login-required-fields has ERROR(s).
Reason:
org.codehaus.groovy.control.MultipleCompilationErrorsException: startup failed:
Script32359652532500.groovy: 1: Unexpected character: &amp;apos;﻿&amp;apos; @ line 1, column 1.
   ﻿import com.kms.katalon.core.webui.keyword.WebUiBuiltInKeywords as WebUI
   ^

1 error
</message>
  <nestedLevel>1</nestedLevel>
  <escapedJava>false</escapedJava>
  <property name="failed.exception.stacktrace">org.codehaus.groovy.control.MultipleCompilationErrorsException: startup failed:
Script32359652532500.groovy: 1: Unexpected character: &apos;﻿&apos; @ line 1, column 1.
   ﻿import com.kms.katalon.core.webui.keyword.WebUiBuiltInKeywords as WebUI
   ^

1 error

	at org.apache.groovy.parser.antlr4.AstBuilder.collectSyntaxError(AstBuilder.java:4260)
	at org.apache.groovy.parser.antlr4.AstBuilder.createParsingFailedException(AstBuilder.java:4243)
	at org.apache.groovy.parser.antlr4.AstBuilder.convertException(AstBuilder.java:242)
	at org.apache.groovy.parser.antlr4.AstBuilder.buildCST(AstBuilder.java:216)
	at org.apache.groovy.parser.antlr4.AstBuilder.buildAST(AstBuilder.java:250)
	at org.apache.groovy.parser.antlr4.Antlr4ParserPlugin.buildAST(Antlr4ParserPlugin.java:58)
	at com.kms.katalon.core.main.TestCaseMethodNodeCollector.&lt;init&gt;(TestCaseMethodNodeCollector.java:43)
	at com.kms.katalon.core.main.TestCaseExecutor.processScriptPreparationPhase(TestCaseExecutor.java:225)
	at com.kms.katalon.core.main.TestCaseExecutor.execute(TestCaseExecutor.java:306)
	at com.kms.katalon.core.common.CommonExecutor.accessTestCaseMainPhase(CommonExecutor.java:71)
	at com.kms.katalon.core.main.TestSuiteExecutor.accessTestSuiteMainPhase(TestSuiteExecutor.java:163)
	at com.kms.katalon.core.main.TestSuiteExecutor.execute(TestSuiteExecutor.java:120)
	at com.kms.katalon.core.main.TestCaseMain.startTestSuite(TestCaseMain.java:205)
	at S0.run(S0.groovy:40)
	at java.base/jdk.internal.reflect.DirectMethodHandleAccessor.invoke(DirectMethodHandleAccessor.java:103)
</property>
  <property name="failed.exception.class">org.codehaus.groovy.control.MultipleCompilationErrorsException</property>
  <property name="failed.exception.message">startup failed:
Script32359652532500.groovy: 1: Unexpected character: &apos;﻿&apos; @ line 1, column 1.
   ﻿import com.kms.katalon.core.webui.keyword.WebUiBuiltInKeywords as WebUI
   ^

1 error
</property>
</record>
<record>
  <date>2026-04-25T16:50:11.558565500Z</date>
  <millis>1777135811558</millis>
  <nanos>565500</nanos>
  <sequence>18</sequence>
  <level>END</level>
  <class>com.kms.katalon.core.logging.XmlKeywordLogger</class>
  <method>endTest</method>
  <thread>1</thread>
  <message>End Test Case : Test Cases/Authentication/TC-003-Staff-login-required-fields</message>
  <nestedLevel>0</nestedLevel>
  <escapedJava>false</escapedJava>
  <property name="executionBindingVariables">[]</property>
  <property name="applitools">false</property>
  <property name="executedKeywords">{}</property>
  <property name="keywordsUsage">{
  &quot;web_ui&quot;: false,
  &quot;web_service&quot;: false,
  &quot;cucumber&quot;: false,
  &quot;builtin&quot;: false,
  &quot;mobile&quot;: false,
  &quot;windows&quot;: false,
  &quot;testng&quot;: false
}</property>
</record>
<record>
  <date>2026-04-25T16:50:11.561563800Z</date>
  <millis>1777135811561</millis>
  <nanos>563800</nanos>
  <sequence>19</sequence>
  <level>START</level>
  <class>com.kms.katalon.core.logging.XmlKeywordLogger</class>
  <method>startTest</method>
  <thread>1</thread>
  <message>Start Test Case : Test Cases/Authentication/TC-004-Staff-login-invalid-credentials</message>
  <nestedLevel>1</nestedLevel>
  <escapedJava>false</escapedJava>
  <property name="origin"></property>
  <property name="name">Test Cases/Authentication/TC-004-Staff-login-invalid-credentials</property>
  <property name="description">Verify invalid staff login shows an error.</property>
  <property name="iteration"></property>
  <property name="id">Test Cases/Authentication/TC-004-Staff-login-invalid-credentials</property>
  <property name="source">D:\UNI_DOCS\HK6\KCPM\QuanLyBenhVien_KiemThu\pulse-katalon\Test Cases\Authentication\TC-004-Staff-login-invalid-credentials.tc</property>
  <property name="tag">baseline</property>
  <property name="isOptional">false</property>
  <property name="uuid">4264fb40-88fe-42f8-9f23-7ea582ae2d25</property>
</record>
<record>
  <date>2026-04-25T16:50:11.566562100Z</date>
  <millis>1777135811566</millis>
  <nanos>562100</nanos>
  <sequence>21</sequence>
  <level>ERROR</level>
  <class>com.kms.katalon.core.logging.XmlKeywordLogger</class>
  <method>logMessage</method>
  <thread>1</thread>
  <message>Test Cases/Authentication/TC-004-Staff-login-invalid-credentials has ERROR(s).
Reason:
org.codehaus.groovy.control.MultipleCompilationErrorsException: startup failed:
Script32359662242800.groovy: 1: Unexpected character: &amp;apos;﻿&amp;apos; @ line 1, column 1.
   ﻿import com.kms.katalon.core.webui.keyword.WebUiBuiltInKeywords as WebUI
   ^

1 error
</message>
  <nestedLevel>1</nestedLevel>
  <escapedJava>false</escapedJava>
  <property name="failed.exception.stacktrace">org.codehaus.groovy.control.MultipleCompilationErrorsException: startup failed:
Script32359662242800.groovy: 1: Unexpected character: &apos;﻿&apos; @ line 1, column 1.
   ﻿import com.kms.katalon.core.webui.keyword.WebUiBuiltInKeywords as WebUI
   ^

1 error

	at org.apache.groovy.parser.antlr4.AstBuilder.collectSyntaxError(AstBuilder.java:4260)
	at org.apache.groovy.parser.antlr4.AstBuilder.createParsingFailedException(AstBuilder.java:4243)
	at org.apache.groovy.parser.antlr4.AstBuilder.convertException(AstBuilder.java:242)
	at org.apache.groovy.parser.antlr4.AstBuilder.buildCST(AstBuilder.java:216)
	at org.apache.groovy.parser.antlr4.AstBuilder.buildAST(AstBuilder.java:250)
	at org.apache.groovy.parser.antlr4.Antlr4ParserPlugin.buildAST(Antlr4ParserPlugin.java:58)
	at com.kms.katalon.core.main.TestCaseMethodNodeCollector.&lt;init&gt;(TestCaseMethodNodeCollector.java:43)
	at com.kms.katalon.core.main.TestCaseExecutor.processScriptPreparationPhase(TestCaseExecutor.java:225)
	at com.kms.katalon.core.main.TestCaseExecutor.execute(TestCaseExecutor.java:306)
	at com.kms.katalon.core.common.CommonExecutor.accessTestCaseMainPhase(CommonExecutor.java:71)
	at com.kms.katalon.core.main.TestSuiteExecutor.accessTestSuiteMainPhase(TestSuiteExecutor.java:163)
	at com.kms.katalon.core.main.TestSuiteExecutor.execute(TestSuiteExecutor.java:120)
	at com.kms.katalon.core.main.TestCaseMain.startTestSuite(TestCaseMain.java:205)
	at S0.run(S0.groovy:40)
	at java.base/jdk.internal.reflect.DirectMethodHandleAccessor.invoke(DirectMethodHandleAccessor.java:103)
</property>
  <property name="failed.exception.class">org.codehaus.groovy.control.MultipleCompilationErrorsException</property>
  <property name="failed.exception.message">startup failed:
Script32359662242800.groovy: 1: Unexpected character: &apos;﻿&apos; @ line 1, column 1.
   ﻿import com.kms.katalon.core.webui.keyword.WebUiBuiltInKeywords as WebUI
   ^

1 error
</property>
</record>
<record>
  <date>2026-04-25T16:50:11.568565800Z</date>
  <millis>1777135811568</millis>
  <nanos>565800</nanos>
  <sequence>22</sequence>
  <level>END</level>
  <class>com.kms.katalon.core.logging.XmlKeywordLogger</class>
  <method>endTest</method>
  <thread>1</thread>
  <message>End Test Case : Test Cases/Authentication/TC-004-Staff-login-invalid-credentials</message>
  <nestedLevel>0</nestedLevel>
  <escapedJava>false</escapedJava>
  <property name="executionBindingVariables">[]</property>
  <property name="applitools">false</property>
  <property name="executedKeywords">{}</property>
  <property name="keywordsUsage">{
  &quot;web_ui&quot;: false,
  &quot;web_service&quot;: false,
  &quot;cucumber&quot;: false,
  &quot;builtin&quot;: false,
  &quot;mobile&quot;: false,
  &quot;windows&quot;: false,
  &quot;testng&quot;: false
}</property>
</record>
<record>
  <date>2026-04-25T16:50:11.572564Z</date>
  <millis>1777135811572</millis>
  <nanos>564000</nanos>
  <sequence>23</sequence>
  <level>START</level>
  <class>com.kms.katalon.core.logging.XmlKeywordLogger</class>
  <method>startTest</method>
  <thread>1</thread>
  <message>Start Test Case : Test Cases/Authentication/TC-005-Staff-login-success-dashboard</message>
  <nestedLevel>1</nestedLevel>
  <escapedJava>false</escapedJava>
  <property name="origin"></property>
  <property name="name">Test Cases/Authentication/TC-005-Staff-login-success-dashboard</property>
  <property name="description">Verify staff can log in and reach dashboard.</property>
  <property name="iteration"></property>
  <property name="id">Test Cases/Authentication/TC-005-Staff-login-success-dashboard</property>
  <property name="source">D:\UNI_DOCS\HK6\KCPM\QuanLyBenhVien_KiemThu\pulse-katalon\Test Cases\Authentication\TC-005-Staff-login-success-dashboard.tc</property>
  <property name="tag">baseline</property>
  <property name="isOptional">false</property>
  <property name="uuid">ff7730ca-4eca-46e6-a737-7cc92c263002</property>
</record>
<record>
  <date>2026-04-25T16:50:11.576563Z</date>
  <millis>1777135811576</millis>
  <nanos>563000</nanos>
  <sequence>25</sequence>
  <level>ERROR</level>
  <class>com.kms.katalon.core.logging.XmlKeywordLogger</class>
  <method>logMessage</method>
  <thread>1</thread>
  <message>Test Cases/Authentication/TC-005-Staff-login-success-dashboard has ERROR(s).
Reason:
org.codehaus.groovy.control.MultipleCompilationErrorsException: startup failed:
Script32359672298200.groovy: 1: Unexpected character: &amp;apos;﻿&amp;apos; @ line 1, column 1.
   ﻿import com.kms.katalon.core.webui.keyword.WebUiBuiltInKeywords as WebUI
   ^

1 error
</message>
  <nestedLevel>1</nestedLevel>
  <escapedJava>false</escapedJava>
  <property name="failed.exception.stacktrace">org.codehaus.groovy.control.MultipleCompilationErrorsException: startup failed:
Script32359672298200.groovy: 1: Unexpected character: &apos;﻿&apos; @ line 1, column 1.
   ﻿import com.kms.katalon.core.webui.keyword.WebUiBuiltInKeywords as WebUI
   ^

1 error

	at org.apache.groovy.parser.antlr4.AstBuilder.collectSyntaxError(AstBuilder.java:4260)
	at org.apache.groovy.parser.antlr4.AstBuilder.createParsingFailedException(AstBuilder.java:4243)
	at org.apache.groovy.parser.antlr4.AstBuilder.convertException(AstBuilder.java:242)
	at org.apache.groovy.parser.antlr4.AstBuilder.buildCST(AstBuilder.java:216)
	at org.apache.groovy.parser.antlr4.AstBuilder.buildAST(AstBuilder.java:250)
	at org.apache.groovy.parser.antlr4.Antlr4ParserPlugin.buildAST(Antlr4ParserPlugin.java:58)
	at com.kms.katalon.core.main.TestCaseMethodNodeCollector.&lt;init&gt;(TestCaseMethodNodeCollector.java:43)
	at com.kms.katalon.core.main.TestCaseExecutor.processScriptPreparationPhase(TestCaseExecutor.java:225)
	at com.kms.katalon.core.main.TestCaseExecutor.execute(TestCaseExecutor.java:306)
	at com.kms.katalon.core.common.CommonExecutor.accessTestCaseMainPhase(CommonExecutor.java:71)
	at com.kms.katalon.core.main.TestSuiteExecutor.accessTestSuiteMainPhase(TestSuiteExecutor.java:163)
	at com.kms.katalon.core.main.TestSuiteExecutor.execute(TestSuiteExecutor.java:120)
	at com.kms.katalon.core.main.TestCaseMain.startTestSuite(TestCaseMain.java:205)
	at S0.run(S0.groovy:40)
	at java.base/jdk.internal.reflect.DirectMethodHandleAccessor.invoke(DirectMethodHandleAccessor.java:103)
</property>
  <property name="failed.exception.class">org.codehaus.groovy.control.MultipleCompilationErrorsException</property>
  <property name="failed.exception.message">startup failed:
Script32359672298200.groovy: 1: Unexpected character: &apos;﻿&apos; @ line 1, column 1.
   ﻿import com.kms.katalon.core.webui.keyword.WebUiBuiltInKeywords as WebUI
   ^

1 error
</property>
</record>
<record>
  <date>2026-04-25T16:50:11.578564200Z</date>
  <millis>1777135811578</millis>
  <nanos>564200</nanos>
  <sequence>26</sequence>
  <level>END</level>
  <class>com.kms.katalon.core.logging.XmlKeywordLogger</class>
  <method>endTest</method>
  <thread>1</thread>
  <message>End Test Case : Test Cases/Authentication/TC-005-Staff-login-success-dashboard</message>
  <nestedLevel>0</nestedLevel>
  <escapedJava>false</escapedJava>
  <property name="executionBindingVariables">[]</property>
  <property name="applitools">false</property>
  <property name="executedKeywords">{}</property>
  <property name="keywordsUsage">{
  &quot;web_ui&quot;: false,
  &quot;web_service&quot;: false,
  &quot;cucumber&quot;: false,
  &quot;builtin&quot;: false,
  &quot;mobile&quot;: false,
  &quot;windows&quot;: false,
  &quot;testng&quot;: false
}</property>
</record>
<record>
  <date>2026-04-25T16:50:11.581563700Z</date>
  <millis>1777135811581</millis>
  <nanos>563700</nanos>
  <sequence>27</sequence>
  <level>START</level>
  <class>com.kms.katalon.core.logging.XmlKeywordLogger</class>
  <method>startTest</method>
  <thread>1</thread>
  <message>Start Test Case : Test Cases/Authentication/TC-006-Doctor-login-success-schedule</message>
  <nestedLevel>1</nestedLevel>
  <escapedJava>false</escapedJava>
  <property name="origin"></property>
  <property name="name">Test Cases/Authentication/TC-006-Doctor-login-success-schedule</property>
  <property name="description">Verify doctor can log in and reach schedule.</property>
  <property name="iteration"></property>
  <property name="id">Test Cases/Authentication/TC-006-Doctor-login-success-schedule</property>
  <property name="source">D:\UNI_DOCS\HK6\KCPM\QuanLyBenhVien_KiemThu\pulse-katalon\Test Cases\Authentication\TC-006-Doctor-login-success-schedule.tc</property>
  <property name="tag">baseline</property>
  <property name="isOptional">false</property>
  <property name="uuid">1ed91451-ed4f-4b2c-8286-767db2d7aede</property>
</record>
<record>
  <date>2026-04-25T16:50:11.586568300Z</date>
  <millis>1777135811586</millis>
  <nanos>568300</nanos>
  <sequence>29</sequence>
  <level>ERROR</level>
  <class>com.kms.katalon.core.logging.XmlKeywordLogger</class>
  <method>logMessage</method>
  <thread>1</thread>
  <message>Test Cases/Authentication/TC-006-Doctor-login-success-schedule has ERROR(s).
Reason:
org.codehaus.groovy.control.MultipleCompilationErrorsException: startup failed:
Script32359681275100.groovy: 1: Unexpected character: &amp;apos;﻿&amp;apos; @ line 1, column 1.
   ﻿import com.kms.katalon.core.webui.keyword.WebUiBuiltInKeywords as WebUI
   ^

1 error
</message>
  <nestedLevel>1</nestedLevel>
  <escapedJava>false</escapedJava>
  <property name="failed.exception.stacktrace">org.codehaus.groovy.control.MultipleCompilationErrorsException: startup failed:
Script32359681275100.groovy: 1: Unexpected character: &apos;﻿&apos; @ line 1, column 1.
   ﻿import com.kms.katalon.core.webui.keyword.WebUiBuiltInKeywords as WebUI
   ^

1 error

	at org.apache.groovy.parser.antlr4.AstBuilder.collectSyntaxError(AstBuilder.java:4260)
	at org.apache.groovy.parser.antlr4.AstBuilder.createParsingFailedException(AstBuilder.java:4243)
	at org.apache.groovy.parser.antlr4.AstBuilder.convertException(AstBuilder.java:242)
	at org.apache.groovy.parser.antlr4.AstBuilder.buildCST(AstBuilder.java:216)
	at org.apache.groovy.parser.antlr4.AstBuilder.buildAST(AstBuilder.java:250)
	at org.apache.groovy.parser.antlr4.Antlr4ParserPlugin.buildAST(Antlr4ParserPlugin.java:58)
	at com.kms.katalon.core.main.TestCaseMethodNodeCollector.&lt;init&gt;(TestCaseMethodNodeCollector.java:43)
	at com.kms.katalon.core.main.TestCaseExecutor.processScriptPreparationPhase(TestCaseExecutor.java:225)
	at com.kms.katalon.core.main.TestCaseExecutor.execute(TestCaseExecutor.java:306)
	at com.kms.katalon.core.common.CommonExecutor.accessTestCaseMainPhase(CommonExecutor.java:71)
	at com.kms.katalon.core.main.TestSuiteExecutor.accessTestSuiteMainPhase(TestSuiteExecutor.java:163)
	at com.kms.katalon.core.main.TestSuiteExecutor.execute(TestSuiteExecutor.java:120)
	at com.kms.katalon.core.main.TestCaseMain.startTestSuite(TestCaseMain.java:205)
	at S0.run(S0.groovy:40)
	at java.base/jdk.internal.reflect.DirectMethodHandleAccessor.invoke(DirectMethodHandleAccessor.java:103)
</property>
  <property name="failed.exception.class">org.codehaus.groovy.control.MultipleCompilationErrorsException</property>
  <property name="failed.exception.message">startup failed:
Script32359681275100.groovy: 1: Unexpected character: &apos;﻿&apos; @ line 1, column 1.
   ﻿import com.kms.katalon.core.webui.keyword.WebUiBuiltInKeywords as WebUI
   ^

1 error
</property>
</record>
<record>
  <date>2026-04-25T16:50:11.587563300Z</date>
  <millis>1777135811587</millis>
  <nanos>563300</nanos>
  <sequence>30</sequence>
  <level>END</level>
  <class>com.kms.katalon.core.logging.XmlKeywordLogger</class>
  <method>endTest</method>
  <thread>1</thread>
  <message>End Test Case : Test Cases/Authentication/TC-006-Doctor-login-success-schedule</message>
  <nestedLevel>0</nestedLevel>
  <escapedJava>false</escapedJava>
  <property name="executionBindingVariables">[]</property>
  <property name="applitools">false</property>
  <property name="executedKeywords">{}</property>
  <property name="keywordsUsage">{
  &quot;web_ui&quot;: false,
  &quot;web_service&quot;: false,
  &quot;cucumber&quot;: false,
  &quot;builtin&quot;: false,
  &quot;mobile&quot;: false,
  &quot;windows&quot;: false,
  &quot;testng&quot;: false
}</property>
</record>
<record>
  <date>2026-04-25T16:50:11.591565200Z</date>
  <millis>1777135811591</millis>
  <nanos>565200</nanos>
  <sequence>31</sequence>
  <level>START</level>
  <class>com.kms.katalon.core.logging.XmlKeywordLogger</class>
  <method>startTest</method>
  <thread>1</thread>
  <message>Start Test Case : Test Cases/Authentication/TC-007-Patient-login-success-dashboard</message>
  <nestedLevel>1</nestedLevel>
  <escapedJava>false</escapedJava>
  <property name="origin"></property>
  <property name="name">Test Cases/Authentication/TC-007-Patient-login-success-dashboard</property>
  <property name="description">Verify patient can log in and reach dashboard.</property>
  <property name="iteration"></property>
  <property name="id">Test Cases/Authentication/TC-007-Patient-login-success-dashboard</property>
  <property name="source">D:\UNI_DOCS\HK6\KCPM\QuanLyBenhVien_KiemThu\pulse-katalon\Test Cases\Authentication\TC-007-Patient-login-success-dashboard.tc</property>
  <property name="tag">baseline</property>
  <property name="isOptional">false</property>
  <property name="uuid">ecd007fa-8a6e-4347-bd0e-717780e79dbb</property>
</record>
<record>
  <date>2026-04-25T16:50:11.595936800Z</date>
  <millis>1777135811595</millis>
  <nanos>936800</nanos>
  <sequence>33</sequence>
  <level>ERROR</level>
  <class>com.kms.katalon.core.logging.XmlKeywordLogger</class>
  <method>logMessage</method>
  <thread>1</thread>
  <message>Test Cases/Authentication/TC-007-Patient-login-success-dashboard has ERROR(s).
Reason:
org.codehaus.groovy.control.MultipleCompilationErrorsException: startup failed:
Script32359691539200.groovy: 1: Unexpected character: &amp;apos;﻿&amp;apos; @ line 1, column 1.
   ﻿import com.kms.katalon.core.webui.keyword.WebUiBuiltInKeywords as WebUI
   ^

1 error
</message>
  <nestedLevel>1</nestedLevel>
  <escapedJava>false</escapedJava>
  <property name="failed.exception.stacktrace">org.codehaus.groovy.control.MultipleCompilationErrorsException: startup failed:
Script32359691539200.groovy: 1: Unexpected character: &apos;﻿&apos; @ line 1, column 1.
   ﻿import com.kms.katalon.core.webui.keyword.WebUiBuiltInKeywords as WebUI
   ^

1 error

	at org.apache.groovy.parser.antlr4.AstBuilder.collectSyntaxError(AstBuilder.java:4260)
	at org.apache.groovy.parser.antlr4.AstBuilder.createParsingFailedException(AstBuilder.java:4243)
	at org.apache.groovy.parser.antlr4.AstBuilder.convertException(AstBuilder.java:242)
	at org.apache.groovy.parser.antlr4.AstBuilder.buildCST(AstBuilder.java:216)
	at org.apache.groovy.parser.antlr4.AstBuilder.buildAST(AstBuilder.java:250)
	at org.apache.groovy.parser.antlr4.Antlr4ParserPlugin.buildAST(Antlr4ParserPlugin.java:58)
	at com.kms.katalon.core.main.TestCaseMethodNodeCollector.&lt;init&gt;(TestCaseMethodNodeCollector.java:43)
	at com.kms.katalon.core.main.TestCaseExecutor.processScriptPreparationPhase(TestCaseExecutor.java:225)
	at com.kms.katalon.core.main.TestCaseExecutor.execute(TestCaseExecutor.java:306)
	at com.kms.katalon.core.common.CommonExecutor.accessTestCaseMainPhase(CommonExecutor.java:71)
	at com.kms.katalon.core.main.TestSuiteExecutor.accessTestSuiteMainPhase(TestSuiteExecutor.java:163)
	at com.kms.katalon.core.main.TestSuiteExecutor.execute(TestSuiteExecutor.java:120)
	at com.kms.katalon.core.main.TestCaseMain.startTestSuite(TestCaseMain.java:205)
	at S0.run(S0.groovy:40)
	at java.base/jdk.internal.reflect.DirectMethodHandleAccessor.invoke(DirectMethodHandleAccessor.java:103)
</property>
  <property name="failed.exception.class">org.codehaus.groovy.control.MultipleCompilationErrorsException</property>
  <property name="failed.exception.message">startup failed:
Script32359691539200.groovy: 1: Unexpected character: &apos;﻿&apos; @ line 1, column 1.
   ﻿import com.kms.katalon.core.webui.keyword.WebUiBuiltInKeywords as WebUI
   ^

1 error
</property>
</record>
<record>
  <date>2026-04-25T16:50:11.596939200Z</date>
  <millis>1777135811596</millis>
  <nanos>939200</nanos>
  <sequence>34</sequence>
  <level>END</level>
  <class>com.kms.katalon.core.logging.XmlKeywordLogger</class>
  <method>endTest</method>
  <thread>1</thread>
  <message>End Test Case : Test Cases/Authentication/TC-007-Patient-login-success-dashboard</message>
  <nestedLevel>0</nestedLevel>
  <escapedJava>false</escapedJava>
  <property name="executionBindingVariables">[]</property>
  <property name="applitools">false</property>
  <property name="executedKeywords">{}</property>
  <property name="keywordsUsage">{
  &quot;web_ui&quot;: false,
  &quot;web_service&quot;: false,
  &quot;cucumber&quot;: false,
  &quot;builtin&quot;: false,
  &quot;mobile&quot;: false,
  &quot;windows&quot;: false,
  &quot;testng&quot;: false
}</property>
</record>
<record>
  <date>2026-04-25T16:50:11.600425200Z</date>
  <millis>1777135811600</millis>
  <nanos>425200</nanos>
  <sequence>35</sequence>
  <level>START</level>
  <class>com.kms.katalon.core.logging.XmlKeywordLogger</class>
  <method>startTest</method>
  <thread>1</thread>
  <message>Start Test Case : Test Cases/StaffTables/TC-008-Patient-profile-table</message>
  <nestedLevel>1</nestedLevel>
  <escapedJava>false</escapedJava>
  <property name="origin"></property>
  <property name="name">Test Cases/StaffTables/TC-008-Patient-profile-table</property>
  <property name="description">Open patient profile table.</property>
  <property name="iteration"></property>
  <property name="id">Test Cases/StaffTables/TC-008-Patient-profile-table</property>
  <property name="source">D:\UNI_DOCS\HK6\KCPM\QuanLyBenhVien_KiemThu\pulse-katalon\Test Cases\StaffTables\TC-008-Patient-profile-table.tc</property>
  <property name="tag">baseline</property>
  <property name="isOptional">false</property>
  <property name="uuid">02190dc6-dc16-4aad-a273-158d4f2eea90</property>
</record>
<record>
  <date>2026-04-25T16:50:11.604422500Z</date>
  <millis>1777135811604</millis>
  <nanos>422500</nanos>
  <sequence>37</sequence>
  <level>ERROR</level>
  <class>com.kms.katalon.core.logging.XmlKeywordLogger</class>
  <method>logMessage</method>
  <thread>1</thread>
  <message>Test Cases/StaffTables/TC-008-Patient-profile-table has ERROR(s).
Reason:
org.codehaus.groovy.control.MultipleCompilationErrorsException: startup failed:
Script32359700136800.groovy: 1: Unexpected character: &amp;apos;﻿&amp;apos; @ line 1, column 1.
   ﻿import com.kms.katalon.core.webui.keyword.WebUiBuiltInKeywords as WebUI
   ^

1 error
</message>
  <nestedLevel>1</nestedLevel>
  <escapedJava>false</escapedJava>
  <property name="failed.exception.stacktrace">org.codehaus.groovy.control.MultipleCompilationErrorsException: startup failed:
Script32359700136800.groovy: 1: Unexpected character: &apos;﻿&apos; @ line 1, column 1.
   ﻿import com.kms.katalon.core.webui.keyword.WebUiBuiltInKeywords as WebUI
   ^

1 error

	at org.apache.groovy.parser.antlr4.AstBuilder.collectSyntaxError(AstBuilder.java:4260)
	at org.apache.groovy.parser.antlr4.AstBuilder.createParsingFailedException(AstBuilder.java:4243)
	at org.apache.groovy.parser.antlr4.AstBuilder.convertException(AstBuilder.java:242)
	at org.apache.groovy.parser.antlr4.AstBuilder.buildCST(AstBuilder.java:216)
	at org.apache.groovy.parser.antlr4.AstBuilder.buildAST(AstBuilder.java:250)
	at org.apache.groovy.parser.antlr4.Antlr4ParserPlugin.buildAST(Antlr4ParserPlugin.java:58)
	at com.kms.katalon.core.main.TestCaseMethodNodeCollector.&lt;init&gt;(TestCaseMethodNodeCollector.java:43)
	at com.kms.katalon.core.main.TestCaseExecutor.processScriptPreparationPhase(TestCaseExecutor.java:225)
	at com.kms.katalon.core.main.TestCaseExecutor.execute(TestCaseExecutor.java:306)
	at com.kms.katalon.core.common.CommonExecutor.accessTestCaseMainPhase(CommonExecutor.java:71)
	at com.kms.katalon.core.main.TestSuiteExecutor.accessTestSuiteMainPhase(TestSuiteExecutor.java:163)
	at com.kms.katalon.core.main.TestSuiteExecutor.execute(TestSuiteExecutor.java:120)
	at com.kms.katalon.core.main.TestCaseMain.startTestSuite(TestCaseMain.java:205)
	at S0.run(S0.groovy:40)
	at java.base/jdk.internal.reflect.DirectMethodHandleAccessor.invoke(DirectMethodHandleAccessor.java:103)
</property>
  <property name="failed.exception.class">org.codehaus.groovy.control.MultipleCompilationErrorsException</property>
  <property name="failed.exception.message">startup failed:
Script32359700136800.groovy: 1: Unexpected character: &apos;﻿&apos; @ line 1, column 1.
   ﻿import com.kms.katalon.core.webui.keyword.WebUiBuiltInKeywords as WebUI
   ^

1 error
</property>
</record>
<record>
  <date>2026-04-25T16:50:11.606425900Z</date>
  <millis>1777135811606</millis>
  <nanos>425900</nanos>
  <sequence>38</sequence>
  <level>END</level>
  <class>com.kms.katalon.core.logging.XmlKeywordLogger</class>
  <method>endTest</method>
  <thread>1</thread>
  <message>End Test Case : Test Cases/StaffTables/TC-008-Patient-profile-table</message>
  <nestedLevel>0</nestedLevel>
  <escapedJava>false</escapedJava>
  <property name="executionBindingVariables">[]</property>
  <property name="applitools">false</property>
  <property name="executedKeywords">{}</property>
  <property name="keywordsUsage">{
  &quot;web_ui&quot;: false,
  &quot;web_service&quot;: false,
  &quot;cucumber&quot;: false,
  &quot;builtin&quot;: false,
  &quot;mobile&quot;: false,
  &quot;windows&quot;: false,
  &quot;testng&quot;: false
}</property>
</record>
<record>
  <date>2026-04-25T16:50:11.608423800Z</date>
  <millis>1777135811608</millis>
  <nanos>423800</nanos>
  <sequence>39</sequence>
  <level>START</level>
  <class>com.kms.katalon.core.logging.XmlKeywordLogger</class>
  <method>startTest</method>
  <thread>1</thread>
  <message>Start Test Case : Test Cases/StaffTables/TC-009-Patient-search</message>
  <nestedLevel>1</nestedLevel>
  <escapedJava>false</escapedJava>
  <property name="origin"></property>
  <property name="name">Test Cases/StaffTables/TC-009-Patient-search</property>
  <property name="description">Search patient by seeded name.</property>
  <property name="iteration"></property>
  <property name="id">Test Cases/StaffTables/TC-009-Patient-search</property>
  <property name="source">D:\UNI_DOCS\HK6\KCPM\QuanLyBenhVien_KiemThu\pulse-katalon\Test Cases\StaffTables\TC-009-Patient-search.tc</property>
  <property name="tag">baseline</property>
  <property name="isOptional">false</property>
  <property name="uuid">fe86d73a-8fab-4341-b40d-1717ca0c8401</property>
</record>
<record>
  <date>2026-04-25T16:50:11.612435Z</date>
  <millis>1777135811612</millis>
  <nanos>435000</nanos>
  <sequence>41</sequence>
  <level>ERROR</level>
  <class>com.kms.katalon.core.logging.XmlKeywordLogger</class>
  <method>logMessage</method>
  <thread>1</thread>
  <message>Test Cases/StaffTables/TC-009-Patient-search has ERROR(s).
Reason:
org.codehaus.groovy.control.MultipleCompilationErrorsException: startup failed:
Script32359707870100.groovy: 1: Unexpected character: &amp;apos;﻿&amp;apos; @ line 1, column 1.
   ﻿import com.kms.katalon.core.webui.keyword.WebUiBuiltInKeywords as WebUI
   ^

1 error
</message>
  <nestedLevel>1</nestedLevel>
  <escapedJava>false</escapedJava>
  <property name="failed.exception.stacktrace">org.codehaus.groovy.control.MultipleCompilationErrorsException: startup failed:
Script32359707870100.groovy: 1: Unexpected character: &apos;﻿&apos; @ line 1, column 1.
   ﻿import com.kms.katalon.core.webui.keyword.WebUiBuiltInKeywords as WebUI
   ^

1 error

	at org.apache.groovy.parser.antlr4.AstBuilder.collectSyntaxError(AstBuilder.java:4260)
	at org.apache.groovy.parser.antlr4.AstBuilder.createParsingFailedException(AstBuilder.java:4243)
	at org.apache.groovy.parser.antlr4.AstBuilder.convertException(AstBuilder.java:242)
	at org.apache.groovy.parser.antlr4.AstBuilder.buildCST(AstBuilder.java:216)
	at org.apache.groovy.parser.antlr4.AstBuilder.buildAST(AstBuilder.java:250)
	at org.apache.groovy.parser.antlr4.Antlr4ParserPlugin.buildAST(Antlr4ParserPlugin.java:58)
	at com.kms.katalon.core.main.TestCaseMethodNodeCollector.&lt;init&gt;(TestCaseMethodNodeCollector.java:43)
	at com.kms.katalon.core.main.TestCaseExecutor.processScriptPreparationPhase(TestCaseExecutor.java:225)
	at com.kms.katalon.core.main.TestCaseExecutor.execute(TestCaseExecutor.java:306)
	at com.kms.katalon.core.common.CommonExecutor.accessTestCaseMainPhase(CommonExecutor.java:71)
	at com.kms.katalon.core.main.TestSuiteExecutor.accessTestSuiteMainPhase(TestSuiteExecutor.java:163)
	at com.kms.katalon.core.main.TestSuiteExecutor.execute(TestSuiteExecutor.java:120)
	at com.kms.katalon.core.main.TestCaseMain.startTestSuite(TestCaseMain.java:205)
	at S0.run(S0.groovy:40)
	at java.base/jdk.internal.reflect.DirectMethodHandleAccessor.invoke(DirectMethodHandleAccessor.java:103)
</property>
  <property name="failed.exception.class">org.codehaus.groovy.control.MultipleCompilationErrorsException</property>
  <property name="failed.exception.message">startup failed:
Script32359707870100.groovy: 1: Unexpected character: &apos;﻿&apos; @ line 1, column 1.
   ﻿import com.kms.katalon.core.webui.keyword.WebUiBuiltInKeywords as WebUI
   ^

1 error
</property>
</record>
<record>
  <date>2026-04-25T16:50:11.613423400Z</date>
  <millis>1777135811613</millis>
  <nanos>423400</nanos>
  <sequence>42</sequence>
  <level>END</level>
  <class>com.kms.katalon.core.logging.XmlKeywordLogger</class>
  <method>endTest</method>
  <thread>1</thread>
  <message>End Test Case : Test Cases/StaffTables/TC-009-Patient-search</message>
  <nestedLevel>0</nestedLevel>
  <escapedJava>false</escapedJava>
  <property name="executionBindingVariables">[]</property>
  <property name="applitools">false</property>
  <property name="executedKeywords">{}</property>
  <property name="keywordsUsage">{
  &quot;web_ui&quot;: false,
  &quot;web_service&quot;: false,
  &quot;cucumber&quot;: false,
  &quot;builtin&quot;: false,
  &quot;mobile&quot;: false,
  &quot;windows&quot;: false,
  &quot;testng&quot;: false
}</property>
</record>
<record>
  <date>2026-04-25T16:50:11.617420600Z</date>
  <millis>1777135811617</millis>
  <nanos>420600</nanos>
  <sequence>43</sequence>
  <level>START</level>
  <class>com.kms.katalon.core.logging.XmlKeywordLogger</class>
  <method>startTest</method>
  <thread>1</thread>
  <message>Start Test Case : Test Cases/StaffTables/TC-010-Patient-filter-gender</message>
  <nestedLevel>1</nestedLevel>
  <escapedJava>false</escapedJava>
  <property name="origin"></property>
  <property name="name">Test Cases/StaffTables/TC-010-Patient-filter-gender</property>
  <property name="description">Filter patients by gender.</property>
  <property name="iteration"></property>
  <property name="id">Test Cases/StaffTables/TC-010-Patient-filter-gender</property>
  <property name="source">D:\UNI_DOCS\HK6\KCPM\QuanLyBenhVien_KiemThu\pulse-katalon\Test Cases\StaffTables\TC-010-Patient-filter-gender.tc</property>
  <property name="tag">baseline</property>
  <property name="isOptional">false</property>
  <property name="uuid">76a9e906-9ec4-478d-9300-c089ea85ddcc</property>
</record>
<record>
  <date>2026-04-25T16:50:11.622428200Z</date>
  <millis>1777135811622</millis>
  <nanos>428200</nanos>
  <sequence>45</sequence>
  <level>ERROR</level>
  <class>com.kms.katalon.core.logging.XmlKeywordLogger</class>
  <method>logMessage</method>
  <thread>1</thread>
  <message>Test Cases/StaffTables/TC-010-Patient-filter-gender has ERROR(s).
Reason:
org.codehaus.groovy.control.MultipleCompilationErrorsException: startup failed:
Script32359717704800.groovy: 1: Unexpected character: &amp;apos;﻿&amp;apos; @ line 1, column 1.
   ﻿import com.kms.katalon.core.webui.keyword.WebUiBuiltInKeywords as WebUI
   ^

1 error
</message>
  <nestedLevel>1</nestedLevel>
  <escapedJava>false</escapedJava>
  <property name="failed.exception.stacktrace">org.codehaus.groovy.control.MultipleCompilationErrorsException: startup failed:
Script32359717704800.groovy: 1: Unexpected character: &apos;﻿&apos; @ line 1, column 1.
   ﻿import com.kms.katalon.core.webui.keyword.WebUiBuiltInKeywords as WebUI
   ^

1 error

	at org.apache.groovy.parser.antlr4.AstBuilder.collectSyntaxError(AstBuilder.java:4260)
	at org.apache.groovy.parser.antlr4.AstBuilder.createParsingFailedException(AstBuilder.java:4243)
	at org.apache.groovy.parser.antlr4.AstBuilder.convertException(AstBuilder.java:242)
	at org.apache.groovy.parser.antlr4.AstBuilder.buildCST(AstBuilder.java:216)
	at org.apache.groovy.parser.antlr4.AstBuilder.buildAST(AstBuilder.java:250)
	at org.apache.groovy.parser.antlr4.Antlr4ParserPlugin.buildAST(Antlr4ParserPlugin.java:58)
	at com.kms.katalon.core.main.TestCaseMethodNodeCollector.&lt;init&gt;(TestCaseMethodNodeCollector.java:43)
	at com.kms.katalon.core.main.TestCaseExecutor.processScriptPreparationPhase(TestCaseExecutor.java:225)
	at com.kms.katalon.core.main.TestCaseExecutor.execute(TestCaseExecutor.java:306)
	at com.kms.katalon.core.common.CommonExecutor.accessTestCaseMainPhase(CommonExecutor.java:71)
	at com.kms.katalon.core.main.TestSuiteExecutor.accessTestSuiteMainPhase(TestSuiteExecutor.java:163)
	at com.kms.katalon.core.main.TestSuiteExecutor.execute(TestSuiteExecutor.java:120)
	at com.kms.katalon.core.main.TestCaseMain.startTestSuite(TestCaseMain.java:205)
	at S0.run(S0.groovy:40)
	at java.base/jdk.internal.reflect.DirectMethodHandleAccessor.invoke(DirectMethodHandleAccessor.java:103)
</property>
  <property name="failed.exception.class">org.codehaus.groovy.control.MultipleCompilationErrorsException</property>
  <property name="failed.exception.message">startup failed:
Script32359717704800.groovy: 1: Unexpected character: &apos;﻿&apos; @ line 1, column 1.
   ﻿import com.kms.katalon.core.webui.keyword.WebUiBuiltInKeywords as WebUI
   ^

1 error
</property>
</record>
<record>
  <date>2026-04-25T16:50:11.623424200Z</date>
  <millis>1777135811623</millis>
  <nanos>424200</nanos>
  <sequence>46</sequence>
  <level>END</level>
  <class>com.kms.katalon.core.logging.XmlKeywordLogger</class>
  <method>endTest</method>
  <thread>1</thread>
  <message>End Test Case : Test Cases/StaffTables/TC-010-Patient-filter-gender</message>
  <nestedLevel>0</nestedLevel>
  <escapedJava>false</escapedJava>
  <property name="executionBindingVariables">[]</property>
  <property name="applitools">false</property>
  <property name="executedKeywords">{}</property>
  <property name="keywordsUsage">{
  &quot;web_ui&quot;: false,
  &quot;web_service&quot;: false,
  &quot;cucumber&quot;: false,
  &quot;builtin&quot;: false,
  &quot;mobile&quot;: false,
  &quot;windows&quot;: false,
  &quot;testng&quot;: false
}</property>
</record>
<record>
  <date>2026-04-25T16:50:11.626424400Z</date>
  <millis>1777135811626</millis>
  <nanos>424400</nanos>
  <sequence>47</sequence>
  <level>START</level>
  <class>com.kms.katalon.core.logging.XmlKeywordLogger</class>
  <method>startTest</method>
  <thread>1</thread>
  <message>Start Test Case : Test Cases/StaffTables/TC-011-Patient-filter-insurance</message>
  <nestedLevel>1</nestedLevel>
  <escapedJava>false</escapedJava>
  <property name="origin"></property>
  <property name="name">Test Cases/StaffTables/TC-011-Patient-filter-insurance</property>
  <property name="description">Filter patients by insurance.</property>
  <property name="iteration"></property>
  <property name="id">Test Cases/StaffTables/TC-011-Patient-filter-insurance</property>
  <property name="source">D:\UNI_DOCS\HK6\KCPM\QuanLyBenhVien_KiemThu\pulse-katalon\Test Cases\StaffTables\TC-011-Patient-filter-insurance.tc</property>
  <property name="tag">baseline</property>
  <property name="isOptional">false</property>
  <property name="uuid">0d5f2c1c-5410-4df6-b313-bf96bd14a1ef</property>
</record>
<record>
  <date>2026-04-25T16:50:11.630429Z</date>
  <millis>1777135811630</millis>
  <nanos>429000</nanos>
  <sequence>49</sequence>
  <level>ERROR</level>
  <class>com.kms.katalon.core.logging.XmlKeywordLogger</class>
  <method>logMessage</method>
  <thread>1</thread>
  <message>Test Cases/StaffTables/TC-011-Patient-filter-insurance has ERROR(s).
Reason:
org.codehaus.groovy.control.MultipleCompilationErrorsException: startup failed:
Script32359725874600.groovy: 1: Unexpected character: &amp;apos;﻿&amp;apos; @ line 1, column 1.
   ﻿import com.kms.katalon.core.webui.keyword.WebUiBuiltInKeywords as WebUI
   ^

1 error
</message>
  <nestedLevel>1</nestedLevel>
  <escapedJava>false</escapedJava>
  <property name="failed.exception.stacktrace">org.codehaus.groovy.control.MultipleCompilationErrorsException: startup failed:
Script32359725874600.groovy: 1: Unexpected character: &apos;﻿&apos; @ line 1, column 1.
   ﻿import com.kms.katalon.core.webui.keyword.WebUiBuiltInKeywords as WebUI
   ^

1 error

	at org.apache.groovy.parser.antlr4.AstBuilder.collectSyntaxError(AstBuilder.java:4260)
	at org.apache.groovy.parser.antlr4.AstBuilder.createParsingFailedException(AstBuilder.java:4243)
	at org.apache.groovy.parser.antlr4.AstBuilder.convertException(AstBuilder.java:242)
	at org.apache.groovy.parser.antlr4.AstBuilder.buildCST(AstBuilder.java:216)
	at org.apache.groovy.parser.antlr4.AstBuilder.buildAST(AstBuilder.java:250)
	at org.apache.groovy.parser.antlr4.Antlr4ParserPlugin.buildAST(Antlr4ParserPlugin.java:58)
	at com.kms.katalon.core.main.TestCaseMethodNodeCollector.&lt;init&gt;(TestCaseMethodNodeCollector.java:43)
	at com.kms.katalon.core.main.TestCaseExecutor.processScriptPreparationPhase(TestCaseExecutor.java:225)
	at com.kms.katalon.core.main.TestCaseExecutor.execute(TestCaseExecutor.java:306)
	at com.kms.katalon.core.common.CommonExecutor.accessTestCaseMainPhase(CommonExecutor.java:71)
	at com.kms.katalon.core.main.TestSuiteExecutor.accessTestSuiteMainPhase(TestSuiteExecutor.java:163)
	at com.kms.katalon.core.main.TestSuiteExecutor.execute(TestSuiteExecutor.java:120)
	at com.kms.katalon.core.main.TestCaseMain.startTestSuite(TestCaseMain.java:205)
	at S0.run(S0.groovy:40)
	at java.base/jdk.internal.reflect.DirectMethodHandleAccessor.invoke(DirectMethodHandleAccessor.java:103)
</property>
  <property name="failed.exception.class">org.codehaus.groovy.control.MultipleCompilationErrorsException</property>
  <property name="failed.exception.message">startup failed:
Script32359725874600.groovy: 1: Unexpected character: &apos;﻿&apos; @ line 1, column 1.
   ﻿import com.kms.katalon.core.webui.keyword.WebUiBuiltInKeywords as WebUI
   ^

1 error
</property>
</record>
<record>
  <date>2026-04-25T16:50:11.631430700Z</date>
  <millis>1777135811631</millis>
  <nanos>430700</nanos>
  <sequence>50</sequence>
  <level>END</level>
  <class>com.kms.katalon.core.logging.XmlKeywordLogger</class>
  <method>endTest</method>
  <thread>1</thread>
  <message>End Test Case : Test Cases/StaffTables/TC-011-Patient-filter-insurance</message>
  <nestedLevel>0</nestedLevel>
  <escapedJava>false</escapedJava>
  <property name="executionBindingVariables">[]</property>
  <property name="applitools">false</property>
  <property name="executedKeywords">{}</property>
  <property name="keywordsUsage">{
  &quot;web_ui&quot;: false,
  &quot;web_service&quot;: false,
  &quot;cucumber&quot;: false,
  &quot;builtin&quot;: false,
  &quot;mobile&quot;: false,
  &quot;windows&quot;: false,
  &quot;testng&quot;: false
}</property>
</record>
<record>
  <date>2026-04-25T16:50:11.634441100Z</date>
  <millis>1777135811634</millis>
  <nanos>441100</nanos>
  <sequence>51</sequence>
  <level>START</level>
  <class>com.kms.katalon.core.logging.XmlKeywordLogger</class>
  <method>startTest</method>
  <thread>1</thread>
  <message>Start Test Case : Test Cases/StaffTables/TC-012-Drug-catalog-table</message>
  <nestedLevel>1</nestedLevel>
  <escapedJava>false</escapedJava>
  <property name="origin"></property>
  <property name="name">Test Cases/StaffTables/TC-012-Drug-catalog-table</property>
  <property name="description">Open drug catalog table.</property>
  <property name="iteration"></property>
  <property name="id">Test Cases/StaffTables/TC-012-Drug-catalog-table</property>
  <property name="source">D:\UNI_DOCS\HK6\KCPM\QuanLyBenhVien_KiemThu\pulse-katalon\Test Cases\StaffTables\TC-012-Drug-catalog-table.tc</property>
  <property name="tag">baseline</property>
  <property name="isOptional">false</property>
  <property name="uuid">3eafce34-480e-445b-86de-e5c77c8ed4b5</property>
</record>
<record>
  <date>2026-04-25T16:50:11.639433400Z</date>
  <millis>1777135811639</millis>
  <nanos>433400</nanos>
  <sequence>53</sequence>
  <level>ERROR</level>
  <class>com.kms.katalon.core.logging.XmlKeywordLogger</class>
  <method>logMessage</method>
  <thread>1</thread>
  <message>Test Cases/StaffTables/TC-012-Drug-catalog-table has ERROR(s).
Reason:
org.codehaus.groovy.control.MultipleCompilationErrorsException: startup failed:
Script32359734470700.groovy: 1: Unexpected character: &amp;apos;﻿&amp;apos; @ line 1, column 1.
   ﻿import com.kms.katalon.core.webui.keyword.WebUiBuiltInKeywords as WebUI
   ^

1 error
</message>
  <nestedLevel>1</nestedLevel>
  <escapedJava>false</escapedJava>
  <property name="failed.exception.stacktrace">org.codehaus.groovy.control.MultipleCompilationErrorsException: startup failed:
Script32359734470700.groovy: 1: Unexpected character: &apos;﻿&apos; @ line 1, column 1.
   ﻿import com.kms.katalon.core.webui.keyword.WebUiBuiltInKeywords as WebUI
   ^

1 error

	at org.apache.groovy.parser.antlr4.AstBuilder.collectSyntaxError(AstBuilder.java:4260)
	at org.apache.groovy.parser.antlr4.AstBuilder.createParsingFailedException(AstBuilder.java:4243)
	at org.apache.groovy.parser.antlr4.AstBuilder.convertException(AstBuilder.java:242)
	at org.apache.groovy.parser.antlr4.AstBuilder.buildCST(AstBuilder.java:216)
	at org.apache.groovy.parser.antlr4.AstBuilder.buildAST(AstBuilder.java:250)
	at org.apache.groovy.parser.antlr4.Antlr4ParserPlugin.buildAST(Antlr4ParserPlugin.java:58)
	at com.kms.katalon.core.main.TestCaseMethodNodeCollector.&lt;init&gt;(TestCaseMethodNodeCollector.java:43)
	at com.kms.katalon.core.main.TestCaseExecutor.processScriptPreparationPhase(TestCaseExecutor.java:225)
	at com.kms.katalon.core.main.TestCaseExecutor.execute(TestCaseExecutor.java:306)
	at com.kms.katalon.core.common.CommonExecutor.accessTestCaseMainPhase(CommonExecutor.java:71)
	at com.kms.katalon.core.main.TestSuiteExecutor.accessTestSuiteMainPhase(TestSuiteExecutor.java:163)
	at com.kms.katalon.core.main.TestSuiteExecutor.execute(TestSuiteExecutor.java:120)
	at com.kms.katalon.core.main.TestCaseMain.startTestSuite(TestCaseMain.java:205)
	at S0.run(S0.groovy:40)
	at java.base/jdk.internal.reflect.DirectMethodHandleAccessor.invoke(DirectMethodHandleAccessor.java:103)
</property>
  <property name="failed.exception.class">org.codehaus.groovy.control.MultipleCompilationErrorsException</property>
  <property name="failed.exception.message">startup failed:
Script32359734470700.groovy: 1: Unexpected character: &apos;﻿&apos; @ line 1, column 1.
   ﻿import com.kms.katalon.core.webui.keyword.WebUiBuiltInKeywords as WebUI
   ^

1 error
</property>
</record>
<record>
  <date>2026-04-25T16:50:11.640437400Z</date>
  <millis>1777135811640</millis>
  <nanos>437400</nanos>
  <sequence>54</sequence>
  <level>END</level>
  <class>com.kms.katalon.core.logging.XmlKeywordLogger</class>
  <method>endTest</method>
  <thread>1</thread>
  <message>End Test Case : Test Cases/StaffTables/TC-012-Drug-catalog-table</message>
  <nestedLevel>0</nestedLevel>
  <escapedJava>false</escapedJava>
  <property name="executionBindingVariables">[]</property>
  <property name="applitools">false</property>
  <property name="executedKeywords">{}</property>
  <property name="keywordsUsage">{
  &quot;web_ui&quot;: false,
  &quot;web_service&quot;: false,
  &quot;cucumber&quot;: false,
  &quot;builtin&quot;: false,
  &quot;mobile&quot;: false,
  &quot;windows&quot;: false,
  &quot;testng&quot;: false
}</property>
</record>
<record>
  <date>2026-04-25T16:50:11.643432Z</date>
  <millis>1777135811643</millis>
  <nanos>432000</nanos>
  <sequence>55</sequence>
  <level>START</level>
  <class>com.kms.katalon.core.logging.XmlKeywordLogger</class>
  <method>startTest</method>
  <thread>1</thread>
  <message>Start Test Case : Test Cases/StaffTables/TC-013-Drug-search</message>
  <nestedLevel>1</nestedLevel>
  <escapedJava>false</escapedJava>
  <property name="origin"></property>
  <property name="name">Test Cases/StaffTables/TC-013-Drug-search</property>
  <property name="description">Search drug by seeded name.</property>
  <property name="iteration"></property>
  <property name="id">Test Cases/StaffTables/TC-013-Drug-search</property>
  <property name="source">D:\UNI_DOCS\HK6\KCPM\QuanLyBenhVien_KiemThu\pulse-katalon\Test Cases\StaffTables\TC-013-Drug-search.tc</property>
  <property name="tag">baseline</property>
  <property name="isOptional">false</property>
  <property name="uuid">7b0d1ab1-599f-45b3-939a-2591e6fbad64</property>
</record>
<record>
  <date>2026-04-25T16:50:11.648940200Z</date>
  <millis>1777135811648</millis>
  <nanos>940200</nanos>
  <sequence>57</sequence>
  <level>ERROR</level>
  <class>com.kms.katalon.core.logging.XmlKeywordLogger</class>
  <method>logMessage</method>
  <thread>1</thread>
  <message>Test Cases/StaffTables/TC-013-Drug-search has ERROR(s).
Reason:
org.codehaus.groovy.control.MultipleCompilationErrorsException: startup failed:
Script32359742979100.groovy: 1: Unexpected character: &amp;apos;﻿&amp;apos; @ line 1, column 1.
   ﻿import com.kms.katalon.core.webui.keyword.WebUiBuiltInKeywords as WebUI
   ^

1 error
</message>
  <nestedLevel>1</nestedLevel>
  <escapedJava>false</escapedJava>
  <property name="failed.exception.stacktrace">org.codehaus.groovy.control.MultipleCompilationErrorsException: startup failed:
Script32359742979100.groovy: 1: Unexpected character: &apos;﻿&apos; @ line 1, column 1.
   ﻿import com.kms.katalon.core.webui.keyword.WebUiBuiltInKeywords as WebUI
   ^

1 error

	at org.apache.groovy.parser.antlr4.AstBuilder.collectSyntaxError(AstBuilder.java:4260)
	at org.apache.groovy.parser.antlr4.AstBuilder.createParsingFailedException(AstBuilder.java:4243)
	at org.apache.groovy.parser.antlr4.AstBuilder.convertException(AstBuilder.java:242)
	at org.apache.groovy.parser.antlr4.AstBuilder.buildCST(AstBuilder.java:216)
	at org.apache.groovy.parser.antlr4.AstBuilder.buildAST(AstBuilder.java:250)
	at org.apache.groovy.parser.antlr4.Antlr4ParserPlugin.buildAST(Antlr4ParserPlugin.java:58)
	at com.kms.katalon.core.main.TestCaseMethodNodeCollector.&lt;init&gt;(TestCaseMethodNodeCollector.java:43)
	at com.kms.katalon.core.main.TestCaseExecutor.processScriptPreparationPhase(TestCaseExecutor.java:225)
	at com.kms.katalon.core.main.TestCaseExecutor.execute(TestCaseExecutor.java:306)
	at com.kms.katalon.core.common.CommonExecutor.accessTestCaseMainPhase(CommonExecutor.java:71)
	at com.kms.katalon.core.main.TestSuiteExecutor.accessTestSuiteMainPhase(TestSuiteExecutor.java:163)
	at com.kms.katalon.core.main.TestSuiteExecutor.execute(TestSuiteExecutor.java:120)
	at com.kms.katalon.core.main.TestCaseMain.startTestSuite(TestCaseMain.java:205)
	at S0.run(S0.groovy:40)
	at java.base/jdk.internal.reflect.DirectMethodHandleAccessor.invoke(DirectMethodHandleAccessor.java:103)
</property>
  <property name="failed.exception.class">org.codehaus.groovy.control.MultipleCompilationErrorsException</property>
  <property name="failed.exception.message">startup failed:
Script32359742979100.groovy: 1: Unexpected character: &apos;﻿&apos; @ line 1, column 1.
   ﻿import com.kms.katalon.core.webui.keyword.WebUiBuiltInKeywords as WebUI
   ^

1 error
</property>
</record>
<record>
  <date>2026-04-25T16:50:11.649947300Z</date>
  <millis>1777135811649</millis>
  <nanos>947300</nanos>
  <sequence>58</sequence>
  <level>END</level>
  <class>com.kms.katalon.core.logging.XmlKeywordLogger</class>
  <method>endTest</method>
  <thread>1</thread>
  <message>End Test Case : Test Cases/StaffTables/TC-013-Drug-search</message>
  <nestedLevel>0</nestedLevel>
  <escapedJava>false</escapedJava>
  <property name="executionBindingVariables">[]</property>
  <property name="applitools">false</property>
  <property name="executedKeywords">{}</property>
  <property name="keywordsUsage">{
  &quot;web_ui&quot;: false,
  &quot;web_service&quot;: false,
  &quot;cucumber&quot;: false,
  &quot;builtin&quot;: false,
  &quot;mobile&quot;: false,
  &quot;windows&quot;: false,
  &quot;testng&quot;: false
}</property>
</record>
<record>
  <date>2026-04-25T16:50:11.651945Z</date>
  <millis>1777135811651</millis>
  <nanos>945000</nanos>
  <sequence>59</sequence>
  <level>START</level>
  <class>com.kms.katalon.core.logging.XmlKeywordLogger</class>
  <method>startTest</method>
  <thread>1</thread>
  <message>Start Test Case : Test Cases/StaffTables/TC-014-Drug-filter-dosage-unit</message>
  <nestedLevel>1</nestedLevel>
  <escapedJava>false</escapedJava>
  <property name="origin"></property>
  <property name="name">Test Cases/StaffTables/TC-014-Drug-filter-dosage-unit</property>
  <property name="description">Filter drugs by dosage form and unit.</property>
  <property name="iteration"></property>
  <property name="id">Test Cases/StaffTables/TC-014-Drug-filter-dosage-unit</property>
  <property name="source">D:\UNI_DOCS\HK6\KCPM\QuanLyBenhVien_KiemThu\pulse-katalon\Test Cases\StaffTables\TC-014-Drug-filter-dosage-unit.tc</property>
  <property name="tag">baseline</property>
  <property name="isOptional">false</property>
  <property name="uuid">d7ecf8f4-7c1c-413d-8bdd-caf63304a13b</property>
</record>
<record>
  <date>2026-04-25T16:50:11.655951800Z</date>
  <millis>1777135811655</millis>
  <nanos>951800</nanos>
  <sequence>61</sequence>
  <level>ERROR</level>
  <class>com.kms.katalon.core.logging.XmlKeywordLogger</class>
  <method>logMessage</method>
  <thread>1</thread>
  <message>Test Cases/StaffTables/TC-014-Drug-filter-dosage-unit has ERROR(s).
Reason:
org.codehaus.groovy.control.MultipleCompilationErrorsException: startup failed:
Script32359752003000.groovy: 1: Unexpected character: &amp;apos;﻿&amp;apos; @ line 1, column 1.
   ﻿import com.kms.katalon.core.webui.keyword.WebUiBuiltInKeywords as WebUI
   ^

1 error
</message>
  <nestedLevel>1</nestedLevel>
  <escapedJava>false</escapedJava>
  <property name="failed.exception.stacktrace">org.codehaus.groovy.control.MultipleCompilationErrorsException: startup failed:
Script32359752003000.groovy: 1: Unexpected character: &apos;﻿&apos; @ line 1, column 1.
   ﻿import com.kms.katalon.core.webui.keyword.WebUiBuiltInKeywords as WebUI
   ^

1 error

	at org.apache.groovy.parser.antlr4.AstBuilder.collectSyntaxError(AstBuilder.java:4260)
	at org.apache.groovy.parser.antlr4.AstBuilder.createParsingFailedException(AstBuilder.java:4243)
	at org.apache.groovy.parser.antlr4.AstBuilder.convertException(AstBuilder.java:242)
	at org.apache.groovy.parser.antlr4.AstBuilder.buildCST(AstBuilder.java:216)
	at org.apache.groovy.parser.antlr4.AstBuilder.buildAST(AstBuilder.java:250)
	at org.apache.groovy.parser.antlr4.Antlr4ParserPlugin.buildAST(Antlr4ParserPlugin.java:58)
	at com.kms.katalon.core.main.TestCaseMethodNodeCollector.&lt;init&gt;(TestCaseMethodNodeCollector.java:43)
	at com.kms.katalon.core.main.TestCaseExecutor.processScriptPreparationPhase(TestCaseExecutor.java:225)
	at com.kms.katalon.core.main.TestCaseExecutor.execute(TestCaseExecutor.java:306)
	at com.kms.katalon.core.common.CommonExecutor.accessTestCaseMainPhase(CommonExecutor.java:71)
	at com.kms.katalon.core.main.TestSuiteExecutor.accessTestSuiteMainPhase(TestSuiteExecutor.java:163)
	at com.kms.katalon.core.main.TestSuiteExecutor.execute(TestSuiteExecutor.java:120)
	at com.kms.katalon.core.main.TestCaseMain.startTestSuite(TestCaseMain.java:205)
	at S0.run(S0.groovy:40)
	at java.base/jdk.internal.reflect.DirectMethodHandleAccessor.invoke(DirectMethodHandleAccessor.java:103)
</property>
  <property name="failed.exception.class">org.codehaus.groovy.control.MultipleCompilationErrorsException</property>
  <property name="failed.exception.message">startup failed:
Script32359752003000.groovy: 1: Unexpected character: &apos;﻿&apos; @ line 1, column 1.
   ﻿import com.kms.katalon.core.webui.keyword.WebUiBuiltInKeywords as WebUI
   ^

1 error
</property>
</record>
<record>
  <date>2026-04-25T16:50:11.656949500Z</date>
  <millis>1777135811656</millis>
  <nanos>949500</nanos>
  <sequence>62</sequence>
  <level>END</level>
  <class>com.kms.katalon.core.logging.XmlKeywordLogger</class>
  <method>endTest</method>
  <thread>1</thread>
  <message>End Test Case : Test Cases/StaffTables/TC-014-Drug-filter-dosage-unit</message>
  <nestedLevel>0</nestedLevel>
  <escapedJava>false</escapedJava>
  <property name="executionBindingVariables">[]</property>
  <property name="applitools">false</property>
  <property name="executedKeywords">{}</property>
  <property name="keywordsUsage">{
  &quot;web_ui&quot;: false,
  &quot;web_service&quot;: false,
  &quot;cucumber&quot;: false,
  &quot;builtin&quot;: false,
  &quot;mobile&quot;: false,
  &quot;windows&quot;: false,
  &quot;testng&quot;: false
}</property>
</record>
<record>
  <date>2026-04-25T16:50:11.659951400Z</date>
  <millis>1777135811659</millis>
  <nanos>951400</nanos>
  <sequence>63</sequence>
  <level>START</level>
  <class>com.kms.katalon.core.logging.XmlKeywordLogger</class>
  <method>startTest</method>
  <thread>1</thread>
  <message>Start Test Case : Test Cases/StaffTables/TC-015-Room-search</message>
  <nestedLevel>1</nestedLevel>
  <escapedJava>false</escapedJava>
  <property name="origin"></property>
  <property name="name">Test Cases/StaffTables/TC-015-Room-search</property>
  <property name="description">Search room by seeded room number.</property>
  <property name="iteration"></property>
  <property name="id">Test Cases/StaffTables/TC-015-Room-search</property>
  <property name="source">D:\UNI_DOCS\HK6\KCPM\QuanLyBenhVien_KiemThu\pulse-katalon\Test Cases\StaffTables\TC-015-Room-search.tc</property>
  <property name="tag">baseline</property>
  <property name="isOptional">false</property>
  <property name="uuid">e2dc5aa5-36d6-428d-b79c-9100ad32a4bd</property>
</record>
<record>
  <date>2026-04-25T16:50:11.663578500Z</date>
  <millis>1777135811663</millis>
  <nanos>578500</nanos>
  <sequence>65</sequence>
  <level>ERROR</level>
  <class>com.kms.katalon.core.logging.XmlKeywordLogger</class>
  <method>logMessage</method>
  <thread>1</thread>
  <message>Test Cases/StaffTables/TC-015-Room-search has ERROR(s).
Reason:
org.codehaus.groovy.control.MultipleCompilationErrorsException: startup failed:
Script32359759679400.groovy: 1: Unexpected character: &amp;apos;﻿&amp;apos; @ line 1, column 1.
   ﻿import com.kms.katalon.core.webui.keyword.WebUiBuiltInKeywords as WebUI
   ^

1 error
</message>
  <nestedLevel>1</nestedLevel>
  <escapedJava>false</escapedJava>
  <property name="failed.exception.stacktrace">org.codehaus.groovy.control.MultipleCompilationErrorsException: startup failed:
Script32359759679400.groovy: 1: Unexpected character: &apos;﻿&apos; @ line 1, column 1.
   ﻿import com.kms.katalon.core.webui.keyword.WebUiBuiltInKeywords as WebUI
   ^

1 error

	at org.apache.groovy.parser.antlr4.AstBuilder.collectSyntaxError(AstBuilder.java:4260)
	at org.apache.groovy.parser.antlr4.AstBuilder.createParsingFailedException(AstBuilder.java:4243)
	at org.apache.groovy.parser.antlr4.AstBuilder.convertException(AstBuilder.java:242)
	at org.apache.groovy.parser.antlr4.AstBuilder.buildCST(AstBuilder.java:216)
	at org.apache.groovy.parser.antlr4.AstBuilder.buildAST(AstBuilder.java:250)
	at org.apache.groovy.parser.antlr4.Antlr4ParserPlugin.buildAST(Antlr4ParserPlugin.java:58)
	at com.kms.katalon.core.main.TestCaseMethodNodeCollector.&lt;init&gt;(TestCaseMethodNodeCollector.java:43)
	at com.kms.katalon.core.main.TestCaseExecutor.processScriptPreparationPhase(TestCaseExecutor.java:225)
	at com.kms.katalon.core.main.TestCaseExecutor.execute(TestCaseExecutor.java:306)
	at com.kms.katalon.core.common.CommonExecutor.accessTestCaseMainPhase(CommonExecutor.java:71)
	at com.kms.katalon.core.main.TestSuiteExecutor.accessTestSuiteMainPhase(TestSuiteExecutor.java:163)
	at com.kms.katalon.core.main.TestSuiteExecutor.execute(TestSuiteExecutor.java:120)
	at com.kms.katalon.core.main.TestCaseMain.startTestSuite(TestCaseMain.java:205)
	at S0.run(S0.groovy:40)
	at java.base/jdk.internal.reflect.DirectMethodHandleAccessor.invoke(DirectMethodHandleAccessor.java:103)
</property>
  <property name="failed.exception.class">org.codehaus.groovy.control.MultipleCompilationErrorsException</property>
  <property name="failed.exception.message">startup failed:
Script32359759679400.groovy: 1: Unexpected character: &apos;﻿&apos; @ line 1, column 1.
   ﻿import com.kms.katalon.core.webui.keyword.WebUiBuiltInKeywords as WebUI
   ^

1 error
</property>
</record>
<record>
  <date>2026-04-25T16:50:11.664580400Z</date>
  <millis>1777135811664</millis>
  <nanos>580400</nanos>
  <sequence>66</sequence>
  <level>END</level>
  <class>com.kms.katalon.core.logging.XmlKeywordLogger</class>
  <method>endTest</method>
  <thread>1</thread>
  <message>End Test Case : Test Cases/StaffTables/TC-015-Room-search</message>
  <nestedLevel>0</nestedLevel>
  <escapedJava>false</escapedJava>
  <property name="executionBindingVariables">[]</property>
  <property name="applitools">false</property>
  <property name="executedKeywords">{}</property>
  <property name="keywordsUsage">{
  &quot;web_ui&quot;: false,
  &quot;web_service&quot;: false,
  &quot;cucumber&quot;: false,
  &quot;builtin&quot;: false,
  &quot;mobile&quot;: false,
  &quot;windows&quot;: false,
  &quot;testng&quot;: false
}</property>
</record>
<record>
  <date>2026-04-25T16:50:11.667586Z</date>
  <millis>1777135811667</millis>
  <nanos>586000</nanos>
  <sequence>67</sequence>
  <level>START</level>
  <class>com.kms.katalon.core.logging.XmlKeywordLogger</class>
  <method>startTest</method>
  <thread>1</thread>
  <message>Start Test Case : Test Cases/StaffTables/TC-016-Room-filter-status</message>
  <nestedLevel>1</nestedLevel>
  <escapedJava>false</escapedJava>
  <property name="origin"></property>
  <property name="name">Test Cases/StaffTables/TC-016-Room-filter-status</property>
  <property name="description">Filter rooms by available status.</property>
  <property name="iteration"></property>
  <property name="id">Test Cases/StaffTables/TC-016-Room-filter-status</property>
  <property name="source">D:\UNI_DOCS\HK6\KCPM\QuanLyBenhVien_KiemThu\pulse-katalon\Test Cases\StaffTables\TC-016-Room-filter-status.tc</property>
  <property name="tag">baseline</property>
  <property name="isOptional">false</property>
  <property name="uuid">429e38a8-87c6-4bc1-91e9-54322de70998</property>
</record>
<record>
  <date>2026-04-25T16:50:11.671591400Z</date>
  <millis>1777135811671</millis>
  <nanos>591400</nanos>
  <sequence>69</sequence>
  <level>ERROR</level>
  <class>com.kms.katalon.core.logging.XmlKeywordLogger</class>
  <method>logMessage</method>
  <thread>1</thread>
  <message>Test Cases/StaffTables/TC-016-Room-filter-status has ERROR(s).
Reason:
org.codehaus.groovy.control.MultipleCompilationErrorsException: startup failed:
Script32359767112300.groovy: 1: Unexpected character: &amp;apos;﻿&amp;apos; @ line 1, column 1.
   ﻿import com.kms.katalon.core.webui.keyword.WebUiBuiltInKeywords as WebUI
   ^

1 error
</message>
  <nestedLevel>1</nestedLevel>
  <escapedJava>false</escapedJava>
  <property name="failed.exception.stacktrace">org.codehaus.groovy.control.MultipleCompilationErrorsException: startup failed:
Script32359767112300.groovy: 1: Unexpected character: &apos;﻿&apos; @ line 1, column 1.
   ﻿import com.kms.katalon.core.webui.keyword.WebUiBuiltInKeywords as WebUI
   ^

1 error

	at org.apache.groovy.parser.antlr4.AstBuilder.collectSyntaxError(AstBuilder.java:4260)
	at org.apache.groovy.parser.antlr4.AstBuilder.createParsingFailedException(AstBuilder.java:4243)
	at org.apache.groovy.parser.antlr4.AstBuilder.convertException(AstBuilder.java:242)
	at org.apache.groovy.parser.antlr4.AstBuilder.buildCST(AstBuilder.java:216)
	at org.apache.groovy.parser.antlr4.AstBuilder.buildAST(AstBuilder.java:250)
	at org.apache.groovy.parser.antlr4.Antlr4ParserPlugin.buildAST(Antlr4ParserPlugin.java:58)
	at com.kms.katalon.core.main.TestCaseMethodNodeCollector.&lt;init&gt;(TestCaseMethodNodeCollector.java:43)
	at com.kms.katalon.core.main.TestCaseExecutor.processScriptPreparationPhase(TestCaseExecutor.java:225)
	at com.kms.katalon.core.main.TestCaseExecutor.execute(TestCaseExecutor.java:306)
	at com.kms.katalon.core.common.CommonExecutor.accessTestCaseMainPhase(CommonExecutor.java:71)
	at com.kms.katalon.core.main.TestSuiteExecutor.accessTestSuiteMainPhase(TestSuiteExecutor.java:163)
	at com.kms.katalon.core.main.TestSuiteExecutor.execute(TestSuiteExecutor.java:120)
	at com.kms.katalon.core.main.TestCaseMain.startTestSuite(TestCaseMain.java:205)
	at S0.run(S0.groovy:40)
	at java.base/jdk.internal.reflect.DirectMethodHandleAccessor.invoke(DirectMethodHandleAccessor.java:103)
</property>
  <property name="failed.exception.class">org.codehaus.groovy.control.MultipleCompilationErrorsException</property>
  <property name="failed.exception.message">startup failed:
Script32359767112300.groovy: 1: Unexpected character: &apos;﻿&apos; @ line 1, column 1.
   ﻿import com.kms.katalon.core.webui.keyword.WebUiBuiltInKeywords as WebUI
   ^

1 error
</property>
</record>
<record>
  <date>2026-04-25T16:50:11.672592500Z</date>
  <millis>1777135811672</millis>
  <nanos>592500</nanos>
  <sequence>70</sequence>
  <level>END</level>
  <class>com.kms.katalon.core.logging.XmlKeywordLogger</class>
  <method>endTest</method>
  <thread>1</thread>
  <message>End Test Case : Test Cases/StaffTables/TC-016-Room-filter-status</message>
  <nestedLevel>0</nestedLevel>
  <escapedJava>false</escapedJava>
  <property name="executionBindingVariables">[]</property>
  <property name="applitools">false</property>
  <property name="executedKeywords">{}</property>
  <property name="keywordsUsage">{
  &quot;web_ui&quot;: false,
  &quot;web_service&quot;: false,
  &quot;cucumber&quot;: false,
  &quot;builtin&quot;: false,
  &quot;mobile&quot;: false,
  &quot;windows&quot;: false,
  &quot;testng&quot;: false
}</property>
</record>
<record>
  <date>2026-04-25T16:50:11.674590600Z</date>
  <millis>1777135811674</millis>
  <nanos>590600</nanos>
  <sequence>71</sequence>
  <level>START</level>
  <class>com.kms.katalon.core.logging.XmlKeywordLogger</class>
  <method>startTest</method>
  <thread>1</thread>
  <message>Start Test Case : Test Cases/StaffTables/TC-017-Waitlist-priority-order</message>
  <nestedLevel>1</nestedLevel>
  <escapedJava>false</escapedJava>
  <property name="origin"></property>
  <property name="name">Test Cases/StaffTables/TC-017-Waitlist-priority-order</property>
  <property name="description">Open waitlist and validate priority order when data exists.</property>
  <property name="iteration"></property>
  <property name="id">Test Cases/StaffTables/TC-017-Waitlist-priority-order</property>
  <property name="source">D:\UNI_DOCS\HK6\KCPM\QuanLyBenhVien_KiemThu\pulse-katalon\Test Cases\StaffTables\TC-017-Waitlist-priority-order.tc</property>
  <property name="tag">baseline</property>
  <property name="isOptional">false</property>
  <property name="uuid">12f3b69a-c531-4181-a1f2-0a1edd250adf</property>
</record>
<record>
  <date>2026-04-25T16:50:11.678600500Z</date>
  <millis>1777135811678</millis>
  <nanos>600500</nanos>
  <sequence>73</sequence>
  <level>ERROR</level>
  <class>com.kms.katalon.core.logging.XmlKeywordLogger</class>
  <method>logMessage</method>
  <thread>1</thread>
  <message>Test Cases/StaffTables/TC-017-Waitlist-priority-order has ERROR(s).
Reason:
org.codehaus.groovy.control.MultipleCompilationErrorsException: startup failed:
Script32359774809400.groovy: 1: Unexpected character: &amp;apos;﻿&amp;apos; @ line 1, column 1.
   ﻿import com.kms.katalon.core.webui.keyword.WebUiBuiltInKeywords as WebUI
   ^

1 error
</message>
  <nestedLevel>1</nestedLevel>
  <escapedJava>false</escapedJava>
  <property name="failed.exception.stacktrace">org.codehaus.groovy.control.MultipleCompilationErrorsException: startup failed:
Script32359774809400.groovy: 1: Unexpected character: &apos;﻿&apos; @ line 1, column 1.
   ﻿import com.kms.katalon.core.webui.keyword.WebUiBuiltInKeywords as WebUI
   ^

1 error

	at org.apache.groovy.parser.antlr4.AstBuilder.collectSyntaxError(AstBuilder.java:4260)
	at org.apache.groovy.parser.antlr4.AstBuilder.createParsingFailedException(AstBuilder.java:4243)
	at org.apache.groovy.parser.antlr4.AstBuilder.convertException(AstBuilder.java:242)
	at org.apache.groovy.parser.antlr4.AstBuilder.buildCST(AstBuilder.java:216)
	at org.apache.groovy.parser.antlr4.AstBuilder.buildAST(AstBuilder.java:250)
	at org.apache.groovy.parser.antlr4.Antlr4ParserPlugin.buildAST(Antlr4ParserPlugin.java:58)
	at com.kms.katalon.core.main.TestCaseMethodNodeCollector.&lt;init&gt;(TestCaseMethodNodeCollector.java:43)
	at com.kms.katalon.core.main.TestCaseExecutor.processScriptPreparationPhase(TestCaseExecutor.java:225)
	at com.kms.katalon.core.main.TestCaseExecutor.execute(TestCaseExecutor.java:306)
	at com.kms.katalon.core.common.CommonExecutor.accessTestCaseMainPhase(CommonExecutor.java:71)
	at com.kms.katalon.core.main.TestSuiteExecutor.accessTestSuiteMainPhase(TestSuiteExecutor.java:163)
	at com.kms.katalon.core.main.TestSuiteExecutor.execute(TestSuiteExecutor.java:120)
	at com.kms.katalon.core.main.TestCaseMain.startTestSuite(TestCaseMain.java:205)
	at S0.run(S0.groovy:40)
	at java.base/jdk.internal.reflect.DirectMethodHandleAccessor.invoke(DirectMethodHandleAccessor.java:103)
</property>
  <property name="failed.exception.class">org.codehaus.groovy.control.MultipleCompilationErrorsException</property>
  <property name="failed.exception.message">startup failed:
Script32359774809400.groovy: 1: Unexpected character: &apos;﻿&apos; @ line 1, column 1.
   ﻿import com.kms.katalon.core.webui.keyword.WebUiBuiltInKeywords as WebUI
   ^

1 error
</property>
</record>
<record>
  <date>2026-04-25T16:50:11.680093900Z</date>
  <millis>1777135811680</millis>
  <nanos>93900</nanos>
  <sequence>74</sequence>
  <level>END</level>
  <class>com.kms.katalon.core.logging.XmlKeywordLogger</class>
  <method>endTest</method>
  <thread>1</thread>
  <message>End Test Case : Test Cases/StaffTables/TC-017-Waitlist-priority-order</message>
  <nestedLevel>0</nestedLevel>
  <escapedJava>false</escapedJava>
  <property name="executionBindingVariables">[]</property>
  <property name="applitools">false</property>
  <property name="executedKeywords">{}</property>
  <property name="keywordsUsage">{
  &quot;web_ui&quot;: false,
  &quot;web_service&quot;: false,
  &quot;cucumber&quot;: false,
  &quot;builtin&quot;: false,
  &quot;mobile&quot;: false,
  &quot;windows&quot;: false,
  &quot;testng&quot;: false
}</property>
</record>
<record>
  <date>2026-04-25T16:50:11.683102500Z</date>
  <millis>1777135811683</millis>
  <nanos>102500</nanos>
  <sequence>75</sequence>
  <level>START</level>
  <class>com.kms.katalon.core.logging.XmlKeywordLogger</class>
  <method>startTest</method>
  <thread>1</thread>
  <message>Start Test Case : Test Cases/StaffTables/TC-018-Waitlist-filter-priority</message>
  <nestedLevel>1</nestedLevel>
  <escapedJava>false</escapedJava>
  <property name="origin"></property>
  <property name="name">Test Cases/StaffTables/TC-018-Waitlist-filter-priority</property>
  <property name="description">Filter waitlist by priority.</property>
  <property name="iteration"></property>
  <property name="id">Test Cases/StaffTables/TC-018-Waitlist-filter-priority</property>
  <property name="source">D:\UNI_DOCS\HK6\KCPM\QuanLyBenhVien_KiemThu\pulse-katalon\Test Cases\StaffTables\TC-018-Waitlist-filter-priority.tc</property>
  <property name="tag">baseline</property>
  <property name="isOptional">false</property>
  <property name="uuid">bd54f78a-6bfc-4286-9661-d8ebec5d6910</property>
</record>
<record>
  <date>2026-04-25T16:50:11.686125800Z</date>
  <millis>1777135811686</millis>
  <nanos>125800</nanos>
  <sequence>77</sequence>
  <level>ERROR</level>
  <class>com.kms.katalon.core.logging.XmlKeywordLogger</class>
  <method>logMessage</method>
  <thread>1</thread>
  <message>Test Cases/StaffTables/TC-018-Waitlist-filter-priority has ERROR(s).
Reason:
org.codehaus.groovy.control.MultipleCompilationErrorsException: startup failed:
Script32359782265400.groovy: 1: Unexpected character: &amp;apos;﻿&amp;apos; @ line 1, column 1.
   ﻿import com.kms.katalon.core.webui.keyword.WebUiBuiltInKeywords as WebUI
   ^

1 error
</message>
  <nestedLevel>1</nestedLevel>
  <escapedJava>false</escapedJava>
  <property name="failed.exception.stacktrace">org.codehaus.groovy.control.MultipleCompilationErrorsException: startup failed:
Script32359782265400.groovy: 1: Unexpected character: &apos;﻿&apos; @ line 1, column 1.
   ﻿import com.kms.katalon.core.webui.keyword.WebUiBuiltInKeywords as WebUI
   ^

1 error

	at org.apache.groovy.parser.antlr4.AstBuilder.collectSyntaxError(AstBuilder.java:4260)
	at org.apache.groovy.parser.antlr4.AstBuilder.createParsingFailedException(AstBuilder.java:4243)
	at org.apache.groovy.parser.antlr4.AstBuilder.convertException(AstBuilder.java:242)
	at org.apache.groovy.parser.antlr4.AstBuilder.buildCST(AstBuilder.java:216)
	at org.apache.groovy.parser.antlr4.AstBuilder.buildAST(AstBuilder.java:250)
	at org.apache.groovy.parser.antlr4.Antlr4ParserPlugin.buildAST(Antlr4ParserPlugin.java:58)
	at com.kms.katalon.core.main.TestCaseMethodNodeCollector.&lt;init&gt;(TestCaseMethodNodeCollector.java:43)
	at com.kms.katalon.core.main.TestCaseExecutor.processScriptPreparationPhase(TestCaseExecutor.java:225)
	at com.kms.katalon.core.main.TestCaseExecutor.execute(TestCaseExecutor.java:306)
	at com.kms.katalon.core.common.CommonExecutor.accessTestCaseMainPhase(CommonExecutor.java:71)
	at com.kms.katalon.core.main.TestSuiteExecutor.accessTestSuiteMainPhase(TestSuiteExecutor.java:163)
	at com.kms.katalon.core.main.TestSuiteExecutor.execute(TestSuiteExecutor.java:120)
	at com.kms.katalon.core.main.TestCaseMain.startTestSuite(TestCaseMain.java:205)
	at S0.run(S0.groovy:40)
	at java.base/jdk.internal.reflect.DirectMethodHandleAccessor.invoke(DirectMethodHandleAccessor.java:103)
</property>
  <property name="failed.exception.class">org.codehaus.groovy.control.MultipleCompilationErrorsException</property>
  <property name="failed.exception.message">startup failed:
Script32359782265400.groovy: 1: Unexpected character: &apos;﻿&apos; @ line 1, column 1.
   ﻿import com.kms.katalon.core.webui.keyword.WebUiBuiltInKeywords as WebUI
   ^

1 error
</property>
</record>
<record>
  <date>2026-04-25T16:50:11.687100600Z</date>
  <millis>1777135811687</millis>
  <nanos>100600</nanos>
  <sequence>78</sequence>
  <level>END</level>
  <class>com.kms.katalon.core.logging.XmlKeywordLogger</class>
  <method>endTest</method>
  <thread>1</thread>
  <message>End Test Case : Test Cases/StaffTables/TC-018-Waitlist-filter-priority</message>
  <nestedLevel>0</nestedLevel>
  <escapedJava>false</escapedJava>
  <property name="executionBindingVariables">[]</property>
  <property name="applitools">false</property>
  <property name="executedKeywords">{}</property>
  <property name="keywordsUsage">{
  &quot;web_ui&quot;: false,
  &quot;web_service&quot;: false,
  &quot;cucumber&quot;: false,
  &quot;builtin&quot;: false,
  &quot;mobile&quot;: false,
  &quot;windows&quot;: false,
  &quot;testng&quot;: false
}</property>
</record>
<record>
  <date>2026-04-25T16:50:11.690100900Z</date>
  <millis>1777135811690</millis>
  <nanos>100900</nanos>
  <sequence>79</sequence>
  <level>START</level>
  <class>com.kms.katalon.core.logging.XmlKeywordLogger</class>
  <method>startTest</method>
  <thread>1</thread>
  <message>Start Test Case : Test Cases/StaffTables/TC-019-Appointment-status-tabs</message>
  <nestedLevel>1</nestedLevel>
  <escapedJava>false</escapedJava>
  <property name="origin"></property>
  <property name="name">Test Cases/StaffTables/TC-019-Appointment-status-tabs</property>
  <property name="description">Open appointment page and switch status tabs.</property>
  <property name="iteration"></property>
  <property name="id">Test Cases/StaffTables/TC-019-Appointment-status-tabs</property>
  <property name="source">D:\UNI_DOCS\HK6\KCPM\QuanLyBenhVien_KiemThu\pulse-katalon\Test Cases\StaffTables\TC-019-Appointment-status-tabs.tc</property>
  <property name="tag">baseline</property>
  <property name="isOptional">false</property>
  <property name="uuid">38dab4b7-c3dd-4759-96d5-bc12a7a202f5</property>
</record>
<record>
  <date>2026-04-25T16:50:11.694832600Z</date>
  <millis>1777135811694</millis>
  <nanos>832600</nanos>
  <sequence>81</sequence>
  <level>ERROR</level>
  <class>com.kms.katalon.core.logging.XmlKeywordLogger</class>
  <method>logMessage</method>
  <thread>1</thread>
  <message>Test Cases/StaffTables/TC-019-Appointment-status-tabs has ERROR(s).
Reason:
org.codehaus.groovy.control.MultipleCompilationErrorsException: startup failed:
Script32359790208300.groovy: 1: Unexpected character: &amp;apos;﻿&amp;apos; @ line 1, column 1.
   ﻿import com.kms.katalon.core.webui.keyword.WebUiBuiltInKeywords as WebUI
   ^

1 error
</message>
  <nestedLevel>1</nestedLevel>
  <escapedJava>false</escapedJava>
  <property name="failed.exception.stacktrace">org.codehaus.groovy.control.MultipleCompilationErrorsException: startup failed:
Script32359790208300.groovy: 1: Unexpected character: &apos;﻿&apos; @ line 1, column 1.
   ﻿import com.kms.katalon.core.webui.keyword.WebUiBuiltInKeywords as WebUI
   ^

1 error

	at org.apache.groovy.parser.antlr4.AstBuilder.collectSyntaxError(AstBuilder.java:4260)
	at org.apache.groovy.parser.antlr4.AstBuilder.createParsingFailedException(AstBuilder.java:4243)
	at org.apache.groovy.parser.antlr4.AstBuilder.convertException(AstBuilder.java:242)
	at org.apache.groovy.parser.antlr4.AstBuilder.buildCST(AstBuilder.java:216)
	at org.apache.groovy.parser.antlr4.AstBuilder.buildAST(AstBuilder.java:250)
	at org.apache.groovy.parser.antlr4.Antlr4ParserPlugin.buildAST(Antlr4ParserPlugin.java:58)
	at com.kms.katalon.core.main.TestCaseMethodNodeCollector.&lt;init&gt;(TestCaseMethodNodeCollector.java:43)
	at com.kms.katalon.core.main.TestCaseExecutor.processScriptPreparationPhase(TestCaseExecutor.java:225)
	at com.kms.katalon.core.main.TestCaseExecutor.execute(TestCaseExecutor.java:306)
	at com.kms.katalon.core.common.CommonExecutor.accessTestCaseMainPhase(CommonExecutor.java:71)
	at com.kms.katalon.core.main.TestSuiteExecutor.accessTestSuiteMainPhase(TestSuiteExecutor.java:163)
	at com.kms.katalon.core.main.TestSuiteExecutor.execute(TestSuiteExecutor.java:120)
	at com.kms.katalon.core.main.TestCaseMain.startTestSuite(TestCaseMain.java:205)
	at S0.run(S0.groovy:40)
	at java.base/jdk.internal.reflect.DirectMethodHandleAccessor.invoke(DirectMethodHandleAccessor.java:103)
</property>
  <property name="failed.exception.class">org.codehaus.groovy.control.MultipleCompilationErrorsException</property>
  <property name="failed.exception.message">startup failed:
Script32359790208300.groovy: 1: Unexpected character: &apos;﻿&apos; @ line 1, column 1.
   ﻿import com.kms.katalon.core.webui.keyword.WebUiBuiltInKeywords as WebUI
   ^

1 error
</property>
</record>
<record>
  <date>2026-04-25T16:50:11.696714900Z</date>
  <millis>1777135811696</millis>
  <nanos>714900</nanos>
  <sequence>82</sequence>
  <level>END</level>
  <class>com.kms.katalon.core.logging.XmlKeywordLogger</class>
  <method>endTest</method>
  <thread>1</thread>
  <message>End Test Case : Test Cases/StaffTables/TC-019-Appointment-status-tabs</message>
  <nestedLevel>0</nestedLevel>
  <escapedJava>false</escapedJava>
  <property name="executionBindingVariables">[]</property>
  <property name="applitools">false</property>
  <property name="executedKeywords">{}</property>
  <property name="keywordsUsage">{
  &quot;web_ui&quot;: false,
  &quot;web_service&quot;: false,
  &quot;cucumber&quot;: false,
  &quot;builtin&quot;: false,
  &quot;mobile&quot;: false,
  &quot;windows&quot;: false,
  &quot;testng&quot;: false
}</property>
</record>
<record>
  <date>2026-04-25T16:50:11.698710900Z</date>
  <millis>1777135811698</millis>
  <nanos>710900</nanos>
  <sequence>83</sequence>
  <level>START</level>
  <class>com.kms.katalon.core.logging.XmlKeywordLogger</class>
  <method>startTest</method>
  <thread>1</thread>
  <message>Start Test Case : Test Cases/StaffTables/TC-020-Invoice-patient-search</message>
  <nestedLevel>1</nestedLevel>
  <escapedJava>false</escapedJava>
  <property name="origin"></property>
  <property name="name">Test Cases/StaffTables/TC-020-Invoice-patient-search</property>
  <property name="description">Search patient on invoice page.</property>
  <property name="iteration"></property>
  <property name="id">Test Cases/StaffTables/TC-020-Invoice-patient-search</property>
  <property name="source">D:\UNI_DOCS\HK6\KCPM\QuanLyBenhVien_KiemThu\pulse-katalon\Test Cases\StaffTables\TC-020-Invoice-patient-search.tc</property>
  <property name="tag">baseline</property>
  <property name="isOptional">false</property>
  <property name="uuid">5f20d168-6e77-4115-a140-3c85b7efce19</property>
</record>
<record>
  <date>2026-04-25T16:50:11.702713900Z</date>
  <millis>1777135811702</millis>
  <nanos>713900</nanos>
  <sequence>85</sequence>
  <level>ERROR</level>
  <class>com.kms.katalon.core.logging.XmlKeywordLogger</class>
  <method>logMessage</method>
  <thread>1</thread>
  <message>Test Cases/StaffTables/TC-020-Invoice-patient-search has ERROR(s).
Reason:
org.codehaus.groovy.control.MultipleCompilationErrorsException: startup failed:
Script32359797909000.groovy: 1: Unexpected character: &amp;apos;﻿&amp;apos; @ line 1, column 1.
   ﻿import com.kms.katalon.core.webui.keyword.WebUiBuiltInKeywords as WebUI
   ^

1 error
</message>
  <nestedLevel>1</nestedLevel>
  <escapedJava>false</escapedJava>
  <property name="failed.exception.stacktrace">org.codehaus.groovy.control.MultipleCompilationErrorsException: startup failed:
Script32359797909000.groovy: 1: Unexpected character: &apos;﻿&apos; @ line 1, column 1.
   ﻿import com.kms.katalon.core.webui.keyword.WebUiBuiltInKeywords as WebUI
   ^

1 error

	at org.apache.groovy.parser.antlr4.AstBuilder.collectSyntaxError(AstBuilder.java:4260)
	at org.apache.groovy.parser.antlr4.AstBuilder.createParsingFailedException(AstBuilder.java:4243)
	at org.apache.groovy.parser.antlr4.AstBuilder.convertException(AstBuilder.java:242)
	at org.apache.groovy.parser.antlr4.AstBuilder.buildCST(AstBuilder.java:216)
	at org.apache.groovy.parser.antlr4.AstBuilder.buildAST(AstBuilder.java:250)
	at org.apache.groovy.parser.antlr4.Antlr4ParserPlugin.buildAST(Antlr4ParserPlugin.java:58)
	at com.kms.katalon.core.main.TestCaseMethodNodeCollector.&lt;init&gt;(TestCaseMethodNodeCollector.java:43)
	at com.kms.katalon.core.main.TestCaseExecutor.processScriptPreparationPhase(TestCaseExecutor.java:225)
	at com.kms.katalon.core.main.TestCaseExecutor.execute(TestCaseExecutor.java:306)
	at com.kms.katalon.core.common.CommonExecutor.accessTestCaseMainPhase(CommonExecutor.java:71)
	at com.kms.katalon.core.main.TestSuiteExecutor.accessTestSuiteMainPhase(TestSuiteExecutor.java:163)
	at com.kms.katalon.core.main.TestSuiteExecutor.execute(TestSuiteExecutor.java:120)
	at com.kms.katalon.core.main.TestCaseMain.startTestSuite(TestCaseMain.java:205)
	at S0.run(S0.groovy:40)
	at java.base/jdk.internal.reflect.DirectMethodHandleAccessor.invoke(DirectMethodHandleAccessor.java:103)
</property>
  <property name="failed.exception.class">org.codehaus.groovy.control.MultipleCompilationErrorsException</property>
  <property name="failed.exception.message">startup failed:
Script32359797909000.groovy: 1: Unexpected character: &apos;﻿&apos; @ line 1, column 1.
   ﻿import com.kms.katalon.core.webui.keyword.WebUiBuiltInKeywords as WebUI
   ^

1 error
</property>
</record>
<record>
  <date>2026-04-25T16:50:11.703716500Z</date>
  <millis>1777135811703</millis>
  <nanos>716500</nanos>
  <sequence>86</sequence>
  <level>END</level>
  <class>com.kms.katalon.core.logging.XmlKeywordLogger</class>
  <method>endTest</method>
  <thread>1</thread>
  <message>End Test Case : Test Cases/StaffTables/TC-020-Invoice-patient-search</message>
  <nestedLevel>0</nestedLevel>
  <escapedJava>false</escapedJava>
  <property name="executionBindingVariables">[]</property>
  <property name="applitools">false</property>
  <property name="executedKeywords">{}</property>
  <property name="keywordsUsage">{
  &quot;web_ui&quot;: false,
  &quot;web_service&quot;: false,
  &quot;cucumber&quot;: false,
  &quot;builtin&quot;: false,
  &quot;mobile&quot;: false,
  &quot;windows&quot;: false,
  &quot;testng&quot;: false
}</property>
</record>
<record>
  <date>2026-04-25T16:50:11.730173900Z</date>
  <millis>1777135811730</millis>
  <nanos>173900</nanos>
  <sequence>87</sequence>
  <level>END</level>
  <class>com.kms.katalon.core.logging.XmlKeywordLogger</class>
  <method>endSuite</method>
  <thread>1</thread>
  <message>End Test Suite : Test Suites/Baseline</message>
  <nestedLevel>0</nestedLevel>
  <escapedJava>false</escapedJava>
</record>
</log>
