2026-04-25 23:36:40.349 INFO  c.k.k.c.l.logback.LogbackConfigurator    - Logback default configuration initialized from: C:\Users\ACER\.katalon\packages\KS-11.0.1\configuration\org.eclipse.osgi\148\0\.cp\resources\logback\logback-execution.xml
2026-04-25 23:36:40.353 INFO  c.k.k.c.l.logback.LogbackConfigurator    - Logback custom configuration initialized
2026-04-25 23:36:40.956 INFO  c.k.katalon.core.main.TestSuiteExecutor  - START Test Suites/Baseline
2026-04-25 23:36:41.029 INFO  c.k.katalon.core.main.TestSuiteExecutor  - userFullName = Anh Quốc Huỳnh
2026-04-25 23:36:41.030 INFO  c.k.katalon.core.main.TestSuiteExecutor  - projectName = PulseClinicKatalon
2026-04-25 23:36:41.032 INFO  c.k.katalon.core.main.TestSuiteExecutor  - hostName = ACER - Aspire-A715
2026-04-25 23:36:41.032 INFO  c.k.katalon.core.main.TestSuiteExecutor  - os = Windows 11 64bit
2026-04-25 23:36:41.033 INFO  c.k.katalon.core.main.TestSuiteExecutor  - hostAddress = 192.168.1.9
2026-04-25 23:36:41.034 INFO  c.k.katalon.core.main.TestSuiteExecutor  - katalonVersion = 11.0.1.0
2026-04-25 23:36:41.161 INFO  c.k.katalon.core.main.TestCaseExecutor   - --------------------
2026-04-25 23:36:41.161 INFO  c.k.katalon.core.main.TestCaseExecutor   - START Test Cases/Authentication/TC-001-Open-HMS-role-selection
2026-04-25 23:36:41.185 ERROR c.k.katalon.core.main.TestCaseExecutor   - ❌ Test Cases/Authentication/TC-001-Open-HMS-role-selection has ERROR(s).
Reason:
org.codehaus.groovy.control.MultipleCompilationErrorsException: startup failed:
Script31549264463800.groovy: 1: Unexpected character: '﻿' @ line 1, column 1.
   ﻿import com.kms.katalon.core.webui.keyword.WebUiBuiltInKeywords as WebUI
   ^

1 error

2026-04-25 23:36:41.188 INFO  c.k.katalon.core.main.TestCaseExecutor   - END Test Cases/Authentication/TC-001-Open-HMS-role-selection
2026-04-25 23:36:41.192 INFO  c.k.katalon.core.main.TestCaseExecutor   - --------------------
2026-04-25 23:36:41.192 INFO  c.k.katalon.core.main.TestCaseExecutor   - START Test Cases/Authentication/TC-002-Open-staff-login
2026-04-25 23:36:41.198 ERROR c.k.katalon.core.main.TestCaseExecutor   - ❌ Test Cases/Authentication/TC-002-Open-staff-login has ERROR(s).
Reason:
org.codehaus.groovy.control.MultipleCompilationErrorsException: startup failed:
Script31549293560300.groovy: 1: Unexpected character: '﻿' @ line 1, column 1.
   ﻿import com.kms.katalon.core.webui.keyword.WebUiBuiltInKeywords as WebUI
   ^

1 error

2026-04-25 23:36:41.200 INFO  c.k.katalon.core.main.TestCaseExecutor   - END Test Cases/Authentication/TC-002-Open-staff-login
2026-04-25 23:36:41.204 INFO  c.k.katalon.core.main.TestCaseExecutor   - --------------------
2026-04-25 23:36:41.204 INFO  c.k.katalon.core.main.TestCaseExecutor   - START Test Cases/Authentication/TC-003-Staff-login-required-fields
2026-04-25 23:36:41.210 ERROR c.k.katalon.core.main.TestCaseExecutor   - ❌ Test Cases/Authentication/TC-003-Staff-login-required-fields has ERROR(s).
Reason:
org.codehaus.groovy.control.MultipleCompilationErrorsException: startup failed:
Script31549303741400.groovy: 1: Unexpected character: '﻿' @ line 1, column 1.
   ﻿import com.kms.katalon.core.webui.keyword.WebUiBuiltInKeywords as WebUI
   ^

1 error

2026-04-25 23:36:41.211 INFO  c.k.katalon.core.main.TestCaseExecutor   - END Test Cases/Authentication/TC-003-Staff-login-required-fields
2026-04-25 23:36:41.215 INFO  c.k.katalon.core.main.TestCaseExecutor   - --------------------
2026-04-25 23:36:41.215 INFO  c.k.katalon.core.main.TestCaseExecutor   - START Test Cases/Authentication/TC-004-Staff-login-invalid-credentials
2026-04-25 23:36:41.219 ERROR c.k.katalon.core.main.TestCaseExecutor   - ❌ Test Cases/Authentication/TC-004-Staff-login-invalid-credentials has ERROR(s).
Reason:
org.codehaus.groovy.control.MultipleCompilationErrorsException: startup failed:
Script31549315420900.groovy: 1: Unexpected character: '﻿' @ line 1, column 1.
   ﻿import com.kms.katalon.core.webui.keyword.WebUiBuiltInKeywords as WebUI
   ^

1 error

2026-04-25 23:36:41.222 INFO  c.k.katalon.core.main.TestCaseExecutor   - END Test Cases/Authentication/TC-004-Staff-login-invalid-credentials
2026-04-25 23:36:41.226 INFO  c.k.katalon.core.main.TestCaseExecutor   - --------------------
2026-04-25 23:36:41.226 INFO  c.k.katalon.core.main.TestCaseExecutor   - START Test Cases/Authentication/TC-005-Staff-login-success-dashboard
2026-04-25 23:36:41.231 ERROR c.k.katalon.core.main.TestCaseExecutor   - ❌ Test Cases/Authentication/TC-005-Staff-login-success-dashboard has ERROR(s).
Reason:
org.codehaus.groovy.control.MultipleCompilationErrorsException: startup failed:
Script31549327364800.groovy: 1: Unexpected character: '﻿' @ line 1, column 1.
   ﻿import com.kms.katalon.core.webui.keyword.WebUiBuiltInKeywords as WebUI
   ^

1 error

2026-04-25 23:36:41.232 INFO  c.k.katalon.core.main.TestCaseExecutor   - END Test Cases/Authentication/TC-005-Staff-login-success-dashboard
2026-04-25 23:36:41.236 INFO  c.k.katalon.core.main.TestCaseExecutor   - --------------------
2026-04-25 23:36:41.236 INFO  c.k.katalon.core.main.TestCaseExecutor   - START Test Cases/Authentication/TC-006-Doctor-login-success-schedule
2026-04-25 23:36:41.240 ERROR c.k.katalon.core.main.TestCaseExecutor   - ❌ Test Cases/Authentication/TC-006-Doctor-login-success-schedule has ERROR(s).
Reason:
org.codehaus.groovy.control.MultipleCompilationErrorsException: startup failed:
Script31549336085300.groovy: 1: Unexpected character: '﻿' @ line 1, column 1.
   ﻿import com.kms.katalon.core.webui.keyword.WebUiBuiltInKeywords as WebUI
   ^

1 error

2026-04-25 23:36:41.243 INFO  c.k.katalon.core.main.TestCaseExecutor   - END Test Cases/Authentication/TC-006-Doctor-login-success-schedule
2026-04-25 23:36:41.245 INFO  c.k.katalon.core.main.TestCaseExecutor   - --------------------
2026-04-25 23:36:41.246 INFO  c.k.katalon.core.main.TestCaseExecutor   - START Test Cases/Authentication/TC-007-Patient-login-success-dashboard
2026-04-25 23:36:41.252 ERROR c.k.katalon.core.main.TestCaseExecutor   - ❌ Test Cases/Authentication/TC-007-Patient-login-success-dashboard has ERROR(s).
Reason:
org.codehaus.groovy.control.MultipleCompilationErrorsException: startup failed:
Script31549346964800.groovy: 1: Unexpected character: '﻿' @ line 1, column 1.
   ﻿import com.kms.katalon.core.webui.keyword.WebUiBuiltInKeywords as WebUI
   ^

1 error

2026-04-25 23:36:41.253 INFO  c.k.katalon.core.main.TestCaseExecutor   - END Test Cases/Authentication/TC-007-Patient-login-success-dashboard
2026-04-25 23:36:41.257 INFO  c.k.katalon.core.main.TestCaseExecutor   - --------------------
2026-04-25 23:36:41.258 INFO  c.k.katalon.core.main.TestCaseExecutor   - START Test Cases/StaffTables/TC-008-Patient-profile-table
2026-04-25 23:36:41.263 ERROR c.k.katalon.core.main.TestCaseExecutor   - ❌ Test Cases/StaffTables/TC-008-Patient-profile-table has ERROR(s).
Reason:
org.codehaus.groovy.control.MultipleCompilationErrorsException: startup failed:
Script31549358516000.groovy: 1: Unexpected character: '﻿' @ line 1, column 1.
   ﻿import com.kms.katalon.core.webui.keyword.WebUiBuiltInKeywords as WebUI
   ^

1 error

2026-04-25 23:36:41.265 INFO  c.k.katalon.core.main.TestCaseExecutor   - END Test Cases/StaffTables/TC-008-Patient-profile-table
2026-04-25 23:36:41.269 INFO  c.k.katalon.core.main.TestCaseExecutor   - --------------------
2026-04-25 23:36:41.269 INFO  c.k.katalon.core.main.TestCaseExecutor   - START Test Cases/StaffTables/TC-009-Patient-search
2026-04-25 23:36:41.274 ERROR c.k.katalon.core.main.TestCaseExecutor   - ❌ Test Cases/StaffTables/TC-009-Patient-search has ERROR(s).
Reason:
org.codehaus.groovy.control.MultipleCompilationErrorsException: startup failed:
Script31549370251200.groovy: 1: Unexpected character: '﻿' @ line 1, column 1.
   ﻿import com.kms.katalon.core.webui.keyword.WebUiBuiltInKeywords as WebUI
   ^

1 error

2026-04-25 23:36:41.276 INFO  c.k.katalon.core.main.TestCaseExecutor   - END Test Cases/StaffTables/TC-009-Patient-search
2026-04-25 23:36:41.279 INFO  c.k.katalon.core.main.TestCaseExecutor   - --------------------
2026-04-25 23:36:41.279 INFO  c.k.katalon.core.main.TestCaseExecutor   - START Test Cases/StaffTables/TC-010-Patient-filter-gender
2026-04-25 23:36:41.284 ERROR c.k.katalon.core.main.TestCaseExecutor   - ❌ Test Cases/StaffTables/TC-010-Patient-filter-gender has ERROR(s).
Reason:
org.codehaus.groovy.control.MultipleCompilationErrorsException: startup failed:
Script31549379170000.groovy: 1: Unexpected character: '﻿' @ line 1, column 1.
   ﻿import com.kms.katalon.core.webui.keyword.WebUiBuiltInKeywords as WebUI
   ^

1 error

2026-04-25 23:36:41.286 INFO  c.k.katalon.core.main.TestCaseExecutor   - END Test Cases/StaffTables/TC-010-Patient-filter-gender
2026-04-25 23:36:41.289 INFO  c.k.katalon.core.main.TestCaseExecutor   - --------------------
2026-04-25 23:36:41.289 INFO  c.k.katalon.core.main.TestCaseExecutor   - START Test Cases/StaffTables/TC-011-Patient-filter-insurance
2026-04-25 23:36:41.293 ERROR c.k.katalon.core.main.TestCaseExecutor   - ❌ Test Cases/StaffTables/TC-011-Patient-filter-insurance has ERROR(s).
Reason:
org.codehaus.groovy.control.MultipleCompilationErrorsException: startup failed:
Script31549389744100.groovy: 1: Unexpected character: '﻿' @ line 1, column 1.
   ﻿import com.kms.katalon.core.webui.keyword.WebUiBuiltInKeywords as WebUI
   ^

1 error

2026-04-25 23:36:41.294 INFO  c.k.katalon.core.main.TestCaseExecutor   - END Test Cases/StaffTables/TC-011-Patient-filter-insurance
2026-04-25 23:36:41.299 INFO  c.k.katalon.core.main.TestCaseExecutor   - --------------------
2026-04-25 23:36:41.299 INFO  c.k.katalon.core.main.TestCaseExecutor   - START Test Cases/StaffTables/TC-012-Drug-catalog-table
2026-04-25 23:36:41.303 ERROR c.k.katalon.core.main.TestCaseExecutor   - ❌ Test Cases/StaffTables/TC-012-Drug-catalog-table has ERROR(s).
Reason:
org.codehaus.groovy.control.MultipleCompilationErrorsException: startup failed:
Script31549399318900.groovy: 1: Unexpected character: '﻿' @ line 1, column 1.
   ﻿import com.kms.katalon.core.webui.keyword.WebUiBuiltInKeywords as WebUI
   ^

1 error

2026-04-25 23:36:41.306 INFO  c.k.katalon.core.main.TestCaseExecutor   - END Test Cases/StaffTables/TC-012-Drug-catalog-table
2026-04-25 23:36:41.308 INFO  c.k.katalon.core.main.TestCaseExecutor   - --------------------
2026-04-25 23:36:41.308 INFO  c.k.katalon.core.main.TestCaseExecutor   - START Test Cases/StaffTables/TC-013-Drug-search
2026-04-25 23:36:41.313 ERROR c.k.katalon.core.main.TestCaseExecutor   - ❌ Test Cases/StaffTables/TC-013-Drug-search has ERROR(s).
Reason:
org.codehaus.groovy.control.MultipleCompilationErrorsException: startup failed:
Script31549409149000.groovy: 1: Unexpected character: '﻿' @ line 1, column 1.
   ﻿import com.kms.katalon.core.webui.keyword.WebUiBuiltInKeywords as WebUI
   ^

1 error

2026-04-25 23:36:41.315 INFO  c.k.katalon.core.main.TestCaseExecutor   - END Test Cases/StaffTables/TC-013-Drug-search
2026-04-25 23:36:41.318 INFO  c.k.katalon.core.main.TestCaseExecutor   - --------------------
2026-04-25 23:36:41.318 INFO  c.k.katalon.core.main.TestCaseExecutor   - START Test Cases/StaffTables/TC-014-Drug-filter-dosage-unit
2026-04-25 23:36:41.322 ERROR c.k.katalon.core.main.TestCaseExecutor   - ❌ Test Cases/StaffTables/TC-014-Drug-filter-dosage-unit has ERROR(s).
Reason:
org.codehaus.groovy.control.MultipleCompilationErrorsException: startup failed:
Script31549418664700.groovy: 1: Unexpected character: '﻿' @ line 1, column 1.
   ﻿import com.kms.katalon.core.webui.keyword.WebUiBuiltInKeywords as WebUI
   ^

1 error

2026-04-25 23:36:41.324 INFO  c.k.katalon.core.main.TestCaseExecutor   - END Test Cases/StaffTables/TC-014-Drug-filter-dosage-unit
2026-04-25 23:36:41.327 INFO  c.k.katalon.core.main.TestCaseExecutor   - --------------------
2026-04-25 23:36:41.327 INFO  c.k.katalon.core.main.TestCaseExecutor   - START Test Cases/StaffTables/TC-015-Room-search
2026-04-25 23:36:41.331 ERROR c.k.katalon.core.main.TestCaseExecutor   - ❌ Test Cases/StaffTables/TC-015-Room-search has ERROR(s).
Reason:
org.codehaus.groovy.control.MultipleCompilationErrorsException: startup failed:
Script31549427246100.groovy: 1: Unexpected character: '﻿' @ line 1, column 1.
   ﻿import com.kms.katalon.core.webui.keyword.WebUiBuiltInKeywords as WebUI
   ^

1 error

2026-04-25 23:36:41.333 INFO  c.k.katalon.core.main.TestCaseExecutor   - END Test Cases/StaffTables/TC-015-Room-search
2026-04-25 23:36:41.336 INFO  c.k.katalon.core.main.TestCaseExecutor   - --------------------
2026-04-25 23:36:41.336 INFO  c.k.katalon.core.main.TestCaseExecutor   - START Test Cases/StaffTables/TC-016-Room-filter-status
2026-04-25 23:36:41.340 ERROR c.k.katalon.core.main.TestCaseExecutor   - ❌ Test Cases/StaffTables/TC-016-Room-filter-status has ERROR(s).
Reason:
org.codehaus.groovy.control.MultipleCompilationErrorsException: startup failed:
Script31549436099800.groovy: 1: Unexpected character: '﻿' @ line 1, column 1.
   ﻿import com.kms.katalon.core.webui.keyword.WebUiBuiltInKeywords as WebUI
   ^

1 error

2026-04-25 23:36:41.342 INFO  c.k.katalon.core.main.TestCaseExecutor   - END Test Cases/StaffTables/TC-016-Room-filter-status
2026-04-25 23:36:41.344 INFO  c.k.katalon.core.main.TestCaseExecutor   - --------------------
2026-04-25 23:36:41.344 INFO  c.k.katalon.core.main.TestCaseExecutor   - START Test Cases/StaffTables/TC-017-Waitlist-priority-order
2026-04-25 23:36:41.349 ERROR c.k.katalon.core.main.TestCaseExecutor   - ❌ Test Cases/StaffTables/TC-017-Waitlist-priority-order has ERROR(s).
Reason:
org.codehaus.groovy.control.MultipleCompilationErrorsException: startup failed:
Script31549445293900.groovy: 1: Unexpected character: '﻿' @ line 1, column 1.
   ﻿import com.kms.katalon.core.webui.keyword.WebUiBuiltInKeywords as WebUI
   ^

1 error

2026-04-25 23:36:41.350 INFO  c.k.katalon.core.main.TestCaseExecutor   - END Test Cases/StaffTables/TC-017-Waitlist-priority-order
2026-04-25 23:36:41.354 INFO  c.k.katalon.core.main.TestCaseExecutor   - --------------------
2026-04-25 23:36:41.354 INFO  c.k.katalon.core.main.TestCaseExecutor   - START Test Cases/StaffTables/TC-018-Waitlist-filter-priority
2026-04-25 23:36:41.358 ERROR c.k.katalon.core.main.TestCaseExecutor   - ❌ Test Cases/StaffTables/TC-018-Waitlist-filter-priority has ERROR(s).
Reason:
org.codehaus.groovy.control.MultipleCompilationErrorsException: startup failed:
Script31549453855200.groovy: 1: Unexpected character: '﻿' @ line 1, column 1.
   ﻿import com.kms.katalon.core.webui.keyword.WebUiBuiltInKeywords as WebUI
   ^

1 error

2026-04-25 23:36:41.358 INFO  c.k.katalon.core.main.TestCaseExecutor   - END Test Cases/StaffTables/TC-018-Waitlist-filter-priority
2026-04-25 23:36:41.362 INFO  c.k.katalon.core.main.TestCaseExecutor   - --------------------
2026-04-25 23:36:41.362 INFO  c.k.katalon.core.main.TestCaseExecutor   - START Test Cases/StaffTables/TC-019-Appointment-status-tabs
2026-04-25 23:36:41.366 ERROR c.k.katalon.core.main.TestCaseExecutor   - ❌ Test Cases/StaffTables/TC-019-Appointment-status-tabs has ERROR(s).
Reason:
org.codehaus.groovy.control.MultipleCompilationErrorsException: startup failed:
Script31549461865200.groovy: 1: Unexpected character: '﻿' @ line 1, column 1.
   ﻿import com.kms.katalon.core.webui.keyword.WebUiBuiltInKeywords as WebUI
   ^

1 error

2026-04-25 23:36:41.368 INFO  c.k.katalon.core.main.TestCaseExecutor   - END Test Cases/StaffTables/TC-019-Appointment-status-tabs
2026-04-25 23:36:41.371 INFO  c.k.katalon.core.main.TestCaseExecutor   - --------------------
2026-04-25 23:36:41.371 INFO  c.k.katalon.core.main.TestCaseExecutor   - START Test Cases/StaffTables/TC-020-Invoice-patient-search
2026-04-25 23:36:41.374 ERROR c.k.katalon.core.main.TestCaseExecutor   - ❌ Test Cases/StaffTables/TC-020-Invoice-patient-search has ERROR(s).
Reason:
org.codehaus.groovy.control.MultipleCompilationErrorsException: startup failed:
Script31549470427900.groovy: 1: Unexpected character: '﻿' @ line 1, column 1.
   ﻿import com.kms.katalon.core.webui.keyword.WebUiBuiltInKeywords as WebUI
   ^

1 error

2026-04-25 23:36:41.376 INFO  c.k.katalon.core.main.TestCaseExecutor   - END Test Cases/StaffTables/TC-020-Invoice-patient-search
2026-04-25 23:36:41.405 INFO  c.k.katalon.core.main.TestSuiteExecutor  - --------------------
2026-04-25 23:36:41.405 INFO  c.k.katalon.core.main.TestSuiteExecutor  - END Test Suites/Baseline
2026-04-25 23:36:41.405 INFO  c.k.katalon.core.main.TestSuiteExecutor  - ====================
